[0.080s] Invoking command in '/home/r-taro-o/hunterSE_ws/build/ugv_sdk': /usr/bin/cmake --build /home/r-taro-o/hunterSE_ws/build/ugv_sdk -- -j8 -l8
[0.385s] [ 42%] Built target ugv_sdk
[0.597s] [ 50%] Built target demo_ranger_robot
[0.654s] [ 57%] Built target demo_scout_mini_omni_robot
[0.687s] [ 64%] Built target demo_scout_robot
[0.699s] [ 71%] Built target demo_tracer_robot
[0.700s] [ 78%] Built target demo_bunker_robot
[0.704s] [ 85%] Built target demo_robot_version
[0.733s] [ 92%] Built target demo_protocol_detector
[0.739s] [100%] Built target demo_hunter_robot
[0.786s] Invoked command in '/home/r-taro-o/hunterSE_ws/build/ugv_sdk' returned '0': /usr/bin/cmake --build /home/r-taro-o/hunterSE_ws/build/ugv_sdk -- -j8 -l8
[1.249s] Invoking command in '/home/r-taro-o/hunterSE_ws/build/ugv_sdk': /usr/bin/cmake --install /home/r-taro-o/hunterSE_ws/build/ugv_sdk
[1.271s] -- Install configuration: "Release"
[1.272s] -- Up-to-date: /home/r-taro-o/hunterSE_ws/install/ugv_sdk/lib/libugv_sdk.a
[1.273s] -- Up-to-date: /home/r-taro-o/hunterSE_ws/install/ugv_sdk/include/ugv_sdk
[1.273s] -- Up-to-date: /home/r-taro-o/hunterSE_ws/install/ugv_sdk/include/ugv_sdk/utilities
[1.274s] -- Up-to-date: /home/r-taro-o/hunterSE_ws/install/ugv_sdk/include/ugv_sdk/utilities/protocol_detector.hpp
[1.274s] -- Up-to-date: /home/r-taro-o/hunterSE_ws/install/ugv_sdk/include/ugv_sdk/mobile_robot
[1.281s] -- Up-to-date: /home/r-taro-o/hunterSE_ws/install/ugv_sdk/include/ugv_sdk/mobile_robot/titan_robot.hpp
[1.281s] -- Up-to-date: /home/r-taro-o/hunterSE_ws/install/ugv_sdk/include/ugv_sdk/mobile_robot/tracer_robot.hpp
[1.283s] -- Up-to-date: /home/r-taro-o/hunterSE_ws/install/ugv_sdk/include/ugv_sdk/mobile_robot/bunker_robot.hpp
[1.284s] -- Up-to-date: /home/r-taro-o/hunterSE_ws/install/ugv_sdk/include/ugv_sdk/mobile_robot/ranger_robot.hpp
[1.289s] -- Up-to-date: /home/r-taro-o/hunterSE_ws/install/ugv_sdk/include/ugv_sdk/mobile_robot/scout_robot.hpp
[1.290s] -- Up-to-date: /home/r-taro-o/hunterSE_ws/install/ugv_sdk/include/ugv_sdk/mobile_robot/hunter_robot.hpp
[1.290s] -- Up-to-date: /home/r-taro-o/hunterSE_ws/install/ugv_sdk/include/ugv_sdk/details
[1.291s] -- Up-to-date: /home/r-taro-o/hunterSE_ws/install/ugv_sdk/include/ugv_sdk/details/interface
[1.291s] -- Up-to-date: /home/r-taro-o/hunterSE_ws/install/ugv_sdk/include/ugv_sdk/details/interface/ranger_interface.hpp
[1.292s] -- Up-to-date: /home/r-taro-o/hunterSE_ws/install/ugv_sdk/include/ugv_sdk/details/interface/scout_interface.hpp
[1.292s] -- Up-to-date: /home/r-taro-o/hunterSE_ws/install/ugv_sdk/include/ugv_sdk/details/interface/tracer_interface.hpp
[1.293s] -- Up-to-date: /home/r-taro-o/hunterSE_ws/install/ugv_sdk/include/ugv_sdk/details/interface/agilex_message.h
[1.293s] -- Up-to-date: /home/r-taro-o/hunterSE_ws/install/ugv_sdk/include/ugv_sdk/details/interface/agilex_types.h
[1.294s] -- Up-to-date: /home/r-taro-o/hunterSE_ws/install/ugv_sdk/include/ugv_sdk/details/interface/robot_common_interface.hpp
[1.294s] -- Up-to-date: /home/r-taro-o/hunterSE_ws/install/ugv_sdk/include/ugv_sdk/details/interface/hunter_interface.hpp
[1.295s] -- Up-to-date: /home/r-taro-o/hunterSE_ws/install/ugv_sdk/include/ugv_sdk/details/interface/bunker_interface.hpp
[1.295s] -- Up-to-date: /home/r-taro-o/hunterSE_ws/install/ugv_sdk/include/ugv_sdk/details/interface/titan_interface.hpp
[1.304s] -- Up-to-date: /home/r-taro-o/hunterSE_ws/install/ugv_sdk/include/ugv_sdk/details/protocol_v2
[1.304s] -- Up-to-date: /home/r-taro-o/hunterSE_ws/install/ugv_sdk/include/ugv_sdk/details/protocol_v2/protocol_v2_parser.hpp
[1.304s] -- Up-to-date: /home/r-taro-o/hunterSE_ws/install/ugv_sdk/include/ugv_sdk/details/protocol_v1
[1.306s] -- Up-to-date: /home/r-taro-o/hunterSE_ws/install/ugv_sdk/include/ugv_sdk/details/protocol_v1/protocol_v1_parser.hpp
[1.315s] -- Up-to-date: /home/r-taro-o/hunterSE_ws/install/ugv_sdk/include/ugv_sdk/details/protocol_v1/agilex_msg_parser_v1.h
[1.319s] -- Up-to-date: /home/r-taro-o/hunterSE_ws/install/ugv_sdk/include/ugv_sdk/details/protocol_v1/robot_limits.hpp
[1.319s] -- Up-to-date: /home/r-taro-o/hunterSE_ws/install/ugv_sdk/include/ugv_sdk/details/parser_base.hpp
[1.320s] -- Up-to-date: /home/r-taro-o/hunterSE_ws/install/ugv_sdk/include/ugv_sdk/details/async_port
[1.320s] -- Up-to-date: /home/r-taro-o/hunterSE_ws/install/ugv_sdk/include/ugv_sdk/details/async_port/async_can.hpp
[1.320s] -- Up-to-date: /home/r-taro-o/hunterSE_ws/install/ugv_sdk/include/ugv_sdk/details/async_port/ring_buffer.hpp
[1.320s] -- Up-to-date: /home/r-taro-o/hunterSE_ws/install/ugv_sdk/include/ugv_sdk/details/async_port/async_serial.hpp
[1.321s] -- Up-to-date: /home/r-taro-o/hunterSE_ws/install/ugv_sdk/include/ugv_sdk/details/robot_base
[1.323s] -- Up-to-date: /home/r-taro-o/hunterSE_ws/install/ugv_sdk/include/ugv_sdk/details/robot_base/tracer_base.hpp
[1.323s] -- Up-to-date: /home/r-taro-o/hunterSE_ws/install/ugv_sdk/include/ugv_sdk/details/robot_base/ranger_base.hpp
[1.323s] -- Up-to-date: /home/r-taro-o/hunterSE_ws/install/ugv_sdk/include/ugv_sdk/details/robot_base/titan_base.hpp
[1.326s] -- Up-to-date: /home/r-taro-o/hunterSE_ws/install/ugv_sdk/include/ugv_sdk/details/robot_base/agilex_base.hpp
[1.326s] -- Up-to-date: /home/r-taro-o/hunterSE_ws/install/ugv_sdk/include/ugv_sdk/details/robot_base/scout_base.hpp
[1.327s] -- Up-to-date: /home/r-taro-o/hunterSE_ws/install/ugv_sdk/include/ugv_sdk/details/robot_base/hunter_base.hpp
[1.327s] -- Up-to-date: /home/r-taro-o/hunterSE_ws/install/ugv_sdk/include/ugv_sdk/details/robot_base/bunker_base.hpp
[1.328s] -- Up-to-date: /home/r-taro-o/hunterSE_ws/install/ugv_sdk/lib/cmake/ugv_sdk/ugv_sdkTargets.cmake
[1.328s] -- Up-to-date: /home/r-taro-o/hunterSE_ws/install/ugv_sdk/lib/cmake/ugv_sdk/ugv_sdkTargets-release.cmake
[1.328s] -- Up-to-date: /home/r-taro-o/hunterSE_ws/install/ugv_sdk/lib/cmake/ugv_sdk/ugv_sdkConfig.cmake
[1.329s] -- Up-to-date: /home/r-taro-o/hunterSE_ws/install/ugv_sdk/lib/cmake/ugv_sdk/ugv_sdkConfigVersion.cmake
[1.329s] Invoked command in '/home/r-taro-o/hunterSE_ws/build/ugv_sdk' returned '0': /usr/bin/cmake --install /home/r-taro-o/hunterSE_ws/build/ugv_sdk
