[0.092s] Invoking command in '/home/r-taro-o/hunterSE_ws/build/four_ws_control': CMAKE_PREFIX_PATH=/opt/ros/humble /usr/bin/cmake /home/r-taro-o/hunterSE_ws/src/ugv_sim/ranger/four_ws_control -DCMAKE_INSTALL_PREFIX=/home/r-taro-o/hunterSE_ws/install/four_ws_control
[0.688s] -- The C compiler identification is GNU 11.4.0
[1.400s] -- The CXX compiler identification is GNU 11.4.0
[1.699s] -- Detecting C compiler ABI info
[1.959s] -- Detecting C compiler ABI info - done
[2.008s] -- Check for working C compiler: /usr/bin/cc - skipped
[2.009s] -- Detecting C compile features
[2.010s] -- Detecting C compile features - done
[2.025s] -- Detecting CXX compiler ABI info
[2.303s] -- Detecting CXX compiler ABI info - done
[2.335s] -- Check for working CXX compiler: /usr/bin/c++ - skipped
[2.336s] -- Detecting CXX compile features
[2.337s] -- Detecting CXX compile features - done
[2.344s] -- Found ament_cmake: 1.3.10 (/opt/ros/humble/share/ament_cmake/cmake)
[3.211s] -- Found Python3: /usr/bin/python3 (found version "3.10.12") found components: Interpreter 
[3.685s] -- Found ament_lint_auto: 0.12.11 (/opt/ros/humble/share/ament_lint_auto/cmake)
[4.132s] -- Added test 'copyright' to check source files copyright and LICENSE
[4.138s] -- Added test 'flake8' to check Python code syntax and style conventions
[4.139s] -- Added test 'lint_cmake' to check CMake code style
[4.141s] -- Added test 'pep257' to check Python code against some of the docstring style conventions in PEP 257
[4.147s] -- Added test 'xmllint' to check XML markup files
[4.154s] -- Configuring done
[4.168s] -- Generating done
[4.171s] -- Build files have been written to: /home/r-taro-o/hunterSE_ws/build/four_ws_control
[4.190s] Invoked command in '/home/r-taro-o/hunterSE_ws/build/four_ws_control' returned '0': CMAKE_PREFIX_PATH=/opt/ros/humble /usr/bin/cmake /home/r-taro-o/hunterSE_ws/src/ugv_sim/ranger/four_ws_control -DCMAKE_INSTALL_PREFIX=/home/r-taro-o/hunterSE_ws/install/four_ws_control
[4.198s] Invoking command in '/home/r-taro-o/hunterSE_ws/build/four_ws_control': CMAKE_PREFIX_PATH=/opt/ros/humble /usr/bin/cmake --build /home/r-taro-o/hunterSE_ws/build/four_ws_control -- -j8 -l8
[4.318s] Invoked command in '/home/r-taro-o/hunterSE_ws/build/four_ws_control' returned '0': CMAKE_PREFIX_PATH=/opt/ros/humble /usr/bin/cmake --build /home/r-taro-o/hunterSE_ws/build/four_ws_control -- -j8 -l8
[4.382s] Invoking command in '/home/r-taro-o/hunterSE_ws/build/four_ws_control': CMAKE_PREFIX_PATH=/opt/ros/humble /usr/bin/cmake --install /home/r-taro-o/hunterSE_ws/build/four_ws_control
[4.394s] -- Install configuration: ""
[4.394s] -- Installing: /home/r-taro-o/hunterSE_ws/install/four_ws_control/share/four_ws_control//scripts
[4.397s] -- Installing: /home/r-taro-o/hunterSE_ws/install/four_ws_control/share/four_ws_control//scripts/robot_control.py
[4.397s] -- Installing: /home/r-taro-o/hunterSE_ws/install/four_ws_control/share/four_ws_control//launch
[4.398s] -- Installing: /home/r-taro-o/hunterSE_ws/install/four_ws_control/share/four_ws_control//launch/four_ws_control.launch.py
[4.399s] -- Installing: /home/r-taro-o/hunterSE_ws/install/four_ws_control/lib/four_ws_control/robot_control.py
[4.400s] -- Installing: /home/r-taro-o/hunterSE_ws/install/four_ws_control/lib/four_ws_control/four_ws_control.launch.py
[4.402s] -- Installing: /home/r-taro-o/hunterSE_ws/install/four_ws_control/share/ament_index/resource_index/package_run_dependencies/four_ws_control
[4.403s] -- Installing: /home/r-taro-o/hunterSE_ws/install/four_ws_control/share/ament_index/resource_index/parent_prefix_path/four_ws_control
[4.403s] -- Installing: /home/r-taro-o/hunterSE_ws/install/four_ws_control/share/four_ws_control/environment/ament_prefix_path.sh
[4.407s] -- Installing: /home/r-taro-o/hunterSE_ws/install/four_ws_control/share/four_ws_control/environment/ament_prefix_path.dsv
[4.408s] -- Installing: /home/r-taro-o/hunterSE_ws/install/four_ws_control/share/four_ws_control/environment/path.sh
[4.409s] -- Installing: /home/r-taro-o/hunterSE_ws/install/four_ws_control/share/four_ws_control/environment/path.dsv
[4.410s] -- Installing: /home/r-taro-o/hunterSE_ws/install/four_ws_control/share/four_ws_control/local_setup.bash
[4.411s] -- Installing: /home/r-taro-o/hunterSE_ws/install/four_ws_control/share/four_ws_control/local_setup.sh
[4.411s] -- Installing: /home/r-taro-o/hunterSE_ws/install/four_ws_control/share/four_ws_control/local_setup.zsh
[4.412s] -- Installing: /home/r-taro-o/hunterSE_ws/install/four_ws_control/share/four_ws_control/local_setup.dsv
[4.412s] -- Installing: /home/r-taro-o/hunterSE_ws/install/four_ws_control/share/four_ws_control/package.dsv
[4.413s] -- Installing: /home/r-taro-o/hunterSE_ws/install/four_ws_control/share/ament_index/resource_index/packages/four_ws_control
[4.413s] -- Installing: /home/r-taro-o/hunterSE_ws/install/four_ws_control/share/four_ws_control/cmake/four_ws_controlConfig.cmake
[4.413s] -- Installing: /home/r-taro-o/hunterSE_ws/install/four_ws_control/share/four_ws_control/cmake/four_ws_controlConfig-version.cmake
[4.414s] -- Installing: /home/r-taro-o/hunterSE_ws/install/four_ws_control/share/four_ws_control/package.xml
[4.417s] Invoked command in '/home/r-taro-o/hunterSE_ws/build/four_ws_control' returned '0': CMAKE_PREFIX_PATH=/opt/ros/humble /usr/bin/cmake --install /home/r-taro-o/hunterSE_ws/build/four_ws_control
