[0.071s] Invoking command in '/home/r-taro-o/hunterSE_ws/build/hunter_msgs': CMAKE_PREFIX_PATH=/opt/ros/humble /usr/bin/cmake --build /home/r-taro-o/hunterSE_ws/build/hunter_msgs -- -j8 -l8
[0.186s] [  1%] Built target hunter_msgs__cpp
[0.188s] [ 12%] Built target hunter_msgs__rosidl_generator_c
[0.220s] [ 12%] Built target ament_cmake_python_symlink_hunter_msgs
[0.247s] [ 23%] Built target hunter_msgs__rosidl_typesupport_introspection_c
[0.253s] [ 34%] Built target hunter_msgs__rosidl_typesupport_c
[0.268s] [ 46%] Built target hunter_msgs__rosidl_typesupport_fastrtps_cpp
[0.274s] [ 57%] Built target hunter_msgs__rosidl_typesupport_introspection_cpp
[0.279s] [ 68%] Built target hunter_msgs__rosidl_typesupport_cpp
[0.312s] [ 79%] Built target hunter_msgs__rosidl_typesupport_fastrtps_c
[0.377s] [ 79%] Built target hunter_msgs
[0.436s] [ 80%] Built target hunter_msgs__py
[0.449s] [ 90%] Built target hunter_msgs__rosidl_generator_py
[0.494s] [ 93%] Built target hunter_msgs__rosidl_typesupport_introspection_c__pyext
[0.495s] [ 96%] Built target hunter_msgs__rosidl_typesupport_c__pyext
[0.504s] [100%] Built target hunter_msgs__rosidl_typesupport_fastrtps_c__pyext
[0.880s] running egg_info
[0.882s] writing hunter_msgs.egg-info/PKG-INFO
[0.882s] writing dependency_links to hunter_msgs.egg-info/dependency_links.txt
[0.883s] writing top-level names to hunter_msgs.egg-info/top_level.txt
[0.890s] reading manifest file 'hunter_msgs.egg-info/SOURCES.txt'
[0.891s] writing manifest file 'hunter_msgs.egg-info/SOURCES.txt'
[0.934s] [100%] Built target ament_cmake_python_build_hunter_msgs_egg
[0.952s] Invoked command in '/home/r-taro-o/hunterSE_ws/build/hunter_msgs' returned '0': CMAKE_PREFIX_PATH=/opt/ros/humble /usr/bin/cmake --build /home/r-taro-o/hunterSE_ws/build/hunter_msgs -- -j8 -l8
[1.196s] Invoking command in '/home/r-taro-o/hunterSE_ws/build/hunter_msgs': CMAKE_PREFIX_PATH=/opt/ros/humble /usr/bin/cmake --install /home/r-taro-o/hunterSE_ws/build/hunter_msgs
[1.211s] -- Install configuration: ""
[1.212s] -- Execute custom install script
[1.213s] -- Up-to-date symlink: /home/r-taro-o/hunterSE_ws/install/hunter_msgs/share/ament_index/resource_index/rosidl_interfaces/hunter_msgs
[1.213s] -- Up-to-date symlink: /home/r-taro-o/hunterSE_ws/install/hunter_msgs/include/hunter_msgs/hunter_msgs/msg/detail/hunter_actuator_state__functions.h
[1.214s] -- Up-to-date symlink: /home/r-taro-o/hunterSE_ws/install/hunter_msgs/include/hunter_msgs/hunter_msgs/msg/detail/hunter_actuator_state__struct.h
[1.215s] -- Up-to-date symlink: /home/r-taro-o/hunterSE_ws/install/hunter_msgs/include/hunter_msgs/hunter_msgs/msg/detail/hunter_actuator_state__type_support.h
[1.216s] -- Up-to-date symlink: /home/r-taro-o/hunterSE_ws/install/hunter_msgs/include/hunter_msgs/hunter_msgs/msg/detail/hunter_light_cmd__functions.h
[1.216s] -- Up-to-date symlink: /home/r-taro-o/hunterSE_ws/install/hunter_msgs/include/hunter_msgs/hunter_msgs/msg/detail/hunter_light_cmd__struct.h
[1.216s] -- Up-to-date symlink: /home/r-taro-o/hunterSE_ws/install/hunter_msgs/include/hunter_msgs/hunter_msgs/msg/detail/hunter_light_cmd__type_support.h
[1.217s] -- Up-to-date symlink: /home/r-taro-o/hunterSE_ws/install/hunter_msgs/include/hunter_msgs/hunter_msgs/msg/detail/hunter_light_state__functions.h
[1.217s] -- Up-to-date symlink: /home/r-taro-o/hunterSE_ws/install/hunter_msgs/include/hunter_msgs/hunter_msgs/msg/detail/hunter_light_state__struct.h
[1.218s] -- Up-to-date symlink: /home/r-taro-o/hunterSE_ws/install/hunter_msgs/include/hunter_msgs/hunter_msgs/msg/detail/hunter_light_state__type_support.h
[1.218s] -- Up-to-date symlink: /home/r-taro-o/hunterSE_ws/install/hunter_msgs/include/hunter_msgs/hunter_msgs/msg/detail/hunter_rc_state__functions.h
[1.219s] -- Up-to-date symlink: /home/r-taro-o/hunterSE_ws/install/hunter_msgs/include/hunter_msgs/hunter_msgs/msg/detail/hunter_rc_state__struct.h
[1.219s] -- Up-to-date symlink: /home/r-taro-o/hunterSE_ws/install/hunter_msgs/include/hunter_msgs/hunter_msgs/msg/detail/hunter_rc_state__type_support.h
[1.219s] -- Up-to-date symlink: /home/r-taro-o/hunterSE_ws/install/hunter_msgs/include/hunter_msgs/hunter_msgs/msg/detail/hunter_status__functions.h
[1.220s] -- Up-to-date symlink: /home/r-taro-o/hunterSE_ws/install/hunter_msgs/include/hunter_msgs/hunter_msgs/msg/detail/hunter_status__struct.h
[1.220s] -- Up-to-date symlink: /home/r-taro-o/hunterSE_ws/install/hunter_msgs/include/hunter_msgs/hunter_msgs/msg/detail/hunter_status__type_support.h
[1.220s] -- Up-to-date symlink: /home/r-taro-o/hunterSE_ws/install/hunter_msgs/include/hunter_msgs/hunter_msgs/msg/hunter_actuator_state.h
[1.220s] -- Up-to-date symlink: /home/r-taro-o/hunterSE_ws/install/hunter_msgs/include/hunter_msgs/hunter_msgs/msg/hunter_light_cmd.h
[1.221s] -- Up-to-date symlink: /home/r-taro-o/hunterSE_ws/install/hunter_msgs/include/hunter_msgs/hunter_msgs/msg/hunter_light_state.h
[1.221s] -- Up-to-date symlink: /home/r-taro-o/hunterSE_ws/install/hunter_msgs/include/hunter_msgs/hunter_msgs/msg/hunter_rc_state.h
[1.222s] -- Up-to-date symlink: /home/r-taro-o/hunterSE_ws/install/hunter_msgs/include/hunter_msgs/hunter_msgs/msg/hunter_status.h
[1.223s] -- Up-to-date symlink: /home/r-taro-o/hunterSE_ws/install/hunter_msgs/include/hunter_msgs/hunter_msgs/msg/rosidl_generator_c__visibility_control.h
[1.223s] -- Up-to-date symlink: /home/r-taro-o/hunterSE_ws/install/hunter_msgs/share/hunter_msgs/environment/library_path.sh
[1.223s] -- Up-to-date symlink: /home/r-taro-o/hunterSE_ws/install/hunter_msgs/share/hunter_msgs/environment/library_path.dsv
[1.224s] -- Up-to-date symlink: /home/r-taro-o/hunterSE_ws/install/hunter_msgs/include/hunter_msgs/hunter_msgs/msg/detail/hunter_actuator_state__rosidl_typesupport_fastrtps_c.h
[1.224s] -- Up-to-date symlink: /home/r-taro-o/hunterSE_ws/install/hunter_msgs/include/hunter_msgs/hunter_msgs/msg/detail/hunter_light_cmd__rosidl_typesupport_fastrtps_c.h
[1.225s] -- Up-to-date symlink: /home/r-taro-o/hunterSE_ws/install/hunter_msgs/include/hunter_msgs/hunter_msgs/msg/detail/hunter_light_state__rosidl_typesupport_fastrtps_c.h
[1.225s] -- Up-to-date symlink: /home/r-taro-o/hunterSE_ws/install/hunter_msgs/include/hunter_msgs/hunter_msgs/msg/detail/hunter_rc_state__rosidl_typesupport_fastrtps_c.h
[1.226s] -- Up-to-date symlink: /home/r-taro-o/hunterSE_ws/install/hunter_msgs/include/hunter_msgs/hunter_msgs/msg/detail/hunter_status__rosidl_typesupport_fastrtps_c.h
[1.226s] -- Up-to-date symlink: /home/r-taro-o/hunterSE_ws/install/hunter_msgs/include/hunter_msgs/hunter_msgs/msg/rosidl_typesupport_fastrtps_c__visibility_control.h
[1.227s] -- Up-to-date symlink: /home/r-taro-o/hunterSE_ws/install/hunter_msgs/include/hunter_msgs/hunter_msgs/msg/detail/hunter_actuator_state__builder.hpp
[1.227s] -- Up-to-date symlink: /home/r-taro-o/hunterSE_ws/install/hunter_msgs/include/hunter_msgs/hunter_msgs/msg/detail/hunter_actuator_state__struct.hpp
[1.228s] -- Up-to-date symlink: /home/r-taro-o/hunterSE_ws/install/hunter_msgs/include/hunter_msgs/hunter_msgs/msg/detail/hunter_actuator_state__traits.hpp
[1.228s] -- Up-to-date symlink: /home/r-taro-o/hunterSE_ws/install/hunter_msgs/include/hunter_msgs/hunter_msgs/msg/detail/hunter_light_cmd__builder.hpp
[1.229s] -- Up-to-date symlink: /home/r-taro-o/hunterSE_ws/install/hunter_msgs/include/hunter_msgs/hunter_msgs/msg/detail/hunter_light_cmd__struct.hpp
[1.229s] -- Up-to-date symlink: /home/r-taro-o/hunterSE_ws/install/hunter_msgs/include/hunter_msgs/hunter_msgs/msg/detail/hunter_light_cmd__traits.hpp
[1.229s] -- Up-to-date symlink: /home/r-taro-o/hunterSE_ws/install/hunter_msgs/include/hunter_msgs/hunter_msgs/msg/detail/hunter_light_state__builder.hpp
[1.230s] -- Up-to-date symlink: /home/r-taro-o/hunterSE_ws/install/hunter_msgs/include/hunter_msgs/hunter_msgs/msg/detail/hunter_light_state__struct.hpp
[1.230s] -- Up-to-date symlink: /home/r-taro-o/hunterSE_ws/install/hunter_msgs/include/hunter_msgs/hunter_msgs/msg/detail/hunter_light_state__traits.hpp
[1.230s] -- Up-to-date symlink: /home/r-taro-o/hunterSE_ws/install/hunter_msgs/include/hunter_msgs/hunter_msgs/msg/detail/hunter_rc_state__builder.hpp
[1.231s] -- Up-to-date symlink: /home/r-taro-o/hunterSE_ws/install/hunter_msgs/include/hunter_msgs/hunter_msgs/msg/detail/hunter_rc_state__struct.hpp
[1.231s] -- Up-to-date symlink: /home/r-taro-o/hunterSE_ws/install/hunter_msgs/include/hunter_msgs/hunter_msgs/msg/detail/hunter_rc_state__traits.hpp
[1.232s] -- Up-to-date symlink: /home/r-taro-o/hunterSE_ws/install/hunter_msgs/include/hunter_msgs/hunter_msgs/msg/detail/hunter_status__builder.hpp
[1.232s] -- Up-to-date symlink: /home/r-taro-o/hunterSE_ws/install/hunter_msgs/include/hunter_msgs/hunter_msgs/msg/detail/hunter_status__struct.hpp
[1.233s] -- Up-to-date symlink: /home/r-taro-o/hunterSE_ws/install/hunter_msgs/include/hunter_msgs/hunter_msgs/msg/detail/hunter_status__traits.hpp
[1.233s] -- Up-to-date symlink: /home/r-taro-o/hunterSE_ws/install/hunter_msgs/include/hunter_msgs/hunter_msgs/msg/hunter_actuator_state.hpp
[1.233s] -- Up-to-date symlink: /home/r-taro-o/hunterSE_ws/install/hunter_msgs/include/hunter_msgs/hunter_msgs/msg/hunter_light_cmd.hpp
[1.233s] -- Up-to-date symlink: /home/r-taro-o/hunterSE_ws/install/hunter_msgs/include/hunter_msgs/hunter_msgs/msg/hunter_light_state.hpp
[1.234s] -- Up-to-date symlink: /home/r-taro-o/hunterSE_ws/install/hunter_msgs/include/hunter_msgs/hunter_msgs/msg/hunter_rc_state.hpp
[1.234s] -- Up-to-date symlink: /home/r-taro-o/hunterSE_ws/install/hunter_msgs/include/hunter_msgs/hunter_msgs/msg/hunter_status.hpp
[1.234s] -- Up-to-date symlink: /home/r-taro-o/hunterSE_ws/install/hunter_msgs/include/hunter_msgs/hunter_msgs/msg/detail/hunter_actuator_state__rosidl_typesupport_fastrtps_cpp.hpp
[1.234s] -- Up-to-date symlink: /home/r-taro-o/hunterSE_ws/install/hunter_msgs/include/hunter_msgs/hunter_msgs/msg/detail/hunter_light_cmd__rosidl_typesupport_fastrtps_cpp.hpp
[1.234s] -- Up-to-date symlink: /home/r-taro-o/hunterSE_ws/install/hunter_msgs/include/hunter_msgs/hunter_msgs/msg/detail/hunter_light_state__rosidl_typesupport_fastrtps_cpp.hpp
[1.235s] -- Up-to-date symlink: /home/r-taro-o/hunterSE_ws/install/hunter_msgs/include/hunter_msgs/hunter_msgs/msg/detail/hunter_rc_state__rosidl_typesupport_fastrtps_cpp.hpp
[1.235s] -- Up-to-date symlink: /home/r-taro-o/hunterSE_ws/install/hunter_msgs/include/hunter_msgs/hunter_msgs/msg/detail/hunter_status__rosidl_typesupport_fastrtps_cpp.hpp
[1.236s] -- Up-to-date symlink: /home/r-taro-o/hunterSE_ws/install/hunter_msgs/include/hunter_msgs/hunter_msgs/msg/rosidl_typesupport_fastrtps_cpp__visibility_control.h
[1.237s] -- Up-to-date symlink: /home/r-taro-o/hunterSE_ws/install/hunter_msgs/include/hunter_msgs/hunter_msgs/msg/detail/hunter_actuator_state__rosidl_typesupport_introspection_c.h
[1.237s] -- Up-to-date symlink: /home/r-taro-o/hunterSE_ws/install/hunter_msgs/include/hunter_msgs/hunter_msgs/msg/detail/hunter_light_cmd__rosidl_typesupport_introspection_c.h
[1.238s] -- Up-to-date symlink: /home/r-taro-o/hunterSE_ws/install/hunter_msgs/include/hunter_msgs/hunter_msgs/msg/detail/hunter_light_state__rosidl_typesupport_introspection_c.h
[1.238s] -- Up-to-date symlink: /home/r-taro-o/hunterSE_ws/install/hunter_msgs/include/hunter_msgs/hunter_msgs/msg/detail/hunter_rc_state__rosidl_typesupport_introspection_c.h
[1.238s] -- Up-to-date symlink: /home/r-taro-o/hunterSE_ws/install/hunter_msgs/include/hunter_msgs/hunter_msgs/msg/detail/hunter_status__rosidl_typesupport_introspection_c.h
[1.239s] -- Up-to-date symlink: /home/r-taro-o/hunterSE_ws/install/hunter_msgs/include/hunter_msgs/hunter_msgs/msg/rosidl_typesupport_introspection_c__visibility_control.h
[1.239s] -- Up-to-date symlink: /home/r-taro-o/hunterSE_ws/install/hunter_msgs/include/hunter_msgs/hunter_msgs/msg/detail/hunter_actuator_state__rosidl_typesupport_introspection_cpp.hpp
[1.240s] -- Up-to-date symlink: /home/r-taro-o/hunterSE_ws/install/hunter_msgs/include/hunter_msgs/hunter_msgs/msg/detail/hunter_light_cmd__rosidl_typesupport_introspection_cpp.hpp
[1.240s] -- Up-to-date symlink: /home/r-taro-o/hunterSE_ws/install/hunter_msgs/include/hunter_msgs/hunter_msgs/msg/detail/hunter_light_state__rosidl_typesupport_introspection_cpp.hpp
[1.240s] -- Up-to-date symlink: /home/r-taro-o/hunterSE_ws/install/hunter_msgs/include/hunter_msgs/hunter_msgs/msg/detail/hunter_rc_state__rosidl_typesupport_introspection_cpp.hpp
[1.241s] -- Up-to-date symlink: /home/r-taro-o/hunterSE_ws/install/hunter_msgs/include/hunter_msgs/hunter_msgs/msg/detail/hunter_status__rosidl_typesupport_introspection_cpp.hpp
[1.241s] -- Up-to-date symlink: /home/r-taro-o/hunterSE_ws/install/hunter_msgs/share/hunter_msgs/environment/pythonpath.sh
[1.241s] -- Up-to-date symlink: /home/r-taro-o/hunterSE_ws/install/hunter_msgs/share/hunter_msgs/environment/pythonpath.dsv
[1.241s] -- Up-to-date symlink: /home/r-taro-o/hunterSE_ws/install/hunter_msgs/local/lib/python3.10/dist-packages/hunter_msgs-0.0.1-py3.10.egg-info/PKG-INFO
[1.241s] -- Up-to-date symlink: /home/r-taro-o/hunterSE_ws/install/hunter_msgs/local/lib/python3.10/dist-packages/hunter_msgs-0.0.1-py3.10.egg-info/SOURCES.txt
[1.242s] -- Up-to-date symlink: /home/r-taro-o/hunterSE_ws/install/hunter_msgs/local/lib/python3.10/dist-packages/hunter_msgs-0.0.1-py3.10.egg-info/dependency_links.txt
[1.242s] -- Up-to-date symlink: /home/r-taro-o/hunterSE_ws/install/hunter_msgs/local/lib/python3.10/dist-packages/hunter_msgs-0.0.1-py3.10.egg-info/top_level.txt
[1.242s] -- Up-to-date symlink: /home/r-taro-o/hunterSE_ws/install/hunter_msgs/local/lib/python3.10/dist-packages/hunter_msgs/__init__.py
[1.243s] -- Up-to-date symlink: /home/r-taro-o/hunterSE_ws/install/hunter_msgs/local/lib/python3.10/dist-packages/hunter_msgs/_hunter_msgs_s.ep.rosidl_typesupport_c.c
[1.244s] -- Up-to-date symlink: /home/r-taro-o/hunterSE_ws/install/hunter_msgs/local/lib/python3.10/dist-packages/hunter_msgs/_hunter_msgs_s.ep.rosidl_typesupport_fastrtps_c.c
[1.244s] -- Up-to-date symlink: /home/r-taro-o/hunterSE_ws/install/hunter_msgs/local/lib/python3.10/dist-packages/hunter_msgs/_hunter_msgs_s.ep.rosidl_typesupport_introspection_c.c
[1.245s] -- Up-to-date symlink: /home/r-taro-o/hunterSE_ws/install/hunter_msgs/local/lib/python3.10/dist-packages/hunter_msgs/hunter_msgs_s__rosidl_typesupport_c.cpython-310-x86_64-linux-gnu.so
[1.245s] -- Up-to-date symlink: /home/r-taro-o/hunterSE_ws/install/hunter_msgs/local/lib/python3.10/dist-packages/hunter_msgs/hunter_msgs_s__rosidl_typesupport_fastrtps_c.cpython-310-x86_64-linux-gnu.so
[1.246s] -- Up-to-date symlink: /home/r-taro-o/hunterSE_ws/install/hunter_msgs/local/lib/python3.10/dist-packages/hunter_msgs/hunter_msgs_s__rosidl_typesupport_introspection_c.cpython-310-x86_64-linux-gnu.so
[1.246s] -- Up-to-date symlink: /home/r-taro-o/hunterSE_ws/install/hunter_msgs/local/lib/python3.10/dist-packages/hunter_msgs/libhunter_msgs__rosidl_generator_py.so
[1.246s] -- Up-to-date symlink: /home/r-taro-o/hunterSE_ws/install/hunter_msgs/local/lib/python3.10/dist-packages/hunter_msgs/msg/__init__.py
[1.247s] -- Up-to-date symlink: /home/r-taro-o/hunterSE_ws/install/hunter_msgs/local/lib/python3.10/dist-packages/hunter_msgs/msg/_hunter_actuator_state.py
[1.247s] -- Up-to-date symlink: /home/r-taro-o/hunterSE_ws/install/hunter_msgs/local/lib/python3.10/dist-packages/hunter_msgs/msg/_hunter_actuator_state_s.c
[1.247s] -- Up-to-date symlink: /home/r-taro-o/hunterSE_ws/install/hunter_msgs/local/lib/python3.10/dist-packages/hunter_msgs/msg/_hunter_light_cmd.py
[1.248s] -- Up-to-date symlink: /home/r-taro-o/hunterSE_ws/install/hunter_msgs/local/lib/python3.10/dist-packages/hunter_msgs/msg/_hunter_light_cmd_s.c
[1.248s] -- Up-to-date symlink: /home/r-taro-o/hunterSE_ws/install/hunter_msgs/local/lib/python3.10/dist-packages/hunter_msgs/msg/_hunter_light_state.py
[1.249s] -- Up-to-date symlink: /home/r-taro-o/hunterSE_ws/install/hunter_msgs/local/lib/python3.10/dist-packages/hunter_msgs/msg/_hunter_light_state_s.c
[1.249s] -- Up-to-date symlink: /home/r-taro-o/hunterSE_ws/install/hunter_msgs/local/lib/python3.10/dist-packages/hunter_msgs/msg/_hunter_rc_state.py
[1.249s] -- Up-to-date symlink: /home/r-taro-o/hunterSE_ws/install/hunter_msgs/local/lib/python3.10/dist-packages/hunter_msgs/msg/_hunter_rc_state_s.c
[1.250s] -- Up-to-date symlink: /home/r-taro-o/hunterSE_ws/install/hunter_msgs/local/lib/python3.10/dist-packages/hunter_msgs/msg/_hunter_status.py
[1.251s] -- Up-to-date symlink: /home/r-taro-o/hunterSE_ws/install/hunter_msgs/local/lib/python3.10/dist-packages/hunter_msgs/msg/_hunter_status_s.c
[1.251s] -- Up-to-date symlink: /home/r-taro-o/hunterSE_ws/install/hunter_msgs/local/lib/python3.10/dist-packages/hunter_msgs/hunter_msgs_s__rosidl_typesupport_fastrtps_c.cpython-310-x86_64-linux-gnu.so
[1.251s] -- Up-to-date symlink: /home/r-taro-o/hunterSE_ws/install/hunter_msgs/local/lib/python3.10/dist-packages/hunter_msgs/hunter_msgs_s__rosidl_typesupport_introspection_c.cpython-310-x86_64-linux-gnu.so
[1.252s] -- Up-to-date symlink: /home/r-taro-o/hunterSE_ws/install/hunter_msgs/local/lib/python3.10/dist-packages/hunter_msgs/hunter_msgs_s__rosidl_typesupport_c.cpython-310-x86_64-linux-gnu.so
[1.252s] -- Up-to-date symlink: /home/r-taro-o/hunterSE_ws/install/hunter_msgs/share/hunter_msgs/msg/HunterActuatorState.idl
[1.252s] -- Up-to-date symlink: /home/r-taro-o/hunterSE_ws/install/hunter_msgs/share/hunter_msgs/msg/HunterLightCmd.idl
[1.253s] -- Up-to-date symlink: /home/r-taro-o/hunterSE_ws/install/hunter_msgs/share/hunter_msgs/msg/HunterLightState.idl
[1.253s] -- Up-to-date symlink: /home/r-taro-o/hunterSE_ws/install/hunter_msgs/share/hunter_msgs/msg/HunterRCState.idl
[1.254s] -- Up-to-date symlink: /home/r-taro-o/hunterSE_ws/install/hunter_msgs/share/hunter_msgs/msg/HunterStatus.idl
[1.254s] -- Up-to-date symlink: /home/r-taro-o/hunterSE_ws/install/hunter_msgs/share/hunter_msgs/msg/HunterActuatorState.msg
[1.255s] -- Up-to-date symlink: /home/r-taro-o/hunterSE_ws/install/hunter_msgs/share/hunter_msgs/msg/HunterLightCmd.msg
[1.255s] -- Up-to-date symlink: /home/r-taro-o/hunterSE_ws/install/hunter_msgs/share/hunter_msgs/msg/HunterLightState.msg
[1.256s] -- Up-to-date symlink: /home/r-taro-o/hunterSE_ws/install/hunter_msgs/share/hunter_msgs/msg/HunterRCState.msg
[1.256s] -- Up-to-date symlink: /home/r-taro-o/hunterSE_ws/install/hunter_msgs/share/hunter_msgs/msg/HunterStatus.msg
[1.257s] -- Up-to-date symlink: /home/r-taro-o/hunterSE_ws/install/hunter_msgs/share/ament_index/resource_index/package_run_dependencies/hunter_msgs
[1.257s] -- Up-to-date symlink: /home/r-taro-o/hunterSE_ws/install/hunter_msgs/share/ament_index/resource_index/parent_prefix_path/hunter_msgs
[1.257s] -- Up-to-date symlink: /home/r-taro-o/hunterSE_ws/install/hunter_msgs/share/hunter_msgs/environment/ament_prefix_path.sh
[1.258s] -- Up-to-date symlink: /home/r-taro-o/hunterSE_ws/install/hunter_msgs/share/hunter_msgs/environment/ament_prefix_path.dsv
[1.258s] -- Up-to-date symlink: /home/r-taro-o/hunterSE_ws/install/hunter_msgs/share/hunter_msgs/environment/path.sh
[1.259s] -- Up-to-date symlink: /home/r-taro-o/hunterSE_ws/install/hunter_msgs/share/hunter_msgs/environment/path.dsv
[1.259s] -- Up-to-date symlink: /home/r-taro-o/hunterSE_ws/install/hunter_msgs/share/hunter_msgs/local_setup.bash
[1.259s] -- Up-to-date symlink: /home/r-taro-o/hunterSE_ws/install/hunter_msgs/share/hunter_msgs/local_setup.sh
[1.260s] -- Up-to-date symlink: /home/r-taro-o/hunterSE_ws/install/hunter_msgs/share/hunter_msgs/local_setup.zsh
[1.260s] -- Up-to-date symlink: /home/r-taro-o/hunterSE_ws/install/hunter_msgs/share/hunter_msgs/local_setup.dsv
[1.261s] -- Symlinking: /home/r-taro-o/hunterSE_ws/install/hunter_msgs/share/hunter_msgs/package.dsv
[1.274s] -- Up-to-date symlink: /home/r-taro-o/hunterSE_ws/install/hunter_msgs/share/ament_index/resource_index/packages/hunter_msgs
[1.275s] -- Up-to-date symlink: /home/r-taro-o/hunterSE_ws/install/hunter_msgs/share/hunter_msgs/cmake/rosidl_cmake-extras.cmake
[1.275s] -- Up-to-date symlink: /home/r-taro-o/hunterSE_ws/install/hunter_msgs/share/hunter_msgs/cmake/ament_cmake_export_dependencies-extras.cmake
[1.275s] -- Up-to-date symlink: /home/r-taro-o/hunterSE_ws/install/hunter_msgs/share/hunter_msgs/cmake/ament_cmake_export_include_directories-extras.cmake
[1.276s] -- Up-to-date symlink: /home/r-taro-o/hunterSE_ws/install/hunter_msgs/share/hunter_msgs/cmake/ament_cmake_export_libraries-extras.cmake
[1.276s] -- Up-to-date symlink: /home/r-taro-o/hunterSE_ws/install/hunter_msgs/share/hunter_msgs/cmake/ament_cmake_export_targets-extras.cmake
[1.277s] -- Up-to-date symlink: /home/r-taro-o/hunterSE_ws/install/hunter_msgs/share/hunter_msgs/cmake/rosidl_cmake_export_typesupport_targets-extras.cmake
[1.277s] -- Up-to-date symlink: /home/r-taro-o/hunterSE_ws/install/hunter_msgs/share/hunter_msgs/cmake/rosidl_cmake_export_typesupport_libraries-extras.cmake
[1.278s] -- Up-to-date symlink: /home/r-taro-o/hunterSE_ws/install/hunter_msgs/share/hunter_msgs/cmake/hunter_msgsConfig.cmake
[1.278s] -- Up-to-date symlink: /home/r-taro-o/hunterSE_ws/install/hunter_msgs/share/hunter_msgs/cmake/hunter_msgsConfig-version.cmake
[1.279s] -- Up-to-date symlink: /home/r-taro-o/hunterSE_ws/install/hunter_msgs/share/hunter_msgs/package.xml
[1.279s] -- Up-to-date: /home/r-taro-o/hunterSE_ws/install/hunter_msgs/lib/libhunter_msgs__rosidl_generator_c.so
[1.280s] -- Up-to-date: /home/r-taro-o/hunterSE_ws/install/hunter_msgs/lib/libhunter_msgs__rosidl_typesupport_fastrtps_c.so
[1.280s] -- Up-to-date: /home/r-taro-o/hunterSE_ws/install/hunter_msgs/lib/libhunter_msgs__rosidl_typesupport_fastrtps_cpp.so
[1.281s] -- Up-to-date: /home/r-taro-o/hunterSE_ws/install/hunter_msgs/lib/libhunter_msgs__rosidl_typesupport_introspection_c.so
[1.281s] -- Up-to-date: /home/r-taro-o/hunterSE_ws/install/hunter_msgs/lib/libhunter_msgs__rosidl_typesupport_c.so
[1.281s] -- Up-to-date: /home/r-taro-o/hunterSE_ws/install/hunter_msgs/lib/libhunter_msgs__rosidl_typesupport_introspection_cpp.so
[1.282s] -- Up-to-date: /home/r-taro-o/hunterSE_ws/install/hunter_msgs/lib/libhunter_msgs__rosidl_typesupport_cpp.so
[1.336s] Listing '/home/r-taro-o/hunterSE_ws/install/hunter_msgs/local/lib/python3.10/dist-packages/hunter_msgs'...
[1.336s] Listing '/home/r-taro-o/hunterSE_ws/install/hunter_msgs/local/lib/python3.10/dist-packages/hunter_msgs/msg'...
[1.342s] -- Up-to-date: /home/r-taro-o/hunterSE_ws/install/hunter_msgs/lib/libhunter_msgs__rosidl_generator_py.so
[1.343s] -- Up-to-date: /home/r-taro-o/hunterSE_ws/install/hunter_msgs/share/hunter_msgs/cmake/export_hunter_msgs__rosidl_generator_cExport.cmake
[1.344s] -- Up-to-date: /home/r-taro-o/hunterSE_ws/install/hunter_msgs/share/hunter_msgs/cmake/export_hunter_msgs__rosidl_generator_cExport-noconfig.cmake
[1.344s] -- Up-to-date: /home/r-taro-o/hunterSE_ws/install/hunter_msgs/share/hunter_msgs/cmake/export_hunter_msgs__rosidl_typesupport_fastrtps_cExport.cmake
[1.345s] -- Up-to-date: /home/r-taro-o/hunterSE_ws/install/hunter_msgs/share/hunter_msgs/cmake/export_hunter_msgs__rosidl_typesupport_fastrtps_cExport-noconfig.cmake
[1.345s] -- Up-to-date: /home/r-taro-o/hunterSE_ws/install/hunter_msgs/share/hunter_msgs/cmake/export_hunter_msgs__rosidl_generator_cppExport.cmake
[1.346s] -- Up-to-date: /home/r-taro-o/hunterSE_ws/install/hunter_msgs/share/hunter_msgs/cmake/export_hunter_msgs__rosidl_typesupport_fastrtps_cppExport.cmake
[1.346s] -- Up-to-date: /home/r-taro-o/hunterSE_ws/install/hunter_msgs/share/hunter_msgs/cmake/export_hunter_msgs__rosidl_typesupport_fastrtps_cppExport-noconfig.cmake
[1.347s] -- Up-to-date: /home/r-taro-o/hunterSE_ws/install/hunter_msgs/share/hunter_msgs/cmake/hunter_msgs__rosidl_typesupport_introspection_cExport.cmake
[1.347s] -- Up-to-date: /home/r-taro-o/hunterSE_ws/install/hunter_msgs/share/hunter_msgs/cmake/hunter_msgs__rosidl_typesupport_introspection_cExport-noconfig.cmake
[1.347s] -- Up-to-date: /home/r-taro-o/hunterSE_ws/install/hunter_msgs/share/hunter_msgs/cmake/hunter_msgs__rosidl_typesupport_cExport.cmake
[1.348s] -- Up-to-date: /home/r-taro-o/hunterSE_ws/install/hunter_msgs/share/hunter_msgs/cmake/hunter_msgs__rosidl_typesupport_cExport-noconfig.cmake
[1.348s] -- Up-to-date: /home/r-taro-o/hunterSE_ws/install/hunter_msgs/share/hunter_msgs/cmake/hunter_msgs__rosidl_typesupport_introspection_cppExport.cmake
[1.348s] -- Up-to-date: /home/r-taro-o/hunterSE_ws/install/hunter_msgs/share/hunter_msgs/cmake/hunter_msgs__rosidl_typesupport_introspection_cppExport-noconfig.cmake
[1.348s] -- Up-to-date: /home/r-taro-o/hunterSE_ws/install/hunter_msgs/share/hunter_msgs/cmake/hunter_msgs__rosidl_typesupport_cppExport.cmake
[1.348s] -- Up-to-date: /home/r-taro-o/hunterSE_ws/install/hunter_msgs/share/hunter_msgs/cmake/hunter_msgs__rosidl_typesupport_cppExport-noconfig.cmake
[1.348s] -- Up-to-date: /home/r-taro-o/hunterSE_ws/install/hunter_msgs/share/hunter_msgs/cmake/export_hunter_msgs__rosidl_generator_pyExport.cmake
[1.348s] -- Up-to-date: /home/r-taro-o/hunterSE_ws/install/hunter_msgs/share/hunter_msgs/cmake/export_hunter_msgs__rosidl_generator_pyExport-noconfig.cmake
[1.352s] Invoked command in '/home/r-taro-o/hunterSE_ws/build/hunter_msgs' returned '0': CMAKE_PREFIX_PATH=/opt/ros/humble /usr/bin/cmake --install /home/r-taro-o/hunterSE_ws/build/hunter_msgs
