[0.082s] Invoking command in '/home/r-taro-o/hunterSE_ws/build/scout_description': /usr/bin/cmake /home/r-taro-o/hunterSE_ws/src/ugv_sim/scout/scout_description -DCATKIN_INSTALL_INTO_PREFIX_ROOT=0 -DCMAKE_INSTALL_PREFIX=/home/r-taro-o/hunterSE_ws/install/scout_description
[0.175s] [0mCMake Deprecation Warning at CMakeLists.txt:1 (cmake_minimum_required):
[0.176s]   Compatibility with CMake < 2.8.12 will be removed from a future version of
[0.176s]   CMake.
[0.177s] 
[0.177s]   Update the VERSION argument <min> value or use a ...<max> suffix to tell
[0.178s]   CMake that the project does not need compatibility with older versions.
[0.178s] 
[0.178s] [0m
[0.296s] -- The C compiler identification is GNU 11.4.0
[0.607s] -- The CXX compiler identification is GNU 11.4.0
[0.785s] -- Detecting C compiler ABI info
[1.006s] -- Detecting C compiler ABI info - done
[1.033s] -- Check for working C compiler: /usr/bin/cc - skipped
[1.034s] -- Detecting C compile features
[1.036s] -- Detecting C compile features - done
[1.048s] -- Detecting CXX compiler ABI info
[1.345s] -- Detecting CXX compiler ABI info - done
[1.398s] -- Check for working CXX compiler: /usr/bin/c++ - skipped
[1.399s] -- Detecting CXX compile features
[1.401s] -- Detecting CXX compile features - done
[2.152s] [31mCMake Error at CMakeLists.txt:4 (find_package):
[2.152s]   By not providing "Findcatkin.cmake" in CMAKE_MODULE_PATH this project has
[2.152s]   asked CMake to find a package configuration file provided by "catkin", but
[2.152s]   CMake did not find one.
[2.152s] 
[2.153s]   Could not find a package configuration file provided by "catkin" with any
[2.153s]   of the following names:
[2.153s] 
[2.153s]     catkinConfig.cmake
[2.153s]     catkin-config.cmake
[2.153s] 
[2.153s]   Add the installation prefix of "catkin" to CMAKE_PREFIX_PATH or set
[2.153s]   "catkin_DIR" to a directory containing one of the above files.  If "catkin"
[2.154s]   provides a separate development package or SDK, be sure it has been
[2.154s]   installed.
[2.154s] 
[2.154s] [0m
[2.154s] -- Configuring incomplete, errors occurred!
[2.154s] See also "/home/r-taro-o/hunterSE_ws/build/scout_description/CMakeFiles/CMakeOutput.log".
[2.189s] Invoked command in '/home/r-taro-o/hunterSE_ws/build/scout_description' returned '1': /usr/bin/cmake /home/r-taro-o/hunterSE_ws/src/ugv_sim/scout/scout_description -DCATKIN_INSTALL_INTO_PREFIX_ROOT=0 -DCMAKE_INSTALL_PREFIX=/home/r-taro-o/hunterSE_ws/install/scout_description
