[0.099s] Invoking command in '/home/r-taro-o/hunterSE_ws/build/ranger_mini': CMAKE_PREFIX_PATH=/home/r-taro-o/hunterSE_ws/install/hunter_base:/opt/ros/humble:/home/r-taro-o/hunterSE_ws/install/ugv_sdk:/home/r-taro-o/hunterSE_ws/install/ranger_mini:/home/r-taro-o/hunterSE_ws/install/hunter_se_gazebo:/home/r-taro-o/hunterSE_ws/install/hunter_se_description:/home/r-taro-o/hunterSE_ws/install/hunter_msgs:/home/r-taro-o/hunterSE_ws/install/four_ws_control:/home/r-taro-o/gzb_exp_ws/install/nav_dev:/home/r-taro-o/gzb_exp_ws/install/key_event_nodes:/home/r-taro-o/gzb_exp_ws/install/key_event_msgs /usr/bin/cmake --build /home/r-taro-o/hunterSE_ws/build/ranger_mini -- -j8 -l8
[0.208s] Invoked command in '/home/r-taro-o/hunterSE_ws/build/ranger_mini' returned '0': CMAKE_PREFIX_PATH=/home/r-taro-o/hunterSE_ws/install/hunter_base:/opt/ros/humble:/home/r-taro-o/hunterSE_ws/install/ugv_sdk:/home/r-taro-o/hunterSE_ws/install/ranger_mini:/home/r-taro-o/hunterSE_ws/install/hunter_se_gazebo:/home/r-taro-o/hunterSE_ws/install/hunter_se_description:/home/r-taro-o/hunterSE_ws/install/hunter_msgs:/home/r-taro-o/hunterSE_ws/install/four_ws_control:/home/r-taro-o/gzb_exp_ws/install/nav_dev:/home/r-taro-o/gzb_exp_ws/install/key_event_nodes:/home/r-taro-o/gzb_exp_ws/install/key_event_msgs /usr/bin/cmake --build /home/r-taro-o/hunterSE_ws/build/ranger_mini -- -j8 -l8
[0.343s] Invoking command in '/home/r-taro-o/hunterSE_ws/build/ranger_mini': CMAKE_PREFIX_PATH=/home/r-taro-o/hunterSE_ws/install/hunter_base:/opt/ros/humble:/home/r-taro-o/hunterSE_ws/install/ugv_sdk:/home/r-taro-o/hunterSE_ws/install/ranger_mini:/home/r-taro-o/hunterSE_ws/install/hunter_se_gazebo:/home/r-taro-o/hunterSE_ws/install/hunter_se_description:/home/r-taro-o/hunterSE_ws/install/hunter_msgs:/home/r-taro-o/hunterSE_ws/install/four_ws_control:/home/r-taro-o/gzb_exp_ws/install/nav_dev:/home/r-taro-o/gzb_exp_ws/install/key_event_nodes:/home/r-taro-o/gzb_exp_ws/install/key_event_msgs /usr/bin/cmake --install /home/r-taro-o/hunterSE_ws/build/ranger_mini
[0.383s] -- Install configuration: ""
[0.384s] -- Up-to-date: /home/r-taro-o/hunterSE_ws/install/ranger_mini/share/ranger_mini/launch
[0.384s] -- Up-to-date: /home/r-taro-o/hunterSE_ws/install/ranger_mini/share/ranger_mini/launch/ranger_mini_v2_display.launch.py
[0.384s] -- Up-to-date: /home/r-taro-o/hunterSE_ws/install/ranger_mini/share/ranger_mini/launch/ranger_mini_v2_gazebo.launch.py
[0.384s] -- Up-to-date: /home/r-taro-o/hunterSE_ws/install/ranger_mini/share/ranger_mini/meshes
[0.385s] -- Up-to-date: /home/r-taro-o/hunterSE_ws/install/ranger_mini/share/ranger_mini/meshes/bl_Link.STL
[0.385s] -- Up-to-date: /home/r-taro-o/hunterSE_ws/install/ranger_mini/share/ranger_mini/meshes/fr_Link.STL
[0.385s] -- Up-to-date: /home/r-taro-o/hunterSE_ws/install/ranger_mini/share/ranger_mini/meshes/ranger_base.zip
[0.385s] -- Up-to-date: /home/r-taro-o/hunterSE_ws/install/ranger_mini/share/ranger_mini/meshes/fl.stl
[0.385s] -- Up-to-date: /home/r-taro-o/hunterSE_ws/install/ranger_mini/share/ranger_mini/meshes/fl.dae
[0.386s] -- Up-to-date: /home/r-taro-o/hunterSE_ws/install/ranger_mini/share/ranger_mini/meshes/base_link.STL
[0.386s] -- Up-to-date: /home/r-taro-o/hunterSE_ws/install/ranger_mini/share/ranger_mini/meshes/fr.stl
[0.386s] -- Up-to-date: /home/r-taro-o/hunterSE_ws/install/ranger_mini/share/ranger_mini/meshes/fl_Link.STL
[0.386s] -- Up-to-date: /home/r-taro-o/hunterSE_ws/install/ranger_mini/share/ranger_mini/meshes/fr.dae
[0.386s] -- Up-to-date: /home/r-taro-o/hunterSE_ws/install/ranger_mini/share/ranger_mini/meshes/br_Link.STL
[0.387s] -- Up-to-date: /home/r-taro-o/hunterSE_ws/install/ranger_mini/share/ranger_mini/rviz
[0.387s] -- Up-to-date: /home/r-taro-o/hunterSE_ws/install/ranger_mini/share/ranger_mini/rviz/urdf.rviz
[0.387s] -- Up-to-date: /home/r-taro-o/hunterSE_ws/install/ranger_mini/share/ranger_mini/rviz/display.rviz
[0.387s] -- Up-to-date: /home/r-taro-o/hunterSE_ws/install/ranger_mini/share/ranger_mini/urdf
[0.392s] -- Up-to-date: /home/r-taro-o/hunterSE_ws/install/ranger_mini/share/ranger_mini/urdf/ranger_mini_gazebo copy.xacro
[0.393s] -- Up-to-date: /home/r-taro-o/hunterSE_ws/install/ranger_mini/share/ranger_mini/urdf/ranger_mini.urdf
[0.394s] -- Up-to-date: /home/r-taro-o/hunterSE_ws/install/ranger_mini/share/ranger_mini/urdf/gazebo.xacro
[0.394s] -- Up-to-date: /home/r-taro-o/hunterSE_ws/install/ranger_mini/share/ranger_mini/urdf/ranger_r.xacro
[0.395s] -- Up-to-date: /home/r-taro-o/hunterSE_ws/install/ranger_mini/share/ranger_mini/urdf/ranger_mini.xacro
[0.396s] -- Up-to-date: /home/r-taro-o/hunterSE_ws/install/ranger_mini/share/ranger_mini/urdf/ranger_l.xacro
[0.397s] -- Up-to-date: /home/r-taro-o/hunterSE_ws/install/ranger_mini/share/ranger_mini/urdf/ranger_mini.csv
[0.397s] -- Up-to-date: /home/r-taro-o/hunterSE_ws/install/ranger_mini/share/ranger_mini/urdf/ranger_mini_gazebo.xacro
[0.398s] -- Up-to-date: /home/r-taro-o/hunterSE_ws/install/ranger_mini/share/ament_index/resource_index/package_run_dependencies/ranger_mini
[0.398s] -- Up-to-date: /home/r-taro-o/hunterSE_ws/install/ranger_mini/share/ament_index/resource_index/parent_prefix_path/ranger_mini
[0.399s] -- Up-to-date: /home/r-taro-o/hunterSE_ws/install/ranger_mini/share/ranger_mini/environment/ament_prefix_path.sh
[0.400s] -- Up-to-date: /home/r-taro-o/hunterSE_ws/install/ranger_mini/share/ranger_mini/environment/ament_prefix_path.dsv
[0.401s] -- Up-to-date: /home/r-taro-o/hunterSE_ws/install/ranger_mini/share/ranger_mini/environment/path.sh
[0.401s] -- Up-to-date: /home/r-taro-o/hunterSE_ws/install/ranger_mini/share/ranger_mini/environment/path.dsv
[0.401s] -- Up-to-date: /home/r-taro-o/hunterSE_ws/install/ranger_mini/share/ranger_mini/local_setup.bash
[0.402s] -- Up-to-date: /home/r-taro-o/hunterSE_ws/install/ranger_mini/share/ranger_mini/local_setup.sh
[0.403s] -- Up-to-date: /home/r-taro-o/hunterSE_ws/install/ranger_mini/share/ranger_mini/local_setup.zsh
[0.403s] -- Up-to-date: /home/r-taro-o/hunterSE_ws/install/ranger_mini/share/ranger_mini/local_setup.dsv
[0.403s] -- Installing: /home/r-taro-o/hunterSE_ws/install/ranger_mini/share/ranger_mini/package.dsv
[0.403s] -- Up-to-date: /home/r-taro-o/hunterSE_ws/install/ranger_mini/share/ament_index/resource_index/packages/ranger_mini
[0.404s] -- Up-to-date: /home/r-taro-o/hunterSE_ws/install/ranger_mini/share/ranger_mini/cmake/ranger_miniConfig.cmake
[0.405s] -- Up-to-date: /home/r-taro-o/hunterSE_ws/install/ranger_mini/share/ranger_mini/cmake/ranger_miniConfig-version.cmake
[0.405s] -- Up-to-date: /home/r-taro-o/hunterSE_ws/install/ranger_mini/share/ranger_mini/package.xml
[0.489s] Invoked command in '/home/r-taro-o/hunterSE_ws/build/ranger_mini' returned '0': CMAKE_PREFIX_PATH=/home/r-taro-o/hunterSE_ws/install/hunter_base:/opt/ros/humble:/home/r-taro-o/hunterSE_ws/install/ugv_sdk:/home/r-taro-o/hunterSE_ws/install/ranger_mini:/home/r-taro-o/hunterSE_ws/install/hunter_se_gazebo:/home/r-taro-o/hunterSE_ws/install/hunter_se_description:/home/r-taro-o/hunterSE_ws/install/hunter_msgs:/home/r-taro-o/hunterSE_ws/install/four_ws_control:/home/r-taro-o/gzb_exp_ws/install/nav_dev:/home/r-taro-o/gzb_exp_ws/install/key_event_nodes:/home/r-taro-o/gzb_exp_ws/install/key_event_msgs /usr/bin/cmake --install /home/r-taro-o/hunterSE_ws/build/ranger_mini
