[0.070s] Invoking command in '/home/r-taro-o/hunterSE_ws/build/hunter_se_description': CMAKE_PREFIX_PATH=/opt/ros/humble /usr/bin/cmake --build /home/r-taro-o/hunterSE_ws/build/hunter_se_description -- -j8 -l8
[0.173s] Invoked command in '/home/r-taro-o/hunterSE_ws/build/hunter_se_description' returned '0': CMAKE_PREFIX_PATH=/opt/ros/humble /usr/bin/cmake --build /home/r-taro-o/hunterSE_ws/build/hunter_se_description -- -j8 -l8
[0.305s] Invoking command in '/home/r-taro-o/hunterSE_ws/build/hunter_se_description': CMAKE_PREFIX_PATH=/opt/ros/humble /usr/bin/cmake --install /home/r-taro-o/hunterSE_ws/build/hunter_se_description
[0.360s] -- Install configuration: ""
[0.360s] -- Up-to-date: /home/r-taro-o/hunterSE_ws/install/hunter_se_description/share/hunter_se_description/launch
[0.361s] -- Up-to-date: /home/r-taro-o/hunterSE_ws/install/hunter_se_description/share/hunter_se_description/launch/display.launch.py
[0.362s] -- Up-to-date: /home/r-taro-o/hunterSE_ws/install/hunter_se_description/share/hunter_se_description/meshes
[0.363s] -- Up-to-date: /home/r-taro-o/hunterSE_ws/install/hunter_se_description/share/hunter_se_description/meshes/re_left_link.STL
[0.363s] -- Up-to-date: /home/r-taro-o/hunterSE_ws/install/hunter_se_description/share/hunter_se_description/meshes/fr_steer_right_link.STL
[0.364s] -- Up-to-date: /home/r-taro-o/hunterSE_ws/install/hunter_se_description/share/hunter_se_description/meshes/re_right_link.STL
[0.364s] -- Up-to-date: /home/r-taro-o/hunterSE_ws/install/hunter_se_description/share/hunter_se_description/meshes/fr_steer_left_link.STL
[0.365s] -- Up-to-date: /home/r-taro-o/hunterSE_ws/install/hunter_se_description/share/hunter_se_description/meshes/base_link.STL
[0.365s] -- Up-to-date: /home/r-taro-o/hunterSE_ws/install/hunter_se_description/share/hunter_se_description/meshes/fr_right_link.STL
[0.366s] -- Up-to-date: /home/r-taro-o/hunterSE_ws/install/hunter_se_description/share/hunter_se_description/meshes/fr_left_link.STL
[0.367s] -- Up-to-date: /home/r-taro-o/hunterSE_ws/install/hunter_se_description/share/hunter_se_description/rviz
[0.367s] -- Up-to-date: /home/r-taro-o/hunterSE_ws/install/hunter_se_description/share/hunter_se_description/rviz/rviz.rviz
[0.368s] -- Up-to-date: /home/r-taro-o/hunterSE_ws/install/hunter_se_description/share/hunter_se_description/urdf
[0.368s] -- Up-to-date: /home/r-taro-o/hunterSE_ws/install/hunter_se_description/share/hunter_se_description/urdf/hunter_se_description.xacro
[0.369s] -- Up-to-date: /home/r-taro-o/hunterSE_ws/install/hunter_se_description/share/hunter_se_description/urdf/hunter_se_description.csv
[0.369s] -- Up-to-date: /home/r-taro-o/hunterSE_ws/install/hunter_se_description/share/hunter_se_description/urdf/hunter_se_description.urdf
[0.370s] -- Up-to-date: /home/r-taro-o/hunterSE_ws/install/hunter_se_description/share/hunter_se_description/config
[0.370s] -- Up-to-date: /home/r-taro-o/hunterSE_ws/install/hunter_se_description/share/hunter_se_description/config/joint_names_hunter_se_description_2.yaml
[0.371s] -- Up-to-date: /home/r-taro-o/hunterSE_ws/install/hunter_se_description/share/ament_index/resource_index/package_run_dependencies/hunter_se_description
[0.372s] -- Up-to-date: /home/r-taro-o/hunterSE_ws/install/hunter_se_description/share/ament_index/resource_index/parent_prefix_path/hunter_se_description
[0.372s] -- Up-to-date: /home/r-taro-o/hunterSE_ws/install/hunter_se_description/share/hunter_se_description/environment/ament_prefix_path.sh
[0.373s] -- Up-to-date: /home/r-taro-o/hunterSE_ws/install/hunter_se_description/share/hunter_se_description/environment/ament_prefix_path.dsv
[0.373s] -- Up-to-date: /home/r-taro-o/hunterSE_ws/install/hunter_se_description/share/hunter_se_description/environment/path.sh
[0.373s] -- Up-to-date: /home/r-taro-o/hunterSE_ws/install/hunter_se_description/share/hunter_se_description/environment/path.dsv
[0.373s] -- Up-to-date: /home/r-taro-o/hunterSE_ws/install/hunter_se_description/share/hunter_se_description/local_setup.bash
[0.373s] -- Up-to-date: /home/r-taro-o/hunterSE_ws/install/hunter_se_description/share/hunter_se_description/local_setup.sh
[0.374s] -- Up-to-date: /home/r-taro-o/hunterSE_ws/install/hunter_se_description/share/hunter_se_description/local_setup.zsh
[0.374s] -- Up-to-date: /home/r-taro-o/hunterSE_ws/install/hunter_se_description/share/hunter_se_description/local_setup.dsv
[0.375s] -- Up-to-date: /home/r-taro-o/hunterSE_ws/install/hunter_se_description/share/hunter_se_description/package.dsv
[0.378s] -- Up-to-date: /home/r-taro-o/hunterSE_ws/install/hunter_se_description/share/ament_index/resource_index/packages/hunter_se_description
[0.379s] -- Up-to-date: /home/r-taro-o/hunterSE_ws/install/hunter_se_description/share/hunter_se_description/cmake/hunter_se_descriptionConfig.cmake
[0.379s] -- Up-to-date: /home/r-taro-o/hunterSE_ws/install/hunter_se_description/share/hunter_se_description/cmake/hunter_se_descriptionConfig-version.cmake
[0.380s] -- Up-to-date: /home/r-taro-o/hunterSE_ws/install/hunter_se_description/share/hunter_se_description/package.xml
[0.450s] Invoked command in '/home/r-taro-o/hunterSE_ws/build/hunter_se_description' returned '0': CMAKE_PREFIX_PATH=/opt/ros/humble /usr/bin/cmake --install /home/r-taro-o/hunterSE_ws/build/hunter_se_description
