[0.208s] Invoking command in '/home/r-taro-o/hunterSE_ws/build/hunter_base': CMAKE_PREFIX_PATH=/opt/ros/humble:/home/r-taro-o/hunterSE_ws/install/ugv_sdk:/home/r-taro-o/hunterSE_ws/install/hunter_msgs:/home/r-taro-o/hunterSE_ws/install/hunter_base:/home/r-taro-o/hunterSE_ws/install/ranger_mini:/home/r-taro-o/hunterSE_ws/install/hunter_se_gazebo:/home/r-taro-o/hunterSE_ws/install/hunter_se_description:/home/r-taro-o/hunterSE_ws/install/four_ws_control:/home/r-taro-o/gzb_exp_ws/install/nav_dev:/home/r-taro-o/gzb_exp_ws/install/key_event_nodes:/home/r-taro-o/gzb_exp_ws/install/key_event_msgs LD_LIBRARY_PATH=/home/r-taro-o/hunterSE_ws/install/hunter_msgs/lib:/home/r-taro-o/gzb_exp_ws/install/key_event_nodes/lib:/home/r-taro-o/gzb_exp_ws/install/key_event_msgs/lib:/usr/lib/x86_64-linux-gnu/gazebo-11/plugins:/opt/ros/humble/opt/rviz_ogre_vendor/lib:/opt/ros/humble/lib/x86_64-linux-gnu:/opt/ros/humble/lib:/usr/share/gazebo-11/../../lib/x86_64-linux-gnu/gazebo-11/plugins /usr/bin/cmake --build /home/r-taro-o/hunterSE_ws/build/hunter_base -- -j8 -l8
[0.335s] [100%] Built target hunter_base_node
[0.355s] Invoked command in '/home/r-taro-o/hunterSE_ws/build/hunter_base' returned '0': CMAKE_PREFIX_PATH=/opt/ros/humble:/home/r-taro-o/hunterSE_ws/install/ugv_sdk:/home/r-taro-o/hunterSE_ws/install/hunter_msgs:/home/r-taro-o/hunterSE_ws/install/hunter_base:/home/r-taro-o/hunterSE_ws/install/ranger_mini:/home/r-taro-o/hunterSE_ws/install/hunter_se_gazebo:/home/r-taro-o/hunterSE_ws/install/hunter_se_description:/home/r-taro-o/hunterSE_ws/install/four_ws_control:/home/r-taro-o/gzb_exp_ws/install/nav_dev:/home/r-taro-o/gzb_exp_ws/install/key_event_nodes:/home/r-taro-o/gzb_exp_ws/install/key_event_msgs LD_LIBRARY_PATH=/home/r-taro-o/hunterSE_ws/install/hunter_msgs/lib:/home/r-taro-o/gzb_exp_ws/install/key_event_nodes/lib:/home/r-taro-o/gzb_exp_ws/install/key_event_msgs/lib:/usr/lib/x86_64-linux-gnu/gazebo-11/plugins:/opt/ros/humble/opt/rviz_ogre_vendor/lib:/opt/ros/humble/lib/x86_64-linux-gnu:/opt/ros/humble/lib:/usr/share/gazebo-11/../../lib/x86_64-linux-gnu/gazebo-11/plugins /usr/bin/cmake --build /home/r-taro-o/hunterSE_ws/build/hunter_base -- -j8 -l8
[0.421s] Invoking command in '/home/r-taro-o/hunterSE_ws/build/hunter_base': CMAKE_PREFIX_PATH=/opt/ros/humble:/home/r-taro-o/hunterSE_ws/install/ugv_sdk:/home/r-taro-o/hunterSE_ws/install/hunter_msgs:/home/r-taro-o/hunterSE_ws/install/hunter_base:/home/r-taro-o/hunterSE_ws/install/ranger_mini:/home/r-taro-o/hunterSE_ws/install/hunter_se_gazebo:/home/r-taro-o/hunterSE_ws/install/hunter_se_description:/home/r-taro-o/hunterSE_ws/install/four_ws_control:/home/r-taro-o/gzb_exp_ws/install/nav_dev:/home/r-taro-o/gzb_exp_ws/install/key_event_nodes:/home/r-taro-o/gzb_exp_ws/install/key_event_msgs LD_LIBRARY_PATH=/home/r-taro-o/hunterSE_ws/install/hunter_msgs/lib:/home/r-taro-o/gzb_exp_ws/install/key_event_nodes/lib:/home/r-taro-o/gzb_exp_ws/install/key_event_msgs/lib:/usr/lib/x86_64-linux-gnu/gazebo-11/plugins:/opt/ros/humble/opt/rviz_ogre_vendor/lib:/opt/ros/humble/lib/x86_64-linux-gnu:/opt/ros/humble/lib:/usr/share/gazebo-11/../../lib/x86_64-linux-gnu/gazebo-11/plugins /usr/bin/cmake --install /home/r-taro-o/hunterSE_ws/build/hunter_base
[0.435s] -- Install configuration: ""
[0.437s] -- Up-to-date: /home/r-taro-o/hunterSE_ws/install/hunter_base/lib/hunter_base/hunter_base_node
[0.438s] -- Up-to-date: /home/r-taro-o/hunterSE_ws/install/hunter_base/share/hunter_base//launch
[0.439s] -- Up-to-date: /home/r-taro-o/hunterSE_ws/install/hunter_base/share/hunter_base//launch/hunter_base.launch.py
[0.439s] -- Up-to-date: /home/r-taro-o/hunterSE_ws/install/hunter_base/share/ament_index/resource_index/package_run_dependencies/hunter_base
[0.440s] -- Up-to-date: /home/r-taro-o/hunterSE_ws/install/hunter_base/share/ament_index/resource_index/parent_prefix_path/hunter_base
[0.440s] -- Up-to-date: /home/r-taro-o/hunterSE_ws/install/hunter_base/share/hunter_base/environment/ament_prefix_path.sh
[0.441s] -- Up-to-date: /home/r-taro-o/hunterSE_ws/install/hunter_base/share/hunter_base/environment/ament_prefix_path.dsv
[0.441s] -- Up-to-date: /home/r-taro-o/hunterSE_ws/install/hunter_base/share/hunter_base/environment/path.sh
[0.441s] -- Up-to-date: /home/r-taro-o/hunterSE_ws/install/hunter_base/share/hunter_base/environment/path.dsv
[0.442s] -- Up-to-date: /home/r-taro-o/hunterSE_ws/install/hunter_base/share/hunter_base/local_setup.bash
[0.442s] -- Up-to-date: /home/r-taro-o/hunterSE_ws/install/hunter_base/share/hunter_base/local_setup.sh
[0.442s] -- Up-to-date: /home/r-taro-o/hunterSE_ws/install/hunter_base/share/hunter_base/local_setup.zsh
[0.442s] -- Up-to-date: /home/r-taro-o/hunterSE_ws/install/hunter_base/share/hunter_base/local_setup.dsv
[0.442s] -- Installing: /home/r-taro-o/hunterSE_ws/install/hunter_base/share/hunter_base/package.dsv
[0.442s] -- Up-to-date: /home/r-taro-o/hunterSE_ws/install/hunter_base/share/ament_index/resource_index/packages/hunter_base
[0.443s] -- Up-to-date: /home/r-taro-o/hunterSE_ws/install/hunter_base/share/hunter_base/cmake/hunter_baseConfig.cmake
[0.443s] -- Up-to-date: /home/r-taro-o/hunterSE_ws/install/hunter_base/share/hunter_base/cmake/hunter_baseConfig-version.cmake
[0.443s] -- Up-to-date: /home/r-taro-o/hunterSE_ws/install/hunter_base/share/hunter_base/package.xml
[0.444s] -- Up-to-date: /home/r-taro-o/hunterSE_ws/install/hunter_base/share/ascent/cmake/ascentTargets.cmake
[0.444s] -- Up-to-date: /home/r-taro-o/hunterSE_ws/install/hunter_base/share/ascent/cmake/ascentConfig.cmake
[0.445s] -- Up-to-date: /home/r-taro-o/hunterSE_ws/install/hunter_base/share/ascent/cmake/ascentConfigVersion.cmake
[0.446s] -- Up-to-date: /home/r-taro-o/hunterSE_ws/install/hunter_base/include/ascent
[0.446s] -- Up-to-date: /home/r-taro-o/hunterSE_ws/install/hunter_base/include/ascent/algorithms
[0.447s] -- Up-to-date: /home/r-taro-o/hunterSE_ws/install/hunter_base/include/ascent/algorithms/Derivative.h
[0.447s] -- Up-to-date: /home/r-taro-o/hunterSE_ws/install/hunter_base/include/ascent/Param.h
[0.448s] -- Up-to-date: /home/r-taro-o/hunterSE_ws/install/hunter_base/include/ascent/modular
[0.449s] -- Up-to-date: /home/r-taro-o/hunterSE_ws/install/hunter_base/include/ascent/modular/Link.h
[0.450s] -- Up-to-date: /home/r-taro-o/hunterSE_ws/install/hunter_base/include/ascent/modular/Module.h
[0.450s] -- Up-to-date: /home/r-taro-o/hunterSE_ws/install/hunter_base/include/ascent/System.h
[0.450s] -- Up-to-date: /home/r-taro-o/hunterSE_ws/install/hunter_base/include/ascent/Ascent.h
[0.451s] -- Up-to-date: /home/r-taro-o/hunterSE_ws/install/hunter_base/include/ascent/timing
[0.452s] -- Up-to-date: /home/r-taro-o/hunterSE_ws/install/hunter_base/include/ascent/timing/TimeAdvanced.h
[0.452s] -- Up-to-date: /home/r-taro-o/hunterSE_ws/install/hunter_base/include/ascent/timing/Timing.h
[0.453s] -- Up-to-date: /home/r-taro-o/hunterSE_ws/install/hunter_base/include/ascent/timing/Sampler.h
[0.453s] -- Up-to-date: /home/r-taro-o/hunterSE_ws/install/hunter_base/include/ascent/ChaiEngine.h
[0.454s] -- Up-to-date: /home/r-taro-o/hunterSE_ws/install/hunter_base/include/ascent/integrators_modular
[0.454s] -- Up-to-date: /home/r-taro-o/hunterSE_ws/install/hunter_base/include/ascent/integrators_modular/NCRK4.h
[0.455s] -- Up-to-date: /home/r-taro-o/hunterSE_ws/install/hunter_base/include/ascent/integrators_modular/RTAM4.h
[0.455s] -- Up-to-date: /home/r-taro-o/hunterSE_ws/install/hunter_base/include/ascent/integrators_modular/Midpoint.h
[0.455s] -- Up-to-date: /home/r-taro-o/hunterSE_ws/install/hunter_base/include/ascent/integrators_modular/Heun.h
[0.455s] -- Up-to-date: /home/r-taro-o/hunterSE_ws/install/hunter_base/include/ascent/integrators_modular/DOPRI45.h
[0.455s] -- Up-to-date: /home/r-taro-o/hunterSE_ws/install/hunter_base/include/ascent/integrators_modular/RK4.h
[0.455s] -- Up-to-date: /home/r-taro-o/hunterSE_ws/install/hunter_base/include/ascent/integrators_modular/RK2.h
[0.456s] -- Up-to-date: /home/r-taro-o/hunterSE_ws/install/hunter_base/include/ascent/integrators_modular/Euler.h
[0.456s] -- Up-to-date: /home/r-taro-o/hunterSE_ws/install/hunter_base/include/ascent/integrators_modular/RTAM3.h
[0.457s] -- Up-to-date: /home/r-taro-o/hunterSE_ws/install/hunter_base/include/ascent/integrators_modular/PC233.h
[0.459s] -- Up-to-date: /home/r-taro-o/hunterSE_ws/install/hunter_base/include/ascent/integrators_modular/RTAM2.h
[0.459s] -- Up-to-date: /home/r-taro-o/hunterSE_ws/install/hunter_base/include/ascent/integrators_modular/RK3.h
[0.459s] -- Up-to-date: /home/r-taro-o/hunterSE_ws/install/hunter_base/include/ascent/integrators_modular/ModularIntegrators.h
[0.460s] -- Up-to-date: /home/r-taro-o/hunterSE_ws/install/hunter_base/include/ascent/containers
[0.460s] -- Up-to-date: /home/r-taro-o/hunterSE_ws/install/hunter_base/include/ascent/containers/stack.h
[0.461s] -- Up-to-date: /home/r-taro-o/hunterSE_ws/install/hunter_base/include/ascent/integrators_direct
[0.461s] -- Up-to-date: /home/r-taro-o/hunterSE_ws/install/hunter_base/include/ascent/integrators_direct/RK4.h
[0.462s] -- Up-to-date: /home/r-taro-o/hunterSE_ws/install/hunter_base/include/ascent/integrators_direct/Euler.h
[0.462s] -- Up-to-date: /home/r-taro-o/hunterSE_ws/install/hunter_base/include/ascent/Vector.h
[0.463s] -- Up-to-date: /home/r-taro-o/hunterSE_ws/install/hunter_base/include/ascent/Utility.h
[0.463s] -- Up-to-date: /home/r-taro-o/hunterSE_ws/install/hunter_base/include/ascent/ParamV.h
[0.463s] -- Up-to-date: /home/r-taro-o/hunterSE_ws/install/hunter_base/include/ascent/Recorder.h
[0.464s] -- Up-to-date: /home/r-taro-o/hunterSE_ws/install/hunter_base/include/ascent/direct
[0.464s] -- Up-to-date: /home/r-taro-o/hunterSE_ws/install/hunter_base/include/ascent/direct/State.h
[0.465s] -- Up-to-date: /home/r-taro-o/hunterSE_ws/install/hunter_base/include/ascent/threading
[0.465s] -- Up-to-date: /home/r-taro-o/hunterSE_ws/install/hunter_base/include/ascent/threading/Queue.h
[0.468s] -- Up-to-date: /home/r-taro-o/hunterSE_ws/install/hunter_base/include/ascent/threading/Pool.h
[0.469s] -- Up-to-date: /home/r-taro-o/hunterSE_ws/install/hunter_base/include/ascent/integrators
[0.469s] -- Up-to-date: /home/r-taro-o/hunterSE_ws/install/hunter_base/include/ascent/integrators/RTAM4.h
[0.470s] -- Up-to-date: /home/r-taro-o/hunterSE_ws/install/hunter_base/include/ascent/integrators/Midpoint.h
[0.470s] -- Up-to-date: /home/r-taro-o/hunterSE_ws/install/hunter_base/include/ascent/integrators/RKMM.h
[0.470s] -- Up-to-date: /home/r-taro-o/hunterSE_ws/install/hunter_base/include/ascent/integrators/DOPRI45.h
[0.470s] -- Up-to-date: /home/r-taro-o/hunterSE_ws/install/hunter_base/include/ascent/integrators/RK4.h
[0.470s] -- Up-to-date: /home/r-taro-o/hunterSE_ws/install/hunter_base/include/ascent/integrators/RK2.h
[0.471s] -- Up-to-date: /home/r-taro-o/hunterSE_ws/install/hunter_base/include/ascent/integrators/Euler.h
[0.472s] -- Up-to-date: /home/r-taro-o/hunterSE_ws/install/hunter_base/include/ascent/integrators/PC233.h
[0.472s] Invoked command in '/home/r-taro-o/hunterSE_ws/build/hunter_base' returned '0': CMAKE_PREFIX_PATH=/opt/ros/humble:/home/r-taro-o/hunterSE_ws/install/ugv_sdk:/home/r-taro-o/hunterSE_ws/install/hunter_msgs:/home/r-taro-o/hunterSE_ws/install/hunter_base:/home/r-taro-o/hunterSE_ws/install/ranger_mini:/home/r-taro-o/hunterSE_ws/install/hunter_se_gazebo:/home/r-taro-o/hunterSE_ws/install/hunter_se_description:/home/r-taro-o/hunterSE_ws/install/four_ws_control:/home/r-taro-o/gzb_exp_ws/install/nav_dev:/home/r-taro-o/gzb_exp_ws/install/key_event_nodes:/home/r-taro-o/gzb_exp_ws/install/key_event_msgs LD_LIBRARY_PATH=/home/r-taro-o/hunterSE_ws/install/hunter_msgs/lib:/home/r-taro-o/gzb_exp_ws/install/key_event_nodes/lib:/home/r-taro-o/gzb_exp_ws/install/key_event_msgs/lib:/usr/lib/x86_64-linux-gnu/gazebo-11/plugins:/opt/ros/humble/opt/rviz_ogre_vendor/lib:/opt/ros/humble/lib/x86_64-linux-gnu:/opt/ros/humble/lib:/usr/share/gazebo-11/../../lib/x86_64-linux-gnu/gazebo-11/plugins /usr/bin/cmake --install /home/r-taro-o/hunterSE_ws/build/hunter_base
