[0.076s] Invoking command in '/home/r-taro-o/hunterSE_ws/build/hunter2_gazebo': /usr/bin/cmake /home/r-taro-o/hunterSE_ws/src/ugv_sim/hunter/hunter2_gazebo -DCATKIN_INSTALL_INTO_PREFIX_ROOT=0 -DCMAKE_INSTALL_PREFIX=/home/r-taro-o/hunterSE_ws/install/hunter2_gazebo
[0.348s] -- The C compiler identification is GNU 11.4.0
[0.974s] -- The CXX compiler identification is GNU 11.4.0
[1.286s] -- Detecting C compiler ABI info
[1.651s] -- Detecting C compiler ABI info - done
[1.699s] -- Check for working C compiler: /usr/bin/cc - skipped
[1.699s] -- Detecting C compile features
[1.700s] -- Detecting C compile features - done
[1.715s] -- Detecting CXX compiler ABI info
[2.131s] -- Detecting CXX compiler ABI info - done
[2.173s] -- Check for working CXX compiler: /usr/bin/c++ - skipped
[2.174s] -- Detecting CXX compile features
[2.176s] -- Detecting CXX compile features - done
[3.153s] [31mCMake Error at CMakeLists.txt:10 (find_package):
[3.153s]   By not providing "Findcatkin.cmake" in CMAKE_MODULE_PATH this project has
[3.154s]   asked CMake to find a package configuration file provided by "catkin", but
[3.154s]   CMake did not find one.
[3.154s] 
[3.154s]   Could not find a package configuration file provided by "catkin" with any
[3.154s]   of the following names:
[3.155s] 
[3.155s]     catkinConfig.cmake
[3.155s]     catkin-config.cmake
[3.155s] 
[3.156s]   Add the installation prefix of "catkin" to CMAKE_PREFIX_PATH or set
[3.156s]   "catkin_DIR" to a directory containing one of the above files.  If "catkin"
[3.156s]   provides a separate development package or SDK, be sure it has been
[3.156s]   installed.
[3.157s] 
[3.157s] [0m
[3.157s] -- Configuring incomplete, errors occurred!
[3.157s] See also "/home/r-taro-o/hunterSE_ws/build/hunter2_gazebo/CMakeFiles/CMakeOutput.log".
