[0.098s] Invoking command in '/home/r-taro-o/hunterSE_ws/build/four_ws_control': CMAKE_PREFIX_PATH=/home/r-taro-o/hunterSE_ws/install/hunter_base:/opt/ros/humble:/home/r-taro-o/hunterSE_ws/install/ugv_sdk:/home/r-taro-o/hunterSE_ws/install/ranger_mini:/home/r-taro-o/hunterSE_ws/install/hunter_se_gazebo:/home/r-taro-o/hunterSE_ws/install/hunter_se_description:/home/r-taro-o/hunterSE_ws/install/hunter_msgs:/home/r-taro-o/hunterSE_ws/install/four_ws_control:/home/r-taro-o/gzb_exp_ws/install/nav_dev:/home/r-taro-o/gzb_exp_ws/install/key_event_nodes:/home/r-taro-o/gzb_exp_ws/install/key_event_msgs /usr/bin/cmake --build /home/r-taro-o/hunterSE_ws/build/four_ws_control -- -j8 -l8
[0.211s] Invoked command in '/home/r-taro-o/hunterSE_ws/build/four_ws_control' returned '0': CMAKE_PREFIX_PATH=/home/r-taro-o/hunterSE_ws/install/hunter_base:/opt/ros/humble:/home/r-taro-o/hunterSE_ws/install/ugv_sdk:/home/r-taro-o/hunterSE_ws/install/ranger_mini:/home/r-taro-o/hunterSE_ws/install/hunter_se_gazebo:/home/r-taro-o/hunterSE_ws/install/hunter_se_description:/home/r-taro-o/hunterSE_ws/install/hunter_msgs:/home/r-taro-o/hunterSE_ws/install/four_ws_control:/home/r-taro-o/gzb_exp_ws/install/nav_dev:/home/r-taro-o/gzb_exp_ws/install/key_event_nodes:/home/r-taro-o/gzb_exp_ws/install/key_event_msgs /usr/bin/cmake --build /home/r-taro-o/hunterSE_ws/build/four_ws_control -- -j8 -l8
[0.332s] Invoking command in '/home/r-taro-o/hunterSE_ws/build/four_ws_control': CMAKE_PREFIX_PATH=/home/r-taro-o/hunterSE_ws/install/hunter_base:/opt/ros/humble:/home/r-taro-o/hunterSE_ws/install/ugv_sdk:/home/r-taro-o/hunterSE_ws/install/ranger_mini:/home/r-taro-o/hunterSE_ws/install/hunter_se_gazebo:/home/r-taro-o/hunterSE_ws/install/hunter_se_description:/home/r-taro-o/hunterSE_ws/install/hunter_msgs:/home/r-taro-o/hunterSE_ws/install/four_ws_control:/home/r-taro-o/gzb_exp_ws/install/nav_dev:/home/r-taro-o/gzb_exp_ws/install/key_event_nodes:/home/r-taro-o/gzb_exp_ws/install/key_event_msgs /usr/bin/cmake --install /home/r-taro-o/hunterSE_ws/build/four_ws_control
[0.368s] -- Install configuration: ""
[0.368s] -- Up-to-date: /home/r-taro-o/hunterSE_ws/install/four_ws_control/share/four_ws_control//scripts
[0.368s] -- Up-to-date: /home/r-taro-o/hunterSE_ws/install/four_ws_control/share/four_ws_control//scripts/robot_control.py
[0.369s] -- Up-to-date: /home/r-taro-o/hunterSE_ws/install/four_ws_control/share/four_ws_control//launch
[0.369s] -- Up-to-date: /home/r-taro-o/hunterSE_ws/install/four_ws_control/share/four_ws_control//launch/four_ws_control.launch.py
[0.369s] -- Up-to-date: /home/r-taro-o/hunterSE_ws/install/four_ws_control/lib/four_ws_control/robot_control.py
[0.369s] -- Up-to-date: /home/r-taro-o/hunterSE_ws/install/four_ws_control/lib/four_ws_control/four_ws_control.launch.py
[0.370s] -- Up-to-date: /home/r-taro-o/hunterSE_ws/install/four_ws_control/share/ament_index/resource_index/package_run_dependencies/four_ws_control
[0.370s] -- Up-to-date: /home/r-taro-o/hunterSE_ws/install/four_ws_control/share/ament_index/resource_index/parent_prefix_path/four_ws_control
[0.371s] -- Up-to-date: /home/r-taro-o/hunterSE_ws/install/four_ws_control/share/four_ws_control/environment/ament_prefix_path.sh
[0.372s] -- Up-to-date: /home/r-taro-o/hunterSE_ws/install/four_ws_control/share/four_ws_control/environment/ament_prefix_path.dsv
[0.372s] -- Up-to-date: /home/r-taro-o/hunterSE_ws/install/four_ws_control/share/four_ws_control/environment/path.sh
[0.372s] -- Up-to-date: /home/r-taro-o/hunterSE_ws/install/four_ws_control/share/four_ws_control/environment/path.dsv
[0.373s] -- Up-to-date: /home/r-taro-o/hunterSE_ws/install/four_ws_control/share/four_ws_control/local_setup.bash
[0.373s] -- Up-to-date: /home/r-taro-o/hunterSE_ws/install/four_ws_control/share/four_ws_control/local_setup.sh
[0.373s] -- Up-to-date: /home/r-taro-o/hunterSE_ws/install/four_ws_control/share/four_ws_control/local_setup.zsh
[0.373s] -- Up-to-date: /home/r-taro-o/hunterSE_ws/install/four_ws_control/share/four_ws_control/local_setup.dsv
[0.374s] -- Installing: /home/r-taro-o/hunterSE_ws/install/four_ws_control/share/four_ws_control/package.dsv
[0.374s] -- Up-to-date: /home/r-taro-o/hunterSE_ws/install/four_ws_control/share/ament_index/resource_index/packages/four_ws_control
[0.374s] -- Up-to-date: /home/r-taro-o/hunterSE_ws/install/four_ws_control/share/four_ws_control/cmake/four_ws_controlConfig.cmake
[0.374s] -- Up-to-date: /home/r-taro-o/hunterSE_ws/install/four_ws_control/share/four_ws_control/cmake/four_ws_controlConfig-version.cmake
[0.375s] -- Up-to-date: /home/r-taro-o/hunterSE_ws/install/four_ws_control/share/four_ws_control/package.xml
[0.477s] Invoked command in '/home/r-taro-o/hunterSE_ws/build/four_ws_control' returned '0': CMAKE_PREFIX_PATH=/home/r-taro-o/hunterSE_ws/install/hunter_base:/opt/ros/humble:/home/r-taro-o/hunterSE_ws/install/ugv_sdk:/home/r-taro-o/hunterSE_ws/install/ranger_mini:/home/r-taro-o/hunterSE_ws/install/hunter_se_gazebo:/home/r-taro-o/hunterSE_ws/install/hunter_se_description:/home/r-taro-o/hunterSE_ws/install/hunter_msgs:/home/r-taro-o/hunterSE_ws/install/four_ws_control:/home/r-taro-o/gzb_exp_ws/install/nav_dev:/home/r-taro-o/gzb_exp_ws/install/key_event_nodes:/home/r-taro-o/gzb_exp_ws/install/key_event_msgs /usr/bin/cmake --install /home/r-taro-o/hunterSE_ws/build/four_ws_control
