[0.071s] Invoking command in '/home/r-taro-o/hunterSE_ws/build/four_ws_control': CMAKE_PREFIX_PATH=/opt/ros/humble /usr/bin/cmake --build /home/r-taro-o/hunterSE_ws/build/four_ws_control -- -j8 -l8
[0.154s] Invoked command in '/home/r-taro-o/hunterSE_ws/build/four_ws_control' returned '0': CMAKE_PREFIX_PATH=/opt/ros/humble /usr/bin/cmake --build /home/r-taro-o/hunterSE_ws/build/four_ws_control -- -j8 -l8
[0.268s] Invoking command in '/home/r-taro-o/hunterSE_ws/build/four_ws_control': CMAKE_PREFIX_PATH=/opt/ros/humble /usr/bin/cmake --install /home/r-taro-o/hunterSE_ws/build/four_ws_control
[0.304s] -- Install configuration: ""
[0.305s] -- Up-to-date: /home/r-taro-o/hunterSE_ws/install/four_ws_control/share/four_ws_control//scripts
[0.305s] -- Up-to-date: /home/r-taro-o/hunterSE_ws/install/four_ws_control/share/four_ws_control//scripts/robot_control.py
[0.305s] -- Up-to-date: /home/r-taro-o/hunterSE_ws/install/four_ws_control/share/four_ws_control//launch
[0.305s] -- Up-to-date: /home/r-taro-o/hunterSE_ws/install/four_ws_control/share/four_ws_control//launch/four_ws_control.launch.py
[0.306s] -- Up-to-date: /home/r-taro-o/hunterSE_ws/install/four_ws_control/lib/four_ws_control/robot_control.py
[0.306s] -- Up-to-date: /home/r-taro-o/hunterSE_ws/install/four_ws_control/lib/four_ws_control/four_ws_control.launch.py
[0.306s] -- Up-to-date: /home/r-taro-o/hunterSE_ws/install/four_ws_control/share/ament_index/resource_index/package_run_dependencies/four_ws_control
[0.306s] -- Up-to-date: /home/r-taro-o/hunterSE_ws/install/four_ws_control/share/ament_index/resource_index/parent_prefix_path/four_ws_control
[0.307s] -- Up-to-date: /home/r-taro-o/hunterSE_ws/install/four_ws_control/share/four_ws_control/environment/ament_prefix_path.sh
[0.307s] -- Up-to-date: /home/r-taro-o/hunterSE_ws/install/four_ws_control/share/four_ws_control/environment/ament_prefix_path.dsv
[0.307s] -- Up-to-date: /home/r-taro-o/hunterSE_ws/install/four_ws_control/share/four_ws_control/environment/path.sh
[0.307s] -- Up-to-date: /home/r-taro-o/hunterSE_ws/install/four_ws_control/share/four_ws_control/environment/path.dsv
[0.307s] -- Up-to-date: /home/r-taro-o/hunterSE_ws/install/four_ws_control/share/four_ws_control/local_setup.bash
[0.308s] -- Up-to-date: /home/r-taro-o/hunterSE_ws/install/four_ws_control/share/four_ws_control/local_setup.sh
[0.309s] -- Up-to-date: /home/r-taro-o/hunterSE_ws/install/four_ws_control/share/four_ws_control/local_setup.zsh
[0.309s] -- Up-to-date: /home/r-taro-o/hunterSE_ws/install/four_ws_control/share/four_ws_control/local_setup.dsv
[0.309s] -- Up-to-date: /home/r-taro-o/hunterSE_ws/install/four_ws_control/share/four_ws_control/package.dsv
[0.309s] -- Up-to-date: /home/r-taro-o/hunterSE_ws/install/four_ws_control/share/ament_index/resource_index/packages/four_ws_control
[0.310s] -- Up-to-date: /home/r-taro-o/hunterSE_ws/install/four_ws_control/share/four_ws_control/cmake/four_ws_controlConfig.cmake
[0.310s] -- Up-to-date: /home/r-taro-o/hunterSE_ws/install/four_ws_control/share/four_ws_control/cmake/four_ws_controlConfig-version.cmake
[0.310s] -- Up-to-date: /home/r-taro-o/hunterSE_ws/install/four_ws_control/share/four_ws_control/package.xml
[0.340s] Invoked command in '/home/r-taro-o/hunterSE_ws/build/four_ws_control' returned '0': CMAKE_PREFIX_PATH=/opt/ros/humble /usr/bin/cmake --install /home/r-taro-o/hunterSE_ws/build/four_ws_control
