[0.073s] Invoking command in '/home/r-taro-o/hunterSE_ws/build/hunter_se_gazebo': CMAKE_PREFIX_PATH=/opt/ros/humble /usr/bin/cmake --build /home/r-taro-o/hunterSE_ws/build/hunter_se_gazebo -- -j8 -l8
[0.171s] Invoked command in '/home/r-taro-o/hunterSE_ws/build/hunter_se_gazebo' returned '0': CMAKE_PREFIX_PATH=/opt/ros/humble /usr/bin/cmake --build /home/r-taro-o/hunterSE_ws/build/hunter_se_gazebo -- -j8 -l8
[0.310s] Invoking command in '/home/r-taro-o/hunterSE_ws/build/hunter_se_gazebo': CMAKE_PREFIX_PATH=/opt/ros/humble /usr/bin/cmake --install /home/r-taro-o/hunterSE_ws/build/hunter_se_gazebo
[0.374s] -- Install configuration: ""
[0.375s] -- Up-to-date: /home/r-taro-o/hunterSE_ws/install/hunter_se_gazebo/share/hunter_se_gazebo/launch
[0.381s] -- Up-to-date: /home/r-taro-o/hunterSE_ws/install/hunter_se_gazebo/share/hunter_se_gazebo/launch/hunter_se_spawn.launch.py
[0.382s] -- Up-to-date: /home/r-taro-o/hunterSE_ws/install/hunter_se_gazebo/share/hunter_se_gazebo/launch/display.launch.py
[0.382s] -- Up-to-date: /home/r-taro-o/hunterSE_ws/install/hunter_se_gazebo/share/hunter_se_gazebo/launch/hunter_se_empty_world.launch.py
[0.383s] -- Up-to-date: /home/r-taro-o/hunterSE_ws/install/hunter_se_gazebo/share/hunter_se_gazebo/launch/hunter_se.launch.py
[0.383s] -- Up-to-date: /home/r-taro-o/hunterSE_ws/install/hunter_se_gazebo/share/hunter_se_gazebo/xacro
[0.384s] -- Up-to-date: /home/r-taro-o/hunterSE_ws/install/hunter_se_gazebo/share/hunter_se_gazebo/xacro/hunter_se.gazebo
[0.384s] -- Up-to-date: /home/r-taro-o/hunterSE_ws/install/hunter_se_gazebo/share/hunter_se_gazebo/xacro/hunter_se_gazebo.xacro
[0.385s] -- Up-to-date: /home/r-taro-o/hunterSE_ws/install/hunter_se_gazebo/share/hunter_se_gazebo/xacro/hunter_se_gazebo copy.xacro
[0.385s] -- Up-to-date: /home/r-taro-o/hunterSE_ws/install/hunter_se_gazebo/share/hunter_se_gazebo/world
[0.387s] -- Up-to-date: /home/r-taro-o/hunterSE_ws/install/hunter_se_gazebo/share/hunter_se_gazebo/world/house.world
[0.387s] -- Up-to-date: /home/r-taro-o/hunterSE_ws/install/hunter_se_gazebo/share/hunter_se_gazebo/scripts
[0.388s] -- Up-to-date: /home/r-taro-o/hunterSE_ws/install/hunter_se_gazebo/share/hunter_se_gazebo/scripts/gazebo_odometry.py
[0.389s] -- Up-to-date: /home/r-taro-o/hunterSE_ws/install/hunter_se_gazebo/share/ament_index/resource_index/package_run_dependencies/hunter_se_gazebo
[0.391s] -- Up-to-date: /home/r-taro-o/hunterSE_ws/install/hunter_se_gazebo/share/ament_index/resource_index/parent_prefix_path/hunter_se_gazebo
[0.391s] -- Up-to-date: /home/r-taro-o/hunterSE_ws/install/hunter_se_gazebo/share/hunter_se_gazebo/environment/ament_prefix_path.sh
[0.391s] -- Up-to-date: /home/r-taro-o/hunterSE_ws/install/hunter_se_gazebo/share/hunter_se_gazebo/environment/ament_prefix_path.dsv
[0.392s] -- Up-to-date: /home/r-taro-o/hunterSE_ws/install/hunter_se_gazebo/share/hunter_se_gazebo/environment/path.sh
[0.392s] -- Up-to-date: /home/r-taro-o/hunterSE_ws/install/hunter_se_gazebo/share/hunter_se_gazebo/environment/path.dsv
[0.392s] -- Up-to-date: /home/r-taro-o/hunterSE_ws/install/hunter_se_gazebo/share/hunter_se_gazebo/local_setup.bash
[0.393s] -- Up-to-date: /home/r-taro-o/hunterSE_ws/install/hunter_se_gazebo/share/hunter_se_gazebo/local_setup.sh
[0.393s] -- Up-to-date: /home/r-taro-o/hunterSE_ws/install/hunter_se_gazebo/share/hunter_se_gazebo/local_setup.zsh
[0.394s] -- Up-to-date: /home/r-taro-o/hunterSE_ws/install/hunter_se_gazebo/share/hunter_se_gazebo/local_setup.dsv
[0.394s] -- Up-to-date: /home/r-taro-o/hunterSE_ws/install/hunter_se_gazebo/share/hunter_se_gazebo/package.dsv
[0.394s] -- Up-to-date: /home/r-taro-o/hunterSE_ws/install/hunter_se_gazebo/share/ament_index/resource_index/packages/hunter_se_gazebo
[0.395s] -- Up-to-date: /home/r-taro-o/hunterSE_ws/install/hunter_se_gazebo/share/hunter_se_gazebo/cmake/hunter_se_gazeboConfig.cmake
[0.395s] -- Up-to-date: /home/r-taro-o/hunterSE_ws/install/hunter_se_gazebo/share/hunter_se_gazebo/cmake/hunter_se_gazeboConfig-version.cmake
[0.396s] -- Up-to-date: /home/r-taro-o/hunterSE_ws/install/hunter_se_gazebo/share/hunter_se_gazebo/package.xml
[0.454s] Invoked command in '/home/r-taro-o/hunterSE_ws/build/hunter_se_gazebo' returned '0': CMAKE_PREFIX_PATH=/opt/ros/humble /usr/bin/cmake --install /home/r-taro-o/hunterSE_ws/build/hunter_se_gazebo
