[0.094s] Invoking command in '/home/r-taro-o/hunterSE_ws/build/ranger_mini': CMAKE_PREFIX_PATH=/opt/ros/humble /usr/bin/cmake /home/r-taro-o/hunterSE_ws/src/ugv_sim/ranger/ranger_mini -DCMAKE_INSTALL_PREFIX=/home/r-taro-o/hunterSE_ws/install/ranger_mini
[0.706s] -- The C compiler identification is GNU 11.4.0
[1.374s] -- The CXX compiler identification is GNU 11.4.0
[1.660s] -- Detecting C compiler ABI info
[1.925s] -- Detecting C compiler ABI info - done
[1.969s] -- Check for working C compiler: /usr/bin/cc - skipped
[1.974s] -- Detecting C compile features
[1.975s] -- Detecting C compile features - done
[1.991s] -- Detecting CXX compiler ABI info
[2.269s] -- Detecting CXX compiler ABI info - done
[2.303s] -- Check for working CXX compiler: /usr/bin/c++ - skipped
[2.305s] -- Detecting CXX compile features
[2.306s] -- Detecting CXX compile features - done
[2.311s] -- Found ament_cmake: 1.3.10 (/opt/ros/humble/share/ament_cmake/cmake)
[3.129s] -- Found Python3: /usr/bin/python3 (found version "3.10.12") found components: Interpreter 
[3.538s] -- Found ament_lint_auto: 0.12.11 (/opt/ros/humble/share/ament_lint_auto/cmake)
[4.044s] -- Added test 'copyright' to check source files copyright and LICENSE
[4.049s] -- Added test 'flake8' to check Python code syntax and style conventions
[4.054s] -- Added test 'lint_cmake' to check CMake code style
[4.056s] -- Added test 'pep257' to check Python code against some of the docstring style conventions in PEP 257
[4.063s] -- Added test 'xmllint' to check XML markup files
[4.067s] -- Configuring done
[4.075s] -- Generating done
[4.080s] -- Build files have been written to: /home/r-taro-o/hunterSE_ws/build/ranger_mini
[4.093s] Invoked command in '/home/r-taro-o/hunterSE_ws/build/ranger_mini' returned '0': CMAKE_PREFIX_PATH=/opt/ros/humble /usr/bin/cmake /home/r-taro-o/hunterSE_ws/src/ugv_sim/ranger/ranger_mini -DCMAKE_INSTALL_PREFIX=/home/r-taro-o/hunterSE_ws/install/ranger_mini
[4.098s] Invoking command in '/home/r-taro-o/hunterSE_ws/build/ranger_mini': CMAKE_PREFIX_PATH=/opt/ros/humble /usr/bin/cmake --build /home/r-taro-o/hunterSE_ws/build/ranger_mini -- -j8 -l8
[4.204s] Invoked command in '/home/r-taro-o/hunterSE_ws/build/ranger_mini' returned '0': CMAKE_PREFIX_PATH=/opt/ros/humble /usr/bin/cmake --build /home/r-taro-o/hunterSE_ws/build/ranger_mini -- -j8 -l8
[4.268s] Invoking command in '/home/r-taro-o/hunterSE_ws/build/ranger_mini': CMAKE_PREFIX_PATH=/opt/ros/humble /usr/bin/cmake --install /home/r-taro-o/hunterSE_ws/build/ranger_mini
[4.289s] -- Install configuration: ""
[4.305s] -- Installing: /home/r-taro-o/hunterSE_ws/install/ranger_mini/share/ranger_mini/launch
[4.307s] -- Installing: /home/r-taro-o/hunterSE_ws/install/ranger_mini/share/ranger_mini/launch/ranger_mini_v2_display.launch.py
[4.308s] -- Installing: /home/r-taro-o/hunterSE_ws/install/ranger_mini/share/ranger_mini/launch/ranger_mini_v2_gazebo.launch.py
[4.308s] -- Installing: /home/r-taro-o/hunterSE_ws/install/ranger_mini/share/ranger_mini/meshes
[4.308s] -- Installing: /home/r-taro-o/hunterSE_ws/install/ranger_mini/share/ranger_mini/meshes/bl_Link.STL
[4.367s] -- Installing: /home/r-taro-o/hunterSE_ws/install/ranger_mini/share/ranger_mini/meshes/fr_Link.STL
[4.413s] -- Installing: /home/r-taro-o/hunterSE_ws/install/ranger_mini/share/ranger_mini/meshes/ranger_base.zip
[4.454s] -- Installing: /home/r-taro-o/hunterSE_ws/install/ranger_mini/share/ranger_mini/meshes/fl.stl
[4.505s] -- Installing: /home/r-taro-o/hunterSE_ws/install/ranger_mini/share/ranger_mini/meshes/fl.dae
[4.542s] -- Installing: /home/r-taro-o/hunterSE_ws/install/ranger_mini/share/ranger_mini/meshes/base_link.STL
[4.590s] -- Installing: /home/r-taro-o/hunterSE_ws/install/ranger_mini/share/ranger_mini/meshes/fr.stl
[4.644s] -- Installing: /home/r-taro-o/hunterSE_ws/install/ranger_mini/share/ranger_mini/meshes/fl_Link.STL
[4.697s] -- Installing: /home/r-taro-o/hunterSE_ws/install/ranger_mini/share/ranger_mini/meshes/fr.dae
[4.728s] -- Installing: /home/r-taro-o/hunterSE_ws/install/ranger_mini/share/ranger_mini/meshes/br_Link.STL
[4.778s] -- Installing: /home/r-taro-o/hunterSE_ws/install/ranger_mini/share/ranger_mini/rviz
[4.779s] -- Installing: /home/r-taro-o/hunterSE_ws/install/ranger_mini/share/ranger_mini/rviz/urdf.rviz
[4.779s] -- Installing: /home/r-taro-o/hunterSE_ws/install/ranger_mini/share/ranger_mini/rviz/display.rviz
[4.779s] -- Installing: /home/r-taro-o/hunterSE_ws/install/ranger_mini/share/ranger_mini/urdf
[4.780s] -- Installing: /home/r-taro-o/hunterSE_ws/install/ranger_mini/share/ranger_mini/urdf/ranger_mini_gazebo copy.xacro
[4.780s] -- Installing: /home/r-taro-o/hunterSE_ws/install/ranger_mini/share/ranger_mini/urdf/ranger_mini.urdf
[4.780s] -- Installing: /home/r-taro-o/hunterSE_ws/install/ranger_mini/share/ranger_mini/urdf/gazebo.xacro
[4.781s] -- Installing: /home/r-taro-o/hunterSE_ws/install/ranger_mini/share/ranger_mini/urdf/ranger_r.xacro
[4.781s] -- Installing: /home/r-taro-o/hunterSE_ws/install/ranger_mini/share/ranger_mini/urdf/ranger_mini.xacro
[4.782s] -- Installing: /home/r-taro-o/hunterSE_ws/install/ranger_mini/share/ranger_mini/urdf/ranger_l.xacro
[4.782s] -- Installing: /home/r-taro-o/hunterSE_ws/install/ranger_mini/share/ranger_mini/urdf/ranger_mini.csv
[4.782s] -- Installing: /home/r-taro-o/hunterSE_ws/install/ranger_mini/share/ranger_mini/urdf/ranger_mini_gazebo.xacro
[4.783s] -- Installing: /home/r-taro-o/hunterSE_ws/install/ranger_mini/share/ament_index/resource_index/package_run_dependencies/ranger_mini
[4.784s] -- Installing: /home/r-taro-o/hunterSE_ws/install/ranger_mini/share/ament_index/resource_index/parent_prefix_path/ranger_mini
[4.785s] -- Installing: /home/r-taro-o/hunterSE_ws/install/ranger_mini/share/ranger_mini/environment/ament_prefix_path.sh
[4.785s] -- Installing: /home/r-taro-o/hunterSE_ws/install/ranger_mini/share/ranger_mini/environment/ament_prefix_path.dsv
[4.789s] -- Installing: /home/r-taro-o/hunterSE_ws/install/ranger_mini/share/ranger_mini/environment/path.sh
[4.789s] -- Installing: /home/r-taro-o/hunterSE_ws/install/ranger_mini/share/ranger_mini/environment/path.dsv
[4.790s] -- Installing: /home/r-taro-o/hunterSE_ws/install/ranger_mini/share/ranger_mini/local_setup.bash
[4.791s] -- Installing: /home/r-taro-o/hunterSE_ws/install/ranger_mini/share/ranger_mini/local_setup.sh
[4.791s] -- Installing: /home/r-taro-o/hunterSE_ws/install/ranger_mini/share/ranger_mini/local_setup.zsh
[4.792s] -- Installing: /home/r-taro-o/hunterSE_ws/install/ranger_mini/share/ranger_mini/local_setup.dsv
[4.792s] -- Installing: /home/r-taro-o/hunterSE_ws/install/ranger_mini/share/ranger_mini/package.dsv
[4.795s] -- Installing: /home/r-taro-o/hunterSE_ws/install/ranger_mini/share/ament_index/resource_index/packages/ranger_mini
[4.795s] -- Installing: /home/r-taro-o/hunterSE_ws/install/ranger_mini/share/ranger_mini/cmake/ranger_miniConfig.cmake
[4.796s] -- Installing: /home/r-taro-o/hunterSE_ws/install/ranger_mini/share/ranger_mini/cmake/ranger_miniConfig-version.cmake
[4.796s] -- Installing: /home/r-taro-o/hunterSE_ws/install/ranger_mini/share/ranger_mini/package.xml
[4.800s] Invoked command in '/home/r-taro-o/hunterSE_ws/build/ranger_mini' returned '0': CMAKE_PREFIX_PATH=/opt/ros/humble /usr/bin/cmake --install /home/r-taro-o/hunterSE_ws/build/ranger_mini
