[0.088s] Invoking command in '/home/r-taro-o/hunterSE_ws/build/hunter_msgs': CMAKE_PREFIX_PATH=/opt/ros/humble /usr/bin/cmake --build /home/r-taro-o/hunterSE_ws/build/hunter_msgs -- -j8 -l8
[0.219s] [35m[1mConsolidate compiler generated dependencies of target hunter_msgs__rosidl_generator_c[0m
[0.292s] [  1%] Built target hunter_msgs__cpp
[0.322s] [ 12%] Built target hunter_msgs__rosidl_generator_c
[0.386s] [ 12%] Built target ament_cmake_python_symlink_hunter_msgs
[0.388s] [35m[1mConsolidate compiler generated dependencies of target hunter_msgs__rosidl_typesupport_cpp[0m
[0.403s] [35m[1mConsolidate compiler generated dependencies of target hunter_msgs__rosidl_typesupport_fastrtps_cpp[0m
[0.414s] [35m[1mConsolidate compiler generated dependencies of target hunter_msgs__rosidl_typesupport_introspection_cpp[0m
[0.493s] [35m[1mConsolidate compiler generated dependencies of target hunter_msgs__rosidl_typesupport_fastrtps_c[0m
[0.510s] [ 23%] Built target hunter_msgs__rosidl_typesupport_cpp
[0.544s] [35m[1mConsolidate compiler generated dependencies of target hunter_msgs__rosidl_typesupport_c[0m
[0.555s] [ 34%] Built target hunter_msgs__rosidl_typesupport_introspection_cpp
[0.563s] [35m[1mConsolidate compiler generated dependencies of target hunter_msgs__rosidl_typesupport_introspection_c[0m
[0.599s] [ 46%] Built target hunter_msgs__rosidl_typesupport_fastrtps_cpp
[0.671s] [ 57%] Built target hunter_msgs__rosidl_typesupport_c
[0.679s] [ 68%] Built target hunter_msgs__rosidl_typesupport_introspection_c
[0.718s] [ 79%] Built target hunter_msgs__rosidl_typesupport_fastrtps_c
[0.791s] [ 79%] Built target hunter_msgs
[0.856s] [ 80%] Built target hunter_msgs__py
[0.890s] [35m[1mConsolidate compiler generated dependencies of target hunter_msgs__rosidl_generator_py[0m
[0.938s] [ 90%] Built target hunter_msgs__rosidl_generator_py
[0.992s] [35m[1mConsolidate compiler generated dependencies of target hunter_msgs__rosidl_typesupport_c__pyext[0m
[1.003s] [35m[1mConsolidate compiler generated dependencies of target hunter_msgs__rosidl_typesupport_fastrtps_c__pyext[0m
[1.010s] [35m[1mConsolidate compiler generated dependencies of target hunter_msgs__rosidl_typesupport_introspection_c__pyext[0m
[1.057s] [ 93%] Built target hunter_msgs__rosidl_typesupport_introspection_c__pyext
[1.060s] [ 98%] Built target hunter_msgs__rosidl_typesupport_fastrtps_c__pyext
[1.061s] [100%] Built target hunter_msgs__rosidl_typesupport_c__pyext
[1.775s] running egg_info
[1.776s] writing hunter_msgs.egg-info/PKG-INFO
[1.777s] writing dependency_links to hunter_msgs.egg-info/dependency_links.txt
[1.778s] writing top-level names to hunter_msgs.egg-info/top_level.txt
[1.785s] reading manifest file 'hunter_msgs.egg-info/SOURCES.txt'
[1.787s] writing manifest file 'hunter_msgs.egg-info/SOURCES.txt'
[1.878s] [100%] Built target ament_cmake_python_build_hunter_msgs_egg
[1.909s] Invoked command in '/home/r-taro-o/hunterSE_ws/build/hunter_msgs' returned '0': CMAKE_PREFIX_PATH=/opt/ros/humble /usr/bin/cmake --build /home/r-taro-o/hunterSE_ws/build/hunter_msgs -- -j8 -l8
[2.290s] Invoking command in '/home/r-taro-o/hunterSE_ws/build/hunter_msgs': CMAKE_PREFIX_PATH=/opt/ros/humble /usr/bin/cmake --install /home/r-taro-o/hunterSE_ws/build/hunter_msgs
[2.305s] -- Install configuration: ""
[2.307s] -- Execute custom install script
[2.309s] -- Symlinking: /home/r-taro-o/hunterSE_ws/install/hunter_msgs/share/ament_index/resource_index/rosidl_interfaces/hunter_msgs
[2.330s] -- Symlinking: /home/r-taro-o/hunterSE_ws/install/hunter_msgs/include/hunter_msgs/hunter_msgs/msg/detail/hunter_actuator_state__functions.h
[2.354s] -- Symlinking: /home/r-taro-o/hunterSE_ws/install/hunter_msgs/include/hunter_msgs/hunter_msgs/msg/detail/hunter_actuator_state__struct.h
[2.372s] -- Symlinking: /home/r-taro-o/hunterSE_ws/install/hunter_msgs/include/hunter_msgs/hunter_msgs/msg/detail/hunter_actuator_state__type_support.h
[2.392s] -- Symlinking: /home/r-taro-o/hunterSE_ws/install/hunter_msgs/include/hunter_msgs/hunter_msgs/msg/detail/hunter_light_cmd__functions.h
[2.414s] -- Symlinking: /home/r-taro-o/hunterSE_ws/install/hunter_msgs/include/hunter_msgs/hunter_msgs/msg/detail/hunter_light_cmd__struct.h
[2.430s] -- Symlinking: /home/r-taro-o/hunterSE_ws/install/hunter_msgs/include/hunter_msgs/hunter_msgs/msg/detail/hunter_light_cmd__type_support.h
[2.453s] -- Symlinking: /home/r-taro-o/hunterSE_ws/install/hunter_msgs/include/hunter_msgs/hunter_msgs/msg/detail/hunter_light_state__functions.h
[2.473s] -- Symlinking: /home/r-taro-o/hunterSE_ws/install/hunter_msgs/include/hunter_msgs/hunter_msgs/msg/detail/hunter_light_state__struct.h
[2.505s] -- Symlinking: /home/r-taro-o/hunterSE_ws/install/hunter_msgs/include/hunter_msgs/hunter_msgs/msg/detail/hunter_light_state__type_support.h
[2.537s] -- Symlinking: /home/r-taro-o/hunterSE_ws/install/hunter_msgs/include/hunter_msgs/hunter_msgs/msg/detail/hunter_rc_state__functions.h
[2.575s] -- Symlinking: /home/r-taro-o/hunterSE_ws/install/hunter_msgs/include/hunter_msgs/hunter_msgs/msg/detail/hunter_rc_state__struct.h
[2.616s] -- Symlinking: /home/r-taro-o/hunterSE_ws/install/hunter_msgs/include/hunter_msgs/hunter_msgs/msg/detail/hunter_rc_state__type_support.h
[2.667s] -- Symlinking: /home/r-taro-o/hunterSE_ws/install/hunter_msgs/include/hunter_msgs/hunter_msgs/msg/detail/hunter_status__functions.h
[2.719s] -- Symlinking: /home/r-taro-o/hunterSE_ws/install/hunter_msgs/include/hunter_msgs/hunter_msgs/msg/detail/hunter_status__struct.h
[2.769s] -- Symlinking: /home/r-taro-o/hunterSE_ws/install/hunter_msgs/include/hunter_msgs/hunter_msgs/msg/detail/hunter_status__type_support.h
[2.792s] -- Symlinking: /home/r-taro-o/hunterSE_ws/install/hunter_msgs/include/hunter_msgs/hunter_msgs/msg/hunter_actuator_state.h
[2.814s] -- Symlinking: /home/r-taro-o/hunterSE_ws/install/hunter_msgs/include/hunter_msgs/hunter_msgs/msg/hunter_light_cmd.h
[2.849s] -- Symlinking: /home/r-taro-o/hunterSE_ws/install/hunter_msgs/include/hunter_msgs/hunter_msgs/msg/hunter_light_state.h
[2.884s] -- Symlinking: /home/r-taro-o/hunterSE_ws/install/hunter_msgs/include/hunter_msgs/hunter_msgs/msg/hunter_rc_state.h
[2.930s] -- Symlinking: /home/r-taro-o/hunterSE_ws/install/hunter_msgs/include/hunter_msgs/hunter_msgs/msg/hunter_status.h
[2.968s] -- Symlinking: /home/r-taro-o/hunterSE_ws/install/hunter_msgs/include/hunter_msgs/hunter_msgs/msg/rosidl_generator_c__visibility_control.h
[3.037s] -- Symlinking: /home/r-taro-o/hunterSE_ws/install/hunter_msgs/share/hunter_msgs/environment/library_path.sh
[3.078s] -- Symlinking: /home/r-taro-o/hunterSE_ws/install/hunter_msgs/share/hunter_msgs/environment/library_path.dsv
[3.129s] -- Symlinking: /home/r-taro-o/hunterSE_ws/install/hunter_msgs/include/hunter_msgs/hunter_msgs/msg/detail/hunter_actuator_state__rosidl_typesupport_fastrtps_c.h
[3.172s] -- Symlinking: /home/r-taro-o/hunterSE_ws/install/hunter_msgs/include/hunter_msgs/hunter_msgs/msg/detail/hunter_light_cmd__rosidl_typesupport_fastrtps_c.h
[3.202s] -- Symlinking: /home/r-taro-o/hunterSE_ws/install/hunter_msgs/include/hunter_msgs/hunter_msgs/msg/detail/hunter_light_state__rosidl_typesupport_fastrtps_c.h
[3.230s] -- Symlinking: /home/r-taro-o/hunterSE_ws/install/hunter_msgs/include/hunter_msgs/hunter_msgs/msg/detail/hunter_rc_state__rosidl_typesupport_fastrtps_c.h
[3.255s] -- Symlinking: /home/r-taro-o/hunterSE_ws/install/hunter_msgs/include/hunter_msgs/hunter_msgs/msg/detail/hunter_status__rosidl_typesupport_fastrtps_c.h
[3.291s] -- Symlinking: /home/r-taro-o/hunterSE_ws/install/hunter_msgs/include/hunter_msgs/hunter_msgs/msg/rosidl_typesupport_fastrtps_c__visibility_control.h
[3.314s] -- Symlinking: /home/r-taro-o/hunterSE_ws/install/hunter_msgs/include/hunter_msgs/hunter_msgs/msg/detail/hunter_actuator_state__builder.hpp
[3.337s] -- Symlinking: /home/r-taro-o/hunterSE_ws/install/hunter_msgs/include/hunter_msgs/hunter_msgs/msg/detail/hunter_actuator_state__struct.hpp
[3.373s] -- Symlinking: /home/r-taro-o/hunterSE_ws/install/hunter_msgs/include/hunter_msgs/hunter_msgs/msg/detail/hunter_actuator_state__traits.hpp
[3.397s] -- Symlinking: /home/r-taro-o/hunterSE_ws/install/hunter_msgs/include/hunter_msgs/hunter_msgs/msg/detail/hunter_light_cmd__builder.hpp
[3.420s] -- Symlinking: /home/r-taro-o/hunterSE_ws/install/hunter_msgs/include/hunter_msgs/hunter_msgs/msg/detail/hunter_light_cmd__struct.hpp
[3.457s] -- Symlinking: /home/r-taro-o/hunterSE_ws/install/hunter_msgs/include/hunter_msgs/hunter_msgs/msg/detail/hunter_light_cmd__traits.hpp
[3.498s] -- Symlinking: /home/r-taro-o/hunterSE_ws/install/hunter_msgs/include/hunter_msgs/hunter_msgs/msg/detail/hunter_light_state__builder.hpp
[3.530s] -- Symlinking: /home/r-taro-o/hunterSE_ws/install/hunter_msgs/include/hunter_msgs/hunter_msgs/msg/detail/hunter_light_state__struct.hpp
[3.559s] -- Symlinking: /home/r-taro-o/hunterSE_ws/install/hunter_msgs/include/hunter_msgs/hunter_msgs/msg/detail/hunter_light_state__traits.hpp
[3.602s] -- Symlinking: /home/r-taro-o/hunterSE_ws/install/hunter_msgs/include/hunter_msgs/hunter_msgs/msg/detail/hunter_rc_state__builder.hpp
[3.644s] -- Symlinking: /home/r-taro-o/hunterSE_ws/install/hunter_msgs/include/hunter_msgs/hunter_msgs/msg/detail/hunter_rc_state__struct.hpp
[3.696s] -- Symlinking: /home/r-taro-o/hunterSE_ws/install/hunter_msgs/include/hunter_msgs/hunter_msgs/msg/detail/hunter_rc_state__traits.hpp
[3.727s] -- Symlinking: /home/r-taro-o/hunterSE_ws/install/hunter_msgs/include/hunter_msgs/hunter_msgs/msg/detail/hunter_status__builder.hpp
[3.749s] -- Symlinking: /home/r-taro-o/hunterSE_ws/install/hunter_msgs/include/hunter_msgs/hunter_msgs/msg/detail/hunter_status__struct.hpp
[3.780s] -- Symlinking: /home/r-taro-o/hunterSE_ws/install/hunter_msgs/include/hunter_msgs/hunter_msgs/msg/detail/hunter_status__traits.hpp
[3.814s] -- Symlinking: /home/r-taro-o/hunterSE_ws/install/hunter_msgs/include/hunter_msgs/hunter_msgs/msg/hunter_actuator_state.hpp
[3.838s] -- Symlinking: /home/r-taro-o/hunterSE_ws/install/hunter_msgs/include/hunter_msgs/hunter_msgs/msg/hunter_light_cmd.hpp
[3.878s] -- Symlinking: /home/r-taro-o/hunterSE_ws/install/hunter_msgs/include/hunter_msgs/hunter_msgs/msg/hunter_light_state.hpp
[3.934s] -- Symlinking: /home/r-taro-o/hunterSE_ws/install/hunter_msgs/include/hunter_msgs/hunter_msgs/msg/hunter_rc_state.hpp
[3.996s] -- Symlinking: /home/r-taro-o/hunterSE_ws/install/hunter_msgs/include/hunter_msgs/hunter_msgs/msg/hunter_status.hpp
[4.025s] -- Symlinking: /home/r-taro-o/hunterSE_ws/install/hunter_msgs/include/hunter_msgs/hunter_msgs/msg/detail/hunter_actuator_state__rosidl_typesupport_fastrtps_cpp.hpp
[4.060s] -- Symlinking: /home/r-taro-o/hunterSE_ws/install/hunter_msgs/include/hunter_msgs/hunter_msgs/msg/detail/hunter_light_cmd__rosidl_typesupport_fastrtps_cpp.hpp
[4.095s] -- Symlinking: /home/r-taro-o/hunterSE_ws/install/hunter_msgs/include/hunter_msgs/hunter_msgs/msg/detail/hunter_light_state__rosidl_typesupport_fastrtps_cpp.hpp
[4.115s] -- Symlinking: /home/r-taro-o/hunterSE_ws/install/hunter_msgs/include/hunter_msgs/hunter_msgs/msg/detail/hunter_rc_state__rosidl_typesupport_fastrtps_cpp.hpp
[4.134s] -- Symlinking: /home/r-taro-o/hunterSE_ws/install/hunter_msgs/include/hunter_msgs/hunter_msgs/msg/detail/hunter_status__rosidl_typesupport_fastrtps_cpp.hpp
[4.167s] -- Symlinking: /home/r-taro-o/hunterSE_ws/install/hunter_msgs/include/hunter_msgs/hunter_msgs/msg/rosidl_typesupport_fastrtps_cpp__visibility_control.h
[4.192s] -- Symlinking: /home/r-taro-o/hunterSE_ws/install/hunter_msgs/include/hunter_msgs/hunter_msgs/msg/detail/hunter_actuator_state__rosidl_typesupport_introspection_c.h
[4.215s] -- Symlinking: /home/r-taro-o/hunterSE_ws/install/hunter_msgs/include/hunter_msgs/hunter_msgs/msg/detail/hunter_light_cmd__rosidl_typesupport_introspection_c.h
[4.233s] -- Symlinking: /home/r-taro-o/hunterSE_ws/install/hunter_msgs/include/hunter_msgs/hunter_msgs/msg/detail/hunter_light_state__rosidl_typesupport_introspection_c.h
[4.266s] -- Symlinking: /home/r-taro-o/hunterSE_ws/install/hunter_msgs/include/hunter_msgs/hunter_msgs/msg/detail/hunter_rc_state__rosidl_typesupport_introspection_c.h
[4.312s] -- Symlinking: /home/r-taro-o/hunterSE_ws/install/hunter_msgs/include/hunter_msgs/hunter_msgs/msg/detail/hunter_status__rosidl_typesupport_introspection_c.h
[4.337s] -- Symlinking: /home/r-taro-o/hunterSE_ws/install/hunter_msgs/include/hunter_msgs/hunter_msgs/msg/rosidl_typesupport_introspection_c__visibility_control.h
[4.372s] -- Symlinking: /home/r-taro-o/hunterSE_ws/install/hunter_msgs/include/hunter_msgs/hunter_msgs/msg/detail/hunter_actuator_state__rosidl_typesupport_introspection_cpp.hpp
[4.393s] -- Symlinking: /home/r-taro-o/hunterSE_ws/install/hunter_msgs/include/hunter_msgs/hunter_msgs/msg/detail/hunter_light_cmd__rosidl_typesupport_introspection_cpp.hpp
[4.419s] -- Symlinking: /home/r-taro-o/hunterSE_ws/install/hunter_msgs/include/hunter_msgs/hunter_msgs/msg/detail/hunter_light_state__rosidl_typesupport_introspection_cpp.hpp
[4.442s] -- Symlinking: /home/r-taro-o/hunterSE_ws/install/hunter_msgs/include/hunter_msgs/hunter_msgs/msg/detail/hunter_rc_state__rosidl_typesupport_introspection_cpp.hpp
[4.464s] -- Symlinking: /home/r-taro-o/hunterSE_ws/install/hunter_msgs/include/hunter_msgs/hunter_msgs/msg/detail/hunter_status__rosidl_typesupport_introspection_cpp.hpp
[4.479s] -- Symlinking: /home/r-taro-o/hunterSE_ws/install/hunter_msgs/share/hunter_msgs/environment/pythonpath.sh
[4.503s] -- Symlinking: /home/r-taro-o/hunterSE_ws/install/hunter_msgs/share/hunter_msgs/environment/pythonpath.dsv
[4.528s] -- Symlinking: /home/r-taro-o/hunterSE_ws/install/hunter_msgs/local/lib/python3.10/dist-packages/hunter_msgs-0.0.1-py3.10.egg-info/PKG-INFO
[4.543s] -- Symlinking: /home/r-taro-o/hunterSE_ws/install/hunter_msgs/local/lib/python3.10/dist-packages/hunter_msgs-0.0.1-py3.10.egg-info/SOURCES.txt
[4.565s] -- Symlinking: /home/r-taro-o/hunterSE_ws/install/hunter_msgs/local/lib/python3.10/dist-packages/hunter_msgs-0.0.1-py3.10.egg-info/dependency_links.txt
[4.584s] -- Symlinking: /home/r-taro-o/hunterSE_ws/install/hunter_msgs/local/lib/python3.10/dist-packages/hunter_msgs-0.0.1-py3.10.egg-info/top_level.txt
[4.602s] -- Symlinking: /home/r-taro-o/hunterSE_ws/install/hunter_msgs/local/lib/python3.10/dist-packages/hunter_msgs/__init__.py
[4.618s] -- Symlinking: /home/r-taro-o/hunterSE_ws/install/hunter_msgs/local/lib/python3.10/dist-packages/hunter_msgs/_hunter_msgs_s.ep.rosidl_typesupport_c.c
[4.638s] -- Symlinking: /home/r-taro-o/hunterSE_ws/install/hunter_msgs/local/lib/python3.10/dist-packages/hunter_msgs/_hunter_msgs_s.ep.rosidl_typesupport_fastrtps_c.c
[4.659s] -- Symlinking: /home/r-taro-o/hunterSE_ws/install/hunter_msgs/local/lib/python3.10/dist-packages/hunter_msgs/_hunter_msgs_s.ep.rosidl_typesupport_introspection_c.c
[4.675s] -- Symlinking: /home/r-taro-o/hunterSE_ws/install/hunter_msgs/local/lib/python3.10/dist-packages/hunter_msgs/hunter_msgs_s__rosidl_typesupport_c.cpython-310-x86_64-linux-gnu.so
[4.697s] -- Symlinking: /home/r-taro-o/hunterSE_ws/install/hunter_msgs/local/lib/python3.10/dist-packages/hunter_msgs/hunter_msgs_s__rosidl_typesupport_fastrtps_c.cpython-310-x86_64-linux-gnu.so
[4.712s] -- Symlinking: /home/r-taro-o/hunterSE_ws/install/hunter_msgs/local/lib/python3.10/dist-packages/hunter_msgs/hunter_msgs_s__rosidl_typesupport_introspection_c.cpython-310-x86_64-linux-gnu.so
[4.730s] -- Symlinking: /home/r-taro-o/hunterSE_ws/install/hunter_msgs/local/lib/python3.10/dist-packages/hunter_msgs/libhunter_msgs__rosidl_generator_py.so
[4.752s] -- Symlinking: /home/r-taro-o/hunterSE_ws/install/hunter_msgs/local/lib/python3.10/dist-packages/hunter_msgs/msg/__init__.py
[4.769s] -- Symlinking: /home/r-taro-o/hunterSE_ws/install/hunter_msgs/local/lib/python3.10/dist-packages/hunter_msgs/msg/_hunter_actuator_state.py
[4.795s] -- Symlinking: /home/r-taro-o/hunterSE_ws/install/hunter_msgs/local/lib/python3.10/dist-packages/hunter_msgs/msg/_hunter_actuator_state_s.c
[4.814s] -- Symlinking: /home/r-taro-o/hunterSE_ws/install/hunter_msgs/local/lib/python3.10/dist-packages/hunter_msgs/msg/_hunter_light_cmd.py
[4.830s] -- Symlinking: /home/r-taro-o/hunterSE_ws/install/hunter_msgs/local/lib/python3.10/dist-packages/hunter_msgs/msg/_hunter_light_cmd_s.c
[4.854s] -- Symlinking: /home/r-taro-o/hunterSE_ws/install/hunter_msgs/local/lib/python3.10/dist-packages/hunter_msgs/msg/_hunter_light_state.py
[4.869s] -- Symlinking: /home/r-taro-o/hunterSE_ws/install/hunter_msgs/local/lib/python3.10/dist-packages/hunter_msgs/msg/_hunter_light_state_s.c
[4.887s] -- Symlinking: /home/r-taro-o/hunterSE_ws/install/hunter_msgs/local/lib/python3.10/dist-packages/hunter_msgs/msg/_hunter_rc_state.py
[4.906s] -- Symlinking: /home/r-taro-o/hunterSE_ws/install/hunter_msgs/local/lib/python3.10/dist-packages/hunter_msgs/msg/_hunter_rc_state_s.c
[4.925s] -- Symlinking: /home/r-taro-o/hunterSE_ws/install/hunter_msgs/local/lib/python3.10/dist-packages/hunter_msgs/msg/_hunter_status.py
[4.947s] -- Symlinking: /home/r-taro-o/hunterSE_ws/install/hunter_msgs/local/lib/python3.10/dist-packages/hunter_msgs/msg/_hunter_status_s.c
[4.964s] -- Up-to-date symlink: /home/r-taro-o/hunterSE_ws/install/hunter_msgs/local/lib/python3.10/dist-packages/hunter_msgs/hunter_msgs_s__rosidl_typesupport_fastrtps_c.cpython-310-x86_64-linux-gnu.so
[4.965s] -- Up-to-date symlink: /home/r-taro-o/hunterSE_ws/install/hunter_msgs/local/lib/python3.10/dist-packages/hunter_msgs/hunter_msgs_s__rosidl_typesupport_introspection_c.cpython-310-x86_64-linux-gnu.so
[4.965s] -- Up-to-date symlink: /home/r-taro-o/hunterSE_ws/install/hunter_msgs/local/lib/python3.10/dist-packages/hunter_msgs/hunter_msgs_s__rosidl_typesupport_c.cpython-310-x86_64-linux-gnu.so
[4.966s] -- Symlinking: /home/r-taro-o/hunterSE_ws/install/hunter_msgs/share/hunter_msgs/msg/HunterActuatorState.idl
[4.985s] -- Symlinking: /home/r-taro-o/hunterSE_ws/install/hunter_msgs/share/hunter_msgs/msg/HunterLightCmd.idl
[5.004s] -- Symlinking: /home/r-taro-o/hunterSE_ws/install/hunter_msgs/share/hunter_msgs/msg/HunterLightState.idl
[5.019s] -- Symlinking: /home/r-taro-o/hunterSE_ws/install/hunter_msgs/share/hunter_msgs/msg/HunterRCState.idl
[5.032s] -- Symlinking: /home/r-taro-o/hunterSE_ws/install/hunter_msgs/share/hunter_msgs/msg/HunterStatus.idl
[5.048s] -- Symlinking: /home/r-taro-o/hunterSE_ws/install/hunter_msgs/share/hunter_msgs/msg/HunterActuatorState.msg
[5.060s] -- Symlinking: /home/r-taro-o/hunterSE_ws/install/hunter_msgs/share/hunter_msgs/msg/HunterLightCmd.msg
[5.081s] -- Symlinking: /home/r-taro-o/hunterSE_ws/install/hunter_msgs/share/hunter_msgs/msg/HunterLightState.msg
[5.094s] -- Symlinking: /home/r-taro-o/hunterSE_ws/install/hunter_msgs/share/hunter_msgs/msg/HunterRCState.msg
[5.112s] -- Symlinking: /home/r-taro-o/hunterSE_ws/install/hunter_msgs/share/hunter_msgs/msg/HunterStatus.msg
[5.125s] -- Symlinking: /home/r-taro-o/hunterSE_ws/install/hunter_msgs/share/ament_index/resource_index/package_run_dependencies/hunter_msgs
[5.141s] -- Symlinking: /home/r-taro-o/hunterSE_ws/install/hunter_msgs/share/ament_index/resource_index/parent_prefix_path/hunter_msgs
[5.153s] -- Symlinking: /home/r-taro-o/hunterSE_ws/install/hunter_msgs/share/hunter_msgs/environment/ament_prefix_path.sh
[5.172s] -- Symlinking: /home/r-taro-o/hunterSE_ws/install/hunter_msgs/share/hunter_msgs/environment/ament_prefix_path.dsv
[5.186s] -- Symlinking: /home/r-taro-o/hunterSE_ws/install/hunter_msgs/share/hunter_msgs/environment/path.sh
[5.207s] -- Symlinking: /home/r-taro-o/hunterSE_ws/install/hunter_msgs/share/hunter_msgs/environment/path.dsv
[5.221s] -- Symlinking: /home/r-taro-o/hunterSE_ws/install/hunter_msgs/share/hunter_msgs/local_setup.bash
[5.242s] -- Symlinking: /home/r-taro-o/hunterSE_ws/install/hunter_msgs/share/hunter_msgs/local_setup.sh
[5.256s] -- Symlinking: /home/r-taro-o/hunterSE_ws/install/hunter_msgs/share/hunter_msgs/local_setup.zsh
[5.275s] -- Symlinking: /home/r-taro-o/hunterSE_ws/install/hunter_msgs/share/hunter_msgs/local_setup.dsv
[5.290s] -- Symlinking: /home/r-taro-o/hunterSE_ws/install/hunter_msgs/share/hunter_msgs/package.dsv
[5.309s] -- Symlinking: /home/r-taro-o/hunterSE_ws/install/hunter_msgs/share/ament_index/resource_index/packages/hunter_msgs
[5.329s] -- Symlinking: /home/r-taro-o/hunterSE_ws/install/hunter_msgs/share/hunter_msgs/cmake/rosidl_cmake-extras.cmake
[5.343s] -- Symlinking: /home/r-taro-o/hunterSE_ws/install/hunter_msgs/share/hunter_msgs/cmake/ament_cmake_export_dependencies-extras.cmake
[5.362s] -- Symlinking: /home/r-taro-o/hunterSE_ws/install/hunter_msgs/share/hunter_msgs/cmake/ament_cmake_export_include_directories-extras.cmake
[5.376s] -- Symlinking: /home/r-taro-o/hunterSE_ws/install/hunter_msgs/share/hunter_msgs/cmake/ament_cmake_export_libraries-extras.cmake
[5.397s] -- Symlinking: /home/r-taro-o/hunterSE_ws/install/hunter_msgs/share/hunter_msgs/cmake/ament_cmake_export_targets-extras.cmake
[5.410s] -- Symlinking: /home/r-taro-o/hunterSE_ws/install/hunter_msgs/share/hunter_msgs/cmake/rosidl_cmake_export_typesupport_targets-extras.cmake
[5.428s] -- Symlinking: /home/r-taro-o/hunterSE_ws/install/hunter_msgs/share/hunter_msgs/cmake/rosidl_cmake_export_typesupport_libraries-extras.cmake
[5.441s] -- Symlinking: /home/r-taro-o/hunterSE_ws/install/hunter_msgs/share/hunter_msgs/cmake/hunter_msgsConfig.cmake
[5.458s] -- Symlinking: /home/r-taro-o/hunterSE_ws/install/hunter_msgs/share/hunter_msgs/cmake/hunter_msgsConfig-version.cmake
[5.473s] -- Symlinking: /home/r-taro-o/hunterSE_ws/install/hunter_msgs/share/hunter_msgs/package.xml
[5.492s] -- Installing: /home/r-taro-o/hunterSE_ws/install/hunter_msgs/lib/libhunter_msgs__rosidl_generator_c.so
[5.493s] -- Set runtime path of "/home/r-taro-o/hunterSE_ws/install/hunter_msgs/lib/libhunter_msgs__rosidl_generator_c.so" to ""
[5.493s] -- Installing: /home/r-taro-o/hunterSE_ws/install/hunter_msgs/lib/libhunter_msgs__rosidl_typesupport_fastrtps_c.so
[5.494s] -- Set runtime path of "/home/r-taro-o/hunterSE_ws/install/hunter_msgs/lib/libhunter_msgs__rosidl_typesupport_fastrtps_c.so" to ""
[5.494s] -- Installing: /home/r-taro-o/hunterSE_ws/install/hunter_msgs/lib/libhunter_msgs__rosidl_typesupport_fastrtps_cpp.so
[5.495s] -- Set runtime path of "/home/r-taro-o/hunterSE_ws/install/hunter_msgs/lib/libhunter_msgs__rosidl_typesupport_fastrtps_cpp.so" to ""
[5.495s] -- Installing: /home/r-taro-o/hunterSE_ws/install/hunter_msgs/lib/libhunter_msgs__rosidl_typesupport_introspection_c.so
[5.496s] -- Set runtime path of "/home/r-taro-o/hunterSE_ws/install/hunter_msgs/lib/libhunter_msgs__rosidl_typesupport_introspection_c.so" to ""
[5.496s] -- Installing: /home/r-taro-o/hunterSE_ws/install/hunter_msgs/lib/libhunter_msgs__rosidl_typesupport_c.so
[5.497s] -- Set runtime path of "/home/r-taro-o/hunterSE_ws/install/hunter_msgs/lib/libhunter_msgs__rosidl_typesupport_c.so" to ""
[5.497s] -- Installing: /home/r-taro-o/hunterSE_ws/install/hunter_msgs/lib/libhunter_msgs__rosidl_typesupport_introspection_cpp.so
[5.498s] -- Set runtime path of "/home/r-taro-o/hunterSE_ws/install/hunter_msgs/lib/libhunter_msgs__rosidl_typesupport_introspection_cpp.so" to ""
[5.498s] -- Installing: /home/r-taro-o/hunterSE_ws/install/hunter_msgs/lib/libhunter_msgs__rosidl_typesupport_cpp.so
[5.498s] -- Set runtime path of "/home/r-taro-o/hunterSE_ws/install/hunter_msgs/lib/libhunter_msgs__rosidl_typesupport_cpp.so" to ""
[5.585s] Listing '/home/r-taro-o/hunterSE_ws/install/hunter_msgs/local/lib/python3.10/dist-packages/hunter_msgs'...
[5.585s] Compiling '/home/r-taro-o/hunterSE_ws/install/hunter_msgs/local/lib/python3.10/dist-packages/hunter_msgs/__init__.py'...
[5.586s] Listing '/home/r-taro-o/hunterSE_ws/install/hunter_msgs/local/lib/python3.10/dist-packages/hunter_msgs/msg'...
[5.586s] Compiling '/home/r-taro-o/hunterSE_ws/install/hunter_msgs/local/lib/python3.10/dist-packages/hunter_msgs/msg/__init__.py'...
[5.586s] Compiling '/home/r-taro-o/hunterSE_ws/install/hunter_msgs/local/lib/python3.10/dist-packages/hunter_msgs/msg/_hunter_actuator_state.py'...
[5.586s] Compiling '/home/r-taro-o/hunterSE_ws/install/hunter_msgs/local/lib/python3.10/dist-packages/hunter_msgs/msg/_hunter_light_cmd.py'...
[5.586s] Compiling '/home/r-taro-o/hunterSE_ws/install/hunter_msgs/local/lib/python3.10/dist-packages/hunter_msgs/msg/_hunter_light_state.py'...
[5.587s] Compiling '/home/r-taro-o/hunterSE_ws/install/hunter_msgs/local/lib/python3.10/dist-packages/hunter_msgs/msg/_hunter_rc_state.py'...
[5.587s] Compiling '/home/r-taro-o/hunterSE_ws/install/hunter_msgs/local/lib/python3.10/dist-packages/hunter_msgs/msg/_hunter_status.py'...
[5.594s] -- Installing: /home/r-taro-o/hunterSE_ws/install/hunter_msgs/lib/libhunter_msgs__rosidl_generator_py.so
[5.595s] -- Set runtime path of "/home/r-taro-o/hunterSE_ws/install/hunter_msgs/lib/libhunter_msgs__rosidl_generator_py.so" to ""
[5.596s] -- Installing: /home/r-taro-o/hunterSE_ws/install/hunter_msgs/share/hunter_msgs/cmake/export_hunter_msgs__rosidl_generator_cExport.cmake
[5.596s] -- Installing: /home/r-taro-o/hunterSE_ws/install/hunter_msgs/share/hunter_msgs/cmake/export_hunter_msgs__rosidl_generator_cExport-noconfig.cmake
[5.596s] -- Installing: /home/r-taro-o/hunterSE_ws/install/hunter_msgs/share/hunter_msgs/cmake/export_hunter_msgs__rosidl_typesupport_fastrtps_cExport.cmake
[5.597s] -- Installing: /home/r-taro-o/hunterSE_ws/install/hunter_msgs/share/hunter_msgs/cmake/export_hunter_msgs__rosidl_typesupport_fastrtps_cExport-noconfig.cmake
[5.597s] -- Installing: /home/r-taro-o/hunterSE_ws/install/hunter_msgs/share/hunter_msgs/cmake/export_hunter_msgs__rosidl_generator_cppExport.cmake
[5.598s] -- Installing: /home/r-taro-o/hunterSE_ws/install/hunter_msgs/share/hunter_msgs/cmake/export_hunter_msgs__rosidl_typesupport_fastrtps_cppExport.cmake
[5.598s] -- Installing: /home/r-taro-o/hunterSE_ws/install/hunter_msgs/share/hunter_msgs/cmake/export_hunter_msgs__rosidl_typesupport_fastrtps_cppExport-noconfig.cmake
[5.599s] -- Installing: /home/r-taro-o/hunterSE_ws/install/hunter_msgs/share/hunter_msgs/cmake/hunter_msgs__rosidl_typesupport_introspection_cExport.cmake
[5.599s] -- Installing: /home/r-taro-o/hunterSE_ws/install/hunter_msgs/share/hunter_msgs/cmake/hunter_msgs__rosidl_typesupport_introspection_cExport-noconfig.cmake
[5.600s] -- Installing: /home/r-taro-o/hunterSE_ws/install/hunter_msgs/share/hunter_msgs/cmake/hunter_msgs__rosidl_typesupport_cExport.cmake
[5.600s] -- Installing: /home/r-taro-o/hunterSE_ws/install/hunter_msgs/share/hunter_msgs/cmake/hunter_msgs__rosidl_typesupport_cExport-noconfig.cmake
[5.600s] -- Installing: /home/r-taro-o/hunterSE_ws/install/hunter_msgs/share/hunter_msgs/cmake/hunter_msgs__rosidl_typesupport_introspection_cppExport.cmake
[5.600s] -- Installing: /home/r-taro-o/hunterSE_ws/install/hunter_msgs/share/hunter_msgs/cmake/hunter_msgs__rosidl_typesupport_introspection_cppExport-noconfig.cmake
[5.600s] -- Installing: /home/r-taro-o/hunterSE_ws/install/hunter_msgs/share/hunter_msgs/cmake/hunter_msgs__rosidl_typesupport_cppExport.cmake
[5.601s] -- Installing: /home/r-taro-o/hunterSE_ws/install/hunter_msgs/share/hunter_msgs/cmake/hunter_msgs__rosidl_typesupport_cppExport-noconfig.cmake
[5.601s] -- Installing: /home/r-taro-o/hunterSE_ws/install/hunter_msgs/share/hunter_msgs/cmake/export_hunter_msgs__rosidl_generator_pyExport.cmake
[5.601s] -- Installing: /home/r-taro-o/hunterSE_ws/install/hunter_msgs/share/hunter_msgs/cmake/export_hunter_msgs__rosidl_generator_pyExport-noconfig.cmake
[5.604s] Invoked command in '/home/r-taro-o/hunterSE_ws/build/hunter_msgs' returned '0': CMAKE_PREFIX_PATH=/opt/ros/humble /usr/bin/cmake --install /home/r-taro-o/hunterSE_ws/build/hunter_msgs
