[0.082s] Invoking command in '/home/r-taro-o/hunterSE_ws/build/hunter_se_description': CMAKE_PREFIX_PATH=/opt/ros/humble /usr/bin/cmake /home/r-taro-o/hunterSE_ws/src/ugv_sim/hunter_se/hunter_se_description -DCMAKE_INSTALL_PREFIX=/home/r-taro-o/hunterSE_ws/install/hunter_se_description
[0.132s] -- Found ament_cmake: 1.3.10 (/opt/ros/humble/share/ament_cmake/cmake)
[1.109s] -- Found Python3: /usr/bin/python3 (found version "3.10.12") found components: Interpreter 
[1.438s] -- Found ament_lint_auto: 0.12.11 (/opt/ros/humble/share/ament_lint_auto/cmake)
[1.740s] -- Added test 'copyright' to check source files copyright and LICENSE
[1.748s] -- Added test 'flake8' to check Python code syntax and style conventions
[1.751s] -- Added test 'lint_cmake' to check CMake code style
[1.753s] -- Added test 'pep257' to check Python code against some of the docstring style conventions in PEP 257
[1.757s] -- Added test 'xmllint' to check XML markup files
[1.761s] -- Configuring done
[1.782s] -- Generating done
[1.788s] -- Build files have been written to: /home/r-taro-o/hunterSE_ws/build/hunter_se_description
[1.798s] Invoked command in '/home/r-taro-o/hunterSE_ws/build/hunter_se_description' returned '0': CMAKE_PREFIX_PATH=/opt/ros/humble /usr/bin/cmake /home/r-taro-o/hunterSE_ws/src/ugv_sim/hunter_se/hunter_se_description -DCMAKE_INSTALL_PREFIX=/home/r-taro-o/hunterSE_ws/install/hunter_se_description
[1.813s] Invoking command in '/home/r-taro-o/hunterSE_ws/build/hunter_se_description': CMAKE_PREFIX_PATH=/opt/ros/humble /usr/bin/cmake --build /home/r-taro-o/hunterSE_ws/build/hunter_se_description -- -j8 -l8
[1.915s] Invoked command in '/home/r-taro-o/hunterSE_ws/build/hunter_se_description' returned '0': CMAKE_PREFIX_PATH=/opt/ros/humble /usr/bin/cmake --build /home/r-taro-o/hunterSE_ws/build/hunter_se_description -- -j8 -l8
[1.998s] Invoking command in '/home/r-taro-o/hunterSE_ws/build/hunter_se_description': CMAKE_PREFIX_PATH=/opt/ros/humble /usr/bin/cmake --install /home/r-taro-o/hunterSE_ws/build/hunter_se_description
[2.012s] -- Install configuration: ""
[2.037s] -- Installing: /home/r-taro-o/hunterSE_ws/install/hunter_se_description/share/hunter_se_description/launch
[2.038s] -- Installing: /home/r-taro-o/hunterSE_ws/install/hunter_se_description/share/hunter_se_description/launch/display.launch.py
[2.038s] -- Installing: /home/r-taro-o/hunterSE_ws/install/hunter_se_description/share/hunter_se_description/meshes
[2.038s] -- Installing: /home/r-taro-o/hunterSE_ws/install/hunter_se_description/share/hunter_se_description/meshes/re_left_link.STL
[2.039s] -- Installing: /home/r-taro-o/hunterSE_ws/install/hunter_se_description/share/hunter_se_description/meshes/fr_steer_right_link.STL
[2.040s] -- Installing: /home/r-taro-o/hunterSE_ws/install/hunter_se_description/share/hunter_se_description/meshes/re_right_link.STL
[2.040s] -- Installing: /home/r-taro-o/hunterSE_ws/install/hunter_se_description/share/hunter_se_description/meshes/fr_steer_left_link.STL
[2.042s] -- Installing: /home/r-taro-o/hunterSE_ws/install/hunter_se_description/share/hunter_se_description/meshes/base_link.STL
[2.043s] -- Installing: /home/r-taro-o/hunterSE_ws/install/hunter_se_description/share/hunter_se_description/meshes/fr_right_link.STL
[2.044s] -- Installing: /home/r-taro-o/hunterSE_ws/install/hunter_se_description/share/hunter_se_description/meshes/fr_left_link.STL
[2.046s] -- Installing: /home/r-taro-o/hunterSE_ws/install/hunter_se_description/share/hunter_se_description/rviz
[2.047s] -- Installing: /home/r-taro-o/hunterSE_ws/install/hunter_se_description/share/hunter_se_description/rviz/rviz.rviz
[2.049s] -- Installing: /home/r-taro-o/hunterSE_ws/install/hunter_se_description/share/hunter_se_description/urdf
[2.049s] -- Installing: /home/r-taro-o/hunterSE_ws/install/hunter_se_description/share/hunter_se_description/urdf/hunter_se_description.xacro
[2.049s] -- Installing: /home/r-taro-o/hunterSE_ws/install/hunter_se_description/share/hunter_se_description/urdf/hunter_se_description.csv
[2.050s] -- Installing: /home/r-taro-o/hunterSE_ws/install/hunter_se_description/share/hunter_se_description/urdf/hunter_se_description.urdf
[2.050s] -- Installing: /home/r-taro-o/hunterSE_ws/install/hunter_se_description/share/hunter_se_description/config
[2.050s] -- Installing: /home/r-taro-o/hunterSE_ws/install/hunter_se_description/share/hunter_se_description/config/joint_names_hunter_se_description_2.yaml
[2.051s] -- Installing: /home/r-taro-o/hunterSE_ws/install/hunter_se_description/share/ament_index/resource_index/package_run_dependencies/hunter_se_description
[2.051s] -- Installing: /home/r-taro-o/hunterSE_ws/install/hunter_se_description/share/ament_index/resource_index/parent_prefix_path/hunter_se_description
[2.053s] -- Installing: /home/r-taro-o/hunterSE_ws/install/hunter_se_description/share/hunter_se_description/environment/ament_prefix_path.sh
[2.056s] -- Installing: /home/r-taro-o/hunterSE_ws/install/hunter_se_description/share/hunter_se_description/environment/ament_prefix_path.dsv
[2.057s] -- Installing: /home/r-taro-o/hunterSE_ws/install/hunter_se_description/share/hunter_se_description/environment/path.sh
[2.059s] -- Installing: /home/r-taro-o/hunterSE_ws/install/hunter_se_description/share/hunter_se_description/environment/path.dsv
[2.063s] -- Installing: /home/r-taro-o/hunterSE_ws/install/hunter_se_description/share/hunter_se_description/local_setup.bash
[2.063s] -- Installing: /home/r-taro-o/hunterSE_ws/install/hunter_se_description/share/hunter_se_description/local_setup.sh
[2.063s] -- Installing: /home/r-taro-o/hunterSE_ws/install/hunter_se_description/share/hunter_se_description/local_setup.zsh
[2.064s] -- Installing: /home/r-taro-o/hunterSE_ws/install/hunter_se_description/share/hunter_se_description/local_setup.dsv
[2.066s] -- Installing: /home/r-taro-o/hunterSE_ws/install/hunter_se_description/share/hunter_se_description/package.dsv
[2.068s] -- Installing: /home/r-taro-o/hunterSE_ws/install/hunter_se_description/share/ament_index/resource_index/packages/hunter_se_description
[2.072s] -- Installing: /home/r-taro-o/hunterSE_ws/install/hunter_se_description/share/hunter_se_description/cmake/hunter_se_descriptionConfig.cmake
[2.072s] -- Installing: /home/r-taro-o/hunterSE_ws/install/hunter_se_description/share/hunter_se_description/cmake/hunter_se_descriptionConfig-version.cmake
[2.073s] -- Installing: /home/r-taro-o/hunterSE_ws/install/hunter_se_description/share/hunter_se_description/package.xml
[2.074s] Invoked command in '/home/r-taro-o/hunterSE_ws/build/hunter_se_description' returned '0': CMAKE_PREFIX_PATH=/opt/ros/humble /usr/bin/cmake --install /home/r-taro-o/hunterSE_ws/build/hunter_se_description
