[0.250s] DEBUG:colcon:Command line arguments: ['/usr/bin/colcon', 'build', '--symlink-install']
[0.250s] DEBUG:colcon:Parsed command line arguments: Namespace(log_base=None, log_level=None, verb_name='build', build_base='build', install_base='install', merge_install=False, symlink_install=True, test_result_base=None, continue_on_error=False, executor='parallel', parallel_workers=8, event_handlers=None, ignore_user_meta=False, metas=['./colcon.meta'], base_paths=['.'], packages_ignore=None, packages_ignore_regex=None, paths=None, packages_up_to=None, packages_up_to_regex=None, packages_above=None, packages_above_and_dependencies=None, packages_above_depth=None, packages_select_by_dep=None, packages_skip_by_dep=None, packages_skip_up_to=None, packages_select_build_failed=False, packages_skip_build_finished=False, packages_select_test_failures=False, packages_skip_test_passed=False, packages_select=None, packages_skip=None, packages_select_regex=None, packages_skip_regex=None, packages_start=None, packages_end=None, allow_overriding=[], cmake_args=None, cmake_target=None, cmake_target_skip_unavailable=False, cmake_clean_cache=False, cmake_clean_first=False, cmake_force_configure=False, ament_cmake_args=None, catkin_cmake_args=None, catkin_skip_building_tests=False, verb_parser=<colcon_defaults.argument_parser.defaults.DefaultArgumentsDecorator object at 0x7fa3aa413580>, verb_extension=<colcon_core.verb.build.BuildVerb object at 0x7fa3aa413070>, main=<bound method BuildVerb.main of <colcon_core.verb.build.BuildVerb object at 0x7fa3aa413070>>)
[0.515s] Level 1:colcon.colcon_core.package_discovery:discover_packages(colcon_meta) check parameters
[0.516s] Level 1:colcon.colcon_core.package_discovery:discover_packages(recursive) check parameters
[0.516s] Level 1:colcon.colcon_core.package_discovery:discover_packages(ignore) check parameters
[0.516s] Level 1:colcon.colcon_core.package_discovery:discover_packages(path) check parameters
[0.516s] Level 1:colcon.colcon_core.package_discovery:discover_packages(colcon_meta) discover
[0.516s] Level 1:colcon.colcon_core.package_discovery:discover_packages(recursive) discover
[0.516s] INFO:colcon.colcon_core.package_discovery:Crawling recursively for packages in '/home/r-taro-o/hunterSE_ws/src'
[0.516s] Level 1:colcon.colcon_core.package_identification:_identify(.) by extensions ['ignore', 'ignore_ament_install']
[0.516s] Level 1:colcon.colcon_core.package_identification:_identify(.) by extension 'ignore'
[0.517s] Level 1:colcon.colcon_core.package_identification:_identify(.) by extension 'ignore_ament_install'
[0.517s] Level 1:colcon.colcon_core.package_identification:_identify(.) by extensions ['colcon_pkg']
[0.517s] Level 1:colcon.colcon_core.package_identification:_identify(.) by extension 'colcon_pkg'
[0.517s] Level 1:colcon.colcon_core.package_identification:_identify(.) by extensions ['colcon_meta']
[0.517s] Level 1:colcon.colcon_core.package_identification:_identify(.) by extension 'colcon_meta'
[0.517s] Level 1:colcon.colcon_core.package_identification:_identify(.) by extensions ['ros']
[0.517s] Level 1:colcon.colcon_core.package_identification:_identify(.) by extension 'ros'
[0.537s] Level 1:colcon.colcon_core.package_identification:_identify(.) by extensions ['cmake', 'python']
[0.537s] Level 1:colcon.colcon_core.package_identification:_identify(.) by extension 'cmake'
[0.537s] Level 1:colcon.colcon_core.package_identification:_identify(.) by extension 'python'
[0.537s] Level 1:colcon.colcon_core.package_identification:_identify(.) by extensions ['python_setup_py']
[0.537s] Level 1:colcon.colcon_core.package_identification:_identify(.) by extension 'python_setup_py'
[0.538s] Level 1:colcon.colcon_core.package_identification:_identify(build) by extensions ['ignore', 'ignore_ament_install']
[0.538s] Level 1:colcon.colcon_core.package_identification:_identify(build) by extension 'ignore'
[0.538s] Level 1:colcon.colcon_core.package_identification:_identify(build) ignored
[0.538s] Level 1:colcon.colcon_core.package_identification:_identify(hunter_ros2) by extensions ['ignore', 'ignore_ament_install']
[0.538s] Level 1:colcon.colcon_core.package_identification:_identify(hunter_ros2) by extension 'ignore'
[0.538s] Level 1:colcon.colcon_core.package_identification:_identify(hunter_ros2) by extension 'ignore_ament_install'
[0.538s] Level 1:colcon.colcon_core.package_identification:_identify(hunter_ros2) by extensions ['colcon_pkg']
[0.538s] Level 1:colcon.colcon_core.package_identification:_identify(hunter_ros2) by extension 'colcon_pkg'
[0.539s] Level 1:colcon.colcon_core.package_identification:_identify(hunter_ros2) by extensions ['colcon_meta']
[0.539s] Level 1:colcon.colcon_core.package_identification:_identify(hunter_ros2) by extension 'colcon_meta'
[0.539s] Level 1:colcon.colcon_core.package_identification:_identify(hunter_ros2) by extensions ['ros']
[0.539s] Level 1:colcon.colcon_core.package_identification:_identify(hunter_ros2) by extension 'ros'
[0.539s] Level 1:colcon.colcon_core.package_identification:_identify(hunter_ros2) by extensions ['cmake', 'python']
[0.539s] Level 1:colcon.colcon_core.package_identification:_identify(hunter_ros2) by extension 'cmake'
[0.539s] Level 1:colcon.colcon_core.package_identification:_identify(hunter_ros2) by extension 'python'
[0.539s] Level 1:colcon.colcon_core.package_identification:_identify(hunter_ros2) by extensions ['python_setup_py']
[0.539s] Level 1:colcon.colcon_core.package_identification:_identify(hunter_ros2) by extension 'python_setup_py'
[0.539s] Level 1:colcon.colcon_core.package_identification:_identify(hunter_ros2/hunter_base) by extensions ['ignore', 'ignore_ament_install']
[0.539s] Level 1:colcon.colcon_core.package_identification:_identify(hunter_ros2/hunter_base) by extension 'ignore'
[0.539s] Level 1:colcon.colcon_core.package_identification:_identify(hunter_ros2/hunter_base) by extension 'ignore_ament_install'
[0.540s] Level 1:colcon.colcon_core.package_identification:_identify(hunter_ros2/hunter_base) by extensions ['colcon_pkg']
[0.540s] Level 1:colcon.colcon_core.package_identification:_identify(hunter_ros2/hunter_base) by extension 'colcon_pkg'
[0.540s] Level 1:colcon.colcon_core.package_identification:_identify(hunter_ros2/hunter_base) by extensions ['colcon_meta']
[0.540s] Level 1:colcon.colcon_core.package_identification:_identify(hunter_ros2/hunter_base) by extension 'colcon_meta'
[0.540s] Level 1:colcon.colcon_core.package_identification:_identify(hunter_ros2/hunter_base) by extensions ['ros']
[0.540s] Level 1:colcon.colcon_core.package_identification:_identify(hunter_ros2/hunter_base) by extension 'ros'
[0.544s] DEBUG:colcon.colcon_core.package_identification:Package 'hunter_ros2/hunter_base' with type 'ros.ament_cmake' and name 'hunter_base'
[0.544s] Level 1:colcon.colcon_core.package_identification:_identify(hunter_ros2/hunter_msgs) by extensions ['ignore', 'ignore_ament_install']
[0.545s] Level 1:colcon.colcon_core.package_identification:_identify(hunter_ros2/hunter_msgs) by extension 'ignore'
[0.545s] Level 1:colcon.colcon_core.package_identification:_identify(hunter_ros2/hunter_msgs) by extension 'ignore_ament_install'
[0.545s] Level 1:colcon.colcon_core.package_identification:_identify(hunter_ros2/hunter_msgs) by extensions ['colcon_pkg']
[0.545s] Level 1:colcon.colcon_core.package_identification:_identify(hunter_ros2/hunter_msgs) by extension 'colcon_pkg'
[0.545s] Level 1:colcon.colcon_core.package_identification:_identify(hunter_ros2/hunter_msgs) by extensions ['colcon_meta']
[0.545s] Level 1:colcon.colcon_core.package_identification:_identify(hunter_ros2/hunter_msgs) by extension 'colcon_meta'
[0.545s] Level 1:colcon.colcon_core.package_identification:_identify(hunter_ros2/hunter_msgs) by extensions ['ros']
[0.545s] Level 1:colcon.colcon_core.package_identification:_identify(hunter_ros2/hunter_msgs) by extension 'ros'
[0.546s] DEBUG:colcon.colcon_core.package_identification:Package 'hunter_ros2/hunter_msgs' with type 'ros.ament_cmake' and name 'hunter_msgs'
[0.546s] Level 1:colcon.colcon_core.package_identification:_identify(install) by extensions ['ignore', 'ignore_ament_install']
[0.546s] Level 1:colcon.colcon_core.package_identification:_identify(install) by extension 'ignore'
[0.546s] Level 1:colcon.colcon_core.package_identification:_identify(install) ignored
[0.546s] Level 1:colcon.colcon_core.package_identification:_identify(log) by extensions ['ignore', 'ignore_ament_install']
[0.546s] Level 1:colcon.colcon_core.package_identification:_identify(log) by extension 'ignore'
[0.546s] Level 1:colcon.colcon_core.package_identification:_identify(log) ignored
[0.546s] Level 1:colcon.colcon_core.package_identification:_identify(ugv_sdk) by extensions ['ignore', 'ignore_ament_install']
[0.546s] Level 1:colcon.colcon_core.package_identification:_identify(ugv_sdk) by extension 'ignore'
[0.546s] Level 1:colcon.colcon_core.package_identification:_identify(ugv_sdk) by extension 'ignore_ament_install'
[0.546s] Level 1:colcon.colcon_core.package_identification:_identify(ugv_sdk) by extensions ['colcon_pkg']
[0.546s] Level 1:colcon.colcon_core.package_identification:_identify(ugv_sdk) by extension 'colcon_pkg'
[0.547s] Level 1:colcon.colcon_core.package_identification:_identify(ugv_sdk) by extensions ['colcon_meta']
[0.547s] Level 1:colcon.colcon_core.package_identification:_identify(ugv_sdk) by extension 'colcon_meta'
[0.547s] Level 1:colcon.colcon_core.package_identification:_identify(ugv_sdk) by extensions ['ros']
[0.547s] Level 1:colcon.colcon_core.package_identification:_identify(ugv_sdk) by extension 'ros'
[0.552s] DEBUG:colcon.colcon_core.package_identification:Package 'ugv_sdk' with type 'ros.catkin' and name 'ugv_sdk'
[0.552s] Level 1:colcon.colcon_core.package_discovery:discover_packages(recursive) using defaults
[0.553s] Level 1:colcon.colcon_core.package_discovery:discover_packages(ignore) discover
[0.553s] Level 1:colcon.colcon_core.package_discovery:discover_packages(ignore) using defaults
[0.553s] Level 1:colcon.colcon_core.package_discovery:discover_packages(path) discover
[0.553s] Level 1:colcon.colcon_core.package_discovery:discover_packages(path) using defaults
[0.581s] Level 1:colcon.colcon_core.package_discovery:discover_packages(prefix_path) check parameters
[0.581s] Level 1:colcon.colcon_core.package_discovery:discover_packages(prefix_path) discover
[0.588s] DEBUG:colcon.colcon_installed_package_information.package_discovery:Found 345 installed packages in /opt/ros/humble
[0.591s] Level 1:colcon.colcon_core.package_discovery:discover_packages(prefix_path) using defaults
[0.675s] Level 5:colcon.colcon_core.verb:set package 'hunter_msgs' build argument 'cmake_args' from command line to 'None'
[0.675s] Level 5:colcon.colcon_core.verb:set package 'hunter_msgs' build argument 'cmake_target' from command line to 'None'
[0.675s] Level 5:colcon.colcon_core.verb:set package 'hunter_msgs' build argument 'cmake_target_skip_unavailable' from command line to 'False'
[0.675s] Level 5:colcon.colcon_core.verb:set package 'hunter_msgs' build argument 'cmake_clean_cache' from command line to 'False'
[0.676s] Level 5:colcon.colcon_core.verb:set package 'hunter_msgs' build argument 'cmake_clean_first' from command line to 'False'
[0.676s] Level 5:colcon.colcon_core.verb:set package 'hunter_msgs' build argument 'cmake_force_configure' from command line to 'False'
[0.676s] Level 5:colcon.colcon_core.verb:set package 'hunter_msgs' build argument 'ament_cmake_args' from command line to 'None'
[0.676s] Level 5:colcon.colcon_core.verb:set package 'hunter_msgs' build argument 'catkin_cmake_args' from command line to 'None'
[0.676s] Level 5:colcon.colcon_core.verb:set package 'hunter_msgs' build argument 'catkin_skip_building_tests' from command line to 'False'
[0.676s] DEBUG:colcon.colcon_core.verb:Building package 'hunter_msgs' with the following arguments: {'ament_cmake_args': None, 'build_base': '/home/r-taro-o/hunterSE_ws/src/build/hunter_msgs', 'catkin_cmake_args': None, 'catkin_skip_building_tests': False, 'cmake_args': None, 'cmake_clean_cache': False, 'cmake_clean_first': False, 'cmake_force_configure': False, 'cmake_target': None, 'cmake_target_skip_unavailable': False, 'install_base': '/home/r-taro-o/hunterSE_ws/src/install/hunter_msgs', 'merge_install': False, 'path': '/home/r-taro-o/hunterSE_ws/src/hunter_ros2/hunter_msgs', 'symlink_install': True, 'test_result_base': None}
[0.677s] Level 5:colcon.colcon_core.verb:set package 'ugv_sdk' build argument 'cmake_args' from command line to 'None'
[0.677s] Level 5:colcon.colcon_core.verb:set package 'ugv_sdk' build argument 'cmake_target' from command line to 'None'
[0.677s] Level 5:colcon.colcon_core.verb:set package 'ugv_sdk' build argument 'cmake_target_skip_unavailable' from command line to 'False'
[0.677s] Level 5:colcon.colcon_core.verb:set package 'ugv_sdk' build argument 'cmake_clean_cache' from command line to 'False'
[0.677s] Level 5:colcon.colcon_core.verb:set package 'ugv_sdk' build argument 'cmake_clean_first' from command line to 'False'
[0.677s] Level 5:colcon.colcon_core.verb:set package 'ugv_sdk' build argument 'cmake_force_configure' from command line to 'False'
[0.677s] Level 5:colcon.colcon_core.verb:set package 'ugv_sdk' build argument 'ament_cmake_args' from command line to 'None'
[0.677s] Level 5:colcon.colcon_core.verb:set package 'ugv_sdk' build argument 'catkin_cmake_args' from command line to 'None'
[0.677s] Level 5:colcon.colcon_core.verb:set package 'ugv_sdk' build argument 'catkin_skip_building_tests' from command line to 'False'
[0.678s] DEBUG:colcon.colcon_core.verb:Building package 'ugv_sdk' with the following arguments: {'ament_cmake_args': None, 'build_base': '/home/r-taro-o/hunterSE_ws/src/build/ugv_sdk', 'catkin_cmake_args': None, 'catkin_skip_building_tests': False, 'cmake_args': None, 'cmake_clean_cache': False, 'cmake_clean_first': False, 'cmake_force_configure': False, 'cmake_target': None, 'cmake_target_skip_unavailable': False, 'install_base': '/home/r-taro-o/hunterSE_ws/src/install/ugv_sdk', 'merge_install': False, 'path': '/home/r-taro-o/hunterSE_ws/src/ugv_sdk', 'symlink_install': True, 'test_result_base': None}
[0.679s] Level 5:colcon.colcon_core.verb:set package 'hunter_base' build argument 'cmake_args' from command line to 'None'
[0.679s] Level 5:colcon.colcon_core.verb:set package 'hunter_base' build argument 'cmake_target' from command line to 'None'
[0.679s] Level 5:colcon.colcon_core.verb:set package 'hunter_base' build argument 'cmake_target_skip_unavailable' from command line to 'False'
[0.679s] Level 5:colcon.colcon_core.verb:set package 'hunter_base' build argument 'cmake_clean_cache' from command line to 'False'
[0.679s] Level 5:colcon.colcon_core.verb:set package 'hunter_base' build argument 'cmake_clean_first' from command line to 'False'
[0.680s] Level 5:colcon.colcon_core.verb:set package 'hunter_base' build argument 'cmake_force_configure' from command line to 'False'
[0.680s] Level 5:colcon.colcon_core.verb:set package 'hunter_base' build argument 'ament_cmake_args' from command line to 'None'
[0.680s] Level 5:colcon.colcon_core.verb:set package 'hunter_base' build argument 'catkin_cmake_args' from command line to 'None'
[0.680s] Level 5:colcon.colcon_core.verb:set package 'hunter_base' build argument 'catkin_skip_building_tests' from command line to 'False'
[0.680s] DEBUG:colcon.colcon_core.verb:Building package 'hunter_base' with the following arguments: {'ament_cmake_args': None, 'build_base': '/home/r-taro-o/hunterSE_ws/src/build/hunter_base', 'catkin_cmake_args': None, 'catkin_skip_building_tests': False, 'cmake_args': None, 'cmake_clean_cache': False, 'cmake_clean_first': False, 'cmake_force_configure': False, 'cmake_target': None, 'cmake_target_skip_unavailable': False, 'install_base': '/home/r-taro-o/hunterSE_ws/src/install/hunter_base', 'merge_install': False, 'path': '/home/r-taro-o/hunterSE_ws/src/hunter_ros2/hunter_base', 'symlink_install': True, 'test_result_base': None}
[0.680s] INFO:colcon.colcon_core.executor:Executing jobs using 'parallel' executor
[0.683s] DEBUG:colcon.colcon_parallel_executor.executor.parallel:run_until_complete
[0.684s] INFO:colcon.colcon_ros.task.ament_cmake.build:Building ROS package in '/home/r-taro-o/hunterSE_ws/src/hunter_ros2/hunter_msgs' with build type 'ament_cmake'
[0.684s] INFO:colcon.colcon_cmake.task.cmake.build:Building CMake package in '/home/r-taro-o/hunterSE_ws/src/hunter_ros2/hunter_msgs'
[0.690s] INFO:colcon.colcon_core.plugin_system:Skipping extension 'colcon_core.shell.bat': Not used on non-Windows systems
[0.690s] INFO:colcon.colcon_core.shell:Skip shell extension 'powershell' for command environment: Not usable outside of PowerShell
[0.690s] DEBUG:colcon.colcon_core.shell:Skip shell extension 'dsv' for command environment
[0.694s] INFO:colcon.colcon_ros.task.catkin.build:Building ROS package in '/home/r-taro-o/hunterSE_ws/src/ugv_sdk' with build type 'catkin'
[0.694s] INFO:colcon.colcon_cmake.task.cmake.build:Building CMake package in '/home/r-taro-o/hunterSE_ws/src/ugv_sdk'
[0.695s] INFO:colcon.colcon_core.shell:Skip shell extension 'powershell' for command environment: Not usable outside of PowerShell
[0.695s] DEBUG:colcon.colcon_core.shell:Skip shell extension 'dsv' for command environment
[0.707s] DEBUG:colcon.colcon_core.event_handler.log_command:Invoking command in '/home/r-taro-o/hunterSE_ws/src/build/hunter_msgs': CMAKE_PREFIX_PATH=/opt/ros/humble /usr/bin/cmake /home/r-taro-o/hunterSE_ws/src/hunter_ros2/hunter_msgs -DAMENT_CMAKE_SYMLINK_INSTALL=1 -DCMAKE_INSTALL_PREFIX=/home/r-taro-o/hunterSE_ws/src/install/hunter_msgs
[0.723s] DEBUG:colcon.colcon_core.event_handler.log_command:Invoking command in '/home/r-taro-o/hunterSE_ws/src/build/ugv_sdk': /usr/bin/cmake /home/r-taro-o/hunterSE_ws/src/ugv_sdk -DCATKIN_INSTALL_INTO_PREFIX_ROOT=0 -DCATKIN_SYMLINK_INSTALL=ON -DCMAKE_INSTALL_PREFIX=/home/r-taro-o/hunterSE_ws/src/install/ugv_sdk
[2.298s] DEBUG:colcon.colcon_core.event_handler.log_command:Invoked command in '/home/r-taro-o/hunterSE_ws/src/build/ugv_sdk' returned '0': /usr/bin/cmake /home/r-taro-o/hunterSE_ws/src/ugv_sdk -DCATKIN_INSTALL_INTO_PREFIX_ROOT=0 -DCATKIN_SYMLINK_INSTALL=ON -DCMAKE_INSTALL_PREFIX=/home/r-taro-o/hunterSE_ws/src/install/ugv_sdk
[2.299s] DEBUG:colcon.colcon_core.event_handler.log_command:Invoking command in '/home/r-taro-o/hunterSE_ws/src/build/ugv_sdk': /usr/bin/cmake --build /home/r-taro-o/hunterSE_ws/src/build/ugv_sdk -- -j8 -l8
[2.675s] DEBUG:colcon.colcon_core.event_handler.log_command:Invoked command in '/home/r-taro-o/hunterSE_ws/src/build/ugv_sdk' returned '2': /usr/bin/cmake --build /home/r-taro-o/hunterSE_ws/src/build/ugv_sdk -- -j8 -l8
[2.761s] Level 1:colcon.colcon_core.shell:create_environment_hook('ugv_sdk', 'ros_package_path')
[2.762s] INFO:colcon.colcon_core.shell:Creating environment hook '/home/r-taro-o/hunterSE_ws/src/install/ugv_sdk/share/ugv_sdk/hook/ros_package_path.ps1'
[2.765s] INFO:colcon.colcon_core.shell:Creating environment descriptor '/home/r-taro-o/hunterSE_ws/src/install/ugv_sdk/share/ugv_sdk/hook/ros_package_path.dsv'
[2.766s] INFO:colcon.colcon_core.shell:Creating environment hook '/home/r-taro-o/hunterSE_ws/src/install/ugv_sdk/share/ugv_sdk/hook/ros_package_path.sh'
[2.767s] Level 1:colcon.colcon_core.shell:create_environment_hook('ugv_sdk', 'pkg_config_path')
[2.768s] INFO:colcon.colcon_core.shell:Creating environment hook '/home/r-taro-o/hunterSE_ws/src/install/ugv_sdk/share/ugv_sdk/hook/pkg_config_path.ps1'
[2.768s] INFO:colcon.colcon_core.shell:Creating environment descriptor '/home/r-taro-o/hunterSE_ws/src/install/ugv_sdk/share/ugv_sdk/hook/pkg_config_path.dsv'
[2.769s] INFO:colcon.colcon_core.shell:Creating environment hook '/home/r-taro-o/hunterSE_ws/src/install/ugv_sdk/share/ugv_sdk/hook/pkg_config_path.sh'
[2.771s] Level 1:colcon.colcon_core.shell:create_environment_hook('ugv_sdk', 'pkg_config_path_multiarch')
[2.772s] INFO:colcon.colcon_core.shell:Creating environment hook '/home/r-taro-o/hunterSE_ws/src/install/ugv_sdk/share/ugv_sdk/hook/pkg_config_path_multiarch.ps1'
[2.772s] INFO:colcon.colcon_core.shell:Creating environment descriptor '/home/r-taro-o/hunterSE_ws/src/install/ugv_sdk/share/ugv_sdk/hook/pkg_config_path_multiarch.dsv'
[2.773s] INFO:colcon.colcon_core.shell:Creating environment hook '/home/r-taro-o/hunterSE_ws/src/install/ugv_sdk/share/ugv_sdk/hook/pkg_config_path_multiarch.sh'
[2.775s] Level 1:colcon.colcon_core.environment:create_environment_scripts_only(ugv_sdk)
[2.778s] Level 1:colcon.colcon_core.environment:checking '/home/r-taro-o/hunterSE_ws/src/install/ugv_sdk' for CMake module files
[2.779s] Level 1:colcon.colcon_core.environment:checking '/home/r-taro-o/hunterSE_ws/src/install/ugv_sdk' for CMake config files
[2.779s] Level 1:colcon.colcon_core.environment:checking '/home/r-taro-o/hunterSE_ws/src/install/ugv_sdk/bin'
[2.780s] Level 1:colcon.colcon_core.environment:checking '/home/r-taro-o/hunterSE_ws/src/install/ugv_sdk/lib/pkgconfig/ugv_sdk.pc'
[2.780s] Level 1:colcon.colcon_core.environment:checking '/home/r-taro-o/hunterSE_ws/src/install/ugv_sdk/lib/python3.10/site-packages'
[2.780s] Level 1:colcon.colcon_core.environment:checking '/home/r-taro-o/hunterSE_ws/src/install/ugv_sdk/bin'
[2.781s] INFO:colcon.colcon_core.shell:Creating package script '/home/r-taro-o/hunterSE_ws/src/install/ugv_sdk/share/ugv_sdk/package.ps1'
[2.782s] INFO:colcon.colcon_core.shell:Creating package descriptor '/home/r-taro-o/hunterSE_ws/src/install/ugv_sdk/share/ugv_sdk/package.dsv'
[2.783s] INFO:colcon.colcon_core.shell:Creating package script '/home/r-taro-o/hunterSE_ws/src/install/ugv_sdk/share/ugv_sdk/package.sh'
[2.784s] INFO:colcon.colcon_core.shell:Creating package script '/home/r-taro-o/hunterSE_ws/src/install/ugv_sdk/share/ugv_sdk/package.bash'
[2.785s] INFO:colcon.colcon_core.shell:Creating package script '/home/r-taro-o/hunterSE_ws/src/install/ugv_sdk/share/ugv_sdk/package.zsh'
[2.786s] Level 1:colcon.colcon_core.environment:create_file_with_runtime_dependencies(/home/r-taro-o/hunterSE_ws/src/install/ugv_sdk/share/colcon-core/packages/ugv_sdk)
[4.733s] DEBUG:colcon.colcon_parallel_executor.executor.parallel:closing loop
[4.733s] DEBUG:colcon.colcon_parallel_executor.executor.parallel:loop closed
[4.733s] DEBUG:colcon.colcon_parallel_executor.executor.parallel:run_until_complete finished with '2'
[4.734s] DEBUG:colcon.colcon_core.event_reactor:joining thread
[4.784s] INFO:colcon.colcon_core.plugin_system:Skipping extension 'colcon_notification.desktop_notification.notify_send': Could not find 'notify-send'
[4.785s] INFO:colcon.colcon_core.plugin_system:Skipping extension 'colcon_notification.desktop_notification.terminal_notifier': Not used on non-Darwin systems
[4.785s] INFO:colcon.colcon_core.plugin_system:Skipping extension 'colcon_notification.desktop_notification.win32': Not used on non-Windows systems
[4.785s] INFO:colcon.colcon_notification.desktop_notification:Sending desktop notification using 'notify2'
[4.785s] DEBUG:colcon.colcon_notification.desktop_notification.notify2:Failed to initialize notify2: org.freedesktop.DBus.Error.FileNotFound: Failed to connect to socket /run/user/1000/bus: No such file or directory
[4.785s] DEBUG:colcon.colcon_core.event_reactor:joined thread
[4.786s] INFO:colcon.colcon_core.shell:Creating prefix script '/home/r-taro-o/hunterSE_ws/src/install/local_setup.ps1'
[4.787s] INFO:colcon.colcon_core.shell:Creating prefix util module '/home/r-taro-o/hunterSE_ws/src/install/_local_setup_util_ps1.py'
[4.790s] INFO:colcon.colcon_core.shell:Creating prefix chain script '/home/r-taro-o/hunterSE_ws/src/install/setup.ps1'
[4.791s] INFO:colcon.colcon_core.shell:Creating prefix script '/home/r-taro-o/hunterSE_ws/src/install/local_setup.sh'
[4.792s] INFO:colcon.colcon_core.shell:Creating prefix util module '/home/r-taro-o/hunterSE_ws/src/install/_local_setup_util_sh.py'
[4.793s] INFO:colcon.colcon_core.shell:Creating prefix chain script '/home/r-taro-o/hunterSE_ws/src/install/setup.sh'
[4.794s] INFO:colcon.colcon_core.shell:Creating prefix script '/home/r-taro-o/hunterSE_ws/src/install/local_setup.bash'
[4.795s] INFO:colcon.colcon_core.shell:Creating prefix chain script '/home/r-taro-o/hunterSE_ws/src/install/setup.bash'
[4.795s] INFO:colcon.colcon_core.shell:Creating prefix script '/home/r-taro-o/hunterSE_ws/src/install/local_setup.zsh'
[4.796s] INFO:colcon.colcon_core.shell:Creating prefix chain script '/home/r-taro-o/hunterSE_ws/src/install/setup.zsh'
