[0.246s] DEBUG:colcon:Command line arguments: ['/usr/bin/colcon', 'build']
[0.247s] DEBUG:colcon:Parsed command line arguments: Namespace(log_base=None, log_level=None, verb_name='build', build_base='build', install_base='install', merge_install=False, symlink_install=False, test_result_base=None, continue_on_error=False, executor='parallel', parallel_workers=8, event_handlers=None, ignore_user_meta=False, metas=['./colcon.meta'], base_paths=['.'], packages_ignore=None, packages_ignore_regex=None, paths=None, packages_up_to=None, packages_up_to_regex=None, packages_above=None, packages_above_and_dependencies=None, packages_above_depth=None, packages_select_by_dep=None, packages_skip_by_dep=None, packages_skip_up_to=None, packages_select_build_failed=False, packages_skip_build_finished=False, packages_select_test_failures=False, packages_skip_test_passed=False, packages_select=None, packages_skip=None, packages_select_regex=None, packages_skip_regex=None, packages_start=None, packages_end=None, allow_overriding=[], cmake_args=None, cmake_target=None, cmake_target_skip_unavailable=False, cmake_clean_cache=False, cmake_clean_first=False, cmake_force_configure=False, ament_cmake_args=None, catkin_cmake_args=None, catkin_skip_building_tests=False, verb_parser=<colcon_defaults.argument_parser.defaults.DefaultArgumentsDecorator object at 0x7f813ae7bd90>, verb_extension=<colcon_core.verb.build.BuildVerb object at 0x7f813ae7b880>, main=<bound method BuildVerb.main of <colcon_core.verb.build.BuildVerb object at 0x7f813ae7b880>>)
[0.479s] Level 1:colcon.colcon_core.package_discovery:discover_packages(colcon_meta) check parameters
[0.479s] Level 1:colcon.colcon_core.package_discovery:discover_packages(recursive) check parameters
[0.479s] Level 1:colcon.colcon_core.package_discovery:discover_packages(ignore) check parameters
[0.480s] Level 1:colcon.colcon_core.package_discovery:discover_packages(path) check parameters
[0.480s] Level 1:colcon.colcon_core.package_discovery:discover_packages(colcon_meta) discover
[0.480s] Level 1:colcon.colcon_core.package_discovery:discover_packages(recursive) discover
[0.480s] INFO:colcon.colcon_core.package_discovery:Crawling recursively for packages in '/home/r-taro-o/hunterSE_ws'
[0.480s] Level 1:colcon.colcon_core.package_identification:_identify(.) by extensions ['ignore', 'ignore_ament_install']
[0.480s] Level 1:colcon.colcon_core.package_identification:_identify(.) by extension 'ignore'
[0.480s] Level 1:colcon.colcon_core.package_identification:_identify(.) by extension 'ignore_ament_install'
[0.480s] Level 1:colcon.colcon_core.package_identification:_identify(.) by extensions ['colcon_pkg']
[0.480s] Level 1:colcon.colcon_core.package_identification:_identify(.) by extension 'colcon_pkg'
[0.480s] Level 1:colcon.colcon_core.package_identification:_identify(.) by extensions ['colcon_meta']
[0.480s] Level 1:colcon.colcon_core.package_identification:_identify(.) by extension 'colcon_meta'
[0.480s] Level 1:colcon.colcon_core.package_identification:_identify(.) by extensions ['ros']
[0.480s] Level 1:colcon.colcon_core.package_identification:_identify(.) by extension 'ros'
[0.493s] Level 1:colcon.colcon_core.package_identification:_identify(.) by extensions ['cmake', 'python']
[0.493s] Level 1:colcon.colcon_core.package_identification:_identify(.) by extension 'cmake'
[0.493s] Level 1:colcon.colcon_core.package_identification:_identify(.) by extension 'python'
[0.493s] Level 1:colcon.colcon_core.package_identification:_identify(.) by extensions ['python_setup_py']
[0.493s] Level 1:colcon.colcon_core.package_identification:_identify(.) by extension 'python_setup_py'
[0.494s] Level 1:colcon.colcon_core.package_identification:_identify(build) by extensions ['ignore', 'ignore_ament_install']
[0.494s] Level 1:colcon.colcon_core.package_identification:_identify(build) by extension 'ignore'
[0.494s] Level 1:colcon.colcon_core.package_identification:_identify(build) ignored
[0.494s] Level 1:colcon.colcon_core.package_identification:_identify(install) by extensions ['ignore', 'ignore_ament_install']
[0.494s] Level 1:colcon.colcon_core.package_identification:_identify(install) by extension 'ignore'
[0.494s] Level 1:colcon.colcon_core.package_identification:_identify(install) ignored
[0.494s] Level 1:colcon.colcon_core.package_identification:_identify(log) by extensions ['ignore', 'ignore_ament_install']
[0.495s] Level 1:colcon.colcon_core.package_identification:_identify(log) by extension 'ignore'
[0.495s] Level 1:colcon.colcon_core.package_identification:_identify(log) ignored
[0.495s] Level 1:colcon.colcon_core.package_identification:_identify(src) by extensions ['ignore', 'ignore_ament_install']
[0.495s] Level 1:colcon.colcon_core.package_identification:_identify(src) by extension 'ignore'
[0.495s] Level 1:colcon.colcon_core.package_identification:_identify(src) by extension 'ignore_ament_install'
[0.495s] Level 1:colcon.colcon_core.package_identification:_identify(src) by extensions ['colcon_pkg']
[0.495s] Level 1:colcon.colcon_core.package_identification:_identify(src) by extension 'colcon_pkg'
[0.495s] Level 1:colcon.colcon_core.package_identification:_identify(src) by extensions ['colcon_meta']
[0.495s] Level 1:colcon.colcon_core.package_identification:_identify(src) by extension 'colcon_meta'
[0.495s] Level 1:colcon.colcon_core.package_identification:_identify(src) by extensions ['ros']
[0.495s] Level 1:colcon.colcon_core.package_identification:_identify(src) by extension 'ros'
[0.496s] Level 1:colcon.colcon_core.package_identification:_identify(src) by extensions ['cmake', 'python']
[0.496s] Level 1:colcon.colcon_core.package_identification:_identify(src) by extension 'cmake'
[0.496s] Level 1:colcon.colcon_core.package_identification:_identify(src) by extension 'python'
[0.496s] Level 1:colcon.colcon_core.package_identification:_identify(src) by extensions ['python_setup_py']
[0.496s] Level 1:colcon.colcon_core.package_identification:_identify(src) by extension 'python_setup_py'
[0.496s] Level 1:colcon.colcon_core.package_identification:_identify(src/build) by extensions ['ignore', 'ignore_ament_install']
[0.497s] Level 1:colcon.colcon_core.package_identification:_identify(src/build) by extension 'ignore'
[0.497s] Level 1:colcon.colcon_core.package_identification:_identify(src/build) ignored
[0.497s] Level 1:colcon.colcon_core.package_identification:_identify(src/hunter_ros2) by extensions ['ignore', 'ignore_ament_install']
[0.498s] Level 1:colcon.colcon_core.package_identification:_identify(src/hunter_ros2) by extension 'ignore'
[0.498s] Level 1:colcon.colcon_core.package_identification:_identify(src/hunter_ros2) by extension 'ignore_ament_install'
[0.498s] Level 1:colcon.colcon_core.package_identification:_identify(src/hunter_ros2) by extensions ['colcon_pkg']
[0.498s] Level 1:colcon.colcon_core.package_identification:_identify(src/hunter_ros2) by extension 'colcon_pkg'
[0.498s] Level 1:colcon.colcon_core.package_identification:_identify(src/hunter_ros2) by extensions ['colcon_meta']
[0.498s] Level 1:colcon.colcon_core.package_identification:_identify(src/hunter_ros2) by extension 'colcon_meta'
[0.499s] Level 1:colcon.colcon_core.package_identification:_identify(src/hunter_ros2) by extensions ['ros']
[0.499s] Level 1:colcon.colcon_core.package_identification:_identify(src/hunter_ros2) by extension 'ros'
[0.499s] Level 1:colcon.colcon_core.package_identification:_identify(src/hunter_ros2) by extensions ['cmake', 'python']
[0.499s] Level 1:colcon.colcon_core.package_identification:_identify(src/hunter_ros2) by extension 'cmake'
[0.499s] Level 1:colcon.colcon_core.package_identification:_identify(src/hunter_ros2) by extension 'python'
[0.500s] Level 1:colcon.colcon_core.package_identification:_identify(src/hunter_ros2) by extensions ['python_setup_py']
[0.500s] Level 1:colcon.colcon_core.package_identification:_identify(src/hunter_ros2) by extension 'python_setup_py'
[0.500s] Level 1:colcon.colcon_core.package_identification:_identify(src/hunter_ros2/hunter_base) by extensions ['ignore', 'ignore_ament_install']
[0.500s] Level 1:colcon.colcon_core.package_identification:_identify(src/hunter_ros2/hunter_base) by extension 'ignore'
[0.501s] Level 1:colcon.colcon_core.package_identification:_identify(src/hunter_ros2/hunter_base) by extension 'ignore_ament_install'
[0.501s] Level 1:colcon.colcon_core.package_identification:_identify(src/hunter_ros2/hunter_base) by extensions ['colcon_pkg']
[0.501s] Level 1:colcon.colcon_core.package_identification:_identify(src/hunter_ros2/hunter_base) by extension 'colcon_pkg'
[0.501s] Level 1:colcon.colcon_core.package_identification:_identify(src/hunter_ros2/hunter_base) by extensions ['colcon_meta']
[0.501s] Level 1:colcon.colcon_core.package_identification:_identify(src/hunter_ros2/hunter_base) by extension 'colcon_meta'
[0.501s] Level 1:colcon.colcon_core.package_identification:_identify(src/hunter_ros2/hunter_base) by extensions ['ros']
[0.502s] Level 1:colcon.colcon_core.package_identification:_identify(src/hunter_ros2/hunter_base) by extension 'ros'
[0.508s] DEBUG:colcon.colcon_core.package_identification:Package 'src/hunter_ros2/hunter_base' with type 'ros.ament_cmake' and name 'hunter_base'
[0.509s] Level 1:colcon.colcon_core.package_identification:_identify(src/hunter_ros2/hunter_msgs) by extensions ['ignore', 'ignore_ament_install']
[0.509s] Level 1:colcon.colcon_core.package_identification:_identify(src/hunter_ros2/hunter_msgs) by extension 'ignore'
[0.509s] Level 1:colcon.colcon_core.package_identification:_identify(src/hunter_ros2/hunter_msgs) by extension 'ignore_ament_install'
[0.509s] Level 1:colcon.colcon_core.package_identification:_identify(src/hunter_ros2/hunter_msgs) by extensions ['colcon_pkg']
[0.509s] Level 1:colcon.colcon_core.package_identification:_identify(src/hunter_ros2/hunter_msgs) by extension 'colcon_pkg'
[0.509s] Level 1:colcon.colcon_core.package_identification:_identify(src/hunter_ros2/hunter_msgs) by extensions ['colcon_meta']
[0.509s] Level 1:colcon.colcon_core.package_identification:_identify(src/hunter_ros2/hunter_msgs) by extension 'colcon_meta'
[0.509s] Level 1:colcon.colcon_core.package_identification:_identify(src/hunter_ros2/hunter_msgs) by extensions ['ros']
[0.509s] Level 1:colcon.colcon_core.package_identification:_identify(src/hunter_ros2/hunter_msgs) by extension 'ros'
[0.510s] DEBUG:colcon.colcon_core.package_identification:Package 'src/hunter_ros2/hunter_msgs' with type 'ros.ament_cmake' and name 'hunter_msgs'
[0.510s] Level 1:colcon.colcon_core.package_identification:_identify(src/install) by extensions ['ignore', 'ignore_ament_install']
[0.511s] Level 1:colcon.colcon_core.package_identification:_identify(src/install) by extension 'ignore'
[0.511s] Level 1:colcon.colcon_core.package_identification:_identify(src/install) ignored
[0.511s] Level 1:colcon.colcon_core.package_identification:_identify(src/log) by extensions ['ignore', 'ignore_ament_install']
[0.511s] Level 1:colcon.colcon_core.package_identification:_identify(src/log) by extension 'ignore'
[0.511s] Level 1:colcon.colcon_core.package_identification:_identify(src/log) ignored
[0.511s] Level 1:colcon.colcon_core.package_identification:_identify(src/ugv_sdk) by extensions ['ignore', 'ignore_ament_install']
[0.511s] Level 1:colcon.colcon_core.package_identification:_identify(src/ugv_sdk) by extension 'ignore'
[0.511s] Level 1:colcon.colcon_core.package_identification:_identify(src/ugv_sdk) by extension 'ignore_ament_install'
[0.511s] Level 1:colcon.colcon_core.package_identification:_identify(src/ugv_sdk) by extensions ['colcon_pkg']
[0.511s] Level 1:colcon.colcon_core.package_identification:_identify(src/ugv_sdk) by extension 'colcon_pkg'
[0.511s] Level 1:colcon.colcon_core.package_identification:_identify(src/ugv_sdk) by extensions ['colcon_meta']
[0.511s] Level 1:colcon.colcon_core.package_identification:_identify(src/ugv_sdk) by extension 'colcon_meta'
[0.511s] Level 1:colcon.colcon_core.package_identification:_identify(src/ugv_sdk) by extensions ['ros']
[0.511s] Level 1:colcon.colcon_core.package_identification:_identify(src/ugv_sdk) by extension 'ros'
[0.514s] DEBUG:colcon.colcon_core.package_identification:Package 'src/ugv_sdk' with type 'ros.catkin' and name 'ugv_sdk'
[0.514s] Level 1:colcon.colcon_core.package_identification:_identify(src/ugv_sim) by extensions ['ignore', 'ignore_ament_install']
[0.514s] Level 1:colcon.colcon_core.package_identification:_identify(src/ugv_sim) by extension 'ignore'
[0.515s] Level 1:colcon.colcon_core.package_identification:_identify(src/ugv_sim) by extension 'ignore_ament_install'
[0.515s] Level 1:colcon.colcon_core.package_identification:_identify(src/ugv_sim) by extensions ['colcon_pkg']
[0.515s] Level 1:colcon.colcon_core.package_identification:_identify(src/ugv_sim) by extension 'colcon_pkg'
[0.515s] Level 1:colcon.colcon_core.package_identification:_identify(src/ugv_sim) by extensions ['colcon_meta']
[0.515s] Level 1:colcon.colcon_core.package_identification:_identify(src/ugv_sim) by extension 'colcon_meta'
[0.515s] Level 1:colcon.colcon_core.package_identification:_identify(src/ugv_sim) by extensions ['ros']
[0.515s] Level 1:colcon.colcon_core.package_identification:_identify(src/ugv_sim) by extension 'ros'
[0.515s] Level 1:colcon.colcon_core.package_identification:_identify(src/ugv_sim) by extensions ['cmake', 'python']
[0.515s] Level 1:colcon.colcon_core.package_identification:_identify(src/ugv_sim) by extension 'cmake'
[0.515s] Level 1:colcon.colcon_core.package_identification:_identify(src/ugv_sim) by extension 'python'
[0.515s] Level 1:colcon.colcon_core.package_identification:_identify(src/ugv_sim) by extensions ['python_setup_py']
[0.515s] Level 1:colcon.colcon_core.package_identification:_identify(src/ugv_sim) by extension 'python_setup_py'
[0.515s] Level 1:colcon.colcon_core.package_identification:_identify(src/ugv_sim/hunter_se) by extensions ['ignore', 'ignore_ament_install']
[0.515s] Level 1:colcon.colcon_core.package_identification:_identify(src/ugv_sim/hunter_se) by extension 'ignore'
[0.515s] Level 1:colcon.colcon_core.package_identification:_identify(src/ugv_sim/hunter_se) by extension 'ignore_ament_install'
[0.515s] Level 1:colcon.colcon_core.package_identification:_identify(src/ugv_sim/hunter_se) by extensions ['colcon_pkg']
[0.515s] Level 1:colcon.colcon_core.package_identification:_identify(src/ugv_sim/hunter_se) by extension 'colcon_pkg'
[0.516s] Level 1:colcon.colcon_core.package_identification:_identify(src/ugv_sim/hunter_se) by extensions ['colcon_meta']
[0.516s] Level 1:colcon.colcon_core.package_identification:_identify(src/ugv_sim/hunter_se) by extension 'colcon_meta'
[0.516s] Level 1:colcon.colcon_core.package_identification:_identify(src/ugv_sim/hunter_se) by extensions ['ros']
[0.516s] Level 1:colcon.colcon_core.package_identification:_identify(src/ugv_sim/hunter_se) by extension 'ros'
[0.516s] Level 1:colcon.colcon_core.package_identification:_identify(src/ugv_sim/hunter_se) by extensions ['cmake', 'python']
[0.516s] Level 1:colcon.colcon_core.package_identification:_identify(src/ugv_sim/hunter_se) by extension 'cmake'
[0.516s] Level 1:colcon.colcon_core.package_identification:_identify(src/ugv_sim/hunter_se) by extension 'python'
[0.516s] Level 1:colcon.colcon_core.package_identification:_identify(src/ugv_sim/hunter_se) by extensions ['python_setup_py']
[0.516s] Level 1:colcon.colcon_core.package_identification:_identify(src/ugv_sim/hunter_se) by extension 'python_setup_py'
[0.516s] Level 1:colcon.colcon_core.package_identification:_identify(src/ugv_sim/hunter_se/hunter_se_description) by extensions ['ignore', 'ignore_ament_install']
[0.516s] Level 1:colcon.colcon_core.package_identification:_identify(src/ugv_sim/hunter_se/hunter_se_description) by extension 'ignore'
[0.516s] Level 1:colcon.colcon_core.package_identification:_identify(src/ugv_sim/hunter_se/hunter_se_description) by extension 'ignore_ament_install'
[0.516s] Level 1:colcon.colcon_core.package_identification:_identify(src/ugv_sim/hunter_se/hunter_se_description) by extensions ['colcon_pkg']
[0.516s] Level 1:colcon.colcon_core.package_identification:_identify(src/ugv_sim/hunter_se/hunter_se_description) by extension 'colcon_pkg'
[0.516s] Level 1:colcon.colcon_core.package_identification:_identify(src/ugv_sim/hunter_se/hunter_se_description) by extensions ['colcon_meta']
[0.516s] Level 1:colcon.colcon_core.package_identification:_identify(src/ugv_sim/hunter_se/hunter_se_description) by extension 'colcon_meta'
[0.516s] Level 1:colcon.colcon_core.package_identification:_identify(src/ugv_sim/hunter_se/hunter_se_description) by extensions ['ros']
[0.517s] Level 1:colcon.colcon_core.package_identification:_identify(src/ugv_sim/hunter_se/hunter_se_description) by extension 'ros'
[0.517s] DEBUG:colcon.colcon_core.package_identification:Package 'src/ugv_sim/hunter_se/hunter_se_description' with type 'ros.ament_cmake' and name 'hunter_se_description'
[0.518s] Level 1:colcon.colcon_core.package_identification:_identify(src/ugv_sim/hunter_se/hunter_se_gazebo) by extensions ['ignore', 'ignore_ament_install']
[0.518s] Level 1:colcon.colcon_core.package_identification:_identify(src/ugv_sim/hunter_se/hunter_se_gazebo) by extension 'ignore'
[0.518s] Level 1:colcon.colcon_core.package_identification:_identify(src/ugv_sim/hunter_se/hunter_se_gazebo) by extension 'ignore_ament_install'
[0.518s] Level 1:colcon.colcon_core.package_identification:_identify(src/ugv_sim/hunter_se/hunter_se_gazebo) by extensions ['colcon_pkg']
[0.518s] Level 1:colcon.colcon_core.package_identification:_identify(src/ugv_sim/hunter_se/hunter_se_gazebo) by extension 'colcon_pkg'
[0.518s] Level 1:colcon.colcon_core.package_identification:_identify(src/ugv_sim/hunter_se/hunter_se_gazebo) by extensions ['colcon_meta']
[0.518s] Level 1:colcon.colcon_core.package_identification:_identify(src/ugv_sim/hunter_se/hunter_se_gazebo) by extension 'colcon_meta'
[0.518s] Level 1:colcon.colcon_core.package_identification:_identify(src/ugv_sim/hunter_se/hunter_se_gazebo) by extensions ['ros']
[0.518s] Level 1:colcon.colcon_core.package_identification:_identify(src/ugv_sim/hunter_se/hunter_se_gazebo) by extension 'ros'
[0.519s] DEBUG:colcon.colcon_core.package_identification:Package 'src/ugv_sim/hunter_se/hunter_se_gazebo' with type 'ros.ament_cmake' and name 'hunter_se_gazebo'
[0.519s] Level 1:colcon.colcon_core.package_identification:_identify(src/ugv_sim/hunter_se/image) by extensions ['ignore', 'ignore_ament_install']
[0.519s] Level 1:colcon.colcon_core.package_identification:_identify(src/ugv_sim/hunter_se/image) by extension 'ignore'
[0.519s] Level 1:colcon.colcon_core.package_identification:_identify(src/ugv_sim/hunter_se/image) by extension 'ignore_ament_install'
[0.519s] Level 1:colcon.colcon_core.package_identification:_identify(src/ugv_sim/hunter_se/image) by extensions ['colcon_pkg']
[0.520s] Level 1:colcon.colcon_core.package_identification:_identify(src/ugv_sim/hunter_se/image) by extension 'colcon_pkg'
[0.520s] Level 1:colcon.colcon_core.package_identification:_identify(src/ugv_sim/hunter_se/image) by extensions ['colcon_meta']
[0.520s] Level 1:colcon.colcon_core.package_identification:_identify(src/ugv_sim/hunter_se/image) by extension 'colcon_meta'
[0.520s] Level 1:colcon.colcon_core.package_identification:_identify(src/ugv_sim/hunter_se/image) by extensions ['ros']
[0.520s] Level 1:colcon.colcon_core.package_identification:_identify(src/ugv_sim/hunter_se/image) by extension 'ros'
[0.520s] Level 1:colcon.colcon_core.package_identification:_identify(src/ugv_sim/hunter_se/image) by extensions ['cmake', 'python']
[0.520s] Level 1:colcon.colcon_core.package_identification:_identify(src/ugv_sim/hunter_se/image) by extension 'cmake'
[0.520s] Level 1:colcon.colcon_core.package_identification:_identify(src/ugv_sim/hunter_se/image) by extension 'python'
[0.520s] Level 1:colcon.colcon_core.package_identification:_identify(src/ugv_sim/hunter_se/image) by extensions ['python_setup_py']
[0.520s] Level 1:colcon.colcon_core.package_identification:_identify(src/ugv_sim/hunter_se/image) by extension 'python_setup_py'
[0.520s] Level 1:colcon.colcon_core.package_identification:_identify(src/ugv_sim/ranger) by extensions ['ignore', 'ignore_ament_install']
[0.520s] Level 1:colcon.colcon_core.package_identification:_identify(src/ugv_sim/ranger) by extension 'ignore'
[0.520s] Level 1:colcon.colcon_core.package_identification:_identify(src/ugv_sim/ranger) by extension 'ignore_ament_install'
[0.520s] Level 1:colcon.colcon_core.package_identification:_identify(src/ugv_sim/ranger) by extensions ['colcon_pkg']
[0.520s] Level 1:colcon.colcon_core.package_identification:_identify(src/ugv_sim/ranger) by extension 'colcon_pkg'
[0.520s] Level 1:colcon.colcon_core.package_identification:_identify(src/ugv_sim/ranger) by extensions ['colcon_meta']
[0.520s] Level 1:colcon.colcon_core.package_identification:_identify(src/ugv_sim/ranger) by extension 'colcon_meta'
[0.520s] Level 1:colcon.colcon_core.package_identification:_identify(src/ugv_sim/ranger) by extensions ['ros']
[0.521s] Level 1:colcon.colcon_core.package_identification:_identify(src/ugv_sim/ranger) by extension 'ros'
[0.521s] Level 1:colcon.colcon_core.package_identification:_identify(src/ugv_sim/ranger) by extensions ['cmake', 'python']
[0.521s] Level 1:colcon.colcon_core.package_identification:_identify(src/ugv_sim/ranger) by extension 'cmake'
[0.521s] Level 1:colcon.colcon_core.package_identification:_identify(src/ugv_sim/ranger) by extension 'python'
[0.521s] Level 1:colcon.colcon_core.package_identification:_identify(src/ugv_sim/ranger) by extensions ['python_setup_py']
[0.521s] Level 1:colcon.colcon_core.package_identification:_identify(src/ugv_sim/ranger) by extension 'python_setup_py'
[0.521s] Level 1:colcon.colcon_core.package_identification:_identify(src/ugv_sim/ranger/four_ws_control) by extensions ['ignore', 'ignore_ament_install']
[0.521s] Level 1:colcon.colcon_core.package_identification:_identify(src/ugv_sim/ranger/four_ws_control) by extension 'ignore'
[0.521s] Level 1:colcon.colcon_core.package_identification:_identify(src/ugv_sim/ranger/four_ws_control) by extension 'ignore_ament_install'
[0.521s] Level 1:colcon.colcon_core.package_identification:_identify(src/ugv_sim/ranger/four_ws_control) by extensions ['colcon_pkg']
[0.521s] Level 1:colcon.colcon_core.package_identification:_identify(src/ugv_sim/ranger/four_ws_control) by extension 'colcon_pkg'
[0.521s] Level 1:colcon.colcon_core.package_identification:_identify(src/ugv_sim/ranger/four_ws_control) by extensions ['colcon_meta']
[0.521s] Level 1:colcon.colcon_core.package_identification:_identify(src/ugv_sim/ranger/four_ws_control) by extension 'colcon_meta'
[0.521s] Level 1:colcon.colcon_core.package_identification:_identify(src/ugv_sim/ranger/four_ws_control) by extensions ['ros']
[0.521s] Level 1:colcon.colcon_core.package_identification:_identify(src/ugv_sim/ranger/four_ws_control) by extension 'ros'
[0.522s] DEBUG:colcon.colcon_core.package_identification:Package 'src/ugv_sim/ranger/four_ws_control' with type 'ros.ament_cmake' and name 'four_ws_control'
[0.522s] Level 1:colcon.colcon_core.package_identification:_identify(src/ugv_sim/ranger/imgae) by extensions ['ignore', 'ignore_ament_install']
[0.522s] Level 1:colcon.colcon_core.package_identification:_identify(src/ugv_sim/ranger/imgae) by extension 'ignore'
[0.522s] Level 1:colcon.colcon_core.package_identification:_identify(src/ugv_sim/ranger/imgae) by extension 'ignore_ament_install'
[0.522s] Level 1:colcon.colcon_core.package_identification:_identify(src/ugv_sim/ranger/imgae) by extensions ['colcon_pkg']
[0.522s] Level 1:colcon.colcon_core.package_identification:_identify(src/ugv_sim/ranger/imgae) by extension 'colcon_pkg'
[0.522s] Level 1:colcon.colcon_core.package_identification:_identify(src/ugv_sim/ranger/imgae) by extensions ['colcon_meta']
[0.522s] Level 1:colcon.colcon_core.package_identification:_identify(src/ugv_sim/ranger/imgae) by extension 'colcon_meta'
[0.522s] Level 1:colcon.colcon_core.package_identification:_identify(src/ugv_sim/ranger/imgae) by extensions ['ros']
[0.522s] Level 1:colcon.colcon_core.package_identification:_identify(src/ugv_sim/ranger/imgae) by extension 'ros'
[0.523s] Level 1:colcon.colcon_core.package_identification:_identify(src/ugv_sim/ranger/imgae) by extensions ['cmake', 'python']
[0.523s] Level 1:colcon.colcon_core.package_identification:_identify(src/ugv_sim/ranger/imgae) by extension 'cmake'
[0.523s] Level 1:colcon.colcon_core.package_identification:_identify(src/ugv_sim/ranger/imgae) by extension 'python'
[0.523s] Level 1:colcon.colcon_core.package_identification:_identify(src/ugv_sim/ranger/imgae) by extensions ['python_setup_py']
[0.523s] Level 1:colcon.colcon_core.package_identification:_identify(src/ugv_sim/ranger/imgae) by extension 'python_setup_py'
[0.523s] Level 1:colcon.colcon_core.package_identification:_identify(src/ugv_sim/ranger/ranger_mini) by extensions ['ignore', 'ignore_ament_install']
[0.523s] Level 1:colcon.colcon_core.package_identification:_identify(src/ugv_sim/ranger/ranger_mini) by extension 'ignore'
[0.523s] Level 1:colcon.colcon_core.package_identification:_identify(src/ugv_sim/ranger/ranger_mini) by extension 'ignore_ament_install'
[0.523s] Level 1:colcon.colcon_core.package_identification:_identify(src/ugv_sim/ranger/ranger_mini) by extensions ['colcon_pkg']
[0.523s] Level 1:colcon.colcon_core.package_identification:_identify(src/ugv_sim/ranger/ranger_mini) by extension 'colcon_pkg'
[0.523s] Level 1:colcon.colcon_core.package_identification:_identify(src/ugv_sim/ranger/ranger_mini) by extensions ['colcon_meta']
[0.523s] Level 1:colcon.colcon_core.package_identification:_identify(src/ugv_sim/ranger/ranger_mini) by extension 'colcon_meta'
[0.523s] Level 1:colcon.colcon_core.package_identification:_identify(src/ugv_sim/ranger/ranger_mini) by extensions ['ros']
[0.523s] Level 1:colcon.colcon_core.package_identification:_identify(src/ugv_sim/ranger/ranger_mini) by extension 'ros'
[0.524s] DEBUG:colcon.colcon_core.package_identification:Package 'src/ugv_sim/ranger/ranger_mini' with type 'ros.ament_cmake' and name 'ranger_mini'
[0.524s] Level 1:colcon.colcon_core.package_discovery:discover_packages(recursive) using defaults
[0.524s] Level 1:colcon.colcon_core.package_discovery:discover_packages(ignore) discover
[0.524s] Level 1:colcon.colcon_core.package_discovery:discover_packages(ignore) using defaults
[0.524s] Level 1:colcon.colcon_core.package_discovery:discover_packages(path) discover
[0.524s] Level 1:colcon.colcon_core.package_discovery:discover_packages(path) using defaults
[0.557s] Level 1:colcon.colcon_core.package_discovery:discover_packages(prefix_path) check parameters
[0.557s] Level 1:colcon.colcon_core.package_discovery:discover_packages(prefix_path) discover
[0.563s] DEBUG:colcon.colcon_installed_package_information.package_discovery:Found 364 installed packages in /opt/ros/humble
[0.568s] Level 1:colcon.colcon_core.package_discovery:discover_packages(prefix_path) using defaults
[0.660s] Level 5:colcon.colcon_core.verb:set package 'four_ws_control' build argument 'cmake_args' from command line to 'None'
[0.660s] Level 5:colcon.colcon_core.verb:set package 'four_ws_control' build argument 'cmake_target' from command line to 'None'
[0.660s] Level 5:colcon.colcon_core.verb:set package 'four_ws_control' build argument 'cmake_target_skip_unavailable' from command line to 'False'
[0.660s] Level 5:colcon.colcon_core.verb:set package 'four_ws_control' build argument 'cmake_clean_cache' from command line to 'False'
[0.660s] Level 5:colcon.colcon_core.verb:set package 'four_ws_control' build argument 'cmake_clean_first' from command line to 'False'
[0.660s] Level 5:colcon.colcon_core.verb:set package 'four_ws_control' build argument 'cmake_force_configure' from command line to 'False'
[0.661s] Level 5:colcon.colcon_core.verb:set package 'four_ws_control' build argument 'ament_cmake_args' from command line to 'None'
[0.661s] Level 5:colcon.colcon_core.verb:set package 'four_ws_control' build argument 'catkin_cmake_args' from command line to 'None'
[0.661s] Level 5:colcon.colcon_core.verb:set package 'four_ws_control' build argument 'catkin_skip_building_tests' from command line to 'False'
[0.661s] DEBUG:colcon.colcon_core.verb:Building package 'four_ws_control' with the following arguments: {'ament_cmake_args': None, 'build_base': '/home/r-taro-o/hunterSE_ws/build/four_ws_control', 'catkin_cmake_args': None, 'catkin_skip_building_tests': False, 'cmake_args': None, 'cmake_clean_cache': False, 'cmake_clean_first': False, 'cmake_force_configure': False, 'cmake_target': None, 'cmake_target_skip_unavailable': False, 'install_base': '/home/r-taro-o/hunterSE_ws/install/four_ws_control', 'merge_install': False, 'path': '/home/r-taro-o/hunterSE_ws/src/ugv_sim/ranger/four_ws_control', 'symlink_install': False, 'test_result_base': None}
[0.662s] Level 5:colcon.colcon_core.verb:set package 'hunter_msgs' build argument 'cmake_args' from command line to 'None'
[0.662s] Level 5:colcon.colcon_core.verb:set package 'hunter_msgs' build argument 'cmake_target' from command line to 'None'
[0.662s] Level 5:colcon.colcon_core.verb:set package 'hunter_msgs' build argument 'cmake_target_skip_unavailable' from command line to 'False'
[0.662s] Level 5:colcon.colcon_core.verb:set package 'hunter_msgs' build argument 'cmake_clean_cache' from command line to 'False'
[0.662s] Level 5:colcon.colcon_core.verb:set package 'hunter_msgs' build argument 'cmake_clean_first' from command line to 'False'
[0.662s] Level 5:colcon.colcon_core.verb:set package 'hunter_msgs' build argument 'cmake_force_configure' from command line to 'False'
[0.662s] Level 5:colcon.colcon_core.verb:set package 'hunter_msgs' build argument 'ament_cmake_args' from command line to 'None'
[0.663s] Level 5:colcon.colcon_core.verb:set package 'hunter_msgs' build argument 'catkin_cmake_args' from command line to 'None'
[0.663s] Level 5:colcon.colcon_core.verb:set package 'hunter_msgs' build argument 'catkin_skip_building_tests' from command line to 'False'
[0.663s] DEBUG:colcon.colcon_core.verb:Building package 'hunter_msgs' with the following arguments: {'ament_cmake_args': None, 'build_base': '/home/r-taro-o/hunterSE_ws/build/hunter_msgs', 'catkin_cmake_args': None, 'catkin_skip_building_tests': False, 'cmake_args': None, 'cmake_clean_cache': False, 'cmake_clean_first': False, 'cmake_force_configure': False, 'cmake_target': None, 'cmake_target_skip_unavailable': False, 'install_base': '/home/r-taro-o/hunterSE_ws/install/hunter_msgs', 'merge_install': False, 'path': '/home/r-taro-o/hunterSE_ws/src/hunter_ros2/hunter_msgs', 'symlink_install': False, 'test_result_base': None}
[0.663s] Level 5:colcon.colcon_core.verb:set package 'hunter_se_description' build argument 'cmake_args' from command line to 'None'
[0.663s] Level 5:colcon.colcon_core.verb:set package 'hunter_se_description' build argument 'cmake_target' from command line to 'None'
[0.663s] Level 5:colcon.colcon_core.verb:set package 'hunter_se_description' build argument 'cmake_target_skip_unavailable' from command line to 'False'
[0.664s] Level 5:colcon.colcon_core.verb:set package 'hunter_se_description' build argument 'cmake_clean_cache' from command line to 'False'
[0.664s] Level 5:colcon.colcon_core.verb:set package 'hunter_se_description' build argument 'cmake_clean_first' from command line to 'False'
[0.664s] Level 5:colcon.colcon_core.verb:set package 'hunter_se_description' build argument 'cmake_force_configure' from command line to 'False'
[0.664s] Level 5:colcon.colcon_core.verb:set package 'hunter_se_description' build argument 'ament_cmake_args' from command line to 'None'
[0.664s] Level 5:colcon.colcon_core.verb:set package 'hunter_se_description' build argument 'catkin_cmake_args' from command line to 'None'
[0.664s] Level 5:colcon.colcon_core.verb:set package 'hunter_se_description' build argument 'catkin_skip_building_tests' from command line to 'False'
[0.664s] DEBUG:colcon.colcon_core.verb:Building package 'hunter_se_description' with the following arguments: {'ament_cmake_args': None, 'build_base': '/home/r-taro-o/hunterSE_ws/build/hunter_se_description', 'catkin_cmake_args': None, 'catkin_skip_building_tests': False, 'cmake_args': None, 'cmake_clean_cache': False, 'cmake_clean_first': False, 'cmake_force_configure': False, 'cmake_target': None, 'cmake_target_skip_unavailable': False, 'install_base': '/home/r-taro-o/hunterSE_ws/install/hunter_se_description', 'merge_install': False, 'path': '/home/r-taro-o/hunterSE_ws/src/ugv_sim/hunter_se/hunter_se_description', 'symlink_install': False, 'test_result_base': None}
[0.664s] Level 5:colcon.colcon_core.verb:set package 'hunter_se_gazebo' build argument 'cmake_args' from command line to 'None'
[0.665s] Level 5:colcon.colcon_core.verb:set package 'hunter_se_gazebo' build argument 'cmake_target' from command line to 'None'
[0.665s] Level 5:colcon.colcon_core.verb:set package 'hunter_se_gazebo' build argument 'cmake_target_skip_unavailable' from command line to 'False'
[0.665s] Level 5:colcon.colcon_core.verb:set package 'hunter_se_gazebo' build argument 'cmake_clean_cache' from command line to 'False'
[0.665s] Level 5:colcon.colcon_core.verb:set package 'hunter_se_gazebo' build argument 'cmake_clean_first' from command line to 'False'
[0.665s] Level 5:colcon.colcon_core.verb:set package 'hunter_se_gazebo' build argument 'cmake_force_configure' from command line to 'False'
[0.665s] Level 5:colcon.colcon_core.verb:set package 'hunter_se_gazebo' build argument 'ament_cmake_args' from command line to 'None'
[0.665s] Level 5:colcon.colcon_core.verb:set package 'hunter_se_gazebo' build argument 'catkin_cmake_args' from command line to 'None'
[0.665s] Level 5:colcon.colcon_core.verb:set package 'hunter_se_gazebo' build argument 'catkin_skip_building_tests' from command line to 'False'
[0.665s] DEBUG:colcon.colcon_core.verb:Building package 'hunter_se_gazebo' with the following arguments: {'ament_cmake_args': None, 'build_base': '/home/r-taro-o/hunterSE_ws/build/hunter_se_gazebo', 'catkin_cmake_args': None, 'catkin_skip_building_tests': False, 'cmake_args': None, 'cmake_clean_cache': False, 'cmake_clean_first': False, 'cmake_force_configure': False, 'cmake_target': None, 'cmake_target_skip_unavailable': False, 'install_base': '/home/r-taro-o/hunterSE_ws/install/hunter_se_gazebo', 'merge_install': False, 'path': '/home/r-taro-o/hunterSE_ws/src/ugv_sim/hunter_se/hunter_se_gazebo', 'symlink_install': False, 'test_result_base': None}
[0.666s] Level 5:colcon.colcon_core.verb:set package 'ranger_mini' build argument 'cmake_args' from command line to 'None'
[0.666s] Level 5:colcon.colcon_core.verb:set package 'ranger_mini' build argument 'cmake_target' from command line to 'None'
[0.666s] Level 5:colcon.colcon_core.verb:set package 'ranger_mini' build argument 'cmake_target_skip_unavailable' from command line to 'False'
[0.666s] Level 5:colcon.colcon_core.verb:set package 'ranger_mini' build argument 'cmake_clean_cache' from command line to 'False'
[0.666s] Level 5:colcon.colcon_core.verb:set package 'ranger_mini' build argument 'cmake_clean_first' from command line to 'False'
[0.666s] Level 5:colcon.colcon_core.verb:set package 'ranger_mini' build argument 'cmake_force_configure' from command line to 'False'
[0.666s] Level 5:colcon.colcon_core.verb:set package 'ranger_mini' build argument 'ament_cmake_args' from command line to 'None'
[0.666s] Level 5:colcon.colcon_core.verb:set package 'ranger_mini' build argument 'catkin_cmake_args' from command line to 'None'
[0.666s] Level 5:colcon.colcon_core.verb:set package 'ranger_mini' build argument 'catkin_skip_building_tests' from command line to 'False'
[0.666s] DEBUG:colcon.colcon_core.verb:Building package 'ranger_mini' with the following arguments: {'ament_cmake_args': None, 'build_base': '/home/r-taro-o/hunterSE_ws/build/ranger_mini', 'catkin_cmake_args': None, 'catkin_skip_building_tests': False, 'cmake_args': None, 'cmake_clean_cache': False, 'cmake_clean_first': False, 'cmake_force_configure': False, 'cmake_target': None, 'cmake_target_skip_unavailable': False, 'install_base': '/home/r-taro-o/hunterSE_ws/install/ranger_mini', 'merge_install': False, 'path': '/home/r-taro-o/hunterSE_ws/src/ugv_sim/ranger/ranger_mini', 'symlink_install': False, 'test_result_base': None}
[0.666s] Level 5:colcon.colcon_core.verb:set package 'ugv_sdk' build argument 'cmake_args' from command line to 'None'
[0.667s] Level 5:colcon.colcon_core.verb:set package 'ugv_sdk' build argument 'cmake_target' from command line to 'None'
[0.667s] Level 5:colcon.colcon_core.verb:set package 'ugv_sdk' build argument 'cmake_target_skip_unavailable' from command line to 'False'
[0.667s] Level 5:colcon.colcon_core.verb:set package 'ugv_sdk' build argument 'cmake_clean_cache' from command line to 'False'
[0.667s] Level 5:colcon.colcon_core.verb:set package 'ugv_sdk' build argument 'cmake_clean_first' from command line to 'False'
[0.667s] Level 5:colcon.colcon_core.verb:set package 'ugv_sdk' build argument 'cmake_force_configure' from command line to 'False'
[0.667s] Level 5:colcon.colcon_core.verb:set package 'ugv_sdk' build argument 'ament_cmake_args' from command line to 'None'
[0.667s] Level 5:colcon.colcon_core.verb:set package 'ugv_sdk' build argument 'catkin_cmake_args' from command line to 'None'
[0.667s] Level 5:colcon.colcon_core.verb:set package 'ugv_sdk' build argument 'catkin_skip_building_tests' from command line to 'False'
[0.667s] DEBUG:colcon.colcon_core.verb:Building package 'ugv_sdk' with the following arguments: {'ament_cmake_args': None, 'build_base': '/home/r-taro-o/hunterSE_ws/build/ugv_sdk', 'catkin_cmake_args': None, 'catkin_skip_building_tests': False, 'cmake_args': None, 'cmake_clean_cache': False, 'cmake_clean_first': False, 'cmake_force_configure': False, 'cmake_target': None, 'cmake_target_skip_unavailable': False, 'install_base': '/home/r-taro-o/hunterSE_ws/install/ugv_sdk', 'merge_install': False, 'path': '/home/r-taro-o/hunterSE_ws/src/ugv_sdk', 'symlink_install': False, 'test_result_base': None}
[0.668s] Level 5:colcon.colcon_core.verb:set package 'hunter_base' build argument 'cmake_args' from command line to 'None'
[0.668s] Level 5:colcon.colcon_core.verb:set package 'hunter_base' build argument 'cmake_target' from command line to 'None'
[0.668s] Level 5:colcon.colcon_core.verb:set package 'hunter_base' build argument 'cmake_target_skip_unavailable' from command line to 'False'
[0.668s] Level 5:colcon.colcon_core.verb:set package 'hunter_base' build argument 'cmake_clean_cache' from command line to 'False'
[0.668s] Level 5:colcon.colcon_core.verb:set package 'hunter_base' build argument 'cmake_clean_first' from command line to 'False'
[0.668s] Level 5:colcon.colcon_core.verb:set package 'hunter_base' build argument 'cmake_force_configure' from command line to 'False'
[0.668s] Level 5:colcon.colcon_core.verb:set package 'hunter_base' build argument 'ament_cmake_args' from command line to 'None'
[0.668s] Level 5:colcon.colcon_core.verb:set package 'hunter_base' build argument 'catkin_cmake_args' from command line to 'None'
[0.668s] Level 5:colcon.colcon_core.verb:set package 'hunter_base' build argument 'catkin_skip_building_tests' from command line to 'False'
[0.668s] DEBUG:colcon.colcon_core.verb:Building package 'hunter_base' with the following arguments: {'ament_cmake_args': None, 'build_base': '/home/r-taro-o/hunterSE_ws/build/hunter_base', 'catkin_cmake_args': None, 'catkin_skip_building_tests': False, 'cmake_args': None, 'cmake_clean_cache': False, 'cmake_clean_first': False, 'cmake_force_configure': False, 'cmake_target': None, 'cmake_target_skip_unavailable': False, 'install_base': '/home/r-taro-o/hunterSE_ws/install/hunter_base', 'merge_install': False, 'path': '/home/r-taro-o/hunterSE_ws/src/hunter_ros2/hunter_base', 'symlink_install': False, 'test_result_base': None}
[0.668s] INFO:colcon.colcon_core.executor:Executing jobs using 'parallel' executor
[0.670s] DEBUG:colcon.colcon_parallel_executor.executor.parallel:run_until_complete
[0.670s] INFO:colcon.colcon_ros.task.ament_cmake.build:Building ROS package in '/home/r-taro-o/hunterSE_ws/src/hunter_ros2/hunter_msgs' with build type 'ament_cmake'
[0.671s] INFO:colcon.colcon_cmake.task.cmake.build:Building CMake package in '/home/r-taro-o/hunterSE_ws/src/hunter_ros2/hunter_msgs'
[0.676s] INFO:colcon.colcon_core.plugin_system:Skipping extension 'colcon_core.shell.bat': Not used on non-Windows systems
[0.676s] INFO:colcon.colcon_core.shell:Skip shell extension 'powershell' for command environment: Not usable outside of PowerShell
[0.676s] DEBUG:colcon.colcon_core.shell:Skip shell extension 'dsv' for command environment
[0.680s] INFO:colcon.colcon_ros.task.catkin.build:Building ROS package in '/home/r-taro-o/hunterSE_ws/src/ugv_sdk' with build type 'catkin'
[0.680s] INFO:colcon.colcon_cmake.task.cmake.build:Building CMake package in '/home/r-taro-o/hunterSE_ws/src/ugv_sdk'
[0.681s] INFO:colcon.colcon_core.shell:Skip shell extension 'powershell' for command environment: Not usable outside of PowerShell
[0.681s] DEBUG:colcon.colcon_core.shell:Skip shell extension 'dsv' for command environment
[0.688s] INFO:colcon.colcon_ros.task.ament_cmake.build:Building ROS package in '/home/r-taro-o/hunterSE_ws/src/ugv_sim/ranger/four_ws_control' with build type 'ament_cmake'
[0.688s] INFO:colcon.colcon_cmake.task.cmake.build:Building CMake package in '/home/r-taro-o/hunterSE_ws/src/ugv_sim/ranger/four_ws_control'
[0.689s] INFO:colcon.colcon_core.shell:Skip shell extension 'powershell' for command environment: Not usable outside of PowerShell
[0.689s] DEBUG:colcon.colcon_core.shell:Skip shell extension 'dsv' for command environment
[0.697s] INFO:colcon.colcon_ros.task.ament_cmake.build:Building ROS package in '/home/r-taro-o/hunterSE_ws/src/ugv_sim/hunter_se/hunter_se_description' with build type 'ament_cmake'
[0.698s] INFO:colcon.colcon_cmake.task.cmake.build:Building CMake package in '/home/r-taro-o/hunterSE_ws/src/ugv_sim/hunter_se/hunter_se_description'
[0.698s] INFO:colcon.colcon_core.shell:Skip shell extension 'powershell' for command environment: Not usable outside of PowerShell
[0.699s] DEBUG:colcon.colcon_core.shell:Skip shell extension 'dsv' for command environment
[0.706s] INFO:colcon.colcon_ros.task.ament_cmake.build:Building ROS package in '/home/r-taro-o/hunterSE_ws/src/ugv_sim/hunter_se/hunter_se_gazebo' with build type 'ament_cmake'
[0.706s] INFO:colcon.colcon_cmake.task.cmake.build:Building CMake package in '/home/r-taro-o/hunterSE_ws/src/ugv_sim/hunter_se/hunter_se_gazebo'
[0.707s] INFO:colcon.colcon_core.shell:Skip shell extension 'powershell' for command environment: Not usable outside of PowerShell
[0.707s] DEBUG:colcon.colcon_core.shell:Skip shell extension 'dsv' for command environment
[0.714s] INFO:colcon.colcon_ros.task.ament_cmake.build:Building ROS package in '/home/r-taro-o/hunterSE_ws/src/ugv_sim/ranger/ranger_mini' with build type 'ament_cmake'
[0.714s] INFO:colcon.colcon_cmake.task.cmake.build:Building CMake package in '/home/r-taro-o/hunterSE_ws/src/ugv_sim/ranger/ranger_mini'
[0.715s] INFO:colcon.colcon_core.shell:Skip shell extension 'powershell' for command environment: Not usable outside of PowerShell
[0.715s] DEBUG:colcon.colcon_core.shell:Skip shell extension 'dsv' for command environment
[0.735s] DEBUG:colcon.colcon_core.event_handler.log_command:Invoking command in '/home/r-taro-o/hunterSE_ws/build/hunter_msgs': CMAKE_PREFIX_PATH=/opt/ros/humble /usr/bin/cmake --build /home/r-taro-o/hunterSE_ws/build/hunter_msgs -- -j8 -l8
[0.746s] DEBUG:colcon.colcon_core.event_handler.log_command:Invoking command in '/home/r-taro-o/hunterSE_ws/build/ugv_sdk': /usr/bin/cmake --build /home/r-taro-o/hunterSE_ws/build/ugv_sdk -- -j8 -l8
[0.764s] DEBUG:colcon.colcon_core.event_handler.log_command:Invoking command in '/home/r-taro-o/hunterSE_ws/build/four_ws_control': CMAKE_PREFIX_PATH=/opt/ros/humble /usr/bin/cmake --build /home/r-taro-o/hunterSE_ws/build/four_ws_control -- -j8 -l8
[0.770s] DEBUG:colcon.colcon_core.event_handler.log_command:Invoking command in '/home/r-taro-o/hunterSE_ws/build/hunter_se_description': CMAKE_PREFIX_PATH=/opt/ros/humble /usr/bin/cmake --build /home/r-taro-o/hunterSE_ws/build/hunter_se_description -- -j8 -l8
[0.776s] DEBUG:colcon.colcon_core.event_handler.log_command:Invoking command in '/home/r-taro-o/hunterSE_ws/build/hunter_se_gazebo': CMAKE_PREFIX_PATH=/opt/ros/humble /usr/bin/cmake --build /home/r-taro-o/hunterSE_ws/build/hunter_se_gazebo -- -j8 -l8
[0.780s] DEBUG:colcon.colcon_core.event_handler.log_command:Invoking command in '/home/r-taro-o/hunterSE_ws/build/ranger_mini': CMAKE_PREFIX_PATH=/opt/ros/humble /usr/bin/cmake --build /home/r-taro-o/hunterSE_ws/build/ranger_mini -- -j8 -l8
[0.844s] DEBUG:colcon.colcon_core.event_handler.log_command:Invoked command in '/home/r-taro-o/hunterSE_ws/build/hunter_se_gazebo' returned '0': CMAKE_PREFIX_PATH=/opt/ros/humble /usr/bin/cmake --build /home/r-taro-o/hunterSE_ws/build/hunter_se_gazebo -- -j8 -l8
[0.848s] DEBUG:colcon.colcon_core.event_handler.log_command:Invoked command in '/home/r-taro-o/hunterSE_ws/build/hunter_se_description' returned '0': CMAKE_PREFIX_PATH=/opt/ros/humble /usr/bin/cmake --build /home/r-taro-o/hunterSE_ws/build/hunter_se_description -- -j8 -l8
[0.866s] DEBUG:colcon.colcon_core.event_handler.log_command:Invoked command in '/home/r-taro-o/hunterSE_ws/build/four_ws_control' returned '0': CMAKE_PREFIX_PATH=/opt/ros/humble /usr/bin/cmake --build /home/r-taro-o/hunterSE_ws/build/four_ws_control -- -j8 -l8
[0.897s] DEBUG:colcon.colcon_core.event_handler.log_command:Invoked command in '/home/r-taro-o/hunterSE_ws/build/ranger_mini' returned '0': CMAKE_PREFIX_PATH=/opt/ros/humble /usr/bin/cmake --build /home/r-taro-o/hunterSE_ws/build/ranger_mini -- -j8 -l8
[0.977s] DEBUG:colcon.colcon_core.event_handler.log_command:Invoking command in '/home/r-taro-o/hunterSE_ws/build/four_ws_control': CMAKE_PREFIX_PATH=/opt/ros/humble /usr/bin/cmake --install /home/r-taro-o/hunterSE_ws/build/four_ws_control
[1.004s] DEBUG:colcon.colcon_core.event_handler.log_command:Invoking command in '/home/r-taro-o/hunterSE_ws/build/hunter_se_gazebo': CMAKE_PREFIX_PATH=/opt/ros/humble /usr/bin/cmake --install /home/r-taro-o/hunterSE_ws/build/hunter_se_gazebo
[1.017s] DEBUG:colcon.colcon_core.event_handler.log_command:Invoking command in '/home/r-taro-o/hunterSE_ws/build/hunter_se_description': CMAKE_PREFIX_PATH=/opt/ros/humble /usr/bin/cmake --install /home/r-taro-o/hunterSE_ws/build/hunter_se_description
[1.025s] DEBUG:colcon.colcon_core.event_handler.log_command:Invoking command in '/home/r-taro-o/hunterSE_ws/build/ranger_mini': CMAKE_PREFIX_PATH=/opt/ros/humble /usr/bin/cmake --install /home/r-taro-o/hunterSE_ws/build/ranger_mini
[1.048s] Level 1:colcon.colcon_core.environment:create_environment_scripts_only(four_ws_control)
[1.050s] DEBUG:colcon.colcon_core.event_handler.log_command:Invoked command in '/home/r-taro-o/hunterSE_ws/build/four_ws_control' returned '0': CMAKE_PREFIX_PATH=/opt/ros/humble /usr/bin/cmake --install /home/r-taro-o/hunterSE_ws/build/four_ws_control
[1.081s] Level 1:colcon.colcon_core.environment:checking '/home/r-taro-o/hunterSE_ws/install/four_ws_control' for CMake module files
[1.096s] Level 1:colcon.colcon_core.environment:checking '/home/r-taro-o/hunterSE_ws/install/four_ws_control' for CMake config files
[1.104s] Level 1:colcon.colcon_core.shell:create_environment_hook('four_ws_control', 'cmake_prefix_path')
[1.104s] INFO:colcon.colcon_core.shell:Creating environment hook '/home/r-taro-o/hunterSE_ws/install/four_ws_control/share/four_ws_control/hook/cmake_prefix_path.ps1'
[1.106s] INFO:colcon.colcon_core.shell:Creating environment descriptor '/home/r-taro-o/hunterSE_ws/install/four_ws_control/share/four_ws_control/hook/cmake_prefix_path.dsv'
[1.108s] INFO:colcon.colcon_core.shell:Creating environment hook '/home/r-taro-o/hunterSE_ws/install/four_ws_control/share/four_ws_control/hook/cmake_prefix_path.sh'
[1.111s] Level 1:colcon.colcon_core.environment:checking '/home/r-taro-o/hunterSE_ws/install/four_ws_control/lib'
[1.111s] Level 1:colcon.colcon_core.environment:checking '/home/r-taro-o/hunterSE_ws/install/four_ws_control/bin'
[1.112s] Level 1:colcon.colcon_core.environment:checking '/home/r-taro-o/hunterSE_ws/install/four_ws_control/lib/pkgconfig/four_ws_control.pc'
[1.112s] Level 1:colcon.colcon_core.environment:checking '/home/r-taro-o/hunterSE_ws/install/four_ws_control/lib/python3.10/site-packages'
[1.113s] Level 1:colcon.colcon_core.environment:checking '/home/r-taro-o/hunterSE_ws/install/four_ws_control/bin'
[1.114s] INFO:colcon.colcon_core.shell:Creating package script '/home/r-taro-o/hunterSE_ws/install/four_ws_control/share/four_ws_control/package.ps1'
[1.116s] INFO:colcon.colcon_core.shell:Creating package descriptor '/home/r-taro-o/hunterSE_ws/install/four_ws_control/share/four_ws_control/package.dsv'
[1.118s] INFO:colcon.colcon_core.shell:Creating package script '/home/r-taro-o/hunterSE_ws/install/four_ws_control/share/four_ws_control/package.sh'
[1.119s] INFO:colcon.colcon_core.shell:Creating package script '/home/r-taro-o/hunterSE_ws/install/four_ws_control/share/four_ws_control/package.bash'
[1.121s] INFO:colcon.colcon_core.shell:Creating package script '/home/r-taro-o/hunterSE_ws/install/four_ws_control/share/four_ws_control/package.zsh'
[1.123s] Level 1:colcon.colcon_core.environment:create_file_with_runtime_dependencies(/home/r-taro-o/hunterSE_ws/install/four_ws_control/share/colcon-core/packages/four_ws_control)
[1.126s] Level 1:colcon.colcon_core.environment:create_environment_scripts_only(hunter_se_gazebo)
[1.127s] Level 1:colcon.colcon_core.environment:checking '/home/r-taro-o/hunterSE_ws/install/hunter_se_gazebo' for CMake module files
[1.128s] DEBUG:colcon.colcon_core.event_handler.log_command:Invoked command in '/home/r-taro-o/hunterSE_ws/build/hunter_se_gazebo' returned '0': CMAKE_PREFIX_PATH=/opt/ros/humble /usr/bin/cmake --install /home/r-taro-o/hunterSE_ws/build/hunter_se_gazebo
[1.130s] Level 1:colcon.colcon_core.environment:checking '/home/r-taro-o/hunterSE_ws/install/hunter_se_gazebo' for CMake config files
[1.131s] Level 1:colcon.colcon_core.shell:create_environment_hook('hunter_se_gazebo', 'cmake_prefix_path')
[1.132s] INFO:colcon.colcon_core.shell:Creating environment hook '/home/r-taro-o/hunterSE_ws/install/hunter_se_gazebo/share/hunter_se_gazebo/hook/cmake_prefix_path.ps1'
[1.133s] INFO:colcon.colcon_core.shell:Creating environment descriptor '/home/r-taro-o/hunterSE_ws/install/hunter_se_gazebo/share/hunter_se_gazebo/hook/cmake_prefix_path.dsv'
[1.134s] INFO:colcon.colcon_core.shell:Creating environment hook '/home/r-taro-o/hunterSE_ws/install/hunter_se_gazebo/share/hunter_se_gazebo/hook/cmake_prefix_path.sh'
[1.135s] Level 1:colcon.colcon_core.environment:checking '/home/r-taro-o/hunterSE_ws/install/hunter_se_gazebo/bin'
[1.136s] Level 1:colcon.colcon_core.environment:checking '/home/r-taro-o/hunterSE_ws/install/hunter_se_gazebo/lib/pkgconfig/hunter_se_gazebo.pc'
[1.136s] Level 1:colcon.colcon_core.environment:checking '/home/r-taro-o/hunterSE_ws/install/hunter_se_gazebo/lib/python3.10/site-packages'
[1.137s] Level 1:colcon.colcon_core.environment:checking '/home/r-taro-o/hunterSE_ws/install/hunter_se_gazebo/bin'
[1.138s] INFO:colcon.colcon_core.shell:Creating package script '/home/r-taro-o/hunterSE_ws/install/hunter_se_gazebo/share/hunter_se_gazebo/package.ps1'
[1.140s] INFO:colcon.colcon_core.shell:Creating package descriptor '/home/r-taro-o/hunterSE_ws/install/hunter_se_gazebo/share/hunter_se_gazebo/package.dsv'
[1.141s] INFO:colcon.colcon_core.shell:Creating package script '/home/r-taro-o/hunterSE_ws/install/hunter_se_gazebo/share/hunter_se_gazebo/package.sh'
[1.142s] INFO:colcon.colcon_core.shell:Creating package script '/home/r-taro-o/hunterSE_ws/install/hunter_se_gazebo/share/hunter_se_gazebo/package.bash'
[1.143s] INFO:colcon.colcon_core.shell:Creating package script '/home/r-taro-o/hunterSE_ws/install/hunter_se_gazebo/share/hunter_se_gazebo/package.zsh'
[1.144s] Level 1:colcon.colcon_core.environment:create_file_with_runtime_dependencies(/home/r-taro-o/hunterSE_ws/install/hunter_se_gazebo/share/colcon-core/packages/hunter_se_gazebo)
[1.147s] Level 1:colcon.colcon_core.environment:create_environment_scripts_only(hunter_se_description)
[1.148s] DEBUG:colcon.colcon_core.event_handler.log_command:Invoked command in '/home/r-taro-o/hunterSE_ws/build/hunter_se_description' returned '0': CMAKE_PREFIX_PATH=/opt/ros/humble /usr/bin/cmake --install /home/r-taro-o/hunterSE_ws/build/hunter_se_description
[1.149s] Level 1:colcon.colcon_core.environment:checking '/home/r-taro-o/hunterSE_ws/install/hunter_se_description' for CMake module files
[1.151s] Level 1:colcon.colcon_core.environment:checking '/home/r-taro-o/hunterSE_ws/install/hunter_se_description' for CMake config files
[1.152s] Level 1:colcon.colcon_core.shell:create_environment_hook('hunter_se_description', 'cmake_prefix_path')
[1.153s] INFO:colcon.colcon_core.shell:Creating environment hook '/home/r-taro-o/hunterSE_ws/install/hunter_se_description/share/hunter_se_description/hook/cmake_prefix_path.ps1'
[1.154s] INFO:colcon.colcon_core.shell:Creating environment descriptor '/home/r-taro-o/hunterSE_ws/install/hunter_se_description/share/hunter_se_description/hook/cmake_prefix_path.dsv'
[1.155s] INFO:colcon.colcon_core.shell:Creating environment hook '/home/r-taro-o/hunterSE_ws/install/hunter_se_description/share/hunter_se_description/hook/cmake_prefix_path.sh'
[1.156s] Level 1:colcon.colcon_core.environment:checking '/home/r-taro-o/hunterSE_ws/install/hunter_se_description/bin'
[1.157s] Level 1:colcon.colcon_core.environment:checking '/home/r-taro-o/hunterSE_ws/install/hunter_se_description/lib/pkgconfig/hunter_se_description.pc'
[1.157s] Level 1:colcon.colcon_core.environment:checking '/home/r-taro-o/hunterSE_ws/install/hunter_se_description/lib/python3.10/site-packages'
[1.158s] Level 1:colcon.colcon_core.environment:checking '/home/r-taro-o/hunterSE_ws/install/hunter_se_description/bin'
[1.159s] INFO:colcon.colcon_core.shell:Creating package script '/home/r-taro-o/hunterSE_ws/install/hunter_se_description/share/hunter_se_description/package.ps1'
[1.162s] INFO:colcon.colcon_core.shell:Creating package descriptor '/home/r-taro-o/hunterSE_ws/install/hunter_se_description/share/hunter_se_description/package.dsv'
[1.164s] INFO:colcon.colcon_core.shell:Creating package script '/home/r-taro-o/hunterSE_ws/install/hunter_se_description/share/hunter_se_description/package.sh'
[1.164s] INFO:colcon.colcon_core.shell:Creating package script '/home/r-taro-o/hunterSE_ws/install/hunter_se_description/share/hunter_se_description/package.bash'
[1.165s] INFO:colcon.colcon_core.shell:Creating package script '/home/r-taro-o/hunterSE_ws/install/hunter_se_description/share/hunter_se_description/package.zsh'
[1.166s] Level 1:colcon.colcon_core.environment:create_file_with_runtime_dependencies(/home/r-taro-o/hunterSE_ws/install/hunter_se_description/share/colcon-core/packages/hunter_se_description)
[1.172s] Level 1:colcon.colcon_core.environment:create_environment_scripts_only(ranger_mini)
[1.173s] Level 1:colcon.colcon_core.environment:checking '/home/r-taro-o/hunterSE_ws/install/ranger_mini' for CMake module files
[1.176s] Level 1:colcon.colcon_core.environment:checking '/home/r-taro-o/hunterSE_ws/install/ranger_mini' for CMake config files
[1.176s] DEBUG:colcon.colcon_core.event_handler.log_command:Invoked command in '/home/r-taro-o/hunterSE_ws/build/ranger_mini' returned '0': CMAKE_PREFIX_PATH=/opt/ros/humble /usr/bin/cmake --install /home/r-taro-o/hunterSE_ws/build/ranger_mini
[1.177s] Level 1:colcon.colcon_core.shell:create_environment_hook('ranger_mini', 'cmake_prefix_path')
[1.177s] INFO:colcon.colcon_core.shell:Creating environment hook '/home/r-taro-o/hunterSE_ws/install/ranger_mini/share/ranger_mini/hook/cmake_prefix_path.ps1'
[1.178s] INFO:colcon.colcon_core.shell:Creating environment descriptor '/home/r-taro-o/hunterSE_ws/install/ranger_mini/share/ranger_mini/hook/cmake_prefix_path.dsv'
[1.179s] INFO:colcon.colcon_core.shell:Creating environment hook '/home/r-taro-o/hunterSE_ws/install/ranger_mini/share/ranger_mini/hook/cmake_prefix_path.sh'
[1.180s] Level 1:colcon.colcon_core.environment:checking '/home/r-taro-o/hunterSE_ws/install/ranger_mini/bin'
[1.180s] Level 1:colcon.colcon_core.environment:checking '/home/r-taro-o/hunterSE_ws/install/ranger_mini/lib/pkgconfig/ranger_mini.pc'
[1.181s] Level 1:colcon.colcon_core.environment:checking '/home/r-taro-o/hunterSE_ws/install/ranger_mini/lib/python3.10/site-packages'
[1.181s] Level 1:colcon.colcon_core.environment:checking '/home/r-taro-o/hunterSE_ws/install/ranger_mini/bin'
[1.182s] INFO:colcon.colcon_core.shell:Creating package script '/home/r-taro-o/hunterSE_ws/install/ranger_mini/share/ranger_mini/package.ps1'
[1.183s] INFO:colcon.colcon_core.shell:Creating package descriptor '/home/r-taro-o/hunterSE_ws/install/ranger_mini/share/ranger_mini/package.dsv'
[1.184s] INFO:colcon.colcon_core.shell:Creating package script '/home/r-taro-o/hunterSE_ws/install/ranger_mini/share/ranger_mini/package.sh'
[1.185s] INFO:colcon.colcon_core.shell:Creating package script '/home/r-taro-o/hunterSE_ws/install/ranger_mini/share/ranger_mini/package.bash'
[1.186s] INFO:colcon.colcon_core.shell:Creating package script '/home/r-taro-o/hunterSE_ws/install/ranger_mini/share/ranger_mini/package.zsh'
[1.187s] Level 1:colcon.colcon_core.environment:create_file_with_runtime_dependencies(/home/r-taro-o/hunterSE_ws/install/ranger_mini/share/colcon-core/packages/ranger_mini)
[1.194s] Level 1:colcon.colcon_core.environment:create_environment_scripts_only(four_ws_control)
[1.195s] Level 1:colcon.colcon_core.environment:checking '/home/r-taro-o/hunterSE_ws/install/four_ws_control' for CMake module files
[1.196s] Level 1:colcon.colcon_core.environment:checking '/home/r-taro-o/hunterSE_ws/install/four_ws_control' for CMake config files
[1.197s] Level 1:colcon.colcon_core.shell:create_environment_hook('four_ws_control', 'cmake_prefix_path')
[1.198s] INFO:colcon.colcon_core.shell:Creating environment hook '/home/r-taro-o/hunterSE_ws/install/four_ws_control/share/four_ws_control/hook/cmake_prefix_path.ps1'
[1.199s] INFO:colcon.colcon_core.shell:Creating environment descriptor '/home/r-taro-o/hunterSE_ws/install/four_ws_control/share/four_ws_control/hook/cmake_prefix_path.dsv'
[1.200s] INFO:colcon.colcon_core.shell:Creating environment hook '/home/r-taro-o/hunterSE_ws/install/four_ws_control/share/four_ws_control/hook/cmake_prefix_path.sh'
[1.202s] Level 1:colcon.colcon_core.environment:checking '/home/r-taro-o/hunterSE_ws/install/four_ws_control/lib'
[1.202s] Level 1:colcon.colcon_core.environment:checking '/home/r-taro-o/hunterSE_ws/install/four_ws_control/bin'
[1.202s] Level 1:colcon.colcon_core.environment:checking '/home/r-taro-o/hunterSE_ws/install/four_ws_control/lib/pkgconfig/four_ws_control.pc'
[1.203s] Level 1:colcon.colcon_core.environment:checking '/home/r-taro-o/hunterSE_ws/install/four_ws_control/lib/python3.10/site-packages'
[1.204s] Level 1:colcon.colcon_core.environment:checking '/home/r-taro-o/hunterSE_ws/install/four_ws_control/bin'
[1.205s] INFO:colcon.colcon_core.shell:Creating package script '/home/r-taro-o/hunterSE_ws/install/four_ws_control/share/four_ws_control/package.ps1'
[1.206s] INFO:colcon.colcon_core.shell:Creating package descriptor '/home/r-taro-o/hunterSE_ws/install/four_ws_control/share/four_ws_control/package.dsv'
[1.208s] INFO:colcon.colcon_core.shell:Creating package script '/home/r-taro-o/hunterSE_ws/install/four_ws_control/share/four_ws_control/package.sh'
[1.209s] INFO:colcon.colcon_core.shell:Creating package script '/home/r-taro-o/hunterSE_ws/install/four_ws_control/share/four_ws_control/package.bash'
[1.210s] INFO:colcon.colcon_core.shell:Creating package script '/home/r-taro-o/hunterSE_ws/install/four_ws_control/share/four_ws_control/package.zsh'
[1.211s] Level 1:colcon.colcon_core.environment:create_file_with_runtime_dependencies(/home/r-taro-o/hunterSE_ws/install/four_ws_control/share/colcon-core/packages/four_ws_control)
[1.214s] Level 1:colcon.colcon_core.environment:create_environment_scripts_only(hunter_se_gazebo)
[1.214s] Level 1:colcon.colcon_core.environment:checking '/home/r-taro-o/hunterSE_ws/install/hunter_se_gazebo' for CMake module files
[1.218s] Level 1:colcon.colcon_core.environment:checking '/home/r-taro-o/hunterSE_ws/install/hunter_se_gazebo' for CMake config files
[1.219s] Level 1:colcon.colcon_core.shell:create_environment_hook('hunter_se_gazebo', 'cmake_prefix_path')
[1.219s] INFO:colcon.colcon_core.shell:Creating environment hook '/home/r-taro-o/hunterSE_ws/install/hunter_se_gazebo/share/hunter_se_gazebo/hook/cmake_prefix_path.ps1'
[1.220s] INFO:colcon.colcon_core.shell:Creating environment descriptor '/home/r-taro-o/hunterSE_ws/install/hunter_se_gazebo/share/hunter_se_gazebo/hook/cmake_prefix_path.dsv'
[1.221s] INFO:colcon.colcon_core.shell:Creating environment hook '/home/r-taro-o/hunterSE_ws/install/hunter_se_gazebo/share/hunter_se_gazebo/hook/cmake_prefix_path.sh'
[1.222s] Level 1:colcon.colcon_core.environment:checking '/home/r-taro-o/hunterSE_ws/install/hunter_se_gazebo/bin'
[1.222s] Level 1:colcon.colcon_core.environment:checking '/home/r-taro-o/hunterSE_ws/install/hunter_se_gazebo/lib/pkgconfig/hunter_se_gazebo.pc'
[1.222s] Level 1:colcon.colcon_core.environment:checking '/home/r-taro-o/hunterSE_ws/install/hunter_se_gazebo/lib/python3.10/site-packages'
[1.223s] Level 1:colcon.colcon_core.environment:checking '/home/r-taro-o/hunterSE_ws/install/hunter_se_gazebo/bin'
[1.223s] INFO:colcon.colcon_core.shell:Creating package script '/home/r-taro-o/hunterSE_ws/install/hunter_se_gazebo/share/hunter_se_gazebo/package.ps1'
[1.225s] INFO:colcon.colcon_core.shell:Creating package descriptor '/home/r-taro-o/hunterSE_ws/install/hunter_se_gazebo/share/hunter_se_gazebo/package.dsv'
[1.225s] INFO:colcon.colcon_core.shell:Creating package script '/home/r-taro-o/hunterSE_ws/install/hunter_se_gazebo/share/hunter_se_gazebo/package.sh'
[1.226s] INFO:colcon.colcon_core.shell:Creating package script '/home/r-taro-o/hunterSE_ws/install/hunter_se_gazebo/share/hunter_se_gazebo/package.bash'
[1.227s] INFO:colcon.colcon_core.shell:Creating package script '/home/r-taro-o/hunterSE_ws/install/hunter_se_gazebo/share/hunter_se_gazebo/package.zsh'
[1.228s] Level 1:colcon.colcon_core.environment:create_file_with_runtime_dependencies(/home/r-taro-o/hunterSE_ws/install/hunter_se_gazebo/share/colcon-core/packages/hunter_se_gazebo)
[1.234s] Level 1:colcon.colcon_core.environment:create_environment_scripts_only(hunter_se_description)
[1.235s] Level 1:colcon.colcon_core.environment:checking '/home/r-taro-o/hunterSE_ws/install/hunter_se_description' for CMake module files
[1.238s] DEBUG:colcon.colcon_core.event_handler.log_command:Invoked command in '/home/r-taro-o/hunterSE_ws/build/ugv_sdk' returned '0': /usr/bin/cmake --build /home/r-taro-o/hunterSE_ws/build/ugv_sdk -- -j8 -l8
[1.239s] Level 1:colcon.colcon_core.environment:checking '/home/r-taro-o/hunterSE_ws/install/hunter_se_description' for CMake config files
[1.239s] Level 1:colcon.colcon_core.shell:create_environment_hook('hunter_se_description', 'cmake_prefix_path')
[1.240s] INFO:colcon.colcon_core.shell:Creating environment hook '/home/r-taro-o/hunterSE_ws/install/hunter_se_description/share/hunter_se_description/hook/cmake_prefix_path.ps1'
[1.241s] INFO:colcon.colcon_core.shell:Creating environment descriptor '/home/r-taro-o/hunterSE_ws/install/hunter_se_description/share/hunter_se_description/hook/cmake_prefix_path.dsv'
[1.241s] INFO:colcon.colcon_core.shell:Creating environment hook '/home/r-taro-o/hunterSE_ws/install/hunter_se_description/share/hunter_se_description/hook/cmake_prefix_path.sh'
[1.242s] Level 1:colcon.colcon_core.environment:checking '/home/r-taro-o/hunterSE_ws/install/hunter_se_description/bin'
[1.242s] Level 1:colcon.colcon_core.environment:checking '/home/r-taro-o/hunterSE_ws/install/hunter_se_description/lib/pkgconfig/hunter_se_description.pc'
[1.243s] Level 1:colcon.colcon_core.environment:checking '/home/r-taro-o/hunterSE_ws/install/hunter_se_description/lib/python3.10/site-packages'
[1.243s] Level 1:colcon.colcon_core.environment:checking '/home/r-taro-o/hunterSE_ws/install/hunter_se_description/bin'
[1.244s] INFO:colcon.colcon_core.shell:Creating package script '/home/r-taro-o/hunterSE_ws/install/hunter_se_description/share/hunter_se_description/package.ps1'
[1.245s] INFO:colcon.colcon_core.shell:Creating package descriptor '/home/r-taro-o/hunterSE_ws/install/hunter_se_description/share/hunter_se_description/package.dsv'
[1.245s] INFO:colcon.colcon_core.shell:Creating package script '/home/r-taro-o/hunterSE_ws/install/hunter_se_description/share/hunter_se_description/package.sh'
[1.246s] INFO:colcon.colcon_core.shell:Creating package script '/home/r-taro-o/hunterSE_ws/install/hunter_se_description/share/hunter_se_description/package.bash'
[1.248s] INFO:colcon.colcon_core.shell:Creating package script '/home/r-taro-o/hunterSE_ws/install/hunter_se_description/share/hunter_se_description/package.zsh'
[1.249s] Level 1:colcon.colcon_core.environment:create_file_with_runtime_dependencies(/home/r-taro-o/hunterSE_ws/install/hunter_se_description/share/colcon-core/packages/hunter_se_description)
[1.251s] Level 1:colcon.colcon_core.environment:create_environment_scripts_only(ranger_mini)
[1.252s] Level 1:colcon.colcon_core.environment:checking '/home/r-taro-o/hunterSE_ws/install/ranger_mini' for CMake module files
[1.256s] Level 1:colcon.colcon_core.environment:checking '/home/r-taro-o/hunterSE_ws/install/ranger_mini' for CMake config files
[1.257s] Level 1:colcon.colcon_core.shell:create_environment_hook('ranger_mini', 'cmake_prefix_path')
[1.257s] INFO:colcon.colcon_core.shell:Creating environment hook '/home/r-taro-o/hunterSE_ws/install/ranger_mini/share/ranger_mini/hook/cmake_prefix_path.ps1'
[1.258s] INFO:colcon.colcon_core.shell:Creating environment descriptor '/home/r-taro-o/hunterSE_ws/install/ranger_mini/share/ranger_mini/hook/cmake_prefix_path.dsv'
[1.259s] INFO:colcon.colcon_core.shell:Creating environment hook '/home/r-taro-o/hunterSE_ws/install/ranger_mini/share/ranger_mini/hook/cmake_prefix_path.sh'
[1.260s] Level 1:colcon.colcon_core.environment:checking '/home/r-taro-o/hunterSE_ws/install/ranger_mini/bin'
[1.260s] Level 1:colcon.colcon_core.environment:checking '/home/r-taro-o/hunterSE_ws/install/ranger_mini/lib/pkgconfig/ranger_mini.pc'
[1.261s] Level 1:colcon.colcon_core.environment:checking '/home/r-taro-o/hunterSE_ws/install/ranger_mini/lib/python3.10/site-packages'
[1.261s] Level 1:colcon.colcon_core.environment:checking '/home/r-taro-o/hunterSE_ws/install/ranger_mini/bin'
[1.262s] INFO:colcon.colcon_core.shell:Creating package script '/home/r-taro-o/hunterSE_ws/install/ranger_mini/share/ranger_mini/package.ps1'
[1.265s] INFO:colcon.colcon_core.shell:Creating package descriptor '/home/r-taro-o/hunterSE_ws/install/ranger_mini/share/ranger_mini/package.dsv'
[1.266s] INFO:colcon.colcon_core.shell:Creating package script '/home/r-taro-o/hunterSE_ws/install/ranger_mini/share/ranger_mini/package.sh'
[1.268s] INFO:colcon.colcon_core.shell:Creating package script '/home/r-taro-o/hunterSE_ws/install/ranger_mini/share/ranger_mini/package.bash'
[1.270s] INFO:colcon.colcon_core.shell:Creating package script '/home/r-taro-o/hunterSE_ws/install/ranger_mini/share/ranger_mini/package.zsh'
[1.271s] Level 1:colcon.colcon_core.environment:create_file_with_runtime_dependencies(/home/r-taro-o/hunterSE_ws/install/ranger_mini/share/colcon-core/packages/ranger_mini)
[1.420s] DEBUG:colcon.colcon_core.event_handler.log_command:Invoking command in '/home/r-taro-o/hunterSE_ws/build/ugv_sdk': /usr/bin/cmake --install /home/r-taro-o/hunterSE_ws/build/ugv_sdk
[1.449s] DEBUG:colcon.colcon_core.event_handler.log_command:Invoked command in '/home/r-taro-o/hunterSE_ws/build/ugv_sdk' returned '0': /usr/bin/cmake --install /home/r-taro-o/hunterSE_ws/build/ugv_sdk
[1.541s] Level 1:colcon.colcon_core.shell:create_environment_hook('ugv_sdk', 'ros_package_path')
[1.541s] INFO:colcon.colcon_core.shell:Creating environment hook '/home/r-taro-o/hunterSE_ws/install/ugv_sdk/share/ugv_sdk/hook/ros_package_path.ps1'
[1.542s] INFO:colcon.colcon_core.shell:Creating environment descriptor '/home/r-taro-o/hunterSE_ws/install/ugv_sdk/share/ugv_sdk/hook/ros_package_path.dsv'
[1.542s] INFO:colcon.colcon_core.shell:Creating environment hook '/home/r-taro-o/hunterSE_ws/install/ugv_sdk/share/ugv_sdk/hook/ros_package_path.sh'
[1.543s] Level 1:colcon.colcon_core.shell:create_environment_hook('ugv_sdk', 'pkg_config_path')
[1.543s] INFO:colcon.colcon_core.shell:Creating environment hook '/home/r-taro-o/hunterSE_ws/install/ugv_sdk/share/ugv_sdk/hook/pkg_config_path.ps1'
[1.544s] INFO:colcon.colcon_core.shell:Creating environment descriptor '/home/r-taro-o/hunterSE_ws/install/ugv_sdk/share/ugv_sdk/hook/pkg_config_path.dsv'
[1.544s] INFO:colcon.colcon_core.shell:Creating environment hook '/home/r-taro-o/hunterSE_ws/install/ugv_sdk/share/ugv_sdk/hook/pkg_config_path.sh'
[1.547s] Level 1:colcon.colcon_core.shell:create_environment_hook('ugv_sdk', 'pkg_config_path_multiarch')
[1.547s] INFO:colcon.colcon_core.shell:Creating environment hook '/home/r-taro-o/hunterSE_ws/install/ugv_sdk/share/ugv_sdk/hook/pkg_config_path_multiarch.ps1'
[1.548s] INFO:colcon.colcon_core.shell:Creating environment descriptor '/home/r-taro-o/hunterSE_ws/install/ugv_sdk/share/ugv_sdk/hook/pkg_config_path_multiarch.dsv'
[1.549s] INFO:colcon.colcon_core.shell:Creating environment hook '/home/r-taro-o/hunterSE_ws/install/ugv_sdk/share/ugv_sdk/hook/pkg_config_path_multiarch.sh'
[1.551s] Level 1:colcon.colcon_core.environment:create_environment_scripts_only(ugv_sdk)
[1.551s] Level 1:colcon.colcon_core.environment:checking '/home/r-taro-o/hunterSE_ws/install/ugv_sdk' for CMake module files
[1.552s] Level 1:colcon.colcon_core.environment:checking '/home/r-taro-o/hunterSE_ws/install/ugv_sdk' for CMake config files
[1.552s] Level 1:colcon.colcon_core.shell:create_environment_hook('ugv_sdk', 'cmake_prefix_path')
[1.553s] INFO:colcon.colcon_core.shell:Creating environment hook '/home/r-taro-o/hunterSE_ws/install/ugv_sdk/share/ugv_sdk/hook/cmake_prefix_path.ps1'
[1.554s] INFO:colcon.colcon_core.shell:Creating environment descriptor '/home/r-taro-o/hunterSE_ws/install/ugv_sdk/share/ugv_sdk/hook/cmake_prefix_path.dsv'
[1.555s] INFO:colcon.colcon_core.shell:Creating environment hook '/home/r-taro-o/hunterSE_ws/install/ugv_sdk/share/ugv_sdk/hook/cmake_prefix_path.sh'
[1.557s] Level 1:colcon.colcon_core.environment:checking '/home/r-taro-o/hunterSE_ws/install/ugv_sdk/lib'
[1.557s] Level 1:colcon.colcon_core.environment:checking '/home/r-taro-o/hunterSE_ws/install/ugv_sdk/bin'
[1.558s] Level 1:colcon.colcon_core.environment:checking '/home/r-taro-o/hunterSE_ws/install/ugv_sdk/lib/pkgconfig/ugv_sdk.pc'
[1.559s] Level 1:colcon.colcon_core.environment:checking '/home/r-taro-o/hunterSE_ws/install/ugv_sdk/lib/python3.10/site-packages'
[1.559s] Level 1:colcon.colcon_core.environment:checking '/home/r-taro-o/hunterSE_ws/install/ugv_sdk/bin'
[1.560s] INFO:colcon.colcon_core.shell:Creating package script '/home/r-taro-o/hunterSE_ws/install/ugv_sdk/share/ugv_sdk/package.ps1'
[1.561s] INFO:colcon.colcon_core.shell:Creating package descriptor '/home/r-taro-o/hunterSE_ws/install/ugv_sdk/share/ugv_sdk/package.dsv'
[1.562s] INFO:colcon.colcon_core.shell:Creating package script '/home/r-taro-o/hunterSE_ws/install/ugv_sdk/share/ugv_sdk/package.sh'
[1.563s] INFO:colcon.colcon_core.shell:Creating package script '/home/r-taro-o/hunterSE_ws/install/ugv_sdk/share/ugv_sdk/package.bash'
[1.563s] INFO:colcon.colcon_core.shell:Creating package script '/home/r-taro-o/hunterSE_ws/install/ugv_sdk/share/ugv_sdk/package.zsh'
[1.564s] Level 1:colcon.colcon_core.environment:create_file_with_runtime_dependencies(/home/r-taro-o/hunterSE_ws/install/ugv_sdk/share/colcon-core/packages/ugv_sdk)
[1.600s] DEBUG:colcon.colcon_core.event_handler.log_command:Invoked command in '/home/r-taro-o/hunterSE_ws/build/hunter_msgs' returned '0': CMAKE_PREFIX_PATH=/opt/ros/humble /usr/bin/cmake --build /home/r-taro-o/hunterSE_ws/build/hunter_msgs -- -j8 -l8
[1.860s] DEBUG:colcon.colcon_core.event_handler.log_command:Invoking command in '/home/r-taro-o/hunterSE_ws/build/hunter_msgs': CMAKE_PREFIX_PATH=/opt/ros/humble /usr/bin/cmake --install /home/r-taro-o/hunterSE_ws/build/hunter_msgs
[2.002s] Level 1:colcon.colcon_core.environment:create_environment_scripts_only(hunter_msgs)
[2.003s] Level 1:colcon.colcon_core.environment:checking '/home/r-taro-o/hunterSE_ws/install/hunter_msgs' for CMake module files
[2.005s] DEBUG:colcon.colcon_core.event_handler.log_command:Invoked command in '/home/r-taro-o/hunterSE_ws/build/hunter_msgs' returned '0': CMAKE_PREFIX_PATH=/opt/ros/humble /usr/bin/cmake --install /home/r-taro-o/hunterSE_ws/build/hunter_msgs
[2.006s] Level 1:colcon.colcon_core.environment:checking '/home/r-taro-o/hunterSE_ws/install/hunter_msgs' for CMake config files
[2.007s] Level 1:colcon.colcon_core.shell:create_environment_hook('hunter_msgs', 'cmake_prefix_path')
[2.008s] INFO:colcon.colcon_core.shell:Creating environment hook '/home/r-taro-o/hunterSE_ws/install/hunter_msgs/share/hunter_msgs/hook/cmake_prefix_path.ps1'
[2.008s] INFO:colcon.colcon_core.shell:Creating environment descriptor '/home/r-taro-o/hunterSE_ws/install/hunter_msgs/share/hunter_msgs/hook/cmake_prefix_path.dsv'
[2.009s] INFO:colcon.colcon_core.shell:Creating environment hook '/home/r-taro-o/hunterSE_ws/install/hunter_msgs/share/hunter_msgs/hook/cmake_prefix_path.sh'
[2.010s] Level 1:colcon.colcon_core.environment:checking '/home/r-taro-o/hunterSE_ws/install/hunter_msgs/lib'
[2.010s] Level 1:colcon.colcon_core.shell:create_environment_hook('hunter_msgs', 'ld_library_path_lib')
[2.010s] INFO:colcon.colcon_core.shell:Creating environment hook '/home/r-taro-o/hunterSE_ws/install/hunter_msgs/share/hunter_msgs/hook/ld_library_path_lib.ps1'
[2.011s] INFO:colcon.colcon_core.shell:Creating environment descriptor '/home/r-taro-o/hunterSE_ws/install/hunter_msgs/share/hunter_msgs/hook/ld_library_path_lib.dsv'
[2.011s] INFO:colcon.colcon_core.shell:Creating environment hook '/home/r-taro-o/hunterSE_ws/install/hunter_msgs/share/hunter_msgs/hook/ld_library_path_lib.sh'
[2.012s] Level 1:colcon.colcon_core.environment:checking '/home/r-taro-o/hunterSE_ws/install/hunter_msgs/bin'
[2.012s] Level 1:colcon.colcon_core.environment:checking '/home/r-taro-o/hunterSE_ws/install/hunter_msgs/lib/pkgconfig/hunter_msgs.pc'
[2.013s] Level 1:colcon.colcon_core.environment:checking '/home/r-taro-o/hunterSE_ws/install/hunter_msgs/lib/python3.10/site-packages'
[2.013s] Level 1:colcon.colcon_core.environment:checking '/home/r-taro-o/hunterSE_ws/install/hunter_msgs/bin'
[2.014s] INFO:colcon.colcon_core.shell:Creating package script '/home/r-taro-o/hunterSE_ws/install/hunter_msgs/share/hunter_msgs/package.ps1'
[2.014s] INFO:colcon.colcon_core.shell:Creating package descriptor '/home/r-taro-o/hunterSE_ws/install/hunter_msgs/share/hunter_msgs/package.dsv'
[2.015s] INFO:colcon.colcon_core.shell:Creating package script '/home/r-taro-o/hunterSE_ws/install/hunter_msgs/share/hunter_msgs/package.sh'
[2.016s] INFO:colcon.colcon_core.shell:Creating package script '/home/r-taro-o/hunterSE_ws/install/hunter_msgs/share/hunter_msgs/package.bash'
[2.016s] INFO:colcon.colcon_core.shell:Creating package script '/home/r-taro-o/hunterSE_ws/install/hunter_msgs/share/hunter_msgs/package.zsh'
[2.017s] Level 1:colcon.colcon_core.environment:create_file_with_runtime_dependencies(/home/r-taro-o/hunterSE_ws/install/hunter_msgs/share/colcon-core/packages/hunter_msgs)
[2.255s] Level 1:colcon.colcon_core.environment:create_environment_scripts_only(hunter_msgs)
[2.256s] Level 1:colcon.colcon_core.environment:checking '/home/r-taro-o/hunterSE_ws/install/hunter_msgs' for CMake module files
[2.257s] Level 1:colcon.colcon_core.environment:checking '/home/r-taro-o/hunterSE_ws/install/hunter_msgs' for CMake config files
[2.259s] Level 1:colcon.colcon_core.shell:create_environment_hook('hunter_msgs', 'cmake_prefix_path')
[2.260s] INFO:colcon.colcon_core.shell:Creating environment hook '/home/r-taro-o/hunterSE_ws/install/hunter_msgs/share/hunter_msgs/hook/cmake_prefix_path.ps1'
[2.262s] INFO:colcon.colcon_core.shell:Creating environment descriptor '/home/r-taro-o/hunterSE_ws/install/hunter_msgs/share/hunter_msgs/hook/cmake_prefix_path.dsv'
[2.263s] INFO:colcon.colcon_core.shell:Creating environment hook '/home/r-taro-o/hunterSE_ws/install/hunter_msgs/share/hunter_msgs/hook/cmake_prefix_path.sh'
[2.264s] Level 1:colcon.colcon_core.environment:checking '/home/r-taro-o/hunterSE_ws/install/hunter_msgs/lib'
[2.264s] Level 1:colcon.colcon_core.shell:create_environment_hook('hunter_msgs', 'ld_library_path_lib')
[2.264s] INFO:colcon.colcon_core.shell:Creating environment hook '/home/r-taro-o/hunterSE_ws/install/hunter_msgs/share/hunter_msgs/hook/ld_library_path_lib.ps1'
[2.265s] INFO:colcon.colcon_core.shell:Creating environment descriptor '/home/r-taro-o/hunterSE_ws/install/hunter_msgs/share/hunter_msgs/hook/ld_library_path_lib.dsv'
[2.266s] INFO:colcon.colcon_core.shell:Creating environment hook '/home/r-taro-o/hunterSE_ws/install/hunter_msgs/share/hunter_msgs/hook/ld_library_path_lib.sh'
[2.266s] Level 1:colcon.colcon_core.environment:checking '/home/r-taro-o/hunterSE_ws/install/hunter_msgs/bin'
[2.266s] Level 1:colcon.colcon_core.environment:checking '/home/r-taro-o/hunterSE_ws/install/hunter_msgs/lib/pkgconfig/hunter_msgs.pc'
[2.267s] Level 1:colcon.colcon_core.environment:checking '/home/r-taro-o/hunterSE_ws/install/hunter_msgs/lib/python3.10/site-packages'
[2.267s] Level 1:colcon.colcon_core.environment:checking '/home/r-taro-o/hunterSE_ws/install/hunter_msgs/bin'
[2.268s] INFO:colcon.colcon_core.shell:Creating package script '/home/r-taro-o/hunterSE_ws/install/hunter_msgs/share/hunter_msgs/package.ps1'
[2.269s] INFO:colcon.colcon_core.shell:Creating package descriptor '/home/r-taro-o/hunterSE_ws/install/hunter_msgs/share/hunter_msgs/package.dsv'
[2.269s] INFO:colcon.colcon_core.shell:Creating package script '/home/r-taro-o/hunterSE_ws/install/hunter_msgs/share/hunter_msgs/package.sh'
[2.270s] INFO:colcon.colcon_core.shell:Creating package script '/home/r-taro-o/hunterSE_ws/install/hunter_msgs/share/hunter_msgs/package.bash'
[2.270s] INFO:colcon.colcon_core.shell:Creating package script '/home/r-taro-o/hunterSE_ws/install/hunter_msgs/share/hunter_msgs/package.zsh'
[2.271s] Level 1:colcon.colcon_core.environment:create_file_with_runtime_dependencies(/home/r-taro-o/hunterSE_ws/install/hunter_msgs/share/colcon-core/packages/hunter_msgs)
[2.272s] INFO:colcon.colcon_ros.task.ament_cmake.build:Building ROS package in '/home/r-taro-o/hunterSE_ws/src/hunter_ros2/hunter_base' with build type 'ament_cmake'
[2.272s] INFO:colcon.colcon_cmake.task.cmake.build:Building CMake package in '/home/r-taro-o/hunterSE_ws/src/hunter_ros2/hunter_base'
[2.272s] INFO:colcon.colcon_core.shell:Skip shell extension 'powershell' for command environment: Not usable outside of PowerShell
[2.273s] DEBUG:colcon.colcon_core.shell:Skip shell extension 'dsv' for command environment
[2.486s] DEBUG:colcon.colcon_core.event_handler.log_command:Invoking command in '/home/r-taro-o/hunterSE_ws/build/hunter_base': AMENT_PREFIX_PATH=/home/r-taro-o/hunterSE_ws/install/hunter_msgs:${AMENT_PREFIX_PATH} CMAKE_PREFIX_PATH=/opt/ros/humble:/home/r-taro-o/hunterSE_ws/install/ugv_sdk:/home/r-taro-o/hunterSE_ws/install/hunter_msgs LD_LIBRARY_PATH=/home/r-taro-o/hunterSE_ws/install/hunter_msgs/lib:${LD_LIBRARY_PATH} PKG_CONFIG_PATH=/home/r-taro-o/hunterSE_ws/install/ugv_sdk/lib/x86_64-linux-gnu/pkgconfig:/home/r-taro-o/hunterSE_ws/install/ugv_sdk/lib/pkgconfig PYTHONPATH=/home/r-taro-o/hunterSE_ws/install/hunter_msgs/local/lib/python3.10/dist-packages:${PYTHONPATH} ROS_PACKAGE_PATH=/home/r-taro-o/hunterSE_ws/install/ugv_sdk/share /usr/bin/cmake --build /home/r-taro-o/hunterSE_ws/build/hunter_base -- -j8 -l8
[2.593s] DEBUG:colcon.colcon_core.event_handler.log_command:Invoked command in '/home/r-taro-o/hunterSE_ws/build/hunter_base' returned '0': AMENT_PREFIX_PATH=/home/r-taro-o/hunterSE_ws/install/hunter_msgs:${AMENT_PREFIX_PATH} CMAKE_PREFIX_PATH=/opt/ros/humble:/home/r-taro-o/hunterSE_ws/install/ugv_sdk:/home/r-taro-o/hunterSE_ws/install/hunter_msgs LD_LIBRARY_PATH=/home/r-taro-o/hunterSE_ws/install/hunter_msgs/lib:${LD_LIBRARY_PATH} PKG_CONFIG_PATH=/home/r-taro-o/hunterSE_ws/install/ugv_sdk/lib/x86_64-linux-gnu/pkgconfig:/home/r-taro-o/hunterSE_ws/install/ugv_sdk/lib/pkgconfig PYTHONPATH=/home/r-taro-o/hunterSE_ws/install/hunter_msgs/local/lib/python3.10/dist-packages:${PYTHONPATH} ROS_PACKAGE_PATH=/home/r-taro-o/hunterSE_ws/install/ugv_sdk/share /usr/bin/cmake --build /home/r-taro-o/hunterSE_ws/build/hunter_base -- -j8 -l8
[2.647s] DEBUG:colcon.colcon_core.event_handler.log_command:Invoking command in '/home/r-taro-o/hunterSE_ws/build/hunter_base': AMENT_PREFIX_PATH=/home/r-taro-o/hunterSE_ws/install/hunter_msgs:${AMENT_PREFIX_PATH} CMAKE_PREFIX_PATH=/opt/ros/humble:/home/r-taro-o/hunterSE_ws/install/ugv_sdk:/home/r-taro-o/hunterSE_ws/install/hunter_msgs LD_LIBRARY_PATH=/home/r-taro-o/hunterSE_ws/install/hunter_msgs/lib:${LD_LIBRARY_PATH} PKG_CONFIG_PATH=/home/r-taro-o/hunterSE_ws/install/ugv_sdk/lib/x86_64-linux-gnu/pkgconfig:/home/r-taro-o/hunterSE_ws/install/ugv_sdk/lib/pkgconfig PYTHONPATH=/home/r-taro-o/hunterSE_ws/install/hunter_msgs/local/lib/python3.10/dist-packages:${PYTHONPATH} ROS_PACKAGE_PATH=/home/r-taro-o/hunterSE_ws/install/ugv_sdk/share /usr/bin/cmake --install /home/r-taro-o/hunterSE_ws/build/hunter_base
[2.674s] Level 1:colcon.colcon_core.environment:create_environment_scripts_only(hunter_base)
[2.675s] Level 1:colcon.colcon_core.environment:checking '/home/r-taro-o/hunterSE_ws/install/hunter_base' for CMake module files
[2.688s] Level 1:colcon.colcon_core.environment:checking '/home/r-taro-o/hunterSE_ws/install/hunter_base' for CMake config files
[2.696s] Level 1:colcon.colcon_core.shell:create_environment_hook('hunter_base', 'cmake_prefix_path')
[2.697s] INFO:colcon.colcon_core.shell:Creating environment hook '/home/r-taro-o/hunterSE_ws/install/hunter_base/share/hunter_base/hook/cmake_prefix_path.ps1'
[2.698s] DEBUG:colcon.colcon_core.event_handler.log_command:Invoked command in '/home/r-taro-o/hunterSE_ws/build/hunter_base' returned '0': AMENT_PREFIX_PATH=/home/r-taro-o/hunterSE_ws/install/hunter_msgs:${AMENT_PREFIX_PATH} CMAKE_PREFIX_PATH=/opt/ros/humble:/home/r-taro-o/hunterSE_ws/install/ugv_sdk:/home/r-taro-o/hunterSE_ws/install/hunter_msgs LD_LIBRARY_PATH=/home/r-taro-o/hunterSE_ws/install/hunter_msgs/lib:${LD_LIBRARY_PATH} PKG_CONFIG_PATH=/home/r-taro-o/hunterSE_ws/install/ugv_sdk/lib/x86_64-linux-gnu/pkgconfig:/home/r-taro-o/hunterSE_ws/install/ugv_sdk/lib/pkgconfig PYTHONPATH=/home/r-taro-o/hunterSE_ws/install/hunter_msgs/local/lib/python3.10/dist-packages:${PYTHONPATH} ROS_PACKAGE_PATH=/home/r-taro-o/hunterSE_ws/install/ugv_sdk/share /usr/bin/cmake --install /home/r-taro-o/hunterSE_ws/build/hunter_base
[2.698s] INFO:colcon.colcon_core.shell:Creating environment descriptor '/home/r-taro-o/hunterSE_ws/install/hunter_base/share/hunter_base/hook/cmake_prefix_path.dsv'
[2.699s] INFO:colcon.colcon_core.shell:Creating environment hook '/home/r-taro-o/hunterSE_ws/install/hunter_base/share/hunter_base/hook/cmake_prefix_path.sh'
[2.701s] Level 1:colcon.colcon_core.environment:checking '/home/r-taro-o/hunterSE_ws/install/hunter_base/lib'
[2.701s] Level 1:colcon.colcon_core.environment:checking '/home/r-taro-o/hunterSE_ws/install/hunter_base/bin'
[2.701s] Level 1:colcon.colcon_core.environment:checking '/home/r-taro-o/hunterSE_ws/install/hunter_base/lib/pkgconfig/hunter_base.pc'
[2.701s] Level 1:colcon.colcon_core.environment:checking '/home/r-taro-o/hunterSE_ws/install/hunter_base/lib/python3.10/site-packages'
[2.702s] Level 1:colcon.colcon_core.environment:checking '/home/r-taro-o/hunterSE_ws/install/hunter_base/bin'
[2.703s] INFO:colcon.colcon_core.shell:Creating package script '/home/r-taro-o/hunterSE_ws/install/hunter_base/share/hunter_base/package.ps1'
[2.704s] INFO:colcon.colcon_core.shell:Creating package descriptor '/home/r-taro-o/hunterSE_ws/install/hunter_base/share/hunter_base/package.dsv'
[2.705s] INFO:colcon.colcon_core.shell:Creating package script '/home/r-taro-o/hunterSE_ws/install/hunter_base/share/hunter_base/package.sh'
[2.707s] INFO:colcon.colcon_core.shell:Creating package script '/home/r-taro-o/hunterSE_ws/install/hunter_base/share/hunter_base/package.bash'
[2.708s] INFO:colcon.colcon_core.shell:Creating package script '/home/r-taro-o/hunterSE_ws/install/hunter_base/share/hunter_base/package.zsh'
[2.709s] Level 1:colcon.colcon_core.environment:create_file_with_runtime_dependencies(/home/r-taro-o/hunterSE_ws/install/hunter_base/share/colcon-core/packages/hunter_base)
[2.760s] Level 1:colcon.colcon_core.environment:create_environment_scripts_only(hunter_base)
[2.760s] Level 1:colcon.colcon_core.environment:checking '/home/r-taro-o/hunterSE_ws/install/hunter_base' for CMake module files
[2.761s] Level 1:colcon.colcon_core.environment:checking '/home/r-taro-o/hunterSE_ws/install/hunter_base' for CMake config files
[2.761s] Level 1:colcon.colcon_core.shell:create_environment_hook('hunter_base', 'cmake_prefix_path')
[2.761s] INFO:colcon.colcon_core.shell:Creating environment hook '/home/r-taro-o/hunterSE_ws/install/hunter_base/share/hunter_base/hook/cmake_prefix_path.ps1'
[2.762s] INFO:colcon.colcon_core.shell:Creating environment descriptor '/home/r-taro-o/hunterSE_ws/install/hunter_base/share/hunter_base/hook/cmake_prefix_path.dsv'
[2.762s] INFO:colcon.colcon_core.shell:Creating environment hook '/home/r-taro-o/hunterSE_ws/install/hunter_base/share/hunter_base/hook/cmake_prefix_path.sh'
[2.763s] Level 1:colcon.colcon_core.environment:checking '/home/r-taro-o/hunterSE_ws/install/hunter_base/lib'
[2.763s] Level 1:colcon.colcon_core.environment:checking '/home/r-taro-o/hunterSE_ws/install/hunter_base/bin'
[2.763s] Level 1:colcon.colcon_core.environment:checking '/home/r-taro-o/hunterSE_ws/install/hunter_base/lib/pkgconfig/hunter_base.pc'
[2.764s] Level 1:colcon.colcon_core.environment:checking '/home/r-taro-o/hunterSE_ws/install/hunter_base/lib/python3.10/site-packages'
[2.764s] Level 1:colcon.colcon_core.environment:checking '/home/r-taro-o/hunterSE_ws/install/hunter_base/bin'
[2.764s] INFO:colcon.colcon_core.shell:Creating package script '/home/r-taro-o/hunterSE_ws/install/hunter_base/share/hunter_base/package.ps1'
[2.766s] INFO:colcon.colcon_core.shell:Creating package descriptor '/home/r-taro-o/hunterSE_ws/install/hunter_base/share/hunter_base/package.dsv'
[2.767s] INFO:colcon.colcon_core.shell:Creating package script '/home/r-taro-o/hunterSE_ws/install/hunter_base/share/hunter_base/package.sh'
[2.768s] INFO:colcon.colcon_core.shell:Creating package script '/home/r-taro-o/hunterSE_ws/install/hunter_base/share/hunter_base/package.bash'
[2.769s] INFO:colcon.colcon_core.shell:Creating package script '/home/r-taro-o/hunterSE_ws/install/hunter_base/share/hunter_base/package.zsh'
[2.770s] Level 1:colcon.colcon_core.environment:create_file_with_runtime_dependencies(/home/r-taro-o/hunterSE_ws/install/hunter_base/share/colcon-core/packages/hunter_base)
[2.771s] DEBUG:colcon.colcon_parallel_executor.executor.parallel:closing loop
[2.773s] DEBUG:colcon.colcon_parallel_executor.executor.parallel:loop closed
[2.773s] DEBUG:colcon.colcon_parallel_executor.executor.parallel:run_until_complete finished with '0'
[2.774s] DEBUG:colcon.colcon_core.event_reactor:joining thread
[2.824s] INFO:colcon.colcon_core.plugin_system:Skipping extension 'colcon_notification.desktop_notification.notify_send': Could not find 'notify-send'
[2.824s] INFO:colcon.colcon_core.plugin_system:Skipping extension 'colcon_notification.desktop_notification.terminal_notifier': Not used on non-Darwin systems
[2.824s] INFO:colcon.colcon_core.plugin_system:Skipping extension 'colcon_notification.desktop_notification.win32': Not used on non-Windows systems
[2.824s] INFO:colcon.colcon_notification.desktop_notification:Sending desktop notification using 'notify2'
[2.825s] DEBUG:colcon.colcon_notification.desktop_notification.notify2:Failed to initialize notify2: org.freedesktop.DBus.Error.FileNotFound: Failed to connect to socket /run/user/1000/bus: No such file or directory
[2.825s] DEBUG:colcon.colcon_core.event_reactor:joined thread
[2.826s] INFO:colcon.colcon_core.shell:Creating prefix script '/home/r-taro-o/hunterSE_ws/install/local_setup.ps1'
[2.827s] INFO:colcon.colcon_core.shell:Creating prefix util module '/home/r-taro-o/hunterSE_ws/install/_local_setup_util_ps1.py'
[2.830s] INFO:colcon.colcon_core.shell:Creating prefix chain script '/home/r-taro-o/hunterSE_ws/install/setup.ps1'
[2.831s] INFO:colcon.colcon_core.shell:Creating prefix script '/home/r-taro-o/hunterSE_ws/install/local_setup.sh'
[2.833s] INFO:colcon.colcon_core.shell:Creating prefix util module '/home/r-taro-o/hunterSE_ws/install/_local_setup_util_sh.py'
[2.834s] INFO:colcon.colcon_core.shell:Creating prefix chain script '/home/r-taro-o/hunterSE_ws/install/setup.sh'
[2.837s] INFO:colcon.colcon_core.shell:Creating prefix script '/home/r-taro-o/hunterSE_ws/install/local_setup.bash'
[2.839s] INFO:colcon.colcon_core.shell:Creating prefix chain script '/home/r-taro-o/hunterSE_ws/install/setup.bash'
[2.841s] INFO:colcon.colcon_core.shell:Creating prefix script '/home/r-taro-o/hunterSE_ws/install/local_setup.zsh'
[2.841s] INFO:colcon.colcon_core.shell:Creating prefix chain script '/home/r-taro-o/hunterSE_ws/install/setup.zsh'
