[0.064s] Invoking command in '/home/r-taro-o/hunterSE_ws/build/ranger_mini': CMAKE_PREFIX_PATH=/opt/ros/humble /usr/bin/cmake --build /home/r-taro-o/hunterSE_ws/build/ranger_mini -- -j8 -l8
[0.182s] Invoked command in '/home/r-taro-o/hunterSE_ws/build/ranger_mini' returned '0': CMAKE_PREFIX_PATH=/opt/ros/humble /usr/bin/cmake --build /home/r-taro-o/hunterSE_ws/build/ranger_mini -- -j8 -l8
[0.309s] Invoking command in '/home/r-taro-o/hunterSE_ws/build/ranger_mini': CMAKE_PREFIX_PATH=/opt/ros/humble /usr/bin/cmake --install /home/r-taro-o/hunterSE_ws/build/ranger_mini
[0.363s] -- Install configuration: ""
[0.363s] -- Up-to-date: /home/r-taro-o/hunterSE_ws/install/ranger_mini/share/ranger_mini/launch
[0.364s] -- Up-to-date: /home/r-taro-o/hunterSE_ws/install/ranger_mini/share/ranger_mini/launch/ranger_mini_v2_display.launch.py
[0.364s] -- Up-to-date: /home/r-taro-o/hunterSE_ws/install/ranger_mini/share/ranger_mini/launch/ranger_mini_v2_gazebo.launch.py
[0.368s] -- Up-to-date: /home/r-taro-o/hunterSE_ws/install/ranger_mini/share/ranger_mini/meshes
[0.368s] -- Up-to-date: /home/r-taro-o/hunterSE_ws/install/ranger_mini/share/ranger_mini/meshes/bl_Link.STL
[0.368s] -- Up-to-date: /home/r-taro-o/hunterSE_ws/install/ranger_mini/share/ranger_mini/meshes/fr_Link.STL
[0.369s] -- Up-to-date: /home/r-taro-o/hunterSE_ws/install/ranger_mini/share/ranger_mini/meshes/ranger_base.zip
[0.369s] -- Up-to-date: /home/r-taro-o/hunterSE_ws/install/ranger_mini/share/ranger_mini/meshes/fl.stl
[0.369s] -- Up-to-date: /home/r-taro-o/hunterSE_ws/install/ranger_mini/share/ranger_mini/meshes/fl.dae
[0.370s] -- Up-to-date: /home/r-taro-o/hunterSE_ws/install/ranger_mini/share/ranger_mini/meshes/base_link.STL
[0.370s] -- Up-to-date: /home/r-taro-o/hunterSE_ws/install/ranger_mini/share/ranger_mini/meshes/fr.stl
[0.371s] -- Up-to-date: /home/r-taro-o/hunterSE_ws/install/ranger_mini/share/ranger_mini/meshes/fl_Link.STL
[0.371s] -- Up-to-date: /home/r-taro-o/hunterSE_ws/install/ranger_mini/share/ranger_mini/meshes/fr.dae
[0.372s] -- Up-to-date: /home/r-taro-o/hunterSE_ws/install/ranger_mini/share/ranger_mini/meshes/br_Link.STL
[0.373s] -- Up-to-date: /home/r-taro-o/hunterSE_ws/install/ranger_mini/share/ranger_mini/rviz
[0.373s] -- Up-to-date: /home/r-taro-o/hunterSE_ws/install/ranger_mini/share/ranger_mini/rviz/urdf.rviz
[0.374s] -- Up-to-date: /home/r-taro-o/hunterSE_ws/install/ranger_mini/share/ranger_mini/rviz/display.rviz
[0.374s] -- Up-to-date: /home/r-taro-o/hunterSE_ws/install/ranger_mini/share/ranger_mini/urdf
[0.374s] -- Up-to-date: /home/r-taro-o/hunterSE_ws/install/ranger_mini/share/ranger_mini/urdf/ranger_mini_gazebo copy.xacro
[0.375s] -- Up-to-date: /home/r-taro-o/hunterSE_ws/install/ranger_mini/share/ranger_mini/urdf/ranger_mini.urdf
[0.375s] -- Up-to-date: /home/r-taro-o/hunterSE_ws/install/ranger_mini/share/ranger_mini/urdf/gazebo.xacro
[0.375s] -- Up-to-date: /home/r-taro-o/hunterSE_ws/install/ranger_mini/share/ranger_mini/urdf/ranger_r.xacro
[0.376s] -- Up-to-date: /home/r-taro-o/hunterSE_ws/install/ranger_mini/share/ranger_mini/urdf/ranger_mini.xacro
[0.376s] -- Up-to-date: /home/r-taro-o/hunterSE_ws/install/ranger_mini/share/ranger_mini/urdf/ranger_l.xacro
[0.376s] -- Up-to-date: /home/r-taro-o/hunterSE_ws/install/ranger_mini/share/ranger_mini/urdf/ranger_mini.csv
[0.377s] -- Up-to-date: /home/r-taro-o/hunterSE_ws/install/ranger_mini/share/ranger_mini/urdf/ranger_mini_gazebo.xacro
[0.377s] -- Up-to-date: /home/r-taro-o/hunterSE_ws/install/ranger_mini/share/ament_index/resource_index/package_run_dependencies/ranger_mini
[0.377s] -- Up-to-date: /home/r-taro-o/hunterSE_ws/install/ranger_mini/share/ament_index/resource_index/parent_prefix_path/ranger_mini
[0.378s] -- Up-to-date: /home/r-taro-o/hunterSE_ws/install/ranger_mini/share/ranger_mini/environment/ament_prefix_path.sh
[0.378s] -- Up-to-date: /home/r-taro-o/hunterSE_ws/install/ranger_mini/share/ranger_mini/environment/ament_prefix_path.dsv
[0.378s] -- Up-to-date: /home/r-taro-o/hunterSE_ws/install/ranger_mini/share/ranger_mini/environment/path.sh
[0.379s] -- Up-to-date: /home/r-taro-o/hunterSE_ws/install/ranger_mini/share/ranger_mini/environment/path.dsv
[0.381s] -- Up-to-date: /home/r-taro-o/hunterSE_ws/install/ranger_mini/share/ranger_mini/local_setup.bash
[0.381s] -- Up-to-date: /home/r-taro-o/hunterSE_ws/install/ranger_mini/share/ranger_mini/local_setup.sh
[0.382s] -- Up-to-date: /home/r-taro-o/hunterSE_ws/install/ranger_mini/share/ranger_mini/local_setup.zsh
[0.383s] -- Up-to-date: /home/r-taro-o/hunterSE_ws/install/ranger_mini/share/ranger_mini/local_setup.dsv
[0.383s] -- Installing: /home/r-taro-o/hunterSE_ws/install/ranger_mini/share/ranger_mini/package.dsv
[0.383s] -- Up-to-date: /home/r-taro-o/hunterSE_ws/install/ranger_mini/share/ament_index/resource_index/packages/ranger_mini
[0.384s] -- Up-to-date: /home/r-taro-o/hunterSE_ws/install/ranger_mini/share/ranger_mini/cmake/ranger_miniConfig.cmake
[0.384s] -- Up-to-date: /home/r-taro-o/hunterSE_ws/install/ranger_mini/share/ranger_mini/cmake/ranger_miniConfig-version.cmake
[0.385s] -- Up-to-date: /home/r-taro-o/hunterSE_ws/install/ranger_mini/share/ranger_mini/package.xml
[0.460s] Invoked command in '/home/r-taro-o/hunterSE_ws/build/ranger_mini' returned '0': CMAKE_PREFIX_PATH=/opt/ros/humble /usr/bin/cmake --install /home/r-taro-o/hunterSE_ws/build/ranger_mini
