[0.089s] Invoking command in '/home/r-taro-o/hunterSE_ws/build/hunter_se_description': CMAKE_PREFIX_PATH=/home/r-taro-o/hunterSE_ws/install/hunter_base:/opt/ros/humble:/home/r-taro-o/hunterSE_ws/install/ugv_sdk:/home/r-taro-o/hunterSE_ws/install/ranger_mini:/home/r-taro-o/hunterSE_ws/install/hunter_se_gazebo:/home/r-taro-o/hunterSE_ws/install/hunter_se_description:/home/r-taro-o/hunterSE_ws/install/hunter_msgs:/home/r-taro-o/hunterSE_ws/install/four_ws_control:/home/r-taro-o/gzb_exp_ws/install/nav_dev:/home/r-taro-o/gzb_exp_ws/install/key_event_nodes:/home/r-taro-o/gzb_exp_ws/install/key_event_msgs /usr/bin/cmake --build /home/r-taro-o/hunterSE_ws/build/hunter_se_description -- -j8 -l8
[0.187s] Invoked command in '/home/r-taro-o/hunterSE_ws/build/hunter_se_description' returned '0': CMAKE_PREFIX_PATH=/home/r-taro-o/hunterSE_ws/install/hunter_base:/opt/ros/humble:/home/r-taro-o/hunterSE_ws/install/ugv_sdk:/home/r-taro-o/hunterSE_ws/install/ranger_mini:/home/r-taro-o/hunterSE_ws/install/hunter_se_gazebo:/home/r-taro-o/hunterSE_ws/install/hunter_se_description:/home/r-taro-o/hunterSE_ws/install/hunter_msgs:/home/r-taro-o/hunterSE_ws/install/four_ws_control:/home/r-taro-o/gzb_exp_ws/install/nav_dev:/home/r-taro-o/gzb_exp_ws/install/key_event_nodes:/home/r-taro-o/gzb_exp_ws/install/key_event_msgs /usr/bin/cmake --build /home/r-taro-o/hunterSE_ws/build/hunter_se_description -- -j8 -l8
[0.330s] Invoking command in '/home/r-taro-o/hunterSE_ws/build/hunter_se_description': CMAKE_PREFIX_PATH=/home/r-taro-o/hunterSE_ws/install/hunter_base:/opt/ros/humble:/home/r-taro-o/hunterSE_ws/install/ugv_sdk:/home/r-taro-o/hunterSE_ws/install/ranger_mini:/home/r-taro-o/hunterSE_ws/install/hunter_se_gazebo:/home/r-taro-o/hunterSE_ws/install/hunter_se_description:/home/r-taro-o/hunterSE_ws/install/hunter_msgs:/home/r-taro-o/hunterSE_ws/install/four_ws_control:/home/r-taro-o/gzb_exp_ws/install/nav_dev:/home/r-taro-o/gzb_exp_ws/install/key_event_nodes:/home/r-taro-o/gzb_exp_ws/install/key_event_msgs /usr/bin/cmake --install /home/r-taro-o/hunterSE_ws/build/hunter_se_description
[0.376s] -- Install configuration: ""
[0.377s] -- Up-to-date: /home/r-taro-o/hunterSE_ws/install/hunter_se_description/share/hunter_se_description/launch
[0.377s] -- Up-to-date: /home/r-taro-o/hunterSE_ws/install/hunter_se_description/share/hunter_se_description/launch/display.launch.py
[0.377s] -- Up-to-date: /home/r-taro-o/hunterSE_ws/install/hunter_se_description/share/hunter_se_description/meshes
[0.378s] -- Up-to-date: /home/r-taro-o/hunterSE_ws/install/hunter_se_description/share/hunter_se_description/meshes/re_left_link.STL
[0.379s] -- Up-to-date: /home/r-taro-o/hunterSE_ws/install/hunter_se_description/share/hunter_se_description/meshes/fr_steer_right_link.STL
[0.379s] -- Up-to-date: /home/r-taro-o/hunterSE_ws/install/hunter_se_description/share/hunter_se_description/meshes/re_right_link.STL
[0.379s] -- Up-to-date: /home/r-taro-o/hunterSE_ws/install/hunter_se_description/share/hunter_se_description/meshes/fr_steer_left_link.STL
[0.379s] -- Up-to-date: /home/r-taro-o/hunterSE_ws/install/hunter_se_description/share/hunter_se_description/meshes/base_link.STL
[0.380s] -- Up-to-date: /home/r-taro-o/hunterSE_ws/install/hunter_se_description/share/hunter_se_description/meshes/fr_right_link.STL
[0.381s] -- Up-to-date: /home/r-taro-o/hunterSE_ws/install/hunter_se_description/share/hunter_se_description/meshes/fr_left_link.STL
[0.381s] -- Up-to-date: /home/r-taro-o/hunterSE_ws/install/hunter_se_description/share/hunter_se_description/rviz
[0.383s] -- Up-to-date: /home/r-taro-o/hunterSE_ws/install/hunter_se_description/share/hunter_se_description/rviz/rviz.rviz
[0.384s] -- Up-to-date: /home/r-taro-o/hunterSE_ws/install/hunter_se_description/share/hunter_se_description/urdf
[0.384s] -- Up-to-date: /home/r-taro-o/hunterSE_ws/install/hunter_se_description/share/hunter_se_description/urdf/hunter_se_description.xacro
[0.384s] -- Up-to-date: /home/r-taro-o/hunterSE_ws/install/hunter_se_description/share/hunter_se_description/urdf/hunter_se_description.csv
[0.386s] -- Installing: /home/r-taro-o/hunterSE_ws/install/hunter_se_description/share/hunter_se_description/urdf/hunter_se_description.urdf
[0.387s] -- Up-to-date: /home/r-taro-o/hunterSE_ws/install/hunter_se_description/share/hunter_se_description/config
[0.388s] -- Up-to-date: /home/r-taro-o/hunterSE_ws/install/hunter_se_description/share/hunter_se_description/config/joint_names_hunter_se_description_2.yaml
[0.388s] -- Up-to-date: /home/r-taro-o/hunterSE_ws/install/hunter_se_description/share/ament_index/resource_index/package_run_dependencies/hunter_se_description
[0.388s] -- Up-to-date: /home/r-taro-o/hunterSE_ws/install/hunter_se_description/share/ament_index/resource_index/parent_prefix_path/hunter_se_description
[0.389s] -- Up-to-date: /home/r-taro-o/hunterSE_ws/install/hunter_se_description/share/hunter_se_description/environment/ament_prefix_path.sh
[0.389s] -- Up-to-date: /home/r-taro-o/hunterSE_ws/install/hunter_se_description/share/hunter_se_description/environment/ament_prefix_path.dsv
[0.389s] -- Up-to-date: /home/r-taro-o/hunterSE_ws/install/hunter_se_description/share/hunter_se_description/environment/path.sh
[0.390s] -- Up-to-date: /home/r-taro-o/hunterSE_ws/install/hunter_se_description/share/hunter_se_description/environment/path.dsv
[0.390s] -- Up-to-date: /home/r-taro-o/hunterSE_ws/install/hunter_se_description/share/hunter_se_description/local_setup.bash
[0.390s] -- Up-to-date: /home/r-taro-o/hunterSE_ws/install/hunter_se_description/share/hunter_se_description/local_setup.sh
[0.390s] -- Up-to-date: /home/r-taro-o/hunterSE_ws/install/hunter_se_description/share/hunter_se_description/local_setup.zsh
[0.391s] -- Up-to-date: /home/r-taro-o/hunterSE_ws/install/hunter_se_description/share/hunter_se_description/local_setup.dsv
[0.391s] -- Installing: /home/r-taro-o/hunterSE_ws/install/hunter_se_description/share/hunter_se_description/package.dsv
[0.391s] -- Up-to-date: /home/r-taro-o/hunterSE_ws/install/hunter_se_description/share/ament_index/resource_index/packages/hunter_se_description
[0.392s] -- Up-to-date: /home/r-taro-o/hunterSE_ws/install/hunter_se_description/share/hunter_se_description/cmake/hunter_se_descriptionConfig.cmake
[0.392s] -- Up-to-date: /home/r-taro-o/hunterSE_ws/install/hunter_se_description/share/hunter_se_description/cmake/hunter_se_descriptionConfig-version.cmake
[0.392s] -- Up-to-date: /home/r-taro-o/hunterSE_ws/install/hunter_se_description/share/hunter_se_description/package.xml
[0.405s] Invoked command in '/home/r-taro-o/hunterSE_ws/build/hunter_se_description' returned '0': CMAKE_PREFIX_PATH=/home/r-taro-o/hunterSE_ws/install/hunter_base:/opt/ros/humble:/home/r-taro-o/hunterSE_ws/install/ugv_sdk:/home/r-taro-o/hunterSE_ws/install/ranger_mini:/home/r-taro-o/hunterSE_ws/install/hunter_se_gazebo:/home/r-taro-o/hunterSE_ws/install/hunter_se_description:/home/r-taro-o/hunterSE_ws/install/hunter_msgs:/home/r-taro-o/hunterSE_ws/install/four_ws_control:/home/r-taro-o/gzb_exp_ws/install/nav_dev:/home/r-taro-o/gzb_exp_ws/install/key_event_nodes:/home/r-taro-o/gzb_exp_ws/install/key_event_msgs /usr/bin/cmake --install /home/r-taro-o/hunterSE_ws/build/hunter_se_description
