[0.075s] Invoking command in '/home/r-taro-o/hunterSE_ws/build/tracer_description': /usr/bin/cmake /home/r-taro-o/hunterSE_ws/src/ugv_sim/tracer/tracer_description -DCATKIN_INSTALL_INTO_PREFIX_ROOT=0 -DCMAKE_INSTALL_PREFIX=/home/r-taro-o/hunterSE_ws/install/tracer_description
[0.329s] -- The C compiler identification is GNU 11.4.0
[0.773s] -- The CXX compiler identification is GNU 11.4.0
[0.969s] -- Detecting C compiler ABI info
[1.237s] -- Detecting C compiler ABI info - done
[1.271s] -- Check for working C compiler: /usr/bin/cc - skipped
[1.273s] -- Detecting C compile features
[1.275s] -- Detecting C compile features - done
[1.286s] -- Detecting CXX compiler ABI info
[1.586s] -- Detecting CXX compiler ABI info - done
[1.632s] -- Check for working CXX compiler: /usr/bin/c++ - skipped
[1.634s] -- Detecting CXX compile features
[1.636s] -- Detecting CXX compile features - done
[2.695s] [31mCMake Error at CMakeLists.txt:10 (find_package):
[2.696s]   By not providing "Findcatkin.cmake" in CMAKE_MODULE_PATH this project has
[2.696s]   asked CMake to find a package configuration file provided by "catkin", but
[2.696s]   CMake did not find one.
[2.696s] 
[2.696s]   Could not find a package configuration file provided by "catkin" with any
[2.697s]   of the following names:
[2.697s] 
[2.697s]     catkinConfig.cmake
[2.697s]     catkin-config.cmake
[2.698s] 
[2.698s]   Add the installation prefix of "catkin" to CMAKE_PREFIX_PATH or set
[2.698s]   "catkin_DIR" to a directory containing one of the above files.  If "catkin"
[2.698s]   provides a separate development package or SDK, be sure it has been
[2.699s]   installed.
[2.699s] 
[2.699s] [0m
[2.699s] -- Configuring incomplete, errors occurred!
[2.699s] See also "/home/r-taro-o/hunterSE_ws/build/tracer_description/CMakeFiles/CMakeOutput.log".
