[0.062s] Invoking command in '/home/r-taro-o/hunterSE_ws/build/hunter_msgs': CMAKE_PREFIX_PATH=/opt/ros/humble /usr/bin/cmake --build /home/r-taro-o/hunterSE_ws/build/hunter_msgs -- -j8 -l8
[0.188s] [ 11%] Built target hunter_msgs__rosidl_generator_c
[0.188s] [ 11%] Built target ament_cmake_python_symlink_hunter_msgs
[0.193s] [ 12%] Built target hunter_msgs__cpp
[0.241s] [ 23%] Built target hunter_msgs__rosidl_typesupport_c
[0.285s] [ 34%] Built target hunter_msgs__rosidl_typesupport_introspection_c
[0.287s] [ 46%] Built target hunter_msgs__rosidl_typesupport_fastrtps_cpp
[0.288s] [ 57%] Built target hunter_msgs__rosidl_typesupport_introspection_cpp
[0.290s] [ 68%] Built target hunter_msgs__rosidl_typesupport_cpp
[0.292s] [ 79%] Built target hunter_msgs__rosidl_typesupport_fastrtps_c
[0.346s] [ 79%] Built target hunter_msgs
[0.429s] [ 80%] Built target hunter_msgs__py
[0.443s] [ 90%] Built target hunter_msgs__rosidl_generator_py
[0.488s] [ 96%] Built target hunter_msgs__rosidl_typesupport_introspection_c__pyext
[0.490s] [ 96%] Built target hunter_msgs__rosidl_typesupport_fastrtps_c__pyext
[0.494s] [100%] Built target hunter_msgs__rosidl_typesupport_c__pyext
[0.844s] running egg_info
[0.845s] writing hunter_msgs.egg-info/PKG-INFO
[0.846s] writing dependency_links to hunter_msgs.egg-info/dependency_links.txt
[0.848s] writing top-level names to hunter_msgs.egg-info/top_level.txt
[0.854s] reading manifest file 'hunter_msgs.egg-info/SOURCES.txt'
[0.856s] writing manifest file 'hunter_msgs.egg-info/SOURCES.txt'
[0.905s] [100%] Built target ament_cmake_python_build_hunter_msgs_egg
[0.926s] Invoked command in '/home/r-taro-o/hunterSE_ws/build/hunter_msgs' returned '0': CMAKE_PREFIX_PATH=/opt/ros/humble /usr/bin/cmake --build /home/r-taro-o/hunterSE_ws/build/hunter_msgs -- -j8 -l8
[1.186s] Invoking command in '/home/r-taro-o/hunterSE_ws/build/hunter_msgs': CMAKE_PREFIX_PATH=/opt/ros/humble /usr/bin/cmake --install /home/r-taro-o/hunterSE_ws/build/hunter_msgs
[1.195s] -- Install configuration: ""
[1.195s] -- Execute custom install script
[1.196s] -- Up-to-date symlink: /home/r-taro-o/hunterSE_ws/install/hunter_msgs/share/ament_index/resource_index/rosidl_interfaces/hunter_msgs
[1.197s] -- Up-to-date symlink: /home/r-taro-o/hunterSE_ws/install/hunter_msgs/include/hunter_msgs/hunter_msgs/msg/detail/hunter_actuator_state__functions.h
[1.198s] -- Up-to-date symlink: /home/r-taro-o/hunterSE_ws/install/hunter_msgs/include/hunter_msgs/hunter_msgs/msg/detail/hunter_actuator_state__struct.h
[1.198s] -- Up-to-date symlink: /home/r-taro-o/hunterSE_ws/install/hunter_msgs/include/hunter_msgs/hunter_msgs/msg/detail/hunter_actuator_state__type_support.h
[1.199s] -- Up-to-date symlink: /home/r-taro-o/hunterSE_ws/install/hunter_msgs/include/hunter_msgs/hunter_msgs/msg/detail/hunter_light_cmd__functions.h
[1.199s] -- Up-to-date symlink: /home/r-taro-o/hunterSE_ws/install/hunter_msgs/include/hunter_msgs/hunter_msgs/msg/detail/hunter_light_cmd__struct.h
[1.200s] -- Up-to-date symlink: /home/r-taro-o/hunterSE_ws/install/hunter_msgs/include/hunter_msgs/hunter_msgs/msg/detail/hunter_light_cmd__type_support.h
[1.202s] -- Up-to-date symlink: /home/r-taro-o/hunterSE_ws/install/hunter_msgs/include/hunter_msgs/hunter_msgs/msg/detail/hunter_light_state__functions.h
[1.203s] -- Up-to-date symlink: /home/r-taro-o/hunterSE_ws/install/hunter_msgs/include/hunter_msgs/hunter_msgs/msg/detail/hunter_light_state__struct.h
[1.203s] -- Up-to-date symlink: /home/r-taro-o/hunterSE_ws/install/hunter_msgs/include/hunter_msgs/hunter_msgs/msg/detail/hunter_light_state__type_support.h
[1.204s] -- Up-to-date symlink: /home/r-taro-o/hunterSE_ws/install/hunter_msgs/include/hunter_msgs/hunter_msgs/msg/detail/hunter_rc_state__functions.h
[1.204s] -- Up-to-date symlink: /home/r-taro-o/hunterSE_ws/install/hunter_msgs/include/hunter_msgs/hunter_msgs/msg/detail/hunter_rc_state__struct.h
[1.204s] -- Up-to-date symlink: /home/r-taro-o/hunterSE_ws/install/hunter_msgs/include/hunter_msgs/hunter_msgs/msg/detail/hunter_rc_state__type_support.h
[1.205s] -- Up-to-date symlink: /home/r-taro-o/hunterSE_ws/install/hunter_msgs/include/hunter_msgs/hunter_msgs/msg/detail/hunter_status__functions.h
[1.205s] -- Up-to-date symlink: /home/r-taro-o/hunterSE_ws/install/hunter_msgs/include/hunter_msgs/hunter_msgs/msg/detail/hunter_status__struct.h
[1.205s] -- Up-to-date symlink: /home/r-taro-o/hunterSE_ws/install/hunter_msgs/include/hunter_msgs/hunter_msgs/msg/detail/hunter_status__type_support.h
[1.205s] -- Up-to-date symlink: /home/r-taro-o/hunterSE_ws/install/hunter_msgs/include/hunter_msgs/hunter_msgs/msg/hunter_actuator_state.h
[1.205s] -- Up-to-date symlink: /home/r-taro-o/hunterSE_ws/install/hunter_msgs/include/hunter_msgs/hunter_msgs/msg/hunter_light_cmd.h
[1.206s] -- Up-to-date symlink: /home/r-taro-o/hunterSE_ws/install/hunter_msgs/include/hunter_msgs/hunter_msgs/msg/hunter_light_state.h
[1.206s] -- Up-to-date symlink: /home/r-taro-o/hunterSE_ws/install/hunter_msgs/include/hunter_msgs/hunter_msgs/msg/hunter_rc_state.h
[1.206s] -- Up-to-date symlink: /home/r-taro-o/hunterSE_ws/install/hunter_msgs/include/hunter_msgs/hunter_msgs/msg/hunter_status.h
[1.207s] -- Up-to-date symlink: /home/r-taro-o/hunterSE_ws/install/hunter_msgs/include/hunter_msgs/hunter_msgs/msg/rosidl_generator_c__visibility_control.h
[1.207s] -- Up-to-date symlink: /home/r-taro-o/hunterSE_ws/install/hunter_msgs/share/hunter_msgs/environment/library_path.sh
[1.208s] -- Up-to-date symlink: /home/r-taro-o/hunterSE_ws/install/hunter_msgs/share/hunter_msgs/environment/library_path.dsv
[1.208s] -- Up-to-date symlink: /home/r-taro-o/hunterSE_ws/install/hunter_msgs/include/hunter_msgs/hunter_msgs/msg/detail/hunter_actuator_state__rosidl_typesupport_fastrtps_c.h
[1.209s] -- Up-to-date symlink: /home/r-taro-o/hunterSE_ws/install/hunter_msgs/include/hunter_msgs/hunter_msgs/msg/detail/hunter_light_cmd__rosidl_typesupport_fastrtps_c.h
[1.209s] -- Up-to-date symlink: /home/r-taro-o/hunterSE_ws/install/hunter_msgs/include/hunter_msgs/hunter_msgs/msg/detail/hunter_light_state__rosidl_typesupport_fastrtps_c.h
[1.210s] -- Up-to-date symlink: /home/r-taro-o/hunterSE_ws/install/hunter_msgs/include/hunter_msgs/hunter_msgs/msg/detail/hunter_rc_state__rosidl_typesupport_fastrtps_c.h
[1.211s] -- Up-to-date symlink: /home/r-taro-o/hunterSE_ws/install/hunter_msgs/include/hunter_msgs/hunter_msgs/msg/detail/hunter_status__rosidl_typesupport_fastrtps_c.h
[1.211s] -- Up-to-date symlink: /home/r-taro-o/hunterSE_ws/install/hunter_msgs/include/hunter_msgs/hunter_msgs/msg/rosidl_typesupport_fastrtps_c__visibility_control.h
[1.212s] -- Up-to-date symlink: /home/r-taro-o/hunterSE_ws/install/hunter_msgs/include/hunter_msgs/hunter_msgs/msg/detail/hunter_actuator_state__builder.hpp
[1.212s] -- Up-to-date symlink: /home/r-taro-o/hunterSE_ws/install/hunter_msgs/include/hunter_msgs/hunter_msgs/msg/detail/hunter_actuator_state__struct.hpp
[1.212s] -- Up-to-date symlink: /home/r-taro-o/hunterSE_ws/install/hunter_msgs/include/hunter_msgs/hunter_msgs/msg/detail/hunter_actuator_state__traits.hpp
[1.213s] -- Up-to-date symlink: /home/r-taro-o/hunterSE_ws/install/hunter_msgs/include/hunter_msgs/hunter_msgs/msg/detail/hunter_light_cmd__builder.hpp
[1.214s] -- Up-to-date symlink: /home/r-taro-o/hunterSE_ws/install/hunter_msgs/include/hunter_msgs/hunter_msgs/msg/detail/hunter_light_cmd__struct.hpp
[1.214s] -- Up-to-date symlink: /home/r-taro-o/hunterSE_ws/install/hunter_msgs/include/hunter_msgs/hunter_msgs/msg/detail/hunter_light_cmd__traits.hpp
[1.215s] -- Up-to-date symlink: /home/r-taro-o/hunterSE_ws/install/hunter_msgs/include/hunter_msgs/hunter_msgs/msg/detail/hunter_light_state__builder.hpp
[1.215s] -- Up-to-date symlink: /home/r-taro-o/hunterSE_ws/install/hunter_msgs/include/hunter_msgs/hunter_msgs/msg/detail/hunter_light_state__struct.hpp
[1.216s] -- Up-to-date symlink: /home/r-taro-o/hunterSE_ws/install/hunter_msgs/include/hunter_msgs/hunter_msgs/msg/detail/hunter_light_state__traits.hpp
[1.217s] -- Up-to-date symlink: /home/r-taro-o/hunterSE_ws/install/hunter_msgs/include/hunter_msgs/hunter_msgs/msg/detail/hunter_rc_state__builder.hpp
[1.217s] -- Up-to-date symlink: /home/r-taro-o/hunterSE_ws/install/hunter_msgs/include/hunter_msgs/hunter_msgs/msg/detail/hunter_rc_state__struct.hpp
[1.217s] -- Up-to-date symlink: /home/r-taro-o/hunterSE_ws/install/hunter_msgs/include/hunter_msgs/hunter_msgs/msg/detail/hunter_rc_state__traits.hpp
[1.218s] -- Up-to-date symlink: /home/r-taro-o/hunterSE_ws/install/hunter_msgs/include/hunter_msgs/hunter_msgs/msg/detail/hunter_status__builder.hpp
[1.218s] -- Up-to-date symlink: /home/r-taro-o/hunterSE_ws/install/hunter_msgs/include/hunter_msgs/hunter_msgs/msg/detail/hunter_status__struct.hpp
[1.218s] -- Up-to-date symlink: /home/r-taro-o/hunterSE_ws/install/hunter_msgs/include/hunter_msgs/hunter_msgs/msg/detail/hunter_status__traits.hpp
[1.219s] -- Up-to-date symlink: /home/r-taro-o/hunterSE_ws/install/hunter_msgs/include/hunter_msgs/hunter_msgs/msg/hunter_actuator_state.hpp
[1.219s] -- Up-to-date symlink: /home/r-taro-o/hunterSE_ws/install/hunter_msgs/include/hunter_msgs/hunter_msgs/msg/hunter_light_cmd.hpp
[1.220s] -- Up-to-date symlink: /home/r-taro-o/hunterSE_ws/install/hunter_msgs/include/hunter_msgs/hunter_msgs/msg/hunter_light_state.hpp
[1.220s] -- Up-to-date symlink: /home/r-taro-o/hunterSE_ws/install/hunter_msgs/include/hunter_msgs/hunter_msgs/msg/hunter_rc_state.hpp
[1.221s] -- Up-to-date symlink: /home/r-taro-o/hunterSE_ws/install/hunter_msgs/include/hunter_msgs/hunter_msgs/msg/hunter_status.hpp
[1.221s] -- Up-to-date symlink: /home/r-taro-o/hunterSE_ws/install/hunter_msgs/include/hunter_msgs/hunter_msgs/msg/detail/hunter_actuator_state__rosidl_typesupport_fastrtps_cpp.hpp
[1.222s] -- Up-to-date symlink: /home/r-taro-o/hunterSE_ws/install/hunter_msgs/include/hunter_msgs/hunter_msgs/msg/detail/hunter_light_cmd__rosidl_typesupport_fastrtps_cpp.hpp
[1.222s] -- Up-to-date symlink: /home/r-taro-o/hunterSE_ws/install/hunter_msgs/include/hunter_msgs/hunter_msgs/msg/detail/hunter_light_state__rosidl_typesupport_fastrtps_cpp.hpp
[1.222s] -- Up-to-date symlink: /home/r-taro-o/hunterSE_ws/install/hunter_msgs/include/hunter_msgs/hunter_msgs/msg/detail/hunter_rc_state__rosidl_typesupport_fastrtps_cpp.hpp
[1.223s] -- Up-to-date symlink: /home/r-taro-o/hunterSE_ws/install/hunter_msgs/include/hunter_msgs/hunter_msgs/msg/detail/hunter_status__rosidl_typesupport_fastrtps_cpp.hpp
[1.223s] -- Up-to-date symlink: /home/r-taro-o/hunterSE_ws/install/hunter_msgs/include/hunter_msgs/hunter_msgs/msg/rosidl_typesupport_fastrtps_cpp__visibility_control.h
[1.224s] -- Up-to-date symlink: /home/r-taro-o/hunterSE_ws/install/hunter_msgs/include/hunter_msgs/hunter_msgs/msg/detail/hunter_actuator_state__rosidl_typesupport_introspection_c.h
[1.224s] -- Up-to-date symlink: /home/r-taro-o/hunterSE_ws/install/hunter_msgs/include/hunter_msgs/hunter_msgs/msg/detail/hunter_light_cmd__rosidl_typesupport_introspection_c.h
[1.224s] -- Up-to-date symlink: /home/r-taro-o/hunterSE_ws/install/hunter_msgs/include/hunter_msgs/hunter_msgs/msg/detail/hunter_light_state__rosidl_typesupport_introspection_c.h
[1.226s] -- Up-to-date symlink: /home/r-taro-o/hunterSE_ws/install/hunter_msgs/include/hunter_msgs/hunter_msgs/msg/detail/hunter_rc_state__rosidl_typesupport_introspection_c.h
[1.226s] -- Up-to-date symlink: /home/r-taro-o/hunterSE_ws/install/hunter_msgs/include/hunter_msgs/hunter_msgs/msg/detail/hunter_status__rosidl_typesupport_introspection_c.h
[1.227s] -- Up-to-date symlink: /home/r-taro-o/hunterSE_ws/install/hunter_msgs/include/hunter_msgs/hunter_msgs/msg/rosidl_typesupport_introspection_c__visibility_control.h
[1.228s] -- Up-to-date symlink: /home/r-taro-o/hunterSE_ws/install/hunter_msgs/include/hunter_msgs/hunter_msgs/msg/detail/hunter_actuator_state__rosidl_typesupport_introspection_cpp.hpp
[1.228s] -- Up-to-date symlink: /home/r-taro-o/hunterSE_ws/install/hunter_msgs/include/hunter_msgs/hunter_msgs/msg/detail/hunter_light_cmd__rosidl_typesupport_introspection_cpp.hpp
[1.229s] -- Up-to-date symlink: /home/r-taro-o/hunterSE_ws/install/hunter_msgs/include/hunter_msgs/hunter_msgs/msg/detail/hunter_light_state__rosidl_typesupport_introspection_cpp.hpp
[1.230s] -- Up-to-date symlink: /home/r-taro-o/hunterSE_ws/install/hunter_msgs/include/hunter_msgs/hunter_msgs/msg/detail/hunter_rc_state__rosidl_typesupport_introspection_cpp.hpp
[1.230s] -- Up-to-date symlink: /home/r-taro-o/hunterSE_ws/install/hunter_msgs/include/hunter_msgs/hunter_msgs/msg/detail/hunter_status__rosidl_typesupport_introspection_cpp.hpp
[1.231s] -- Up-to-date symlink: /home/r-taro-o/hunterSE_ws/install/hunter_msgs/share/hunter_msgs/environment/pythonpath.sh
[1.231s] -- Up-to-date symlink: /home/r-taro-o/hunterSE_ws/install/hunter_msgs/share/hunter_msgs/environment/pythonpath.dsv
[1.232s] -- Up-to-date symlink: /home/r-taro-o/hunterSE_ws/install/hunter_msgs/local/lib/python3.10/dist-packages/hunter_msgs-0.0.1-py3.10.egg-info/PKG-INFO
[1.232s] -- Up-to-date symlink: /home/r-taro-o/hunterSE_ws/install/hunter_msgs/local/lib/python3.10/dist-packages/hunter_msgs-0.0.1-py3.10.egg-info/SOURCES.txt
[1.232s] -- Up-to-date symlink: /home/r-taro-o/hunterSE_ws/install/hunter_msgs/local/lib/python3.10/dist-packages/hunter_msgs-0.0.1-py3.10.egg-info/dependency_links.txt
[1.233s] -- Up-to-date symlink: /home/r-taro-o/hunterSE_ws/install/hunter_msgs/local/lib/python3.10/dist-packages/hunter_msgs-0.0.1-py3.10.egg-info/top_level.txt
[1.233s] -- Up-to-date symlink: /home/r-taro-o/hunterSE_ws/install/hunter_msgs/local/lib/python3.10/dist-packages/hunter_msgs/__init__.py
[1.233s] -- Up-to-date symlink: /home/r-taro-o/hunterSE_ws/install/hunter_msgs/local/lib/python3.10/dist-packages/hunter_msgs/_hunter_msgs_s.ep.rosidl_typesupport_c.c
[1.233s] -- Up-to-date symlink: /home/r-taro-o/hunterSE_ws/install/hunter_msgs/local/lib/python3.10/dist-packages/hunter_msgs/_hunter_msgs_s.ep.rosidl_typesupport_fastrtps_c.c
[1.234s] -- Up-to-date symlink: /home/r-taro-o/hunterSE_ws/install/hunter_msgs/local/lib/python3.10/dist-packages/hunter_msgs/_hunter_msgs_s.ep.rosidl_typesupport_introspection_c.c
[1.234s] -- Up-to-date symlink: /home/r-taro-o/hunterSE_ws/install/hunter_msgs/local/lib/python3.10/dist-packages/hunter_msgs/hunter_msgs_s__rosidl_typesupport_c.cpython-310-x86_64-linux-gnu.so
[1.234s] -- Up-to-date symlink: /home/r-taro-o/hunterSE_ws/install/hunter_msgs/local/lib/python3.10/dist-packages/hunter_msgs/hunter_msgs_s__rosidl_typesupport_fastrtps_c.cpython-310-x86_64-linux-gnu.so
[1.234s] -- Up-to-date symlink: /home/r-taro-o/hunterSE_ws/install/hunter_msgs/local/lib/python3.10/dist-packages/hunter_msgs/hunter_msgs_s__rosidl_typesupport_introspection_c.cpython-310-x86_64-linux-gnu.so
[1.235s] -- Up-to-date symlink: /home/r-taro-o/hunterSE_ws/install/hunter_msgs/local/lib/python3.10/dist-packages/hunter_msgs/libhunter_msgs__rosidl_generator_py.so
[1.236s] -- Up-to-date symlink: /home/r-taro-o/hunterSE_ws/install/hunter_msgs/local/lib/python3.10/dist-packages/hunter_msgs/msg/__init__.py
[1.236s] -- Up-to-date symlink: /home/r-taro-o/hunterSE_ws/install/hunter_msgs/local/lib/python3.10/dist-packages/hunter_msgs/msg/_hunter_actuator_state.py
[1.237s] -- Up-to-date symlink: /home/r-taro-o/hunterSE_ws/install/hunter_msgs/local/lib/python3.10/dist-packages/hunter_msgs/msg/_hunter_actuator_state_s.c
[1.237s] -- Up-to-date symlink: /home/r-taro-o/hunterSE_ws/install/hunter_msgs/local/lib/python3.10/dist-packages/hunter_msgs/msg/_hunter_light_cmd.py
[1.237s] -- Up-to-date symlink: /home/r-taro-o/hunterSE_ws/install/hunter_msgs/local/lib/python3.10/dist-packages/hunter_msgs/msg/_hunter_light_cmd_s.c
[1.238s] -- Up-to-date symlink: /home/r-taro-o/hunterSE_ws/install/hunter_msgs/local/lib/python3.10/dist-packages/hunter_msgs/msg/_hunter_light_state.py
[1.238s] -- Up-to-date symlink: /home/r-taro-o/hunterSE_ws/install/hunter_msgs/local/lib/python3.10/dist-packages/hunter_msgs/msg/_hunter_light_state_s.c
[1.239s] -- Up-to-date symlink: /home/r-taro-o/hunterSE_ws/install/hunter_msgs/local/lib/python3.10/dist-packages/hunter_msgs/msg/_hunter_rc_state.py
[1.239s] -- Up-to-date symlink: /home/r-taro-o/hunterSE_ws/install/hunter_msgs/local/lib/python3.10/dist-packages/hunter_msgs/msg/_hunter_rc_state_s.c
[1.240s] -- Up-to-date symlink: /home/r-taro-o/hunterSE_ws/install/hunter_msgs/local/lib/python3.10/dist-packages/hunter_msgs/msg/_hunter_status.py
[1.240s] -- Up-to-date symlink: /home/r-taro-o/hunterSE_ws/install/hunter_msgs/local/lib/python3.10/dist-packages/hunter_msgs/msg/_hunter_status_s.c
[1.241s] -- Up-to-date symlink: /home/r-taro-o/hunterSE_ws/install/hunter_msgs/local/lib/python3.10/dist-packages/hunter_msgs/hunter_msgs_s__rosidl_typesupport_fastrtps_c.cpython-310-x86_64-linux-gnu.so
[1.241s] -- Up-to-date symlink: /home/r-taro-o/hunterSE_ws/install/hunter_msgs/local/lib/python3.10/dist-packages/hunter_msgs/hunter_msgs_s__rosidl_typesupport_introspection_c.cpython-310-x86_64-linux-gnu.so
[1.242s] -- Up-to-date symlink: /home/r-taro-o/hunterSE_ws/install/hunter_msgs/local/lib/python3.10/dist-packages/hunter_msgs/hunter_msgs_s__rosidl_typesupport_c.cpython-310-x86_64-linux-gnu.so
[1.242s] -- Up-to-date symlink: /home/r-taro-o/hunterSE_ws/install/hunter_msgs/share/hunter_msgs/msg/HunterActuatorState.idl
[1.243s] -- Up-to-date symlink: /home/r-taro-o/hunterSE_ws/install/hunter_msgs/share/hunter_msgs/msg/HunterLightCmd.idl
[1.243s] -- Up-to-date symlink: /home/r-taro-o/hunterSE_ws/install/hunter_msgs/share/hunter_msgs/msg/HunterLightState.idl
[1.243s] -- Up-to-date symlink: /home/r-taro-o/hunterSE_ws/install/hunter_msgs/share/hunter_msgs/msg/HunterRCState.idl
[1.244s] -- Up-to-date symlink: /home/r-taro-o/hunterSE_ws/install/hunter_msgs/share/hunter_msgs/msg/HunterStatus.idl
[1.244s] -- Up-to-date symlink: /home/r-taro-o/hunterSE_ws/install/hunter_msgs/share/hunter_msgs/msg/HunterActuatorState.msg
[1.245s] -- Up-to-date symlink: /home/r-taro-o/hunterSE_ws/install/hunter_msgs/share/hunter_msgs/msg/HunterLightCmd.msg
[1.245s] -- Up-to-date symlink: /home/r-taro-o/hunterSE_ws/install/hunter_msgs/share/hunter_msgs/msg/HunterLightState.msg
[1.245s] -- Up-to-date symlink: /home/r-taro-o/hunterSE_ws/install/hunter_msgs/share/hunter_msgs/msg/HunterRCState.msg
[1.245s] -- Up-to-date symlink: /home/r-taro-o/hunterSE_ws/install/hunter_msgs/share/hunter_msgs/msg/HunterStatus.msg
[1.245s] -- Up-to-date symlink: /home/r-taro-o/hunterSE_ws/install/hunter_msgs/share/ament_index/resource_index/package_run_dependencies/hunter_msgs
[1.245s] -- Up-to-date symlink: /home/r-taro-o/hunterSE_ws/install/hunter_msgs/share/ament_index/resource_index/parent_prefix_path/hunter_msgs
[1.246s] -- Up-to-date symlink: /home/r-taro-o/hunterSE_ws/install/hunter_msgs/share/hunter_msgs/environment/ament_prefix_path.sh
[1.246s] -- Up-to-date symlink: /home/r-taro-o/hunterSE_ws/install/hunter_msgs/share/hunter_msgs/environment/ament_prefix_path.dsv
[1.246s] -- Up-to-date symlink: /home/r-taro-o/hunterSE_ws/install/hunter_msgs/share/hunter_msgs/environment/path.sh
[1.246s] -- Up-to-date symlink: /home/r-taro-o/hunterSE_ws/install/hunter_msgs/share/hunter_msgs/environment/path.dsv
[1.246s] -- Up-to-date symlink: /home/r-taro-o/hunterSE_ws/install/hunter_msgs/share/hunter_msgs/local_setup.bash
[1.246s] -- Up-to-date symlink: /home/r-taro-o/hunterSE_ws/install/hunter_msgs/share/hunter_msgs/local_setup.sh
[1.246s] -- Up-to-date symlink: /home/r-taro-o/hunterSE_ws/install/hunter_msgs/share/hunter_msgs/local_setup.zsh
[1.247s] -- Up-to-date symlink: /home/r-taro-o/hunterSE_ws/install/hunter_msgs/share/hunter_msgs/local_setup.dsv
[1.247s] -- Symlinking: /home/r-taro-o/hunterSE_ws/install/hunter_msgs/share/hunter_msgs/package.dsv
[1.255s] -- Up-to-date symlink: /home/r-taro-o/hunterSE_ws/install/hunter_msgs/share/ament_index/resource_index/packages/hunter_msgs
[1.255s] -- Up-to-date symlink: /home/r-taro-o/hunterSE_ws/install/hunter_msgs/share/hunter_msgs/cmake/rosidl_cmake-extras.cmake
[1.256s] -- Up-to-date symlink: /home/r-taro-o/hunterSE_ws/install/hunter_msgs/share/hunter_msgs/cmake/ament_cmake_export_dependencies-extras.cmake
[1.256s] -- Up-to-date symlink: /home/r-taro-o/hunterSE_ws/install/hunter_msgs/share/hunter_msgs/cmake/ament_cmake_export_include_directories-extras.cmake
[1.257s] -- Up-to-date symlink: /home/r-taro-o/hunterSE_ws/install/hunter_msgs/share/hunter_msgs/cmake/ament_cmake_export_libraries-extras.cmake
[1.257s] -- Up-to-date symlink: /home/r-taro-o/hunterSE_ws/install/hunter_msgs/share/hunter_msgs/cmake/ament_cmake_export_targets-extras.cmake
[1.258s] -- Up-to-date symlink: /home/r-taro-o/hunterSE_ws/install/hunter_msgs/share/hunter_msgs/cmake/rosidl_cmake_export_typesupport_targets-extras.cmake
[1.258s] -- Up-to-date symlink: /home/r-taro-o/hunterSE_ws/install/hunter_msgs/share/hunter_msgs/cmake/rosidl_cmake_export_typesupport_libraries-extras.cmake
[1.259s] -- Up-to-date symlink: /home/r-taro-o/hunterSE_ws/install/hunter_msgs/share/hunter_msgs/cmake/hunter_msgsConfig.cmake
[1.259s] -- Up-to-date symlink: /home/r-taro-o/hunterSE_ws/install/hunter_msgs/share/hunter_msgs/cmake/hunter_msgsConfig-version.cmake
[1.260s] -- Up-to-date symlink: /home/r-taro-o/hunterSE_ws/install/hunter_msgs/share/hunter_msgs/package.xml
[1.260s] -- Up-to-date: /home/r-taro-o/hunterSE_ws/install/hunter_msgs/lib/libhunter_msgs__rosidl_generator_c.so
[1.261s] -- Up-to-date: /home/r-taro-o/hunterSE_ws/install/hunter_msgs/lib/libhunter_msgs__rosidl_typesupport_fastrtps_c.so
[1.261s] -- Up-to-date: /home/r-taro-o/hunterSE_ws/install/hunter_msgs/lib/libhunter_msgs__rosidl_typesupport_fastrtps_cpp.so
[1.262s] -- Up-to-date: /home/r-taro-o/hunterSE_ws/install/hunter_msgs/lib/libhunter_msgs__rosidl_typesupport_introspection_c.so
[1.262s] -- Up-to-date: /home/r-taro-o/hunterSE_ws/install/hunter_msgs/lib/libhunter_msgs__rosidl_typesupport_c.so
[1.262s] -- Up-to-date: /home/r-taro-o/hunterSE_ws/install/hunter_msgs/lib/libhunter_msgs__rosidl_typesupport_introspection_cpp.so
[1.263s] -- Up-to-date: /home/r-taro-o/hunterSE_ws/install/hunter_msgs/lib/libhunter_msgs__rosidl_typesupport_cpp.so
[1.315s] Listing '/home/r-taro-o/hunterSE_ws/install/hunter_msgs/local/lib/python3.10/dist-packages/hunter_msgs'...
[1.315s] Listing '/home/r-taro-o/hunterSE_ws/install/hunter_msgs/local/lib/python3.10/dist-packages/hunter_msgs/msg'...
[1.321s] -- Up-to-date: /home/r-taro-o/hunterSE_ws/install/hunter_msgs/lib/libhunter_msgs__rosidl_generator_py.so
[1.322s] -- Up-to-date: /home/r-taro-o/hunterSE_ws/install/hunter_msgs/share/hunter_msgs/cmake/export_hunter_msgs__rosidl_generator_cExport.cmake
[1.323s] -- Up-to-date: /home/r-taro-o/hunterSE_ws/install/hunter_msgs/share/hunter_msgs/cmake/export_hunter_msgs__rosidl_generator_cExport-noconfig.cmake
[1.323s] -- Up-to-date: /home/r-taro-o/hunterSE_ws/install/hunter_msgs/share/hunter_msgs/cmake/export_hunter_msgs__rosidl_typesupport_fastrtps_cExport.cmake
[1.324s] -- Up-to-date: /home/r-taro-o/hunterSE_ws/install/hunter_msgs/share/hunter_msgs/cmake/export_hunter_msgs__rosidl_typesupport_fastrtps_cExport-noconfig.cmake
[1.325s] -- Up-to-date: /home/r-taro-o/hunterSE_ws/install/hunter_msgs/share/hunter_msgs/cmake/export_hunter_msgs__rosidl_generator_cppExport.cmake
[1.325s] -- Up-to-date: /home/r-taro-o/hunterSE_ws/install/hunter_msgs/share/hunter_msgs/cmake/export_hunter_msgs__rosidl_typesupport_fastrtps_cppExport.cmake
[1.325s] -- Up-to-date: /home/r-taro-o/hunterSE_ws/install/hunter_msgs/share/hunter_msgs/cmake/export_hunter_msgs__rosidl_typesupport_fastrtps_cppExport-noconfig.cmake
[1.325s] -- Up-to-date: /home/r-taro-o/hunterSE_ws/install/hunter_msgs/share/hunter_msgs/cmake/hunter_msgs__rosidl_typesupport_introspection_cExport.cmake
[1.325s] -- Up-to-date: /home/r-taro-o/hunterSE_ws/install/hunter_msgs/share/hunter_msgs/cmake/hunter_msgs__rosidl_typesupport_introspection_cExport-noconfig.cmake
[1.325s] -- Up-to-date: /home/r-taro-o/hunterSE_ws/install/hunter_msgs/share/hunter_msgs/cmake/hunter_msgs__rosidl_typesupport_cExport.cmake
[1.325s] -- Up-to-date: /home/r-taro-o/hunterSE_ws/install/hunter_msgs/share/hunter_msgs/cmake/hunter_msgs__rosidl_typesupport_cExport-noconfig.cmake
[1.325s] -- Up-to-date: /home/r-taro-o/hunterSE_ws/install/hunter_msgs/share/hunter_msgs/cmake/hunter_msgs__rosidl_typesupport_introspection_cppExport.cmake
[1.326s] -- Up-to-date: /home/r-taro-o/hunterSE_ws/install/hunter_msgs/share/hunter_msgs/cmake/hunter_msgs__rosidl_typesupport_introspection_cppExport-noconfig.cmake
[1.326s] -- Up-to-date: /home/r-taro-o/hunterSE_ws/install/hunter_msgs/share/hunter_msgs/cmake/hunter_msgs__rosidl_typesupport_cppExport.cmake
[1.326s] -- Up-to-date: /home/r-taro-o/hunterSE_ws/install/hunter_msgs/share/hunter_msgs/cmake/hunter_msgs__rosidl_typesupport_cppExport-noconfig.cmake
[1.326s] -- Up-to-date: /home/r-taro-o/hunterSE_ws/install/hunter_msgs/share/hunter_msgs/cmake/export_hunter_msgs__rosidl_generator_pyExport.cmake
[1.326s] -- Up-to-date: /home/r-taro-o/hunterSE_ws/install/hunter_msgs/share/hunter_msgs/cmake/export_hunter_msgs__rosidl_generator_pyExport-noconfig.cmake
[1.332s] Invoked command in '/home/r-taro-o/hunterSE_ws/build/hunter_msgs' returned '0': CMAKE_PREFIX_PATH=/opt/ros/humble /usr/bin/cmake --install /home/r-taro-o/hunterSE_ws/build/hunter_msgs
