[0.358s] DEBUG:colcon:Command line arguments: ['/usr/bin/colcon', 'build']
[0.358s] DEBUG:colcon:Parsed command line arguments: Namespace(log_base=None, log_level=None, verb_name='build', build_base='build', install_base='install', merge_install=False, symlink_install=False, test_result_base=None, continue_on_error=False, executor='parallel', parallel_workers=8, event_handlers=None, ignore_user_meta=False, metas=['./colcon.meta'], base_paths=['.'], packages_ignore=None, packages_ignore_regex=None, paths=None, packages_up_to=None, packages_up_to_regex=None, packages_above=None, packages_above_and_dependencies=None, packages_above_depth=None, packages_select_by_dep=None, packages_skip_by_dep=None, packages_skip_up_to=None, packages_select_build_failed=False, packages_skip_build_finished=False, packages_select_test_failures=False, packages_skip_test_passed=False, packages_select=None, packages_skip=None, packages_select_regex=None, packages_skip_regex=None, packages_start=None, packages_end=None, allow_overriding=[], cmake_args=None, cmake_target=None, cmake_target_skip_unavailable=False, cmake_clean_cache=False, cmake_clean_first=False, cmake_force_configure=False, ament_cmake_args=None, catkin_cmake_args=None, catkin_skip_building_tests=False, verb_parser=<colcon_defaults.argument_parser.defaults.DefaultArgumentsDecorator object at 0x7ffbbbc5f580>, verb_extension=<colcon_core.verb.build.BuildVerb object at 0x7ffbbbc5f070>, main=<bound method BuildVerb.main of <colcon_core.verb.build.BuildVerb object at 0x7ffbbbc5f070>>)
[0.861s] Level 1:colcon.colcon_core.package_discovery:discover_packages(colcon_meta) check parameters
[0.861s] Level 1:colcon.colcon_core.package_discovery:discover_packages(recursive) check parameters
[0.861s] Level 1:colcon.colcon_core.package_discovery:discover_packages(ignore) check parameters
[0.861s] Level 1:colcon.colcon_core.package_discovery:discover_packages(path) check parameters
[0.861s] Level 1:colcon.colcon_core.package_discovery:discover_packages(colcon_meta) discover
[0.861s] Level 1:colcon.colcon_core.package_discovery:discover_packages(recursive) discover
[0.861s] INFO:colcon.colcon_core.package_discovery:Crawling recursively for packages in '/home/r-taro-o/hunterSE_ws'
[0.862s] Level 1:colcon.colcon_core.package_identification:_identify(.) by extensions ['ignore', 'ignore_ament_install']
[0.862s] Level 1:colcon.colcon_core.package_identification:_identify(.) by extension 'ignore'
[0.862s] Level 1:colcon.colcon_core.package_identification:_identify(.) by extension 'ignore_ament_install'
[0.862s] Level 1:colcon.colcon_core.package_identification:_identify(.) by extensions ['colcon_pkg']
[0.862s] Level 1:colcon.colcon_core.package_identification:_identify(.) by extension 'colcon_pkg'
[0.862s] Level 1:colcon.colcon_core.package_identification:_identify(.) by extensions ['colcon_meta']
[0.862s] Level 1:colcon.colcon_core.package_identification:_identify(.) by extension 'colcon_meta'
[0.862s] Level 1:colcon.colcon_core.package_identification:_identify(.) by extensions ['ros']
[0.862s] Level 1:colcon.colcon_core.package_identification:_identify(.) by extension 'ros'
[0.887s] Level 1:colcon.colcon_core.package_identification:_identify(.) by extensions ['cmake', 'python']
[0.887s] Level 1:colcon.colcon_core.package_identification:_identify(.) by extension 'cmake'
[0.887s] Level 1:colcon.colcon_core.package_identification:_identify(.) by extension 'python'
[0.887s] Level 1:colcon.colcon_core.package_identification:_identify(.) by extensions ['python_setup_py']
[0.887s] Level 1:colcon.colcon_core.package_identification:_identify(.) by extension 'python_setup_py'
[0.887s] Level 1:colcon.colcon_core.package_identification:_identify(build) by extensions ['ignore', 'ignore_ament_install']
[0.887s] Level 1:colcon.colcon_core.package_identification:_identify(build) by extension 'ignore'
[0.887s] Level 1:colcon.colcon_core.package_identification:_identify(build) ignored
[0.888s] Level 1:colcon.colcon_core.package_identification:_identify(install) by extensions ['ignore', 'ignore_ament_install']
[0.888s] Level 1:colcon.colcon_core.package_identification:_identify(install) by extension 'ignore'
[0.888s] Level 1:colcon.colcon_core.package_identification:_identify(install) ignored
[0.888s] Level 1:colcon.colcon_core.package_identification:_identify(log) by extensions ['ignore', 'ignore_ament_install']
[0.888s] Level 1:colcon.colcon_core.package_identification:_identify(log) by extension 'ignore'
[0.888s] Level 1:colcon.colcon_core.package_identification:_identify(log) ignored
[0.888s] Level 1:colcon.colcon_core.package_identification:_identify(src) by extensions ['ignore', 'ignore_ament_install']
[0.888s] Level 1:colcon.colcon_core.package_identification:_identify(src) by extension 'ignore'
[0.889s] Level 1:colcon.colcon_core.package_identification:_identify(src) by extension 'ignore_ament_install'
[0.889s] Level 1:colcon.colcon_core.package_identification:_identify(src) by extensions ['colcon_pkg']
[0.889s] Level 1:colcon.colcon_core.package_identification:_identify(src) by extension 'colcon_pkg'
[0.889s] Level 1:colcon.colcon_core.package_identification:_identify(src) by extensions ['colcon_meta']
[0.889s] Level 1:colcon.colcon_core.package_identification:_identify(src) by extension 'colcon_meta'
[0.889s] Level 1:colcon.colcon_core.package_identification:_identify(src) by extensions ['ros']
[0.889s] Level 1:colcon.colcon_core.package_identification:_identify(src) by extension 'ros'
[0.889s] Level 1:colcon.colcon_core.package_identification:_identify(src) by extensions ['cmake', 'python']
[0.889s] Level 1:colcon.colcon_core.package_identification:_identify(src) by extension 'cmake'
[0.889s] Level 1:colcon.colcon_core.package_identification:_identify(src) by extension 'python'
[0.889s] Level 1:colcon.colcon_core.package_identification:_identify(src) by extensions ['python_setup_py']
[0.889s] Level 1:colcon.colcon_core.package_identification:_identify(src) by extension 'python_setup_py'
[0.889s] Level 1:colcon.colcon_core.package_identification:_identify(src/hunter_ros2) by extensions ['ignore', 'ignore_ament_install']
[0.890s] Level 1:colcon.colcon_core.package_identification:_identify(src/hunter_ros2) by extension 'ignore'
[0.890s] Level 1:colcon.colcon_core.package_identification:_identify(src/hunter_ros2) by extension 'ignore_ament_install'
[0.890s] Level 1:colcon.colcon_core.package_identification:_identify(src/hunter_ros2) by extensions ['colcon_pkg']
[0.890s] Level 1:colcon.colcon_core.package_identification:_identify(src/hunter_ros2) by extension 'colcon_pkg'
[0.890s] Level 1:colcon.colcon_core.package_identification:_identify(src/hunter_ros2) by extensions ['colcon_meta']
[0.890s] Level 1:colcon.colcon_core.package_identification:_identify(src/hunter_ros2) by extension 'colcon_meta'
[0.890s] Level 1:colcon.colcon_core.package_identification:_identify(src/hunter_ros2) by extensions ['ros']
[0.890s] Level 1:colcon.colcon_core.package_identification:_identify(src/hunter_ros2) by extension 'ros'
[0.890s] Level 1:colcon.colcon_core.package_identification:_identify(src/hunter_ros2) by extensions ['cmake', 'python']
[0.890s] Level 1:colcon.colcon_core.package_identification:_identify(src/hunter_ros2) by extension 'cmake'
[0.890s] Level 1:colcon.colcon_core.package_identification:_identify(src/hunter_ros2) by extension 'python'
[0.890s] Level 1:colcon.colcon_core.package_identification:_identify(src/hunter_ros2) by extensions ['python_setup_py']
[0.890s] Level 1:colcon.colcon_core.package_identification:_identify(src/hunter_ros2) by extension 'python_setup_py'
[0.890s] Level 1:colcon.colcon_core.package_identification:_identify(src/hunter_ros2/hunter_base) by extensions ['ignore', 'ignore_ament_install']
[0.891s] Level 1:colcon.colcon_core.package_identification:_identify(src/hunter_ros2/hunter_base) by extension 'ignore'
[0.891s] Level 1:colcon.colcon_core.package_identification:_identify(src/hunter_ros2/hunter_base) by extension 'ignore_ament_install'
[0.891s] Level 1:colcon.colcon_core.package_identification:_identify(src/hunter_ros2/hunter_base) by extensions ['colcon_pkg']
[0.891s] Level 1:colcon.colcon_core.package_identification:_identify(src/hunter_ros2/hunter_base) by extension 'colcon_pkg'
[0.891s] Level 1:colcon.colcon_core.package_identification:_identify(src/hunter_ros2/hunter_base) by extensions ['colcon_meta']
[0.891s] Level 1:colcon.colcon_core.package_identification:_identify(src/hunter_ros2/hunter_base) by extension 'colcon_meta'
[0.891s] Level 1:colcon.colcon_core.package_identification:_identify(src/hunter_ros2/hunter_base) by extensions ['ros']
[0.891s] Level 1:colcon.colcon_core.package_identification:_identify(src/hunter_ros2/hunter_base) by extension 'ros'
[0.898s] DEBUG:colcon.colcon_core.package_identification:Package 'src/hunter_ros2/hunter_base' with type 'ros.ament_cmake' and name 'hunter_base'
[0.898s] Level 1:colcon.colcon_core.package_identification:_identify(src/hunter_ros2/hunter_msgs) by extensions ['ignore', 'ignore_ament_install']
[0.898s] Level 1:colcon.colcon_core.package_identification:_identify(src/hunter_ros2/hunter_msgs) by extension 'ignore'
[0.898s] Level 1:colcon.colcon_core.package_identification:_identify(src/hunter_ros2/hunter_msgs) by extension 'ignore_ament_install'
[0.898s] Level 1:colcon.colcon_core.package_identification:_identify(src/hunter_ros2/hunter_msgs) by extensions ['colcon_pkg']
[0.898s] Level 1:colcon.colcon_core.package_identification:_identify(src/hunter_ros2/hunter_msgs) by extension 'colcon_pkg'
[0.898s] Level 1:colcon.colcon_core.package_identification:_identify(src/hunter_ros2/hunter_msgs) by extensions ['colcon_meta']
[0.899s] Level 1:colcon.colcon_core.package_identification:_identify(src/hunter_ros2/hunter_msgs) by extension 'colcon_meta'
[0.899s] Level 1:colcon.colcon_core.package_identification:_identify(src/hunter_ros2/hunter_msgs) by extensions ['ros']
[0.899s] Level 1:colcon.colcon_core.package_identification:_identify(src/hunter_ros2/hunter_msgs) by extension 'ros'
[0.900s] DEBUG:colcon.colcon_core.package_identification:Package 'src/hunter_ros2/hunter_msgs' with type 'ros.ament_cmake' and name 'hunter_msgs'
[0.900s] Level 1:colcon.colcon_core.package_identification:_identify(src/ugv_sdk) by extensions ['ignore', 'ignore_ament_install']
[0.900s] Level 1:colcon.colcon_core.package_identification:_identify(src/ugv_sdk) by extension 'ignore'
[0.900s] Level 1:colcon.colcon_core.package_identification:_identify(src/ugv_sdk) by extension 'ignore_ament_install'
[0.900s] Level 1:colcon.colcon_core.package_identification:_identify(src/ugv_sdk) by extensions ['colcon_pkg']
[0.900s] Level 1:colcon.colcon_core.package_identification:_identify(src/ugv_sdk) by extension 'colcon_pkg'
[0.900s] Level 1:colcon.colcon_core.package_identification:_identify(src/ugv_sdk) by extensions ['colcon_meta']
[0.900s] Level 1:colcon.colcon_core.package_identification:_identify(src/ugv_sdk) by extension 'colcon_meta'
[0.900s] Level 1:colcon.colcon_core.package_identification:_identify(src/ugv_sdk) by extensions ['ros']
[0.901s] Level 1:colcon.colcon_core.package_identification:_identify(src/ugv_sdk) by extension 'ros'
[0.901s] DEBUG:colcon.colcon_core.package_identification:Package 'src/ugv_sdk' with type 'ros.catkin' and name 'ugv_sdk'
[0.901s] Level 1:colcon.colcon_core.package_discovery:discover_packages(recursive) using defaults
[0.901s] Level 1:colcon.colcon_core.package_discovery:discover_packages(ignore) discover
[0.901s] Level 1:colcon.colcon_core.package_discovery:discover_packages(ignore) using defaults
[0.902s] Level 1:colcon.colcon_core.package_discovery:discover_packages(path) discover
[0.902s] Level 1:colcon.colcon_core.package_discovery:discover_packages(path) using defaults
[0.944s] Level 1:colcon.colcon_core.package_discovery:discover_packages(prefix_path) check parameters
[0.944s] Level 1:colcon.colcon_core.package_discovery:discover_packages(prefix_path) discover
[0.952s] DEBUG:colcon.colcon_installed_package_information.package_discovery:Found 345 installed packages in /opt/ros/humble
[0.955s] Level 1:colcon.colcon_core.package_discovery:discover_packages(prefix_path) using defaults
[1.044s] Level 5:colcon.colcon_core.verb:set package 'hunter_msgs' build argument 'cmake_args' from command line to 'None'
[1.044s] Level 5:colcon.colcon_core.verb:set package 'hunter_msgs' build argument 'cmake_target' from command line to 'None'
[1.044s] Level 5:colcon.colcon_core.verb:set package 'hunter_msgs' build argument 'cmake_target_skip_unavailable' from command line to 'False'
[1.044s] Level 5:colcon.colcon_core.verb:set package 'hunter_msgs' build argument 'cmake_clean_cache' from command line to 'False'
[1.044s] Level 5:colcon.colcon_core.verb:set package 'hunter_msgs' build argument 'cmake_clean_first' from command line to 'False'
[1.044s] Level 5:colcon.colcon_core.verb:set package 'hunter_msgs' build argument 'cmake_force_configure' from command line to 'False'
[1.044s] Level 5:colcon.colcon_core.verb:set package 'hunter_msgs' build argument 'ament_cmake_args' from command line to 'None'
[1.044s] Level 5:colcon.colcon_core.verb:set package 'hunter_msgs' build argument 'catkin_cmake_args' from command line to 'None'
[1.044s] Level 5:colcon.colcon_core.verb:set package 'hunter_msgs' build argument 'catkin_skip_building_tests' from command line to 'False'
[1.044s] DEBUG:colcon.colcon_core.verb:Building package 'hunter_msgs' with the following arguments: {'ament_cmake_args': None, 'build_base': '/home/r-taro-o/hunterSE_ws/build/hunter_msgs', 'catkin_cmake_args': None, 'catkin_skip_building_tests': False, 'cmake_args': None, 'cmake_clean_cache': False, 'cmake_clean_first': False, 'cmake_force_configure': False, 'cmake_target': None, 'cmake_target_skip_unavailable': False, 'install_base': '/home/r-taro-o/hunterSE_ws/install/hunter_msgs', 'merge_install': False, 'path': '/home/r-taro-o/hunterSE_ws/src/hunter_ros2/hunter_msgs', 'symlink_install': False, 'test_result_base': None}
[1.045s] Level 5:colcon.colcon_core.verb:set package 'ugv_sdk' build argument 'cmake_args' from command line to 'None'
[1.045s] Level 5:colcon.colcon_core.verb:set package 'ugv_sdk' build argument 'cmake_target' from command line to 'None'
[1.045s] Level 5:colcon.colcon_core.verb:set package 'ugv_sdk' build argument 'cmake_target_skip_unavailable' from command line to 'False'
[1.045s] Level 5:colcon.colcon_core.verb:set package 'ugv_sdk' build argument 'cmake_clean_cache' from command line to 'False'
[1.045s] Level 5:colcon.colcon_core.verb:set package 'ugv_sdk' build argument 'cmake_clean_first' from command line to 'False'
[1.045s] Level 5:colcon.colcon_core.verb:set package 'ugv_sdk' build argument 'cmake_force_configure' from command line to 'False'
[1.045s] Level 5:colcon.colcon_core.verb:set package 'ugv_sdk' build argument 'ament_cmake_args' from command line to 'None'
[1.045s] Level 5:colcon.colcon_core.verb:set package 'ugv_sdk' build argument 'catkin_cmake_args' from command line to 'None'
[1.045s] Level 5:colcon.colcon_core.verb:set package 'ugv_sdk' build argument 'catkin_skip_building_tests' from command line to 'False'
[1.045s] DEBUG:colcon.colcon_core.verb:Building package 'ugv_sdk' with the following arguments: {'ament_cmake_args': None, 'build_base': '/home/r-taro-o/hunterSE_ws/build/ugv_sdk', 'catkin_cmake_args': None, 'catkin_skip_building_tests': False, 'cmake_args': None, 'cmake_clean_cache': False, 'cmake_clean_first': False, 'cmake_force_configure': False, 'cmake_target': None, 'cmake_target_skip_unavailable': False, 'install_base': '/home/r-taro-o/hunterSE_ws/install/ugv_sdk', 'merge_install': False, 'path': '/home/r-taro-o/hunterSE_ws/src/ugv_sdk', 'symlink_install': False, 'test_result_base': None}
[1.046s] Level 5:colcon.colcon_core.verb:set package 'hunter_base' build argument 'cmake_args' from command line to 'None'
[1.046s] Level 5:colcon.colcon_core.verb:set package 'hunter_base' build argument 'cmake_target' from command line to 'None'
[1.046s] Level 5:colcon.colcon_core.verb:set package 'hunter_base' build argument 'cmake_target_skip_unavailable' from command line to 'False'
[1.046s] Level 5:colcon.colcon_core.verb:set package 'hunter_base' build argument 'cmake_clean_cache' from command line to 'False'
[1.046s] Level 5:colcon.colcon_core.verb:set package 'hunter_base' build argument 'cmake_clean_first' from command line to 'False'
[1.046s] Level 5:colcon.colcon_core.verb:set package 'hunter_base' build argument 'cmake_force_configure' from command line to 'False'
[1.046s] Level 5:colcon.colcon_core.verb:set package 'hunter_base' build argument 'ament_cmake_args' from command line to 'None'
[1.046s] Level 5:colcon.colcon_core.verb:set package 'hunter_base' build argument 'catkin_cmake_args' from command line to 'None'
[1.046s] Level 5:colcon.colcon_core.verb:set package 'hunter_base' build argument 'catkin_skip_building_tests' from command line to 'False'
[1.046s] DEBUG:colcon.colcon_core.verb:Building package 'hunter_base' with the following arguments: {'ament_cmake_args': None, 'build_base': '/home/r-taro-o/hunterSE_ws/build/hunter_base', 'catkin_cmake_args': None, 'catkin_skip_building_tests': False, 'cmake_args': None, 'cmake_clean_cache': False, 'cmake_clean_first': False, 'cmake_force_configure': False, 'cmake_target': None, 'cmake_target_skip_unavailable': False, 'install_base': '/home/r-taro-o/hunterSE_ws/install/hunter_base', 'merge_install': False, 'path': '/home/r-taro-o/hunterSE_ws/src/hunter_ros2/hunter_base', 'symlink_install': False, 'test_result_base': None}
[1.046s] INFO:colcon.colcon_core.executor:Executing jobs using 'parallel' executor
[1.048s] DEBUG:colcon.colcon_parallel_executor.executor.parallel:run_until_complete
[1.049s] INFO:colcon.colcon_ros.task.ament_cmake.build:Building ROS package in '/home/r-taro-o/hunterSE_ws/src/hunter_ros2/hunter_msgs' with build type 'ament_cmake'
[1.049s] INFO:colcon.colcon_cmake.task.cmake.build:Building CMake package in '/home/r-taro-o/hunterSE_ws/src/hunter_ros2/hunter_msgs'
[1.059s] INFO:colcon.colcon_core.plugin_system:Skipping extension 'colcon_core.shell.bat': Not used on non-Windows systems
[1.059s] INFO:colcon.colcon_core.shell:Skip shell extension 'powershell' for command environment: Not usable outside of PowerShell
[1.059s] DEBUG:colcon.colcon_core.shell:Skip shell extension 'dsv' for command environment
[1.064s] INFO:colcon.colcon_ros.task.catkin.build:Building ROS package in '/home/r-taro-o/hunterSE_ws/src/ugv_sdk' with build type 'catkin'
[1.065s] INFO:colcon.colcon_cmake.task.cmake.build:Building CMake package in '/home/r-taro-o/hunterSE_ws/src/ugv_sdk'
[1.065s] INFO:colcon.colcon_core.shell:Skip shell extension 'powershell' for command environment: Not usable outside of PowerShell
[1.066s] DEBUG:colcon.colcon_core.shell:Skip shell extension 'dsv' for command environment
[1.095s] DEBUG:colcon.colcon_core.event_handler.log_command:Invoking command in '/home/r-taro-o/hunterSE_ws/build/hunter_msgs': CMAKE_PREFIX_PATH=/opt/ros/humble /usr/bin/cmake /home/r-taro-o/hunterSE_ws/src/hunter_ros2/hunter_msgs -DCMAKE_INSTALL_PREFIX=/home/r-taro-o/hunterSE_ws/install/hunter_msgs
[1.104s] DEBUG:colcon.colcon_core.event_handler.log_command:Invoking command in '/home/r-taro-o/hunterSE_ws/build/ugv_sdk': /usr/bin/cmake /home/r-taro-o/hunterSE_ws/src/ugv_sdk -DCATKIN_INSTALL_INTO_PREFIX_ROOT=0 -DCMAKE_INSTALL_PREFIX=/home/r-taro-o/hunterSE_ws/install/ugv_sdk
[3.186s] DEBUG:colcon.colcon_core.event_handler.log_command:Invoked command in '/home/r-taro-o/hunterSE_ws/build/ugv_sdk' returned '0': /usr/bin/cmake /home/r-taro-o/hunterSE_ws/src/ugv_sdk -DCATKIN_INSTALL_INTO_PREFIX_ROOT=0 -DCMAKE_INSTALL_PREFIX=/home/r-taro-o/hunterSE_ws/install/ugv_sdk
[3.190s] DEBUG:colcon.colcon_core.event_handler.log_command:Invoking command in '/home/r-taro-o/hunterSE_ws/build/ugv_sdk': /usr/bin/cmake --build /home/r-taro-o/hunterSE_ws/build/ugv_sdk -- -j8 -l8
[3.558s] DEBUG:colcon.colcon_core.event_handler.log_command:Invoked command in '/home/r-taro-o/hunterSE_ws/build/ugv_sdk' returned '2': /usr/bin/cmake --build /home/r-taro-o/hunterSE_ws/build/ugv_sdk -- -j8 -l8
[3.645s] Level 1:colcon.colcon_core.shell:create_environment_hook('ugv_sdk', 'ros_package_path')
[3.646s] INFO:colcon.colcon_core.shell:Creating environment hook '/home/r-taro-o/hunterSE_ws/install/ugv_sdk/share/ugv_sdk/hook/ros_package_path.ps1'
[3.648s] INFO:colcon.colcon_core.shell:Creating environment descriptor '/home/r-taro-o/hunterSE_ws/install/ugv_sdk/share/ugv_sdk/hook/ros_package_path.dsv'
[3.650s] INFO:colcon.colcon_core.shell:Creating environment hook '/home/r-taro-o/hunterSE_ws/install/ugv_sdk/share/ugv_sdk/hook/ros_package_path.sh'
[3.651s] Level 1:colcon.colcon_core.shell:create_environment_hook('ugv_sdk', 'pkg_config_path')
[3.652s] INFO:colcon.colcon_core.shell:Creating environment hook '/home/r-taro-o/hunterSE_ws/install/ugv_sdk/share/ugv_sdk/hook/pkg_config_path.ps1'
[3.652s] INFO:colcon.colcon_core.shell:Creating environment descriptor '/home/r-taro-o/hunterSE_ws/install/ugv_sdk/share/ugv_sdk/hook/pkg_config_path.dsv'
[3.653s] INFO:colcon.colcon_core.shell:Creating environment hook '/home/r-taro-o/hunterSE_ws/install/ugv_sdk/share/ugv_sdk/hook/pkg_config_path.sh'
[3.656s] Level 1:colcon.colcon_core.shell:create_environment_hook('ugv_sdk', 'pkg_config_path_multiarch')
[3.656s] INFO:colcon.colcon_core.shell:Creating environment hook '/home/r-taro-o/hunterSE_ws/install/ugv_sdk/share/ugv_sdk/hook/pkg_config_path_multiarch.ps1'
[3.657s] INFO:colcon.colcon_core.shell:Creating environment descriptor '/home/r-taro-o/hunterSE_ws/install/ugv_sdk/share/ugv_sdk/hook/pkg_config_path_multiarch.dsv'
[3.658s] INFO:colcon.colcon_core.shell:Creating environment hook '/home/r-taro-o/hunterSE_ws/install/ugv_sdk/share/ugv_sdk/hook/pkg_config_path_multiarch.sh'
[3.661s] Level 1:colcon.colcon_core.environment:create_environment_scripts_only(ugv_sdk)
[3.672s] Level 1:colcon.colcon_core.environment:checking '/home/r-taro-o/hunterSE_ws/install/ugv_sdk' for CMake module files
[3.673s] Level 1:colcon.colcon_core.environment:checking '/home/r-taro-o/hunterSE_ws/install/ugv_sdk' for CMake config files
[3.674s] Level 1:colcon.colcon_core.environment:checking '/home/r-taro-o/hunterSE_ws/install/ugv_sdk/bin'
[3.674s] Level 1:colcon.colcon_core.environment:checking '/home/r-taro-o/hunterSE_ws/install/ugv_sdk/lib/pkgconfig/ugv_sdk.pc'
[3.674s] Level 1:colcon.colcon_core.environment:checking '/home/r-taro-o/hunterSE_ws/install/ugv_sdk/lib/python3.10/site-packages'
[3.675s] Level 1:colcon.colcon_core.environment:checking '/home/r-taro-o/hunterSE_ws/install/ugv_sdk/bin'
[3.675s] INFO:colcon.colcon_core.shell:Creating package script '/home/r-taro-o/hunterSE_ws/install/ugv_sdk/share/ugv_sdk/package.ps1'
[3.677s] INFO:colcon.colcon_core.shell:Creating package descriptor '/home/r-taro-o/hunterSE_ws/install/ugv_sdk/share/ugv_sdk/package.dsv'
[3.679s] INFO:colcon.colcon_core.shell:Creating package script '/home/r-taro-o/hunterSE_ws/install/ugv_sdk/share/ugv_sdk/package.sh'
[3.681s] INFO:colcon.colcon_core.shell:Creating package script '/home/r-taro-o/hunterSE_ws/install/ugv_sdk/share/ugv_sdk/package.bash'
[3.683s] INFO:colcon.colcon_core.shell:Creating package script '/home/r-taro-o/hunterSE_ws/install/ugv_sdk/share/ugv_sdk/package.zsh'
[3.684s] Level 1:colcon.colcon_core.environment:create_file_with_runtime_dependencies(/home/r-taro-o/hunterSE_ws/install/ugv_sdk/share/colcon-core/packages/ugv_sdk)
[5.819s] DEBUG:colcon.colcon_parallel_executor.executor.parallel:closing loop
[5.819s] DEBUG:colcon.colcon_parallel_executor.executor.parallel:loop closed
[5.820s] DEBUG:colcon.colcon_parallel_executor.executor.parallel:run_until_complete finished with '2'
[5.820s] DEBUG:colcon.colcon_core.event_reactor:joining thread
[5.883s] INFO:colcon.colcon_core.plugin_system:Skipping extension 'colcon_notification.desktop_notification.notify_send': Could not find 'notify-send'
[5.883s] INFO:colcon.colcon_core.plugin_system:Skipping extension 'colcon_notification.desktop_notification.terminal_notifier': Not used on non-Darwin systems
[5.883s] INFO:colcon.colcon_core.plugin_system:Skipping extension 'colcon_notification.desktop_notification.win32': Not used on non-Windows systems
[5.883s] INFO:colcon.colcon_notification.desktop_notification:Sending desktop notification using 'notify2'
[5.884s] DEBUG:colcon.colcon_notification.desktop_notification.notify2:Failed to initialize notify2: org.freedesktop.DBus.Error.FileNotFound: Failed to connect to socket /run/user/1000/bus: No such file or directory
[5.884s] DEBUG:colcon.colcon_core.event_reactor:joined thread
[5.884s] INFO:colcon.colcon_core.shell:Creating prefix script '/home/r-taro-o/hunterSE_ws/install/local_setup.ps1'
[5.886s] INFO:colcon.colcon_core.shell:Creating prefix util module '/home/r-taro-o/hunterSE_ws/install/_local_setup_util_ps1.py'
[5.889s] INFO:colcon.colcon_core.shell:Creating prefix chain script '/home/r-taro-o/hunterSE_ws/install/setup.ps1'
[5.891s] INFO:colcon.colcon_core.shell:Creating prefix script '/home/r-taro-o/hunterSE_ws/install/local_setup.sh'
[5.892s] INFO:colcon.colcon_core.shell:Creating prefix util module '/home/r-taro-o/hunterSE_ws/install/_local_setup_util_sh.py'
[5.893s] INFO:colcon.colcon_core.shell:Creating prefix chain script '/home/r-taro-o/hunterSE_ws/install/setup.sh'
[5.895s] INFO:colcon.colcon_core.shell:Creating prefix script '/home/r-taro-o/hunterSE_ws/install/local_setup.bash'
[5.896s] INFO:colcon.colcon_core.shell:Creating prefix chain script '/home/r-taro-o/hunterSE_ws/install/setup.bash'
[5.900s] INFO:colcon.colcon_core.shell:Creating prefix script '/home/r-taro-o/hunterSE_ws/install/local_setup.zsh'
[5.903s] INFO:colcon.colcon_core.shell:Creating prefix chain script '/home/r-taro-o/hunterSE_ws/install/setup.zsh'
