[0.031s] Invoking command in '/home/r-taro-o/hunterSE_ws/src/build/ugv_sdk': /usr/bin/cmake --build /home/r-taro-o/hunterSE_ws/src/build/ugv_sdk -- -j8 -l8
[0.112s] [  3%] [32mBuilding CXX object CMakeFiles/ugv_sdk.dir/src/async_port/async_serial.cpp.o[0m
[0.112s] [ 10%] [32mBuilding CXX object CMakeFiles/ugv_sdk.dir/src/mobile_robot/hunter_robot.cpp.o[0m
[0.112s] [ 10%] [32mBuilding CXX object CMakeFiles/ugv_sdk.dir/src/utilities/protocol_detector.cpp.o[0m
[0.113s] [ 14%] [32mBuilding CXX object CMakeFiles/ugv_sdk.dir/src/async_port/async_can.cpp.o[0m
[0.120s] [ 17%] [32mBuilding CXX object CMakeFiles/ugv_sdk.dir/src/mobile_robot/scout_robot.cpp.o[0m
[0.130s] [ 21%] [32mBuilding CXX object CMakeFiles/ugv_sdk.dir/src/mobile_robot/bunker_robot.cpp.o[0m
[0.163s] [ 25%] [32mBuilding CXX object CMakeFiles/ugv_sdk.dir/src/mobile_robot/ranger_robot.cpp.o[0m
[0.170s] [ 28%] [32mBuilding CXX object CMakeFiles/ugv_sdk.dir/src/mobile_robot/titan_robot.cpp.o[0m
[0.240s] In file included from [01m[K/home/r-taro-o/hunterSE_ws/src/ugv_sdk/src/async_port/async_can.cpp:10[m[K:
[0.241s] [01m[K/home/r-taro-o/hunterSE_ws/src/ugv_sdk/include/ugv_sdk/details/async_port/async_can.hpp:24:10:[m[K [01;31m[Kfatal error: [m[Kasio.hpp: No such file or directory
[0.241s]    24 | #include [01;31m[K"asio.hpp"[m[K
[0.241s]       |          [01;31m[K^~~~~~~~~~[m[K
[0.241s] compilation terminated.
[0.246s] gmake[2]: *** [CMakeFiles/ugv_sdk.dir/build.make:90: CMakeFiles/ugv_sdk.dir/src/async_port/async_can.cpp.o] Error 1
[0.246s] gmake[2]: *** Waiting for unfinished jobs....
[0.253s] In file included from [01m[K/home/r-taro-o/hunterSE_ws/src/ugv_sdk/include/ugv_sdk/utilities/protocol_detector.hpp:15[m[K,
[0.253s]                  from [01m[K/home/r-taro-o/hunterSE_ws/src/ugv_sdk/src/utilities/protocol_detector.cpp:10[m[K:
[0.254s] [01m[K/home/r-taro-o/hunterSE_ws/src/ugv_sdk/include/ugv_sdk/details/async_port/async_can.hpp:24:10:[m[K [01;31m[Kfatal error: [m[Kasio.hpp: No such file or directory
[0.254s]    24 | #include [01;31m[K"asio.hpp"[m[K
[0.254s]       |          [01;31m[K^~~~~~~~~~[m[K
[0.254s] compilation terminated.
[0.262s] gmake[2]: *** [CMakeFiles/ugv_sdk.dir/build.make:104: CMakeFiles/ugv_sdk.dir/src/utilities/protocol_detector.cpp.o] Error 1
[0.294s] In file included from [01m[K/home/r-taro-o/hunterSE_ws/src/ugv_sdk/include/ugv_sdk/details/robot_base/agilex_base.hpp:21[m[K,
[0.294s]                  from [01m[K/home/r-taro-o/hunterSE_ws/src/ugv_sdk/include/ugv_sdk/details/robot_base/hunter_base.hpp:19[m[K,
[0.294s]                  from [01m[K/home/r-taro-o/hunterSE_ws/src/ugv_sdk/src/mobile_robot/hunter_robot.cpp:11[m[K:
[0.295s] [01m[K/home/r-taro-o/hunterSE_ws/src/ugv_sdk/include/ugv_sdk/details/async_port/async_can.hpp:24:10:[m[K [01;31m[Kfatal error: [m[Kasio.hpp: No such file or directory
[0.295s]    24 | #include [01;31m[K"asio.hpp"[m[K
[0.295s]       |          [01;31m[K^~~~~~~~~~[m[K
[0.295s] compilation terminated.
[0.298s] In file included from [01m[K/home/r-taro-o/hunterSE_ws/src/ugv_sdk/include/ugv_sdk/details/robot_base/agilex_base.hpp:21[m[K,
[0.298s]                  from [01m[K/home/r-taro-o/hunterSE_ws/src/ugv_sdk/include/ugv_sdk/details/robot_base/scout_base.hpp:19[m[K,
[0.298s]                  from [01m[K/home/r-taro-o/hunterSE_ws/src/ugv_sdk/src/mobile_robot/scout_robot.cpp:11[m[K:
[0.299s] [01m[K/home/r-taro-o/hunterSE_ws/src/ugv_sdk/include/ugv_sdk/details/async_port/async_can.hpp:24:10:[m[K [01;31m[Kfatal error: [m[Kasio.hpp: No such file or directory
[0.299s]    24 | #include [01;31m[K"asio.hpp"[m[K
[0.299s]       |          [01;31m[K^~~~~~~~~~[m[K
[0.299s] compilation terminated.
[0.300s] gmake[2]: *** [CMakeFiles/ugv_sdk.dir/build.make:132: CMakeFiles/ugv_sdk.dir/src/mobile_robot/hunter_robot.cpp.o] Error 1
[0.301s] gmake[2]: *** [CMakeFiles/ugv_sdk.dir/build.make:118: CMakeFiles/ugv_sdk.dir/src/mobile_robot/scout_robot.cpp.o] Error 1
[0.314s] In file included from [01m[K/home/r-taro-o/hunterSE_ws/src/ugv_sdk/src/async_port/async_serial.cpp:10[m[K:
[0.315s] [01m[K/home/r-taro-o/hunterSE_ws/src/ugv_sdk/include/ugv_sdk/details/async_port/async_serial.hpp:20:10:[m[K [01;31m[Kfatal error: [m[Kasio.hpp: No such file or directory
[0.315s]    20 | #include [01;31m[K"asio.hpp"[m[K
[0.315s]       |          [01;31m[K^~~~~~~~~~[m[K
[0.315s] compilation terminated.
[0.316s] gmake[2]: *** [CMakeFiles/ugv_sdk.dir/build.make:76: CMakeFiles/ugv_sdk.dir/src/async_port/async_serial.cpp.o] Error 1
[0.361s] In file included from [01m[K/home/r-taro-o/hunterSE_ws/src/ugv_sdk/include/ugv_sdk/details/robot_base/agilex_base.hpp:21[m[K,
[0.361s]                  from [01m[K/home/r-taro-o/hunterSE_ws/src/ugv_sdk/include/ugv_sdk/details/robot_base/bunker_base.hpp:19[m[K,
[0.361s]                  from [01m[K/home/r-taro-o/hunterSE_ws/src/ugv_sdk/src/mobile_robot/bunker_robot.cpp:11[m[K:
[0.362s] [01m[K/home/r-taro-o/hunterSE_ws/src/ugv_sdk/include/ugv_sdk/details/async_port/async_can.hpp:24:10:[m[K [01;31m[Kfatal error: [m[Kasio.hpp: No such file or directory
[0.362s]    24 | #include [01;31m[K"asio.hpp"[m[K
[0.362s]       |          [01;31m[K^~~~~~~~~~[m[K
[0.362s] compilation terminated.
[0.363s] gmake[2]: *** [CMakeFiles/ugv_sdk.dir/build.make:146: CMakeFiles/ugv_sdk.dir/src/mobile_robot/bunker_robot.cpp.o] Error 1
[0.421s] In file included from [01m[K/home/r-taro-o/hunterSE_ws/src/ugv_sdk/include/ugv_sdk/details/robot_base/agilex_base.hpp:21[m[K,
[0.421s]                  from [01m[K/home/r-taro-o/hunterSE_ws/src/ugv_sdk/include/ugv_sdk/details/robot_base/titan_base.hpp:18[m[K,
[0.421s]                  from [01m[K/home/r-taro-o/hunterSE_ws/src/ugv_sdk/include/ugv_sdk/mobile_robot/titan_robot.hpp:15[m[K,
[0.421s]                  from [01m[K/home/r-taro-o/hunterSE_ws/src/ugv_sdk/src/mobile_robot/titan_robot.cpp:9[m[K:
[0.422s] [01m[K/home/r-taro-o/hunterSE_ws/src/ugv_sdk/include/ugv_sdk/details/async_port/async_can.hpp:24:10:[m[K [01;31m[Kfatal error: [m[Kasio.hpp: No such file or directory
[0.422s]    24 | #include [01;31m[K"asio.hpp"[m[K
[0.423s]       |          [01;31m[K^~~~~~~~~~[m[K
[0.423s] compilation terminated.
[0.424s] In file included from [01m[K/home/r-taro-o/hunterSE_ws/src/ugv_sdk/include/ugv_sdk/details/robot_base/agilex_base.hpp:21[m[K,
[0.424s]                  from [01m[K/home/r-taro-o/hunterSE_ws/src/ugv_sdk/include/ugv_sdk/details/robot_base/ranger_base.hpp:19[m[K,
[0.424s]                  from [01m[K/home/r-taro-o/hunterSE_ws/src/ugv_sdk/include/ugv_sdk/mobile_robot/ranger_robot.hpp:15[m[K,
[0.424s]                  from [01m[K/home/r-taro-o/hunterSE_ws/src/ugv_sdk/src/mobile_robot/ranger_robot.cpp:9[m[K:
[0.425s] [01m[K/home/r-taro-o/hunterSE_ws/src/ugv_sdk/include/ugv_sdk/details/async_port/async_can.hpp:24:10:[m[K [01;31m[Kfatal error: [m[Kasio.hpp: No such file or directory
[0.425s]    24 | #include [01;31m[K"asio.hpp"[m[K
[0.426s]       |          [01;31m[K^~~~~~~~~~[m[K
[0.426s] compilation terminated.
[0.427s] gmake[2]: *** [CMakeFiles/ugv_sdk.dir/build.make:174: CMakeFiles/ugv_sdk.dir/src/mobile_robot/titan_robot.cpp.o] Error 1
[0.427s] gmake[2]: *** [CMakeFiles/ugv_sdk.dir/build.make:160: CMakeFiles/ugv_sdk.dir/src/mobile_robot/ranger_robot.cpp.o] Error 1
[0.428s] gmake[1]: *** [CMakeFiles/Makefile2:209: CMakeFiles/ugv_sdk.dir/all] Error 2
[0.429s] gmake: *** [Makefile:156: all] Error 2
[0.431s] Invoked command in '/home/r-taro-o/hunterSE_ws/src/build/ugv_sdk' returned '2': /usr/bin/cmake --build /home/r-taro-o/hunterSE_ws/src/build/ugv_sdk -- -j8 -l8
