[0.109s] Invoking command in '/home/r-taro-o/hunterSE_ws/build/hunter_msgs': CMAKE_PREFIX_PATH=/home/r-taro-o/hunterSE_ws/install/hunter_base:/opt/ros/humble:/home/r-taro-o/hunterSE_ws/install/ugv_sdk:/home/r-taro-o/hunterSE_ws/install/ranger_mini:/home/r-taro-o/hunterSE_ws/install/hunter_se_gazebo:/home/r-taro-o/hunterSE_ws/install/hunter_se_description:/home/r-taro-o/hunterSE_ws/install/hunter_msgs:/home/r-taro-o/hunterSE_ws/install/four_ws_control:/home/r-taro-o/gzb_exp_ws/install/nav_dev:/home/r-taro-o/gzb_exp_ws/install/key_event_nodes:/home/r-taro-o/gzb_exp_ws/install/key_event_msgs /usr/bin/cmake --build /home/r-taro-o/hunterSE_ws/build/hunter_msgs -- -j8 -l8
[0.246s] [  1%] Built target hunter_msgs__cpp
[0.257s] [ 12%] Built target hunter_msgs__rosidl_generator_c
[0.269s] [ 12%] Built target ament_cmake_python_symlink_hunter_msgs
[0.337s] [ 23%] Built target hunter_msgs__rosidl_typesupport_cpp
[0.340s] [ 34%] Built target hunter_msgs__rosidl_typesupport_fastrtps_cpp
[0.351s] [ 46%] Built target hunter_msgs__rosidl_typesupport_introspection_cpp
[0.365s] [ 57%] Built target hunter_msgs__rosidl_typesupport_c
[0.381s] [ 68%] Built target hunter_msgs__rosidl_typesupport_fastrtps_c
[0.383s] [ 79%] Built target hunter_msgs__rosidl_typesupport_introspection_c
[0.482s] [ 79%] Built target hunter_msgs
[0.516s] [ 80%] Built target hunter_msgs__py
[0.575s] [ 90%] Built target hunter_msgs__rosidl_generator_py
[0.638s] [ 96%] Built target hunter_msgs__rosidl_typesupport_fastrtps_c__pyext
[0.639s] [ 96%] Built target hunter_msgs__rosidl_typesupport_c__pyext
[0.640s] [100%] Built target hunter_msgs__rosidl_typesupport_introspection_c__pyext
[1.022s] running egg_info
[1.024s] writing hunter_msgs.egg-info/PKG-INFO
[1.025s] writing dependency_links to hunter_msgs.egg-info/dependency_links.txt
[1.026s] writing top-level names to hunter_msgs.egg-info/top_level.txt
[1.032s] reading manifest file 'hunter_msgs.egg-info/SOURCES.txt'
[1.034s] writing manifest file 'hunter_msgs.egg-info/SOURCES.txt'
[1.089s] [100%] Built target ament_cmake_python_build_hunter_msgs_egg
[1.114s] Invoked command in '/home/r-taro-o/hunterSE_ws/build/hunter_msgs' returned '0': CMAKE_PREFIX_PATH=/home/r-taro-o/hunterSE_ws/install/hunter_base:/opt/ros/humble:/home/r-taro-o/hunterSE_ws/install/ugv_sdk:/home/r-taro-o/hunterSE_ws/install/ranger_mini:/home/r-taro-o/hunterSE_ws/install/hunter_se_gazebo:/home/r-taro-o/hunterSE_ws/install/hunter_se_description:/home/r-taro-o/hunterSE_ws/install/hunter_msgs:/home/r-taro-o/hunterSE_ws/install/four_ws_control:/home/r-taro-o/gzb_exp_ws/install/nav_dev:/home/r-taro-o/gzb_exp_ws/install/key_event_nodes:/home/r-taro-o/gzb_exp_ws/install/key_event_msgs /usr/bin/cmake --build /home/r-taro-o/hunterSE_ws/build/hunter_msgs -- -j8 -l8
[1.384s] Invoking command in '/home/r-taro-o/hunterSE_ws/build/hunter_msgs': CMAKE_PREFIX_PATH=/home/r-taro-o/hunterSE_ws/install/hunter_base:/opt/ros/humble:/home/r-taro-o/hunterSE_ws/install/ugv_sdk:/home/r-taro-o/hunterSE_ws/install/ranger_mini:/home/r-taro-o/hunterSE_ws/install/hunter_se_gazebo:/home/r-taro-o/hunterSE_ws/install/hunter_se_description:/home/r-taro-o/hunterSE_ws/install/hunter_msgs:/home/r-taro-o/hunterSE_ws/install/four_ws_control:/home/r-taro-o/gzb_exp_ws/install/nav_dev:/home/r-taro-o/gzb_exp_ws/install/key_event_nodes:/home/r-taro-o/gzb_exp_ws/install/key_event_msgs /usr/bin/cmake --install /home/r-taro-o/hunterSE_ws/build/hunter_msgs
[1.401s] -- Install configuration: ""
[1.403s] -- Execute custom install script
[1.404s] -- Up-to-date symlink: /home/r-taro-o/hunterSE_ws/install/hunter_msgs/share/ament_index/resource_index/rosidl_interfaces/hunter_msgs
[1.407s] -- Up-to-date symlink: /home/r-taro-o/hunterSE_ws/install/hunter_msgs/include/hunter_msgs/hunter_msgs/msg/detail/hunter_actuator_state__functions.h
[1.408s] -- Up-to-date symlink: /home/r-taro-o/hunterSE_ws/install/hunter_msgs/include/hunter_msgs/hunter_msgs/msg/detail/hunter_actuator_state__struct.h
[1.409s] -- Up-to-date symlink: /home/r-taro-o/hunterSE_ws/install/hunter_msgs/include/hunter_msgs/hunter_msgs/msg/detail/hunter_actuator_state__type_support.h
[1.410s] -- Up-to-date symlink: /home/r-taro-o/hunterSE_ws/install/hunter_msgs/include/hunter_msgs/hunter_msgs/msg/detail/hunter_light_cmd__functions.h
[1.411s] -- Up-to-date symlink: /home/r-taro-o/hunterSE_ws/install/hunter_msgs/include/hunter_msgs/hunter_msgs/msg/detail/hunter_light_cmd__struct.h
[1.413s] -- Up-to-date symlink: /home/r-taro-o/hunterSE_ws/install/hunter_msgs/include/hunter_msgs/hunter_msgs/msg/detail/hunter_light_cmd__type_support.h
[1.413s] -- Up-to-date symlink: /home/r-taro-o/hunterSE_ws/install/hunter_msgs/include/hunter_msgs/hunter_msgs/msg/detail/hunter_light_state__functions.h
[1.415s] -- Up-to-date symlink: /home/r-taro-o/hunterSE_ws/install/hunter_msgs/include/hunter_msgs/hunter_msgs/msg/detail/hunter_light_state__struct.h
[1.416s] -- Up-to-date symlink: /home/r-taro-o/hunterSE_ws/install/hunter_msgs/include/hunter_msgs/hunter_msgs/msg/detail/hunter_light_state__type_support.h
[1.416s] -- Up-to-date symlink: /home/r-taro-o/hunterSE_ws/install/hunter_msgs/include/hunter_msgs/hunter_msgs/msg/detail/hunter_rc_state__functions.h
[1.417s] -- Up-to-date symlink: /home/r-taro-o/hunterSE_ws/install/hunter_msgs/include/hunter_msgs/hunter_msgs/msg/detail/hunter_rc_state__struct.h
[1.418s] -- Up-to-date symlink: /home/r-taro-o/hunterSE_ws/install/hunter_msgs/include/hunter_msgs/hunter_msgs/msg/detail/hunter_rc_state__type_support.h
[1.419s] -- Up-to-date symlink: /home/r-taro-o/hunterSE_ws/install/hunter_msgs/include/hunter_msgs/hunter_msgs/msg/detail/hunter_status__functions.h
[1.419s] -- Up-to-date symlink: /home/r-taro-o/hunterSE_ws/install/hunter_msgs/include/hunter_msgs/hunter_msgs/msg/detail/hunter_status__struct.h
[1.420s] -- Up-to-date symlink: /home/r-taro-o/hunterSE_ws/install/hunter_msgs/include/hunter_msgs/hunter_msgs/msg/detail/hunter_status__type_support.h
[1.421s] -- Up-to-date symlink: /home/r-taro-o/hunterSE_ws/install/hunter_msgs/include/hunter_msgs/hunter_msgs/msg/hunter_actuator_state.h
[1.422s] -- Up-to-date symlink: /home/r-taro-o/hunterSE_ws/install/hunter_msgs/include/hunter_msgs/hunter_msgs/msg/hunter_light_cmd.h
[1.423s] -- Up-to-date symlink: /home/r-taro-o/hunterSE_ws/install/hunter_msgs/include/hunter_msgs/hunter_msgs/msg/hunter_light_state.h
[1.424s] -- Up-to-date symlink: /home/r-taro-o/hunterSE_ws/install/hunter_msgs/include/hunter_msgs/hunter_msgs/msg/hunter_rc_state.h
[1.424s] -- Up-to-date symlink: /home/r-taro-o/hunterSE_ws/install/hunter_msgs/include/hunter_msgs/hunter_msgs/msg/hunter_status.h
[1.425s] -- Up-to-date symlink: /home/r-taro-o/hunterSE_ws/install/hunter_msgs/include/hunter_msgs/hunter_msgs/msg/rosidl_generator_c__visibility_control.h
[1.426s] -- Up-to-date symlink: /home/r-taro-o/hunterSE_ws/install/hunter_msgs/share/hunter_msgs/environment/library_path.sh
[1.426s] -- Up-to-date symlink: /home/r-taro-o/hunterSE_ws/install/hunter_msgs/share/hunter_msgs/environment/library_path.dsv
[1.429s] -- Up-to-date symlink: /home/r-taro-o/hunterSE_ws/install/hunter_msgs/include/hunter_msgs/hunter_msgs/msg/detail/hunter_actuator_state__rosidl_typesupport_fastrtps_c.h
[1.430s] -- Up-to-date symlink: /home/r-taro-o/hunterSE_ws/install/hunter_msgs/include/hunter_msgs/hunter_msgs/msg/detail/hunter_light_cmd__rosidl_typesupport_fastrtps_c.h
[1.431s] -- Up-to-date symlink: /home/r-taro-o/hunterSE_ws/install/hunter_msgs/include/hunter_msgs/hunter_msgs/msg/detail/hunter_light_state__rosidl_typesupport_fastrtps_c.h
[1.432s] -- Up-to-date symlink: /home/r-taro-o/hunterSE_ws/install/hunter_msgs/include/hunter_msgs/hunter_msgs/msg/detail/hunter_rc_state__rosidl_typesupport_fastrtps_c.h
[1.433s] -- Up-to-date symlink: /home/r-taro-o/hunterSE_ws/install/hunter_msgs/include/hunter_msgs/hunter_msgs/msg/detail/hunter_status__rosidl_typesupport_fastrtps_c.h
[1.434s] -- Up-to-date symlink: /home/r-taro-o/hunterSE_ws/install/hunter_msgs/include/hunter_msgs/hunter_msgs/msg/rosidl_typesupport_fastrtps_c__visibility_control.h
[1.437s] -- Up-to-date symlink: /home/r-taro-o/hunterSE_ws/install/hunter_msgs/include/hunter_msgs/hunter_msgs/msg/detail/hunter_actuator_state__builder.hpp
[1.437s] -- Up-to-date symlink: /home/r-taro-o/hunterSE_ws/install/hunter_msgs/include/hunter_msgs/hunter_msgs/msg/detail/hunter_actuator_state__struct.hpp
[1.438s] -- Up-to-date symlink: /home/r-taro-o/hunterSE_ws/install/hunter_msgs/include/hunter_msgs/hunter_msgs/msg/detail/hunter_actuator_state__traits.hpp
[1.439s] -- Up-to-date symlink: /home/r-taro-o/hunterSE_ws/install/hunter_msgs/include/hunter_msgs/hunter_msgs/msg/detail/hunter_light_cmd__builder.hpp
[1.440s] -- Up-to-date symlink: /home/r-taro-o/hunterSE_ws/install/hunter_msgs/include/hunter_msgs/hunter_msgs/msg/detail/hunter_light_cmd__struct.hpp
[1.441s] -- Up-to-date symlink: /home/r-taro-o/hunterSE_ws/install/hunter_msgs/include/hunter_msgs/hunter_msgs/msg/detail/hunter_light_cmd__traits.hpp
[1.441s] -- Up-to-date symlink: /home/r-taro-o/hunterSE_ws/install/hunter_msgs/include/hunter_msgs/hunter_msgs/msg/detail/hunter_light_state__builder.hpp
[1.442s] -- Up-to-date symlink: /home/r-taro-o/hunterSE_ws/install/hunter_msgs/include/hunter_msgs/hunter_msgs/msg/detail/hunter_light_state__struct.hpp
[1.443s] -- Up-to-date symlink: /home/r-taro-o/hunterSE_ws/install/hunter_msgs/include/hunter_msgs/hunter_msgs/msg/detail/hunter_light_state__traits.hpp
[1.444s] -- Up-to-date symlink: /home/r-taro-o/hunterSE_ws/install/hunter_msgs/include/hunter_msgs/hunter_msgs/msg/detail/hunter_rc_state__builder.hpp
[1.445s] -- Up-to-date symlink: /home/r-taro-o/hunterSE_ws/install/hunter_msgs/include/hunter_msgs/hunter_msgs/msg/detail/hunter_rc_state__struct.hpp
[1.446s] -- Up-to-date symlink: /home/r-taro-o/hunterSE_ws/install/hunter_msgs/include/hunter_msgs/hunter_msgs/msg/detail/hunter_rc_state__traits.hpp
[1.447s] -- Up-to-date symlink: /home/r-taro-o/hunterSE_ws/install/hunter_msgs/include/hunter_msgs/hunter_msgs/msg/detail/hunter_status__builder.hpp
[1.447s] -- Up-to-date symlink: /home/r-taro-o/hunterSE_ws/install/hunter_msgs/include/hunter_msgs/hunter_msgs/msg/detail/hunter_status__struct.hpp
[1.448s] -- Up-to-date symlink: /home/r-taro-o/hunterSE_ws/install/hunter_msgs/include/hunter_msgs/hunter_msgs/msg/detail/hunter_status__traits.hpp
[1.449s] -- Up-to-date symlink: /home/r-taro-o/hunterSE_ws/install/hunter_msgs/include/hunter_msgs/hunter_msgs/msg/hunter_actuator_state.hpp
[1.450s] -- Up-to-date symlink: /home/r-taro-o/hunterSE_ws/install/hunter_msgs/include/hunter_msgs/hunter_msgs/msg/hunter_light_cmd.hpp
[1.450s] -- Up-to-date symlink: /home/r-taro-o/hunterSE_ws/install/hunter_msgs/include/hunter_msgs/hunter_msgs/msg/hunter_light_state.hpp
[1.451s] -- Up-to-date symlink: /home/r-taro-o/hunterSE_ws/install/hunter_msgs/include/hunter_msgs/hunter_msgs/msg/hunter_rc_state.hpp
[1.452s] -- Up-to-date symlink: /home/r-taro-o/hunterSE_ws/install/hunter_msgs/include/hunter_msgs/hunter_msgs/msg/hunter_status.hpp
[1.455s] -- Up-to-date symlink: /home/r-taro-o/hunterSE_ws/install/hunter_msgs/include/hunter_msgs/hunter_msgs/msg/detail/hunter_actuator_state__rosidl_typesupport_fastrtps_cpp.hpp
[1.456s] -- Up-to-date symlink: /home/r-taro-o/hunterSE_ws/install/hunter_msgs/include/hunter_msgs/hunter_msgs/msg/detail/hunter_light_cmd__rosidl_typesupport_fastrtps_cpp.hpp
[1.457s] -- Up-to-date symlink: /home/r-taro-o/hunterSE_ws/install/hunter_msgs/include/hunter_msgs/hunter_msgs/msg/detail/hunter_light_state__rosidl_typesupport_fastrtps_cpp.hpp
[1.458s] -- Up-to-date symlink: /home/r-taro-o/hunterSE_ws/install/hunter_msgs/include/hunter_msgs/hunter_msgs/msg/detail/hunter_rc_state__rosidl_typesupport_fastrtps_cpp.hpp
[1.458s] -- Up-to-date symlink: /home/r-taro-o/hunterSE_ws/install/hunter_msgs/include/hunter_msgs/hunter_msgs/msg/detail/hunter_status__rosidl_typesupport_fastrtps_cpp.hpp
[1.459s] -- Up-to-date symlink: /home/r-taro-o/hunterSE_ws/install/hunter_msgs/include/hunter_msgs/hunter_msgs/msg/rosidl_typesupport_fastrtps_cpp__visibility_control.h
[1.462s] -- Up-to-date symlink: /home/r-taro-o/hunterSE_ws/install/hunter_msgs/include/hunter_msgs/hunter_msgs/msg/detail/hunter_actuator_state__rosidl_typesupport_introspection_c.h
[1.463s] -- Up-to-date symlink: /home/r-taro-o/hunterSE_ws/install/hunter_msgs/include/hunter_msgs/hunter_msgs/msg/detail/hunter_light_cmd__rosidl_typesupport_introspection_c.h
[1.463s] -- Up-to-date symlink: /home/r-taro-o/hunterSE_ws/install/hunter_msgs/include/hunter_msgs/hunter_msgs/msg/detail/hunter_light_state__rosidl_typesupport_introspection_c.h
[1.464s] -- Up-to-date symlink: /home/r-taro-o/hunterSE_ws/install/hunter_msgs/include/hunter_msgs/hunter_msgs/msg/detail/hunter_rc_state__rosidl_typesupport_introspection_c.h
[1.465s] -- Up-to-date symlink: /home/r-taro-o/hunterSE_ws/install/hunter_msgs/include/hunter_msgs/hunter_msgs/msg/detail/hunter_status__rosidl_typesupport_introspection_c.h
[1.466s] -- Up-to-date symlink: /home/r-taro-o/hunterSE_ws/install/hunter_msgs/include/hunter_msgs/hunter_msgs/msg/rosidl_typesupport_introspection_c__visibility_control.h
[1.468s] -- Up-to-date symlink: /home/r-taro-o/hunterSE_ws/install/hunter_msgs/include/hunter_msgs/hunter_msgs/msg/detail/hunter_actuator_state__rosidl_typesupport_introspection_cpp.hpp
[1.469s] -- Up-to-date symlink: /home/r-taro-o/hunterSE_ws/install/hunter_msgs/include/hunter_msgs/hunter_msgs/msg/detail/hunter_light_cmd__rosidl_typesupport_introspection_cpp.hpp
[1.470s] -- Up-to-date symlink: /home/r-taro-o/hunterSE_ws/install/hunter_msgs/include/hunter_msgs/hunter_msgs/msg/detail/hunter_light_state__rosidl_typesupport_introspection_cpp.hpp
[1.470s] -- Up-to-date symlink: /home/r-taro-o/hunterSE_ws/install/hunter_msgs/include/hunter_msgs/hunter_msgs/msg/detail/hunter_rc_state__rosidl_typesupport_introspection_cpp.hpp
[1.471s] -- Up-to-date symlink: /home/r-taro-o/hunterSE_ws/install/hunter_msgs/include/hunter_msgs/hunter_msgs/msg/detail/hunter_status__rosidl_typesupport_introspection_cpp.hpp
[1.472s] -- Up-to-date symlink: /home/r-taro-o/hunterSE_ws/install/hunter_msgs/share/hunter_msgs/environment/pythonpath.sh
[1.473s] -- Up-to-date symlink: /home/r-taro-o/hunterSE_ws/install/hunter_msgs/share/hunter_msgs/environment/pythonpath.dsv
[1.473s] -- Up-to-date symlink: /home/r-taro-o/hunterSE_ws/install/hunter_msgs/local/lib/python3.10/dist-packages/hunter_msgs-0.0.1-py3.10.egg-info/PKG-INFO
[1.474s] -- Up-to-date symlink: /home/r-taro-o/hunterSE_ws/install/hunter_msgs/local/lib/python3.10/dist-packages/hunter_msgs-0.0.1-py3.10.egg-info/SOURCES.txt
[1.475s] -- Up-to-date symlink: /home/r-taro-o/hunterSE_ws/install/hunter_msgs/local/lib/python3.10/dist-packages/hunter_msgs-0.0.1-py3.10.egg-info/dependency_links.txt
[1.476s] -- Up-to-date symlink: /home/r-taro-o/hunterSE_ws/install/hunter_msgs/local/lib/python3.10/dist-packages/hunter_msgs-0.0.1-py3.10.egg-info/top_level.txt
[1.477s] -- Up-to-date symlink: /home/r-taro-o/hunterSE_ws/install/hunter_msgs/local/lib/python3.10/dist-packages/hunter_msgs/__init__.py
[1.478s] -- Up-to-date symlink: /home/r-taro-o/hunterSE_ws/install/hunter_msgs/local/lib/python3.10/dist-packages/hunter_msgs/_hunter_msgs_s.ep.rosidl_typesupport_c.c
[1.479s] -- Up-to-date symlink: /home/r-taro-o/hunterSE_ws/install/hunter_msgs/local/lib/python3.10/dist-packages/hunter_msgs/_hunter_msgs_s.ep.rosidl_typesupport_fastrtps_c.c
[1.479s] -- Up-to-date symlink: /home/r-taro-o/hunterSE_ws/install/hunter_msgs/local/lib/python3.10/dist-packages/hunter_msgs/_hunter_msgs_s.ep.rosidl_typesupport_introspection_c.c
[1.480s] -- Up-to-date symlink: /home/r-taro-o/hunterSE_ws/install/hunter_msgs/local/lib/python3.10/dist-packages/hunter_msgs/hunter_msgs_s__rosidl_typesupport_c.cpython-310-x86_64-linux-gnu.so
[1.481s] -- Up-to-date symlink: /home/r-taro-o/hunterSE_ws/install/hunter_msgs/local/lib/python3.10/dist-packages/hunter_msgs/hunter_msgs_s__rosidl_typesupport_fastrtps_c.cpython-310-x86_64-linux-gnu.so
[1.482s] -- Up-to-date symlink: /home/r-taro-o/hunterSE_ws/install/hunter_msgs/local/lib/python3.10/dist-packages/hunter_msgs/hunter_msgs_s__rosidl_typesupport_introspection_c.cpython-310-x86_64-linux-gnu.so
[1.482s] -- Up-to-date symlink: /home/r-taro-o/hunterSE_ws/install/hunter_msgs/local/lib/python3.10/dist-packages/hunter_msgs/libhunter_msgs__rosidl_generator_py.so
[1.483s] -- Up-to-date symlink: /home/r-taro-o/hunterSE_ws/install/hunter_msgs/local/lib/python3.10/dist-packages/hunter_msgs/msg/__init__.py
[1.484s] -- Up-to-date symlink: /home/r-taro-o/hunterSE_ws/install/hunter_msgs/local/lib/python3.10/dist-packages/hunter_msgs/msg/_hunter_actuator_state.py
[1.484s] -- Up-to-date symlink: /home/r-taro-o/hunterSE_ws/install/hunter_msgs/local/lib/python3.10/dist-packages/hunter_msgs/msg/_hunter_actuator_state_s.c
[1.485s] -- Up-to-date symlink: /home/r-taro-o/hunterSE_ws/install/hunter_msgs/local/lib/python3.10/dist-packages/hunter_msgs/msg/_hunter_light_cmd.py
[1.486s] -- Up-to-date symlink: /home/r-taro-o/hunterSE_ws/install/hunter_msgs/local/lib/python3.10/dist-packages/hunter_msgs/msg/_hunter_light_cmd_s.c
[1.487s] -- Up-to-date symlink: /home/r-taro-o/hunterSE_ws/install/hunter_msgs/local/lib/python3.10/dist-packages/hunter_msgs/msg/_hunter_light_state.py
[1.487s] -- Up-to-date symlink: /home/r-taro-o/hunterSE_ws/install/hunter_msgs/local/lib/python3.10/dist-packages/hunter_msgs/msg/_hunter_light_state_s.c
[1.488s] -- Up-to-date symlink: /home/r-taro-o/hunterSE_ws/install/hunter_msgs/local/lib/python3.10/dist-packages/hunter_msgs/msg/_hunter_rc_state.py
[1.489s] -- Up-to-date symlink: /home/r-taro-o/hunterSE_ws/install/hunter_msgs/local/lib/python3.10/dist-packages/hunter_msgs/msg/_hunter_rc_state_s.c
[1.490s] -- Up-to-date symlink: /home/r-taro-o/hunterSE_ws/install/hunter_msgs/local/lib/python3.10/dist-packages/hunter_msgs/msg/_hunter_status.py
[1.491s] -- Up-to-date symlink: /home/r-taro-o/hunterSE_ws/install/hunter_msgs/local/lib/python3.10/dist-packages/hunter_msgs/msg/_hunter_status_s.c
[1.492s] -- Up-to-date symlink: /home/r-taro-o/hunterSE_ws/install/hunter_msgs/local/lib/python3.10/dist-packages/hunter_msgs/hunter_msgs_s__rosidl_typesupport_fastrtps_c.cpython-310-x86_64-linux-gnu.so
[1.493s] -- Up-to-date symlink: /home/r-taro-o/hunterSE_ws/install/hunter_msgs/local/lib/python3.10/dist-packages/hunter_msgs/hunter_msgs_s__rosidl_typesupport_introspection_c.cpython-310-x86_64-linux-gnu.so
[1.495s] -- Up-to-date symlink: /home/r-taro-o/hunterSE_ws/install/hunter_msgs/local/lib/python3.10/dist-packages/hunter_msgs/hunter_msgs_s__rosidl_typesupport_c.cpython-310-x86_64-linux-gnu.so
[1.496s] -- Up-to-date symlink: /home/r-taro-o/hunterSE_ws/install/hunter_msgs/share/hunter_msgs/msg/HunterActuatorState.idl
[1.496s] -- Up-to-date symlink: /home/r-taro-o/hunterSE_ws/install/hunter_msgs/share/hunter_msgs/msg/HunterLightCmd.idl
[1.497s] -- Up-to-date symlink: /home/r-taro-o/hunterSE_ws/install/hunter_msgs/share/hunter_msgs/msg/HunterLightState.idl
[1.498s] -- Up-to-date symlink: /home/r-taro-o/hunterSE_ws/install/hunter_msgs/share/hunter_msgs/msg/HunterRCState.idl
[1.499s] -- Up-to-date symlink: /home/r-taro-o/hunterSE_ws/install/hunter_msgs/share/hunter_msgs/msg/HunterStatus.idl
[1.500s] -- Up-to-date symlink: /home/r-taro-o/hunterSE_ws/install/hunter_msgs/share/hunter_msgs/msg/HunterActuatorState.msg
[1.501s] -- Up-to-date symlink: /home/r-taro-o/hunterSE_ws/install/hunter_msgs/share/hunter_msgs/msg/HunterLightCmd.msg
[1.502s] -- Up-to-date symlink: /home/r-taro-o/hunterSE_ws/install/hunter_msgs/share/hunter_msgs/msg/HunterLightState.msg
[1.503s] -- Up-to-date symlink: /home/r-taro-o/hunterSE_ws/install/hunter_msgs/share/hunter_msgs/msg/HunterRCState.msg
[1.503s] -- Up-to-date symlink: /home/r-taro-o/hunterSE_ws/install/hunter_msgs/share/hunter_msgs/msg/HunterStatus.msg
[1.504s] -- Up-to-date symlink: /home/r-taro-o/hunterSE_ws/install/hunter_msgs/share/ament_index/resource_index/package_run_dependencies/hunter_msgs
[1.505s] -- Up-to-date symlink: /home/r-taro-o/hunterSE_ws/install/hunter_msgs/share/ament_index/resource_index/parent_prefix_path/hunter_msgs
[1.506s] -- Up-to-date symlink: /home/r-taro-o/hunterSE_ws/install/hunter_msgs/share/hunter_msgs/environment/ament_prefix_path.sh
[1.507s] -- Up-to-date symlink: /home/r-taro-o/hunterSE_ws/install/hunter_msgs/share/hunter_msgs/environment/ament_prefix_path.dsv
[1.508s] -- Up-to-date symlink: /home/r-taro-o/hunterSE_ws/install/hunter_msgs/share/hunter_msgs/environment/path.sh
[1.508s] -- Up-to-date symlink: /home/r-taro-o/hunterSE_ws/install/hunter_msgs/share/hunter_msgs/environment/path.dsv
[1.509s] -- Up-to-date symlink: /home/r-taro-o/hunterSE_ws/install/hunter_msgs/share/hunter_msgs/local_setup.bash
[1.510s] -- Up-to-date symlink: /home/r-taro-o/hunterSE_ws/install/hunter_msgs/share/hunter_msgs/local_setup.sh
[1.511s] -- Up-to-date symlink: /home/r-taro-o/hunterSE_ws/install/hunter_msgs/share/hunter_msgs/local_setup.zsh
[1.511s] -- Up-to-date symlink: /home/r-taro-o/hunterSE_ws/install/hunter_msgs/share/hunter_msgs/local_setup.dsv
[1.512s] -- Symlinking: /home/r-taro-o/hunterSE_ws/install/hunter_msgs/share/hunter_msgs/package.dsv
[1.530s] -- Up-to-date symlink: /home/r-taro-o/hunterSE_ws/install/hunter_msgs/share/ament_index/resource_index/packages/hunter_msgs
[1.531s] -- Up-to-date symlink: /home/r-taro-o/hunterSE_ws/install/hunter_msgs/share/hunter_msgs/cmake/rosidl_cmake-extras.cmake
[1.532s] -- Up-to-date symlink: /home/r-taro-o/hunterSE_ws/install/hunter_msgs/share/hunter_msgs/cmake/ament_cmake_export_dependencies-extras.cmake
[1.533s] -- Up-to-date symlink: /home/r-taro-o/hunterSE_ws/install/hunter_msgs/share/hunter_msgs/cmake/ament_cmake_export_include_directories-extras.cmake
[1.534s] -- Up-to-date symlink: /home/r-taro-o/hunterSE_ws/install/hunter_msgs/share/hunter_msgs/cmake/ament_cmake_export_libraries-extras.cmake
[1.535s] -- Up-to-date symlink: /home/r-taro-o/hunterSE_ws/install/hunter_msgs/share/hunter_msgs/cmake/ament_cmake_export_targets-extras.cmake
[1.536s] -- Up-to-date symlink: /home/r-taro-o/hunterSE_ws/install/hunter_msgs/share/hunter_msgs/cmake/rosidl_cmake_export_typesupport_targets-extras.cmake
[1.537s] -- Up-to-date symlink: /home/r-taro-o/hunterSE_ws/install/hunter_msgs/share/hunter_msgs/cmake/rosidl_cmake_export_typesupport_libraries-extras.cmake
[1.538s] -- Up-to-date symlink: /home/r-taro-o/hunterSE_ws/install/hunter_msgs/share/hunter_msgs/cmake/hunter_msgsConfig.cmake
[1.539s] -- Up-to-date symlink: /home/r-taro-o/hunterSE_ws/install/hunter_msgs/share/hunter_msgs/cmake/hunter_msgsConfig-version.cmake
[1.540s] -- Up-to-date symlink: /home/r-taro-o/hunterSE_ws/install/hunter_msgs/share/hunter_msgs/package.xml
[1.542s] -- Up-to-date: /home/r-taro-o/hunterSE_ws/install/hunter_msgs/lib/libhunter_msgs__rosidl_generator_c.so
[1.544s] -- Up-to-date: /home/r-taro-o/hunterSE_ws/install/hunter_msgs/lib/libhunter_msgs__rosidl_typesupport_fastrtps_c.so
[1.546s] -- Up-to-date: /home/r-taro-o/hunterSE_ws/install/hunter_msgs/lib/libhunter_msgs__rosidl_typesupport_fastrtps_cpp.so
[1.548s] -- Up-to-date: /home/r-taro-o/hunterSE_ws/install/hunter_msgs/lib/libhunter_msgs__rosidl_typesupport_introspection_c.so
[1.549s] -- Up-to-date: /home/r-taro-o/hunterSE_ws/install/hunter_msgs/lib/libhunter_msgs__rosidl_typesupport_c.so
[1.551s] -- Up-to-date: /home/r-taro-o/hunterSE_ws/install/hunter_msgs/lib/libhunter_msgs__rosidl_typesupport_introspection_cpp.so
[1.553s] -- Up-to-date: /home/r-taro-o/hunterSE_ws/install/hunter_msgs/lib/libhunter_msgs__rosidl_typesupport_cpp.so
[1.626s] Listing '/home/r-taro-o/hunterSE_ws/install/hunter_msgs/local/lib/python3.10/dist-packages/hunter_msgs'...
[1.627s] Listing '/home/r-taro-o/hunterSE_ws/install/hunter_msgs/local/lib/python3.10/dist-packages/hunter_msgs/msg'...
[1.637s] -- Up-to-date: /home/r-taro-o/hunterSE_ws/install/hunter_msgs/lib/libhunter_msgs__rosidl_generator_py.so
[1.639s] -- Up-to-date: /home/r-taro-o/hunterSE_ws/install/hunter_msgs/share/hunter_msgs/cmake/export_hunter_msgs__rosidl_generator_cExport.cmake
[1.639s] -- Up-to-date: /home/r-taro-o/hunterSE_ws/install/hunter_msgs/share/hunter_msgs/cmake/export_hunter_msgs__rosidl_generator_cExport-noconfig.cmake
[1.640s] -- Up-to-date: /home/r-taro-o/hunterSE_ws/install/hunter_msgs/share/hunter_msgs/cmake/export_hunter_msgs__rosidl_typesupport_fastrtps_cExport.cmake
[1.640s] -- Up-to-date: /home/r-taro-o/hunterSE_ws/install/hunter_msgs/share/hunter_msgs/cmake/export_hunter_msgs__rosidl_typesupport_fastrtps_cExport-noconfig.cmake
[1.641s] -- Up-to-date: /home/r-taro-o/hunterSE_ws/install/hunter_msgs/share/hunter_msgs/cmake/export_hunter_msgs__rosidl_generator_cppExport.cmake
[1.643s] -- Up-to-date: /home/r-taro-o/hunterSE_ws/install/hunter_msgs/share/hunter_msgs/cmake/export_hunter_msgs__rosidl_typesupport_fastrtps_cppExport.cmake
[1.643s] -- Up-to-date: /home/r-taro-o/hunterSE_ws/install/hunter_msgs/share/hunter_msgs/cmake/export_hunter_msgs__rosidl_typesupport_fastrtps_cppExport-noconfig.cmake
[1.644s] -- Up-to-date: /home/r-taro-o/hunterSE_ws/install/hunter_msgs/share/hunter_msgs/cmake/hunter_msgs__rosidl_typesupport_introspection_cExport.cmake
[1.645s] -- Up-to-date: /home/r-taro-o/hunterSE_ws/install/hunter_msgs/share/hunter_msgs/cmake/hunter_msgs__rosidl_typesupport_introspection_cExport-noconfig.cmake
[1.646s] -- Up-to-date: /home/r-taro-o/hunterSE_ws/install/hunter_msgs/share/hunter_msgs/cmake/hunter_msgs__rosidl_typesupport_cExport.cmake
[1.646s] -- Up-to-date: /home/r-taro-o/hunterSE_ws/install/hunter_msgs/share/hunter_msgs/cmake/hunter_msgs__rosidl_typesupport_cExport-noconfig.cmake
[1.648s] -- Up-to-date: /home/r-taro-o/hunterSE_ws/install/hunter_msgs/share/hunter_msgs/cmake/hunter_msgs__rosidl_typesupport_introspection_cppExport.cmake
[1.648s] -- Up-to-date: /home/r-taro-o/hunterSE_ws/install/hunter_msgs/share/hunter_msgs/cmake/hunter_msgs__rosidl_typesupport_introspection_cppExport-noconfig.cmake
[1.649s] -- Up-to-date: /home/r-taro-o/hunterSE_ws/install/hunter_msgs/share/hunter_msgs/cmake/hunter_msgs__rosidl_typesupport_cppExport.cmake
[1.649s] -- Up-to-date: /home/r-taro-o/hunterSE_ws/install/hunter_msgs/share/hunter_msgs/cmake/hunter_msgs__rosidl_typesupport_cppExport-noconfig.cmake
[1.650s] -- Up-to-date: /home/r-taro-o/hunterSE_ws/install/hunter_msgs/share/hunter_msgs/cmake/export_hunter_msgs__rosidl_generator_pyExport.cmake
[1.650s] -- Up-to-date: /home/r-taro-o/hunterSE_ws/install/hunter_msgs/share/hunter_msgs/cmake/export_hunter_msgs__rosidl_generator_pyExport-noconfig.cmake
[1.657s] Invoked command in '/home/r-taro-o/hunterSE_ws/build/hunter_msgs' returned '0': CMAKE_PREFIX_PATH=/home/r-taro-o/hunterSE_ws/install/hunter_base:/opt/ros/humble:/home/r-taro-o/hunterSE_ws/install/ugv_sdk:/home/r-taro-o/hunterSE_ws/install/ranger_mini:/home/r-taro-o/hunterSE_ws/install/hunter_se_gazebo:/home/r-taro-o/hunterSE_ws/install/hunter_se_description:/home/r-taro-o/hunterSE_ws/install/hunter_msgs:/home/r-taro-o/hunterSE_ws/install/four_ws_control:/home/r-taro-o/gzb_exp_ws/install/nav_dev:/home/r-taro-o/gzb_exp_ws/install/key_event_nodes:/home/r-taro-o/gzb_exp_ws/install/key_event_msgs /usr/bin/cmake --install /home/r-taro-o/hunterSE_ws/build/hunter_msgs
