[0.091s] Invoking command in '/home/r-taro-o/hunterSE_ws/build/bunker_description': /usr/bin/cmake /home/r-taro-o/hunterSE_ws/src/ugv_sim/bunker/bunker_description -DCATKIN_INSTALL_INTO_PREFIX_ROOT=0 -DCMAKE_INSTALL_PREFIX=/home/r-taro-o/hunterSE_ws/install/bunker_description
[0.295s] -- The C compiler identification is GNU 11.4.0
[0.661s] -- The CXX compiler identification is GNU 11.4.0
[0.844s] -- Detecting C compiler ABI info
[1.101s] -- Detecting C compiler ABI info - done
[1.138s] -- Check for working C compiler: /usr/bin/cc - skipped
[1.139s] -- Detecting C compile features
[1.141s] -- Detecting C compile features - done
[1.154s] -- Detecting CXX compiler ABI info
[1.454s] -- Detecting CXX compiler ABI info - done
[1.486s] -- Check for working CXX compiler: /usr/bin/c++ - skipped
[1.487s] -- Detecting CXX compile features
[1.489s] -- Detecting CXX compile features - done
[2.299s] [31mCMake Error at CMakeLists.txt:10 (find_package):
[2.299s]   By not providing "Findcatkin.cmake" in CMAKE_MODULE_PATH this project has
[2.300s]   asked CMake to find a package configuration file provided by "catkin", but
[2.300s]   CMake did not find one.
[2.300s] 
[2.301s]   Could not find a package configuration file provided by "catkin" with any
[2.301s]   of the following names:
[2.302s] 
[2.302s]     catkinConfig.cmake
[2.303s]     catkin-config.cmake
[2.303s] 
[2.304s]   Add the installation prefix of "catkin" to CMAKE_PREFIX_PATH or set
[2.305s]   "catkin_DIR" to a directory containing one of the above files.  If "catkin"
[2.305s]   provides a separate development package or SDK, be sure it has been
[2.306s]   installed.
[2.311s] 
[2.314s] [0m
[2.315s] -- Configuring incomplete, errors occurred!
[2.315s] See also "/home/r-taro-o/hunterSE_ws/build/bunker_description/CMakeFiles/CMakeOutput.log".
