[0.236s] DEBUG:colcon:Command line arguments: ['/usr/bin/colcon', 'build']
[0.236s] DEBUG:colcon:Parsed command line arguments: Namespace(log_base=None, log_level=None, verb_name='build', build_base='build', install_base='install', merge_install=False, symlink_install=False, test_result_base=None, continue_on_error=False, executor='parallel', parallel_workers=8, event_handlers=None, ignore_user_meta=False, metas=['./colcon.meta'], base_paths=['.'], packages_ignore=None, packages_ignore_regex=None, paths=None, packages_up_to=None, packages_up_to_regex=None, packages_above=None, packages_above_and_dependencies=None, packages_above_depth=None, packages_select_by_dep=None, packages_skip_by_dep=None, packages_skip_up_to=None, packages_select_build_failed=False, packages_skip_build_finished=False, packages_select_test_failures=False, packages_skip_test_passed=False, packages_select=None, packages_skip=None, packages_select_regex=None, packages_skip_regex=None, packages_start=None, packages_end=None, allow_overriding=[], cmake_args=None, cmake_target=None, cmake_target_skip_unavailable=False, cmake_clean_cache=False, cmake_clean_first=False, cmake_force_configure=False, ament_cmake_args=None, catkin_cmake_args=None, catkin_skip_building_tests=False, verb_parser=<colcon_defaults.argument_parser.defaults.DefaultArgumentsDecorator object at 0x7f275df6bd90>, verb_extension=<colcon_core.verb.build.BuildVerb object at 0x7f275df6b880>, main=<bound method BuildVerb.main of <colcon_core.verb.build.BuildVerb object at 0x7f275df6b880>>)
[0.465s] Level 1:colcon.colcon_core.package_discovery:discover_packages(colcon_meta) check parameters
[0.465s] Level 1:colcon.colcon_core.package_discovery:discover_packages(recursive) check parameters
[0.465s] Level 1:colcon.colcon_core.package_discovery:discover_packages(ignore) check parameters
[0.465s] Level 1:colcon.colcon_core.package_discovery:discover_packages(path) check parameters
[0.465s] Level 1:colcon.colcon_core.package_discovery:discover_packages(colcon_meta) discover
[0.465s] Level 1:colcon.colcon_core.package_discovery:discover_packages(recursive) discover
[0.465s] INFO:colcon.colcon_core.package_discovery:Crawling recursively for packages in '/home/r-taro-o/hunterSE_ws'
[0.465s] Level 1:colcon.colcon_core.package_identification:_identify(.) by extensions ['ignore', 'ignore_ament_install']
[0.465s] Level 1:colcon.colcon_core.package_identification:_identify(.) by extension 'ignore'
[0.465s] Level 1:colcon.colcon_core.package_identification:_identify(.) by extension 'ignore_ament_install'
[0.466s] Level 1:colcon.colcon_core.package_identification:_identify(.) by extensions ['colcon_pkg']
[0.466s] Level 1:colcon.colcon_core.package_identification:_identify(.) by extension 'colcon_pkg'
[0.466s] Level 1:colcon.colcon_core.package_identification:_identify(.) by extensions ['colcon_meta']
[0.466s] Level 1:colcon.colcon_core.package_identification:_identify(.) by extension 'colcon_meta'
[0.466s] Level 1:colcon.colcon_core.package_identification:_identify(.) by extensions ['ros']
[0.466s] Level 1:colcon.colcon_core.package_identification:_identify(.) by extension 'ros'
[0.479s] Level 1:colcon.colcon_core.package_identification:_identify(.) by extensions ['cmake', 'python']
[0.479s] Level 1:colcon.colcon_core.package_identification:_identify(.) by extension 'cmake'
[0.480s] Level 1:colcon.colcon_core.package_identification:_identify(.) by extension 'python'
[0.480s] Level 1:colcon.colcon_core.package_identification:_identify(.) by extensions ['python_setup_py']
[0.480s] Level 1:colcon.colcon_core.package_identification:_identify(.) by extension 'python_setup_py'
[0.480s] Level 1:colcon.colcon_core.package_identification:_identify(build) by extensions ['ignore', 'ignore_ament_install']
[0.481s] Level 1:colcon.colcon_core.package_identification:_identify(build) by extension 'ignore'
[0.481s] Level 1:colcon.colcon_core.package_identification:_identify(build) ignored
[0.481s] Level 1:colcon.colcon_core.package_identification:_identify(install) by extensions ['ignore', 'ignore_ament_install']
[0.482s] Level 1:colcon.colcon_core.package_identification:_identify(install) by extension 'ignore'
[0.482s] Level 1:colcon.colcon_core.package_identification:_identify(install) ignored
[0.482s] Level 1:colcon.colcon_core.package_identification:_identify(log) by extensions ['ignore', 'ignore_ament_install']
[0.482s] Level 1:colcon.colcon_core.package_identification:_identify(log) by extension 'ignore'
[0.483s] Level 1:colcon.colcon_core.package_identification:_identify(log) ignored
[0.483s] Level 1:colcon.colcon_core.package_identification:_identify(src) by extensions ['ignore', 'ignore_ament_install']
[0.483s] Level 1:colcon.colcon_core.package_identification:_identify(src) by extension 'ignore'
[0.483s] Level 1:colcon.colcon_core.package_identification:_identify(src) by extension 'ignore_ament_install'
[0.484s] Level 1:colcon.colcon_core.package_identification:_identify(src) by extensions ['colcon_pkg']
[0.484s] Level 1:colcon.colcon_core.package_identification:_identify(src) by extension 'colcon_pkg'
[0.484s] Level 1:colcon.colcon_core.package_identification:_identify(src) by extensions ['colcon_meta']
[0.484s] Level 1:colcon.colcon_core.package_identification:_identify(src) by extension 'colcon_meta'
[0.484s] Level 1:colcon.colcon_core.package_identification:_identify(src) by extensions ['ros']
[0.484s] Level 1:colcon.colcon_core.package_identification:_identify(src) by extension 'ros'
[0.484s] Level 1:colcon.colcon_core.package_identification:_identify(src) by extensions ['cmake', 'python']
[0.485s] Level 1:colcon.colcon_core.package_identification:_identify(src) by extension 'cmake'
[0.485s] Level 1:colcon.colcon_core.package_identification:_identify(src) by extension 'python'
[0.485s] Level 1:colcon.colcon_core.package_identification:_identify(src) by extensions ['python_setup_py']
[0.485s] Level 1:colcon.colcon_core.package_identification:_identify(src) by extension 'python_setup_py'
[0.485s] Level 1:colcon.colcon_core.package_identification:_identify(src/build) by extensions ['ignore', 'ignore_ament_install']
[0.485s] Level 1:colcon.colcon_core.package_identification:_identify(src/build) by extension 'ignore'
[0.485s] Level 1:colcon.colcon_core.package_identification:_identify(src/build) ignored
[0.485s] Level 1:colcon.colcon_core.package_identification:_identify(src/hunter_ros2) by extensions ['ignore', 'ignore_ament_install']
[0.486s] Level 1:colcon.colcon_core.package_identification:_identify(src/hunter_ros2) by extension 'ignore'
[0.486s] Level 1:colcon.colcon_core.package_identification:_identify(src/hunter_ros2) by extension 'ignore_ament_install'
[0.486s] Level 1:colcon.colcon_core.package_identification:_identify(src/hunter_ros2) by extensions ['colcon_pkg']
[0.486s] Level 1:colcon.colcon_core.package_identification:_identify(src/hunter_ros2) by extension 'colcon_pkg'
[0.486s] Level 1:colcon.colcon_core.package_identification:_identify(src/hunter_ros2) by extensions ['colcon_meta']
[0.486s] Level 1:colcon.colcon_core.package_identification:_identify(src/hunter_ros2) by extension 'colcon_meta'
[0.486s] Level 1:colcon.colcon_core.package_identification:_identify(src/hunter_ros2) by extensions ['ros']
[0.486s] Level 1:colcon.colcon_core.package_identification:_identify(src/hunter_ros2) by extension 'ros'
[0.486s] Level 1:colcon.colcon_core.package_identification:_identify(src/hunter_ros2) by extensions ['cmake', 'python']
[0.486s] Level 1:colcon.colcon_core.package_identification:_identify(src/hunter_ros2) by extension 'cmake'
[0.486s] Level 1:colcon.colcon_core.package_identification:_identify(src/hunter_ros2) by extension 'python'
[0.486s] Level 1:colcon.colcon_core.package_identification:_identify(src/hunter_ros2) by extensions ['python_setup_py']
[0.486s] Level 1:colcon.colcon_core.package_identification:_identify(src/hunter_ros2) by extension 'python_setup_py'
[0.487s] Level 1:colcon.colcon_core.package_identification:_identify(src/hunter_ros2/hunter_base) by extensions ['ignore', 'ignore_ament_install']
[0.487s] Level 1:colcon.colcon_core.package_identification:_identify(src/hunter_ros2/hunter_base) by extension 'ignore'
[0.487s] Level 1:colcon.colcon_core.package_identification:_identify(src/hunter_ros2/hunter_base) by extension 'ignore_ament_install'
[0.487s] Level 1:colcon.colcon_core.package_identification:_identify(src/hunter_ros2/hunter_base) by extensions ['colcon_pkg']
[0.487s] Level 1:colcon.colcon_core.package_identification:_identify(src/hunter_ros2/hunter_base) by extension 'colcon_pkg'
[0.487s] Level 1:colcon.colcon_core.package_identification:_identify(src/hunter_ros2/hunter_base) by extensions ['colcon_meta']
[0.487s] Level 1:colcon.colcon_core.package_identification:_identify(src/hunter_ros2/hunter_base) by extension 'colcon_meta'
[0.487s] Level 1:colcon.colcon_core.package_identification:_identify(src/hunter_ros2/hunter_base) by extensions ['ros']
[0.487s] Level 1:colcon.colcon_core.package_identification:_identify(src/hunter_ros2/hunter_base) by extension 'ros'
[0.492s] DEBUG:colcon.colcon_core.package_identification:Package 'src/hunter_ros2/hunter_base' with type 'ros.ament_cmake' and name 'hunter_base'
[0.492s] Level 1:colcon.colcon_core.package_identification:_identify(src/hunter_ros2/hunter_msgs) by extensions ['ignore', 'ignore_ament_install']
[0.492s] Level 1:colcon.colcon_core.package_identification:_identify(src/hunter_ros2/hunter_msgs) by extension 'ignore'
[0.492s] Level 1:colcon.colcon_core.package_identification:_identify(src/hunter_ros2/hunter_msgs) by extension 'ignore_ament_install'
[0.492s] Level 1:colcon.colcon_core.package_identification:_identify(src/hunter_ros2/hunter_msgs) by extensions ['colcon_pkg']
[0.492s] Level 1:colcon.colcon_core.package_identification:_identify(src/hunter_ros2/hunter_msgs) by extension 'colcon_pkg'
[0.492s] Level 1:colcon.colcon_core.package_identification:_identify(src/hunter_ros2/hunter_msgs) by extensions ['colcon_meta']
[0.492s] Level 1:colcon.colcon_core.package_identification:_identify(src/hunter_ros2/hunter_msgs) by extension 'colcon_meta'
[0.492s] Level 1:colcon.colcon_core.package_identification:_identify(src/hunter_ros2/hunter_msgs) by extensions ['ros']
[0.493s] Level 1:colcon.colcon_core.package_identification:_identify(src/hunter_ros2/hunter_msgs) by extension 'ros'
[0.493s] DEBUG:colcon.colcon_core.package_identification:Package 'src/hunter_ros2/hunter_msgs' with type 'ros.ament_cmake' and name 'hunter_msgs'
[0.493s] Level 1:colcon.colcon_core.package_identification:_identify(src/install) by extensions ['ignore', 'ignore_ament_install']
[0.494s] Level 1:colcon.colcon_core.package_identification:_identify(src/install) by extension 'ignore'
[0.494s] Level 1:colcon.colcon_core.package_identification:_identify(src/install) ignored
[0.494s] Level 1:colcon.colcon_core.package_identification:_identify(src/log) by extensions ['ignore', 'ignore_ament_install']
[0.494s] Level 1:colcon.colcon_core.package_identification:_identify(src/log) by extension 'ignore'
[0.494s] Level 1:colcon.colcon_core.package_identification:_identify(src/log) ignored
[0.494s] Level 1:colcon.colcon_core.package_identification:_identify(src/ugv_sdk) by extensions ['ignore', 'ignore_ament_install']
[0.494s] Level 1:colcon.colcon_core.package_identification:_identify(src/ugv_sdk) by extension 'ignore'
[0.494s] Level 1:colcon.colcon_core.package_identification:_identify(src/ugv_sdk) by extension 'ignore_ament_install'
[0.494s] Level 1:colcon.colcon_core.package_identification:_identify(src/ugv_sdk) by extensions ['colcon_pkg']
[0.494s] Level 1:colcon.colcon_core.package_identification:_identify(src/ugv_sdk) by extension 'colcon_pkg'
[0.494s] Level 1:colcon.colcon_core.package_identification:_identify(src/ugv_sdk) by extensions ['colcon_meta']
[0.494s] Level 1:colcon.colcon_core.package_identification:_identify(src/ugv_sdk) by extension 'colcon_meta'
[0.494s] Level 1:colcon.colcon_core.package_identification:_identify(src/ugv_sdk) by extensions ['ros']
[0.494s] Level 1:colcon.colcon_core.package_identification:_identify(src/ugv_sdk) by extension 'ros'
[0.497s] DEBUG:colcon.colcon_core.package_identification:Package 'src/ugv_sdk' with type 'ros.catkin' and name 'ugv_sdk'
[0.497s] Level 1:colcon.colcon_core.package_identification:_identify(src/ugv_sim) by extensions ['ignore', 'ignore_ament_install']
[0.497s] Level 1:colcon.colcon_core.package_identification:_identify(src/ugv_sim) by extension 'ignore'
[0.497s] Level 1:colcon.colcon_core.package_identification:_identify(src/ugv_sim) by extension 'ignore_ament_install'
[0.497s] Level 1:colcon.colcon_core.package_identification:_identify(src/ugv_sim) by extensions ['colcon_pkg']
[0.497s] Level 1:colcon.colcon_core.package_identification:_identify(src/ugv_sim) by extension 'colcon_pkg'
[0.497s] Level 1:colcon.colcon_core.package_identification:_identify(src/ugv_sim) by extensions ['colcon_meta']
[0.497s] Level 1:colcon.colcon_core.package_identification:_identify(src/ugv_sim) by extension 'colcon_meta'
[0.497s] Level 1:colcon.colcon_core.package_identification:_identify(src/ugv_sim) by extensions ['ros']
[0.497s] Level 1:colcon.colcon_core.package_identification:_identify(src/ugv_sim) by extension 'ros'
[0.498s] Level 1:colcon.colcon_core.package_identification:_identify(src/ugv_sim) by extensions ['cmake', 'python']
[0.498s] Level 1:colcon.colcon_core.package_identification:_identify(src/ugv_sim) by extension 'cmake'
[0.498s] Level 1:colcon.colcon_core.package_identification:_identify(src/ugv_sim) by extension 'python'
[0.498s] Level 1:colcon.colcon_core.package_identification:_identify(src/ugv_sim) by extensions ['python_setup_py']
[0.498s] Level 1:colcon.colcon_core.package_identification:_identify(src/ugv_sim) by extension 'python_setup_py'
[0.498s] Level 1:colcon.colcon_core.package_identification:_identify(src/ugv_sim/hunter_se) by extensions ['ignore', 'ignore_ament_install']
[0.498s] Level 1:colcon.colcon_core.package_identification:_identify(src/ugv_sim/hunter_se) by extension 'ignore'
[0.498s] Level 1:colcon.colcon_core.package_identification:_identify(src/ugv_sim/hunter_se) by extension 'ignore_ament_install'
[0.498s] Level 1:colcon.colcon_core.package_identification:_identify(src/ugv_sim/hunter_se) by extensions ['colcon_pkg']
[0.498s] Level 1:colcon.colcon_core.package_identification:_identify(src/ugv_sim/hunter_se) by extension 'colcon_pkg'
[0.498s] Level 1:colcon.colcon_core.package_identification:_identify(src/ugv_sim/hunter_se) by extensions ['colcon_meta']
[0.498s] Level 1:colcon.colcon_core.package_identification:_identify(src/ugv_sim/hunter_se) by extension 'colcon_meta'
[0.498s] Level 1:colcon.colcon_core.package_identification:_identify(src/ugv_sim/hunter_se) by extensions ['ros']
[0.498s] Level 1:colcon.colcon_core.package_identification:_identify(src/ugv_sim/hunter_se) by extension 'ros'
[0.498s] Level 1:colcon.colcon_core.package_identification:_identify(src/ugv_sim/hunter_se) by extensions ['cmake', 'python']
[0.498s] Level 1:colcon.colcon_core.package_identification:_identify(src/ugv_sim/hunter_se) by extension 'cmake'
[0.498s] Level 1:colcon.colcon_core.package_identification:_identify(src/ugv_sim/hunter_se) by extension 'python'
[0.498s] Level 1:colcon.colcon_core.package_identification:_identify(src/ugv_sim/hunter_se) by extensions ['python_setup_py']
[0.499s] Level 1:colcon.colcon_core.package_identification:_identify(src/ugv_sim/hunter_se) by extension 'python_setup_py'
[0.499s] Level 1:colcon.colcon_core.package_identification:_identify(src/ugv_sim/hunter_se/hunter_se_description) by extensions ['ignore', 'ignore_ament_install']
[0.499s] Level 1:colcon.colcon_core.package_identification:_identify(src/ugv_sim/hunter_se/hunter_se_description) by extension 'ignore'
[0.499s] Level 1:colcon.colcon_core.package_identification:_identify(src/ugv_sim/hunter_se/hunter_se_description) by extension 'ignore_ament_install'
[0.499s] Level 1:colcon.colcon_core.package_identification:_identify(src/ugv_sim/hunter_se/hunter_se_description) by extensions ['colcon_pkg']
[0.499s] Level 1:colcon.colcon_core.package_identification:_identify(src/ugv_sim/hunter_se/hunter_se_description) by extension 'colcon_pkg'
[0.499s] Level 1:colcon.colcon_core.package_identification:_identify(src/ugv_sim/hunter_se/hunter_se_description) by extensions ['colcon_meta']
[0.499s] Level 1:colcon.colcon_core.package_identification:_identify(src/ugv_sim/hunter_se/hunter_se_description) by extension 'colcon_meta'
[0.499s] Level 1:colcon.colcon_core.package_identification:_identify(src/ugv_sim/hunter_se/hunter_se_description) by extensions ['ros']
[0.499s] Level 1:colcon.colcon_core.package_identification:_identify(src/ugv_sim/hunter_se/hunter_se_description) by extension 'ros'
[0.500s] DEBUG:colcon.colcon_core.package_identification:Package 'src/ugv_sim/hunter_se/hunter_se_description' with type 'ros.ament_cmake' and name 'hunter_se_description'
[0.500s] Level 1:colcon.colcon_core.package_identification:_identify(src/ugv_sim/hunter_se/hunter_se_gazebo) by extensions ['ignore', 'ignore_ament_install']
[0.500s] Level 1:colcon.colcon_core.package_identification:_identify(src/ugv_sim/hunter_se/hunter_se_gazebo) by extension 'ignore'
[0.500s] Level 1:colcon.colcon_core.package_identification:_identify(src/ugv_sim/hunter_se/hunter_se_gazebo) by extension 'ignore_ament_install'
[0.500s] Level 1:colcon.colcon_core.package_identification:_identify(src/ugv_sim/hunter_se/hunter_se_gazebo) by extensions ['colcon_pkg']
[0.500s] Level 1:colcon.colcon_core.package_identification:_identify(src/ugv_sim/hunter_se/hunter_se_gazebo) by extension 'colcon_pkg'
[0.500s] Level 1:colcon.colcon_core.package_identification:_identify(src/ugv_sim/hunter_se/hunter_se_gazebo) by extensions ['colcon_meta']
[0.500s] Level 1:colcon.colcon_core.package_identification:_identify(src/ugv_sim/hunter_se/hunter_se_gazebo) by extension 'colcon_meta'
[0.500s] Level 1:colcon.colcon_core.package_identification:_identify(src/ugv_sim/hunter_se/hunter_se_gazebo) by extensions ['ros']
[0.500s] Level 1:colcon.colcon_core.package_identification:_identify(src/ugv_sim/hunter_se/hunter_se_gazebo) by extension 'ros'
[0.501s] DEBUG:colcon.colcon_core.package_identification:Package 'src/ugv_sim/hunter_se/hunter_se_gazebo' with type 'ros.ament_cmake' and name 'hunter_se_gazebo'
[0.501s] Level 1:colcon.colcon_core.package_identification:_identify(src/ugv_sim/hunter_se/image) by extensions ['ignore', 'ignore_ament_install']
[0.501s] Level 1:colcon.colcon_core.package_identification:_identify(src/ugv_sim/hunter_se/image) by extension 'ignore'
[0.501s] Level 1:colcon.colcon_core.package_identification:_identify(src/ugv_sim/hunter_se/image) by extension 'ignore_ament_install'
[0.501s] Level 1:colcon.colcon_core.package_identification:_identify(src/ugv_sim/hunter_se/image) by extensions ['colcon_pkg']
[0.501s] Level 1:colcon.colcon_core.package_identification:_identify(src/ugv_sim/hunter_se/image) by extension 'colcon_pkg'
[0.501s] Level 1:colcon.colcon_core.package_identification:_identify(src/ugv_sim/hunter_se/image) by extensions ['colcon_meta']
[0.501s] Level 1:colcon.colcon_core.package_identification:_identify(src/ugv_sim/hunter_se/image) by extension 'colcon_meta'
[0.501s] Level 1:colcon.colcon_core.package_identification:_identify(src/ugv_sim/hunter_se/image) by extensions ['ros']
[0.501s] Level 1:colcon.colcon_core.package_identification:_identify(src/ugv_sim/hunter_se/image) by extension 'ros'
[0.502s] Level 1:colcon.colcon_core.package_identification:_identify(src/ugv_sim/hunter_se/image) by extensions ['cmake', 'python']
[0.502s] Level 1:colcon.colcon_core.package_identification:_identify(src/ugv_sim/hunter_se/image) by extension 'cmake'
[0.502s] Level 1:colcon.colcon_core.package_identification:_identify(src/ugv_sim/hunter_se/image) by extension 'python'
[0.502s] Level 1:colcon.colcon_core.package_identification:_identify(src/ugv_sim/hunter_se/image) by extensions ['python_setup_py']
[0.502s] Level 1:colcon.colcon_core.package_identification:_identify(src/ugv_sim/hunter_se/image) by extension 'python_setup_py'
[0.502s] Level 1:colcon.colcon_core.package_identification:_identify(src/ugv_sim/ranger) by extensions ['ignore', 'ignore_ament_install']
[0.502s] Level 1:colcon.colcon_core.package_identification:_identify(src/ugv_sim/ranger) by extension 'ignore'
[0.502s] Level 1:colcon.colcon_core.package_identification:_identify(src/ugv_sim/ranger) by extension 'ignore_ament_install'
[0.502s] Level 1:colcon.colcon_core.package_identification:_identify(src/ugv_sim/ranger) by extensions ['colcon_pkg']
[0.502s] Level 1:colcon.colcon_core.package_identification:_identify(src/ugv_sim/ranger) by extension 'colcon_pkg'
[0.502s] Level 1:colcon.colcon_core.package_identification:_identify(src/ugv_sim/ranger) by extensions ['colcon_meta']
[0.502s] Level 1:colcon.colcon_core.package_identification:_identify(src/ugv_sim/ranger) by extension 'colcon_meta'
[0.502s] Level 1:colcon.colcon_core.package_identification:_identify(src/ugv_sim/ranger) by extensions ['ros']
[0.502s] Level 1:colcon.colcon_core.package_identification:_identify(src/ugv_sim/ranger) by extension 'ros'
[0.503s] Level 1:colcon.colcon_core.package_identification:_identify(src/ugv_sim/ranger) by extensions ['cmake', 'python']
[0.503s] Level 1:colcon.colcon_core.package_identification:_identify(src/ugv_sim/ranger) by extension 'cmake'
[0.503s] Level 1:colcon.colcon_core.package_identification:_identify(src/ugv_sim/ranger) by extension 'python'
[0.503s] Level 1:colcon.colcon_core.package_identification:_identify(src/ugv_sim/ranger) by extensions ['python_setup_py']
[0.503s] Level 1:colcon.colcon_core.package_identification:_identify(src/ugv_sim/ranger) by extension 'python_setup_py'
[0.503s] Level 1:colcon.colcon_core.package_identification:_identify(src/ugv_sim/ranger/four_ws_control) by extensions ['ignore', 'ignore_ament_install']
[0.503s] Level 1:colcon.colcon_core.package_identification:_identify(src/ugv_sim/ranger/four_ws_control) by extension 'ignore'
[0.503s] Level 1:colcon.colcon_core.package_identification:_identify(src/ugv_sim/ranger/four_ws_control) by extension 'ignore_ament_install'
[0.503s] Level 1:colcon.colcon_core.package_identification:_identify(src/ugv_sim/ranger/four_ws_control) by extensions ['colcon_pkg']
[0.503s] Level 1:colcon.colcon_core.package_identification:_identify(src/ugv_sim/ranger/four_ws_control) by extension 'colcon_pkg'
[0.503s] Level 1:colcon.colcon_core.package_identification:_identify(src/ugv_sim/ranger/four_ws_control) by extensions ['colcon_meta']
[0.503s] Level 1:colcon.colcon_core.package_identification:_identify(src/ugv_sim/ranger/four_ws_control) by extension 'colcon_meta'
[0.503s] Level 1:colcon.colcon_core.package_identification:_identify(src/ugv_sim/ranger/four_ws_control) by extensions ['ros']
[0.503s] Level 1:colcon.colcon_core.package_identification:_identify(src/ugv_sim/ranger/four_ws_control) by extension 'ros'
[0.504s] DEBUG:colcon.colcon_core.package_identification:Package 'src/ugv_sim/ranger/four_ws_control' with type 'ros.ament_cmake' and name 'four_ws_control'
[0.504s] Level 1:colcon.colcon_core.package_identification:_identify(src/ugv_sim/ranger/imgae) by extensions ['ignore', 'ignore_ament_install']
[0.504s] Level 1:colcon.colcon_core.package_identification:_identify(src/ugv_sim/ranger/imgae) by extension 'ignore'
[0.505s] Level 1:colcon.colcon_core.package_identification:_identify(src/ugv_sim/ranger/imgae) by extension 'ignore_ament_install'
[0.505s] Level 1:colcon.colcon_core.package_identification:_identify(src/ugv_sim/ranger/imgae) by extensions ['colcon_pkg']
[0.505s] Level 1:colcon.colcon_core.package_identification:_identify(src/ugv_sim/ranger/imgae) by extension 'colcon_pkg'
[0.505s] Level 1:colcon.colcon_core.package_identification:_identify(src/ugv_sim/ranger/imgae) by extensions ['colcon_meta']
[0.505s] Level 1:colcon.colcon_core.package_identification:_identify(src/ugv_sim/ranger/imgae) by extension 'colcon_meta'
[0.505s] Level 1:colcon.colcon_core.package_identification:_identify(src/ugv_sim/ranger/imgae) by extensions ['ros']
[0.505s] Level 1:colcon.colcon_core.package_identification:_identify(src/ugv_sim/ranger/imgae) by extension 'ros'
[0.505s] Level 1:colcon.colcon_core.package_identification:_identify(src/ugv_sim/ranger/imgae) by extensions ['cmake', 'python']
[0.505s] Level 1:colcon.colcon_core.package_identification:_identify(src/ugv_sim/ranger/imgae) by extension 'cmake'
[0.505s] Level 1:colcon.colcon_core.package_identification:_identify(src/ugv_sim/ranger/imgae) by extension 'python'
[0.505s] Level 1:colcon.colcon_core.package_identification:_identify(src/ugv_sim/ranger/imgae) by extensions ['python_setup_py']
[0.505s] Level 1:colcon.colcon_core.package_identification:_identify(src/ugv_sim/ranger/imgae) by extension 'python_setup_py'
[0.505s] Level 1:colcon.colcon_core.package_identification:_identify(src/ugv_sim/ranger/ranger_mini) by extensions ['ignore', 'ignore_ament_install']
[0.505s] Level 1:colcon.colcon_core.package_identification:_identify(src/ugv_sim/ranger/ranger_mini) by extension 'ignore'
[0.505s] Level 1:colcon.colcon_core.package_identification:_identify(src/ugv_sim/ranger/ranger_mini) by extension 'ignore_ament_install'
[0.506s] Level 1:colcon.colcon_core.package_identification:_identify(src/ugv_sim/ranger/ranger_mini) by extensions ['colcon_pkg']
[0.506s] Level 1:colcon.colcon_core.package_identification:_identify(src/ugv_sim/ranger/ranger_mini) by extension 'colcon_pkg'
[0.506s] Level 1:colcon.colcon_core.package_identification:_identify(src/ugv_sim/ranger/ranger_mini) by extensions ['colcon_meta']
[0.506s] Level 1:colcon.colcon_core.package_identification:_identify(src/ugv_sim/ranger/ranger_mini) by extension 'colcon_meta'
[0.506s] Level 1:colcon.colcon_core.package_identification:_identify(src/ugv_sim/ranger/ranger_mini) by extensions ['ros']
[0.506s] Level 1:colcon.colcon_core.package_identification:_identify(src/ugv_sim/ranger/ranger_mini) by extension 'ros'
[0.506s] DEBUG:colcon.colcon_core.package_identification:Package 'src/ugv_sim/ranger/ranger_mini' with type 'ros.ament_cmake' and name 'ranger_mini'
[0.506s] Level 1:colcon.colcon_core.package_discovery:discover_packages(recursive) using defaults
[0.506s] Level 1:colcon.colcon_core.package_discovery:discover_packages(ignore) discover
[0.506s] Level 1:colcon.colcon_core.package_discovery:discover_packages(ignore) using defaults
[0.506s] Level 1:colcon.colcon_core.package_discovery:discover_packages(path) discover
[0.506s] Level 1:colcon.colcon_core.package_discovery:discover_packages(path) using defaults
[0.538s] Level 1:colcon.colcon_core.package_discovery:discover_packages(prefix_path) check parameters
[0.538s] Level 1:colcon.colcon_core.package_discovery:discover_packages(prefix_path) discover
[0.541s] DEBUG:colcon.colcon_installed_package_information.package_discovery:Found 364 installed packages in /opt/ros/humble
[0.546s] Level 1:colcon.colcon_core.package_discovery:discover_packages(prefix_path) using defaults
[0.642s] Level 5:colcon.colcon_core.verb:set package 'four_ws_control' build argument 'cmake_args' from command line to 'None'
[0.642s] Level 5:colcon.colcon_core.verb:set package 'four_ws_control' build argument 'cmake_target' from command line to 'None'
[0.642s] Level 5:colcon.colcon_core.verb:set package 'four_ws_control' build argument 'cmake_target_skip_unavailable' from command line to 'False'
[0.642s] Level 5:colcon.colcon_core.verb:set package 'four_ws_control' build argument 'cmake_clean_cache' from command line to 'False'
[0.642s] Level 5:colcon.colcon_core.verb:set package 'four_ws_control' build argument 'cmake_clean_first' from command line to 'False'
[0.642s] Level 5:colcon.colcon_core.verb:set package 'four_ws_control' build argument 'cmake_force_configure' from command line to 'False'
[0.642s] Level 5:colcon.colcon_core.verb:set package 'four_ws_control' build argument 'ament_cmake_args' from command line to 'None'
[0.642s] Level 5:colcon.colcon_core.verb:set package 'four_ws_control' build argument 'catkin_cmake_args' from command line to 'None'
[0.643s] Level 5:colcon.colcon_core.verb:set package 'four_ws_control' build argument 'catkin_skip_building_tests' from command line to 'False'
[0.643s] DEBUG:colcon.colcon_core.verb:Building package 'four_ws_control' with the following arguments: {'ament_cmake_args': None, 'build_base': '/home/r-taro-o/hunterSE_ws/build/four_ws_control', 'catkin_cmake_args': None, 'catkin_skip_building_tests': False, 'cmake_args': None, 'cmake_clean_cache': False, 'cmake_clean_first': False, 'cmake_force_configure': False, 'cmake_target': None, 'cmake_target_skip_unavailable': False, 'install_base': '/home/r-taro-o/hunterSE_ws/install/four_ws_control', 'merge_install': False, 'path': '/home/r-taro-o/hunterSE_ws/src/ugv_sim/ranger/four_ws_control', 'symlink_install': False, 'test_result_base': None}
[0.645s] Level 5:colcon.colcon_core.verb:set package 'hunter_msgs' build argument 'cmake_args' from command line to 'None'
[0.645s] Level 5:colcon.colcon_core.verb:set package 'hunter_msgs' build argument 'cmake_target' from command line to 'None'
[0.646s] Level 5:colcon.colcon_core.verb:set package 'hunter_msgs' build argument 'cmake_target_skip_unavailable' from command line to 'False'
[0.646s] Level 5:colcon.colcon_core.verb:set package 'hunter_msgs' build argument 'cmake_clean_cache' from command line to 'False'
[0.646s] Level 5:colcon.colcon_core.verb:set package 'hunter_msgs' build argument 'cmake_clean_first' from command line to 'False'
[0.646s] Level 5:colcon.colcon_core.verb:set package 'hunter_msgs' build argument 'cmake_force_configure' from command line to 'False'
[0.646s] Level 5:colcon.colcon_core.verb:set package 'hunter_msgs' build argument 'ament_cmake_args' from command line to 'None'
[0.646s] Level 5:colcon.colcon_core.verb:set package 'hunter_msgs' build argument 'catkin_cmake_args' from command line to 'None'
[0.646s] Level 5:colcon.colcon_core.verb:set package 'hunter_msgs' build argument 'catkin_skip_building_tests' from command line to 'False'
[0.646s] DEBUG:colcon.colcon_core.verb:Building package 'hunter_msgs' with the following arguments: {'ament_cmake_args': None, 'build_base': '/home/r-taro-o/hunterSE_ws/build/hunter_msgs', 'catkin_cmake_args': None, 'catkin_skip_building_tests': False, 'cmake_args': None, 'cmake_clean_cache': False, 'cmake_clean_first': False, 'cmake_force_configure': False, 'cmake_target': None, 'cmake_target_skip_unavailable': False, 'install_base': '/home/r-taro-o/hunterSE_ws/install/hunter_msgs', 'merge_install': False, 'path': '/home/r-taro-o/hunterSE_ws/src/hunter_ros2/hunter_msgs', 'symlink_install': False, 'test_result_base': None}
[0.646s] Level 5:colcon.colcon_core.verb:set package 'hunter_se_description' build argument 'cmake_args' from command line to 'None'
[0.647s] Level 5:colcon.colcon_core.verb:set package 'hunter_se_description' build argument 'cmake_target' from command line to 'None'
[0.647s] Level 5:colcon.colcon_core.verb:set package 'hunter_se_description' build argument 'cmake_target_skip_unavailable' from command line to 'False'
[0.647s] Level 5:colcon.colcon_core.verb:set package 'hunter_se_description' build argument 'cmake_clean_cache' from command line to 'False'
[0.647s] Level 5:colcon.colcon_core.verb:set package 'hunter_se_description' build argument 'cmake_clean_first' from command line to 'False'
[0.647s] Level 5:colcon.colcon_core.verb:set package 'hunter_se_description' build argument 'cmake_force_configure' from command line to 'False'
[0.647s] Level 5:colcon.colcon_core.verb:set package 'hunter_se_description' build argument 'ament_cmake_args' from command line to 'None'
[0.647s] Level 5:colcon.colcon_core.verb:set package 'hunter_se_description' build argument 'catkin_cmake_args' from command line to 'None'
[0.647s] Level 5:colcon.colcon_core.verb:set package 'hunter_se_description' build argument 'catkin_skip_building_tests' from command line to 'False'
[0.647s] DEBUG:colcon.colcon_core.verb:Building package 'hunter_se_description' with the following arguments: {'ament_cmake_args': None, 'build_base': '/home/r-taro-o/hunterSE_ws/build/hunter_se_description', 'catkin_cmake_args': None, 'catkin_skip_building_tests': False, 'cmake_args': None, 'cmake_clean_cache': False, 'cmake_clean_first': False, 'cmake_force_configure': False, 'cmake_target': None, 'cmake_target_skip_unavailable': False, 'install_base': '/home/r-taro-o/hunterSE_ws/install/hunter_se_description', 'merge_install': False, 'path': '/home/r-taro-o/hunterSE_ws/src/ugv_sim/hunter_se/hunter_se_description', 'symlink_install': False, 'test_result_base': None}
[0.647s] Level 5:colcon.colcon_core.verb:set package 'hunter_se_gazebo' build argument 'cmake_args' from command line to 'None'
[0.647s] Level 5:colcon.colcon_core.verb:set package 'hunter_se_gazebo' build argument 'cmake_target' from command line to 'None'
[0.647s] Level 5:colcon.colcon_core.verb:set package 'hunter_se_gazebo' build argument 'cmake_target_skip_unavailable' from command line to 'False'
[0.647s] Level 5:colcon.colcon_core.verb:set package 'hunter_se_gazebo' build argument 'cmake_clean_cache' from command line to 'False'
[0.647s] Level 5:colcon.colcon_core.verb:set package 'hunter_se_gazebo' build argument 'cmake_clean_first' from command line to 'False'
[0.647s] Level 5:colcon.colcon_core.verb:set package 'hunter_se_gazebo' build argument 'cmake_force_configure' from command line to 'False'
[0.648s] Level 5:colcon.colcon_core.verb:set package 'hunter_se_gazebo' build argument 'ament_cmake_args' from command line to 'None'
[0.648s] Level 5:colcon.colcon_core.verb:set package 'hunter_se_gazebo' build argument 'catkin_cmake_args' from command line to 'None'
[0.648s] Level 5:colcon.colcon_core.verb:set package 'hunter_se_gazebo' build argument 'catkin_skip_building_tests' from command line to 'False'
[0.648s] DEBUG:colcon.colcon_core.verb:Building package 'hunter_se_gazebo' with the following arguments: {'ament_cmake_args': None, 'build_base': '/home/r-taro-o/hunterSE_ws/build/hunter_se_gazebo', 'catkin_cmake_args': None, 'catkin_skip_building_tests': False, 'cmake_args': None, 'cmake_clean_cache': False, 'cmake_clean_first': False, 'cmake_force_configure': False, 'cmake_target': None, 'cmake_target_skip_unavailable': False, 'install_base': '/home/r-taro-o/hunterSE_ws/install/hunter_se_gazebo', 'merge_install': False, 'path': '/home/r-taro-o/hunterSE_ws/src/ugv_sim/hunter_se/hunter_se_gazebo', 'symlink_install': False, 'test_result_base': None}
[0.648s] Level 5:colcon.colcon_core.verb:set package 'ranger_mini' build argument 'cmake_args' from command line to 'None'
[0.648s] Level 5:colcon.colcon_core.verb:set package 'ranger_mini' build argument 'cmake_target' from command line to 'None'
[0.648s] Level 5:colcon.colcon_core.verb:set package 'ranger_mini' build argument 'cmake_target_skip_unavailable' from command line to 'False'
[0.648s] Level 5:colcon.colcon_core.verb:set package 'ranger_mini' build argument 'cmake_clean_cache' from command line to 'False'
[0.648s] Level 5:colcon.colcon_core.verb:set package 'ranger_mini' build argument 'cmake_clean_first' from command line to 'False'
[0.648s] Level 5:colcon.colcon_core.verb:set package 'ranger_mini' build argument 'cmake_force_configure' from command line to 'False'
[0.648s] Level 5:colcon.colcon_core.verb:set package 'ranger_mini' build argument 'ament_cmake_args' from command line to 'None'
[0.648s] Level 5:colcon.colcon_core.verb:set package 'ranger_mini' build argument 'catkin_cmake_args' from command line to 'None'
[0.648s] Level 5:colcon.colcon_core.verb:set package 'ranger_mini' build argument 'catkin_skip_building_tests' from command line to 'False'
[0.648s] DEBUG:colcon.colcon_core.verb:Building package 'ranger_mini' with the following arguments: {'ament_cmake_args': None, 'build_base': '/home/r-taro-o/hunterSE_ws/build/ranger_mini', 'catkin_cmake_args': None, 'catkin_skip_building_tests': False, 'cmake_args': None, 'cmake_clean_cache': False, 'cmake_clean_first': False, 'cmake_force_configure': False, 'cmake_target': None, 'cmake_target_skip_unavailable': False, 'install_base': '/home/r-taro-o/hunterSE_ws/install/ranger_mini', 'merge_install': False, 'path': '/home/r-taro-o/hunterSE_ws/src/ugv_sim/ranger/ranger_mini', 'symlink_install': False, 'test_result_base': None}
[0.649s] Level 5:colcon.colcon_core.verb:set package 'ugv_sdk' build argument 'cmake_args' from command line to 'None'
[0.649s] Level 5:colcon.colcon_core.verb:set package 'ugv_sdk' build argument 'cmake_target' from command line to 'None'
[0.649s] Level 5:colcon.colcon_core.verb:set package 'ugv_sdk' build argument 'cmake_target_skip_unavailable' from command line to 'False'
[0.649s] Level 5:colcon.colcon_core.verb:set package 'ugv_sdk' build argument 'cmake_clean_cache' from command line to 'False'
[0.649s] Level 5:colcon.colcon_core.verb:set package 'ugv_sdk' build argument 'cmake_clean_first' from command line to 'False'
[0.649s] Level 5:colcon.colcon_core.verb:set package 'ugv_sdk' build argument 'cmake_force_configure' from command line to 'False'
[0.649s] Level 5:colcon.colcon_core.verb:set package 'ugv_sdk' build argument 'ament_cmake_args' from command line to 'None'
[0.649s] Level 5:colcon.colcon_core.verb:set package 'ugv_sdk' build argument 'catkin_cmake_args' from command line to 'None'
[0.649s] Level 5:colcon.colcon_core.verb:set package 'ugv_sdk' build argument 'catkin_skip_building_tests' from command line to 'False'
[0.649s] DEBUG:colcon.colcon_core.verb:Building package 'ugv_sdk' with the following arguments: {'ament_cmake_args': None, 'build_base': '/home/r-taro-o/hunterSE_ws/build/ugv_sdk', 'catkin_cmake_args': None, 'catkin_skip_building_tests': False, 'cmake_args': None, 'cmake_clean_cache': False, 'cmake_clean_first': False, 'cmake_force_configure': False, 'cmake_target': None, 'cmake_target_skip_unavailable': False, 'install_base': '/home/r-taro-o/hunterSE_ws/install/ugv_sdk', 'merge_install': False, 'path': '/home/r-taro-o/hunterSE_ws/src/ugv_sdk', 'symlink_install': False, 'test_result_base': None}
[0.650s] Level 5:colcon.colcon_core.verb:set package 'hunter_base' build argument 'cmake_args' from command line to 'None'
[0.650s] Level 5:colcon.colcon_core.verb:set package 'hunter_base' build argument 'cmake_target' from command line to 'None'
[0.650s] Level 5:colcon.colcon_core.verb:set package 'hunter_base' build argument 'cmake_target_skip_unavailable' from command line to 'False'
[0.650s] Level 5:colcon.colcon_core.verb:set package 'hunter_base' build argument 'cmake_clean_cache' from command line to 'False'
[0.650s] Level 5:colcon.colcon_core.verb:set package 'hunter_base' build argument 'cmake_clean_first' from command line to 'False'
[0.650s] Level 5:colcon.colcon_core.verb:set package 'hunter_base' build argument 'cmake_force_configure' from command line to 'False'
[0.650s] Level 5:colcon.colcon_core.verb:set package 'hunter_base' build argument 'ament_cmake_args' from command line to 'None'
[0.650s] Level 5:colcon.colcon_core.verb:set package 'hunter_base' build argument 'catkin_cmake_args' from command line to 'None'
[0.650s] Level 5:colcon.colcon_core.verb:set package 'hunter_base' build argument 'catkin_skip_building_tests' from command line to 'False'
[0.650s] DEBUG:colcon.colcon_core.verb:Building package 'hunter_base' with the following arguments: {'ament_cmake_args': None, 'build_base': '/home/r-taro-o/hunterSE_ws/build/hunter_base', 'catkin_cmake_args': None, 'catkin_skip_building_tests': False, 'cmake_args': None, 'cmake_clean_cache': False, 'cmake_clean_first': False, 'cmake_force_configure': False, 'cmake_target': None, 'cmake_target_skip_unavailable': False, 'install_base': '/home/r-taro-o/hunterSE_ws/install/hunter_base', 'merge_install': False, 'path': '/home/r-taro-o/hunterSE_ws/src/hunter_ros2/hunter_base', 'symlink_install': False, 'test_result_base': None}
[0.650s] INFO:colcon.colcon_core.executor:Executing jobs using 'parallel' executor
[0.652s] DEBUG:colcon.colcon_parallel_executor.executor.parallel:run_until_complete
[0.653s] INFO:colcon.colcon_ros.task.ament_cmake.build:Building ROS package in '/home/r-taro-o/hunterSE_ws/src/hunter_ros2/hunter_msgs' with build type 'ament_cmake'
[0.653s] INFO:colcon.colcon_cmake.task.cmake.build:Building CMake package in '/home/r-taro-o/hunterSE_ws/src/hunter_ros2/hunter_msgs'
[0.658s] INFO:colcon.colcon_core.plugin_system:Skipping extension 'colcon_core.shell.bat': Not used on non-Windows systems
[0.658s] INFO:colcon.colcon_core.shell:Skip shell extension 'powershell' for command environment: Not usable outside of PowerShell
[0.659s] DEBUG:colcon.colcon_core.shell:Skip shell extension 'dsv' for command environment
[0.664s] INFO:colcon.colcon_ros.task.catkin.build:Building ROS package in '/home/r-taro-o/hunterSE_ws/src/ugv_sdk' with build type 'catkin'
[0.664s] INFO:colcon.colcon_cmake.task.cmake.build:Building CMake package in '/home/r-taro-o/hunterSE_ws/src/ugv_sdk'
[0.665s] INFO:colcon.colcon_core.shell:Skip shell extension 'powershell' for command environment: Not usable outside of PowerShell
[0.665s] DEBUG:colcon.colcon_core.shell:Skip shell extension 'dsv' for command environment
[0.671s] INFO:colcon.colcon_ros.task.ament_cmake.build:Building ROS package in '/home/r-taro-o/hunterSE_ws/src/ugv_sim/ranger/four_ws_control' with build type 'ament_cmake'
[0.671s] INFO:colcon.colcon_cmake.task.cmake.build:Building CMake package in '/home/r-taro-o/hunterSE_ws/src/ugv_sim/ranger/four_ws_control'
[0.672s] INFO:colcon.colcon_core.shell:Skip shell extension 'powershell' for command environment: Not usable outside of PowerShell
[0.673s] DEBUG:colcon.colcon_core.shell:Skip shell extension 'dsv' for command environment
[0.682s] INFO:colcon.colcon_ros.task.ament_cmake.build:Building ROS package in '/home/r-taro-o/hunterSE_ws/src/ugv_sim/hunter_se/hunter_se_description' with build type 'ament_cmake'
[0.683s] INFO:colcon.colcon_cmake.task.cmake.build:Building CMake package in '/home/r-taro-o/hunterSE_ws/src/ugv_sim/hunter_se/hunter_se_description'
[0.683s] INFO:colcon.colcon_core.shell:Skip shell extension 'powershell' for command environment: Not usable outside of PowerShell
[0.684s] DEBUG:colcon.colcon_core.shell:Skip shell extension 'dsv' for command environment
[0.690s] INFO:colcon.colcon_ros.task.ament_cmake.build:Building ROS package in '/home/r-taro-o/hunterSE_ws/src/ugv_sim/hunter_se/hunter_se_gazebo' with build type 'ament_cmake'
[0.690s] INFO:colcon.colcon_cmake.task.cmake.build:Building CMake package in '/home/r-taro-o/hunterSE_ws/src/ugv_sim/hunter_se/hunter_se_gazebo'
[0.691s] INFO:colcon.colcon_core.shell:Skip shell extension 'powershell' for command environment: Not usable outside of PowerShell
[0.691s] DEBUG:colcon.colcon_core.shell:Skip shell extension 'dsv' for command environment
[0.700s] INFO:colcon.colcon_ros.task.ament_cmake.build:Building ROS package in '/home/r-taro-o/hunterSE_ws/src/ugv_sim/ranger/ranger_mini' with build type 'ament_cmake'
[0.701s] INFO:colcon.colcon_cmake.task.cmake.build:Building CMake package in '/home/r-taro-o/hunterSE_ws/src/ugv_sim/ranger/ranger_mini'
[0.702s] INFO:colcon.colcon_core.shell:Skip shell extension 'powershell' for command environment: Not usable outside of PowerShell
[0.702s] DEBUG:colcon.colcon_core.shell:Skip shell extension 'dsv' for command environment
[0.726s] DEBUG:colcon.colcon_core.event_handler.log_command:Invoking command in '/home/r-taro-o/hunterSE_ws/build/hunter_msgs': CMAKE_PREFIX_PATH=/opt/ros/humble /usr/bin/cmake --build /home/r-taro-o/hunterSE_ws/build/hunter_msgs -- -j8 -l8
[0.737s] DEBUG:colcon.colcon_core.event_handler.log_command:Invoking command in '/home/r-taro-o/hunterSE_ws/build/ugv_sdk': /usr/bin/cmake --build /home/r-taro-o/hunterSE_ws/build/ugv_sdk -- -j8 -l8
[0.746s] DEBUG:colcon.colcon_core.event_handler.log_command:Invoking command in '/home/r-taro-o/hunterSE_ws/build/four_ws_control': CMAKE_PREFIX_PATH=/opt/ros/humble /usr/bin/cmake --build /home/r-taro-o/hunterSE_ws/build/four_ws_control -- -j8 -l8
[0.754s] DEBUG:colcon.colcon_core.event_handler.log_command:Invoking command in '/home/r-taro-o/hunterSE_ws/build/hunter_se_description': CMAKE_PREFIX_PATH=/opt/ros/humble /usr/bin/cmake --build /home/r-taro-o/hunterSE_ws/build/hunter_se_description -- -j8 -l8
[0.765s] DEBUG:colcon.colcon_core.event_handler.log_command:Invoking command in '/home/r-taro-o/hunterSE_ws/build/hunter_se_gazebo': CMAKE_PREFIX_PATH=/opt/ros/humble /usr/bin/cmake --build /home/r-taro-o/hunterSE_ws/build/hunter_se_gazebo -- -j8 -l8
[0.768s] DEBUG:colcon.colcon_core.event_handler.log_command:Invoking command in '/home/r-taro-o/hunterSE_ws/build/ranger_mini': CMAKE_PREFIX_PATH=/opt/ros/humble /usr/bin/cmake --build /home/r-taro-o/hunterSE_ws/build/ranger_mini -- -j8 -l8
[0.829s] DEBUG:colcon.colcon_core.event_handler.log_command:Invoked command in '/home/r-taro-o/hunterSE_ws/build/four_ws_control' returned '0': CMAKE_PREFIX_PATH=/opt/ros/humble /usr/bin/cmake --build /home/r-taro-o/hunterSE_ws/build/four_ws_control -- -j8 -l8
[0.858s] DEBUG:colcon.colcon_core.event_handler.log_command:Invoked command in '/home/r-taro-o/hunterSE_ws/build/hunter_se_description' returned '0': CMAKE_PREFIX_PATH=/opt/ros/humble /usr/bin/cmake --build /home/r-taro-o/hunterSE_ws/build/hunter_se_description -- -j8 -l8
[0.863s] DEBUG:colcon.colcon_core.event_handler.log_command:Invoked command in '/home/r-taro-o/hunterSE_ws/build/hunter_se_gazebo' returned '0': CMAKE_PREFIX_PATH=/opt/ros/humble /usr/bin/cmake --build /home/r-taro-o/hunterSE_ws/build/hunter_se_gazebo -- -j8 -l8
[0.880s] DEBUG:colcon.colcon_core.event_handler.log_command:Invoked command in '/home/r-taro-o/hunterSE_ws/build/ranger_mini' returned '0': CMAKE_PREFIX_PATH=/opt/ros/humble /usr/bin/cmake --build /home/r-taro-o/hunterSE_ws/build/ranger_mini -- -j8 -l8
[0.943s] DEBUG:colcon.colcon_core.event_handler.log_command:Invoking command in '/home/r-taro-o/hunterSE_ws/build/four_ws_control': CMAKE_PREFIX_PATH=/opt/ros/humble /usr/bin/cmake --install /home/r-taro-o/hunterSE_ws/build/four_ws_control
[0.985s] DEBUG:colcon.colcon_core.event_handler.log_command:Invoking command in '/home/r-taro-o/hunterSE_ws/build/ranger_mini': CMAKE_PREFIX_PATH=/opt/ros/humble /usr/bin/cmake --install /home/r-taro-o/hunterSE_ws/build/ranger_mini
[0.989s] DEBUG:colcon.colcon_core.event_handler.log_command:Invoking command in '/home/r-taro-o/hunterSE_ws/build/hunter_se_description': CMAKE_PREFIX_PATH=/opt/ros/humble /usr/bin/cmake --install /home/r-taro-o/hunterSE_ws/build/hunter_se_description
[1.001s] DEBUG:colcon.colcon_core.event_handler.log_command:Invoking command in '/home/r-taro-o/hunterSE_ws/build/hunter_se_gazebo': CMAKE_PREFIX_PATH=/opt/ros/humble /usr/bin/cmake --install /home/r-taro-o/hunterSE_ws/build/hunter_se_gazebo
[1.004s] Level 1:colcon.colcon_core.environment:create_environment_scripts_only(four_ws_control)
[1.014s] DEBUG:colcon.colcon_core.event_handler.log_command:Invoked command in '/home/r-taro-o/hunterSE_ws/build/four_ws_control' returned '0': CMAKE_PREFIX_PATH=/opt/ros/humble /usr/bin/cmake --install /home/r-taro-o/hunterSE_ws/build/four_ws_control
[1.038s] Level 1:colcon.colcon_core.environment:checking '/home/r-taro-o/hunterSE_ws/install/four_ws_control' for CMake module files
[1.040s] Level 1:colcon.colcon_core.environment:checking '/home/r-taro-o/hunterSE_ws/install/four_ws_control' for CMake config files
[1.041s] Level 1:colcon.colcon_core.shell:create_environment_hook('four_ws_control', 'cmake_prefix_path')
[1.042s] INFO:colcon.colcon_core.shell:Creating environment hook '/home/r-taro-o/hunterSE_ws/install/four_ws_control/share/four_ws_control/hook/cmake_prefix_path.ps1'
[1.048s] INFO:colcon.colcon_core.shell:Creating environment descriptor '/home/r-taro-o/hunterSE_ws/install/four_ws_control/share/four_ws_control/hook/cmake_prefix_path.dsv'
[1.059s] INFO:colcon.colcon_core.shell:Creating environment hook '/home/r-taro-o/hunterSE_ws/install/four_ws_control/share/four_ws_control/hook/cmake_prefix_path.sh'
[1.064s] Level 1:colcon.colcon_core.environment:checking '/home/r-taro-o/hunterSE_ws/install/four_ws_control/lib'
[1.067s] Level 1:colcon.colcon_core.environment:checking '/home/r-taro-o/hunterSE_ws/install/four_ws_control/bin'
[1.067s] Level 1:colcon.colcon_core.environment:checking '/home/r-taro-o/hunterSE_ws/install/four_ws_control/lib/pkgconfig/four_ws_control.pc'
[1.068s] Level 1:colcon.colcon_core.environment:checking '/home/r-taro-o/hunterSE_ws/install/four_ws_control/lib/python3.10/site-packages'
[1.068s] Level 1:colcon.colcon_core.environment:checking '/home/r-taro-o/hunterSE_ws/install/four_ws_control/bin'
[1.069s] INFO:colcon.colcon_core.shell:Creating package script '/home/r-taro-o/hunterSE_ws/install/four_ws_control/share/four_ws_control/package.ps1'
[1.076s] INFO:colcon.colcon_core.shell:Creating package descriptor '/home/r-taro-o/hunterSE_ws/install/four_ws_control/share/four_ws_control/package.dsv'
[1.079s] INFO:colcon.colcon_core.shell:Creating package script '/home/r-taro-o/hunterSE_ws/install/four_ws_control/share/four_ws_control/package.sh'
[1.088s] INFO:colcon.colcon_core.shell:Creating package script '/home/r-taro-o/hunterSE_ws/install/four_ws_control/share/four_ws_control/package.bash'
[1.093s] INFO:colcon.colcon_core.shell:Creating package script '/home/r-taro-o/hunterSE_ws/install/four_ws_control/share/four_ws_control/package.zsh'
[1.096s] Level 1:colcon.colcon_core.environment:create_file_with_runtime_dependencies(/home/r-taro-o/hunterSE_ws/install/four_ws_control/share/colcon-core/packages/four_ws_control)
[1.103s] Level 1:colcon.colcon_core.environment:create_environment_scripts_only(ranger_mini)
[1.104s] Level 1:colcon.colcon_core.environment:checking '/home/r-taro-o/hunterSE_ws/install/ranger_mini' for CMake module files
[1.106s] DEBUG:colcon.colcon_core.event_handler.log_command:Invoked command in '/home/r-taro-o/hunterSE_ws/build/ranger_mini' returned '0': CMAKE_PREFIX_PATH=/opt/ros/humble /usr/bin/cmake --install /home/r-taro-o/hunterSE_ws/build/ranger_mini
[1.107s] Level 1:colcon.colcon_core.environment:checking '/home/r-taro-o/hunterSE_ws/install/ranger_mini' for CMake config files
[1.108s] Level 1:colcon.colcon_core.shell:create_environment_hook('ranger_mini', 'cmake_prefix_path')
[1.109s] INFO:colcon.colcon_core.shell:Creating environment hook '/home/r-taro-o/hunterSE_ws/install/ranger_mini/share/ranger_mini/hook/cmake_prefix_path.ps1'
[1.110s] INFO:colcon.colcon_core.shell:Creating environment descriptor '/home/r-taro-o/hunterSE_ws/install/ranger_mini/share/ranger_mini/hook/cmake_prefix_path.dsv'
[1.111s] INFO:colcon.colcon_core.shell:Creating environment hook '/home/r-taro-o/hunterSE_ws/install/ranger_mini/share/ranger_mini/hook/cmake_prefix_path.sh'
[1.112s] Level 1:colcon.colcon_core.environment:checking '/home/r-taro-o/hunterSE_ws/install/ranger_mini/bin'
[1.112s] Level 1:colcon.colcon_core.environment:checking '/home/r-taro-o/hunterSE_ws/install/ranger_mini/lib/pkgconfig/ranger_mini.pc'
[1.113s] Level 1:colcon.colcon_core.environment:checking '/home/r-taro-o/hunterSE_ws/install/ranger_mini/lib/python3.10/site-packages'
[1.114s] Level 1:colcon.colcon_core.environment:checking '/home/r-taro-o/hunterSE_ws/install/ranger_mini/bin'
[1.115s] INFO:colcon.colcon_core.shell:Creating package script '/home/r-taro-o/hunterSE_ws/install/ranger_mini/share/ranger_mini/package.ps1'
[1.117s] INFO:colcon.colcon_core.shell:Creating package descriptor '/home/r-taro-o/hunterSE_ws/install/ranger_mini/share/ranger_mini/package.dsv'
[1.118s] INFO:colcon.colcon_core.shell:Creating package script '/home/r-taro-o/hunterSE_ws/install/ranger_mini/share/ranger_mini/package.sh'
[1.119s] INFO:colcon.colcon_core.shell:Creating package script '/home/r-taro-o/hunterSE_ws/install/ranger_mini/share/ranger_mini/package.bash'
[1.120s] INFO:colcon.colcon_core.shell:Creating package script '/home/r-taro-o/hunterSE_ws/install/ranger_mini/share/ranger_mini/package.zsh'
[1.121s] Level 1:colcon.colcon_core.environment:create_file_with_runtime_dependencies(/home/r-taro-o/hunterSE_ws/install/ranger_mini/share/colcon-core/packages/ranger_mini)
[1.124s] Level 1:colcon.colcon_core.environment:create_environment_scripts_only(hunter_se_description)
[1.125s] Level 1:colcon.colcon_core.environment:checking '/home/r-taro-o/hunterSE_ws/install/hunter_se_description' for CMake module files
[1.126s] Level 1:colcon.colcon_core.environment:checking '/home/r-taro-o/hunterSE_ws/install/hunter_se_description' for CMake config files
[1.127s] Level 1:colcon.colcon_core.shell:create_environment_hook('hunter_se_description', 'cmake_prefix_path')
[1.128s] INFO:colcon.colcon_core.shell:Creating environment hook '/home/r-taro-o/hunterSE_ws/install/hunter_se_description/share/hunter_se_description/hook/cmake_prefix_path.ps1'
[1.130s] INFO:colcon.colcon_core.shell:Creating environment descriptor '/home/r-taro-o/hunterSE_ws/install/hunter_se_description/share/hunter_se_description/hook/cmake_prefix_path.dsv'
[1.131s] INFO:colcon.colcon_core.shell:Creating environment hook '/home/r-taro-o/hunterSE_ws/install/hunter_se_description/share/hunter_se_description/hook/cmake_prefix_path.sh'
[1.133s] Level 1:colcon.colcon_core.environment:checking '/home/r-taro-o/hunterSE_ws/install/hunter_se_description/bin'
[1.133s] Level 1:colcon.colcon_core.environment:checking '/home/r-taro-o/hunterSE_ws/install/hunter_se_description/lib/pkgconfig/hunter_se_description.pc'
[1.134s] Level 1:colcon.colcon_core.environment:checking '/home/r-taro-o/hunterSE_ws/install/hunter_se_description/lib/python3.10/site-packages'
[1.134s] DEBUG:colcon.colcon_core.event_handler.log_command:Invoked command in '/home/r-taro-o/hunterSE_ws/build/hunter_se_description' returned '0': CMAKE_PREFIX_PATH=/opt/ros/humble /usr/bin/cmake --install /home/r-taro-o/hunterSE_ws/build/hunter_se_description
[1.135s] Level 1:colcon.colcon_core.environment:checking '/home/r-taro-o/hunterSE_ws/install/hunter_se_description/bin'
[1.136s] INFO:colcon.colcon_core.shell:Creating package script '/home/r-taro-o/hunterSE_ws/install/hunter_se_description/share/hunter_se_description/package.ps1'
[1.138s] INFO:colcon.colcon_core.shell:Creating package descriptor '/home/r-taro-o/hunterSE_ws/install/hunter_se_description/share/hunter_se_description/package.dsv'
[1.139s] INFO:colcon.colcon_core.shell:Creating package script '/home/r-taro-o/hunterSE_ws/install/hunter_se_description/share/hunter_se_description/package.sh'
[1.140s] INFO:colcon.colcon_core.shell:Creating package script '/home/r-taro-o/hunterSE_ws/install/hunter_se_description/share/hunter_se_description/package.bash'
[1.141s] INFO:colcon.colcon_core.shell:Creating package script '/home/r-taro-o/hunterSE_ws/install/hunter_se_description/share/hunter_se_description/package.zsh'
[1.142s] Level 1:colcon.colcon_core.environment:create_file_with_runtime_dependencies(/home/r-taro-o/hunterSE_ws/install/hunter_se_description/share/colcon-core/packages/hunter_se_description)
[1.145s] Level 1:colcon.colcon_core.environment:create_environment_scripts_only(hunter_se_gazebo)
[1.146s] DEBUG:colcon.colcon_core.event_handler.log_command:Invoked command in '/home/r-taro-o/hunterSE_ws/build/hunter_se_gazebo' returned '0': CMAKE_PREFIX_PATH=/opt/ros/humble /usr/bin/cmake --install /home/r-taro-o/hunterSE_ws/build/hunter_se_gazebo
[1.146s] Level 1:colcon.colcon_core.environment:checking '/home/r-taro-o/hunterSE_ws/install/hunter_se_gazebo' for CMake module files
[1.149s] Level 1:colcon.colcon_core.environment:checking '/home/r-taro-o/hunterSE_ws/install/hunter_se_gazebo' for CMake config files
[1.150s] Level 1:colcon.colcon_core.shell:create_environment_hook('hunter_se_gazebo', 'cmake_prefix_path')
[1.151s] INFO:colcon.colcon_core.shell:Creating environment hook '/home/r-taro-o/hunterSE_ws/install/hunter_se_gazebo/share/hunter_se_gazebo/hook/cmake_prefix_path.ps1'
[1.152s] INFO:colcon.colcon_core.shell:Creating environment descriptor '/home/r-taro-o/hunterSE_ws/install/hunter_se_gazebo/share/hunter_se_gazebo/hook/cmake_prefix_path.dsv'
[1.153s] INFO:colcon.colcon_core.shell:Creating environment hook '/home/r-taro-o/hunterSE_ws/install/hunter_se_gazebo/share/hunter_se_gazebo/hook/cmake_prefix_path.sh'
[1.155s] Level 1:colcon.colcon_core.environment:checking '/home/r-taro-o/hunterSE_ws/install/hunter_se_gazebo/bin'
[1.155s] Level 1:colcon.colcon_core.environment:checking '/home/r-taro-o/hunterSE_ws/install/hunter_se_gazebo/lib/pkgconfig/hunter_se_gazebo.pc'
[1.156s] Level 1:colcon.colcon_core.environment:checking '/home/r-taro-o/hunterSE_ws/install/hunter_se_gazebo/lib/python3.10/site-packages'
[1.158s] Level 1:colcon.colcon_core.environment:checking '/home/r-taro-o/hunterSE_ws/install/hunter_se_gazebo/bin'
[1.160s] INFO:colcon.colcon_core.shell:Creating package script '/home/r-taro-o/hunterSE_ws/install/hunter_se_gazebo/share/hunter_se_gazebo/package.ps1'
[1.161s] INFO:colcon.colcon_core.shell:Creating package descriptor '/home/r-taro-o/hunterSE_ws/install/hunter_se_gazebo/share/hunter_se_gazebo/package.dsv'
[1.163s] INFO:colcon.colcon_core.shell:Creating package script '/home/r-taro-o/hunterSE_ws/install/hunter_se_gazebo/share/hunter_se_gazebo/package.sh'
[1.164s] INFO:colcon.colcon_core.shell:Creating package script '/home/r-taro-o/hunterSE_ws/install/hunter_se_gazebo/share/hunter_se_gazebo/package.bash'
[1.165s] INFO:colcon.colcon_core.shell:Creating package script '/home/r-taro-o/hunterSE_ws/install/hunter_se_gazebo/share/hunter_se_gazebo/package.zsh'
[1.166s] Level 1:colcon.colcon_core.environment:create_file_with_runtime_dependencies(/home/r-taro-o/hunterSE_ws/install/hunter_se_gazebo/share/colcon-core/packages/hunter_se_gazebo)
[1.171s] DEBUG:colcon.colcon_core.event_handler.log_command:Invoked command in '/home/r-taro-o/hunterSE_ws/build/ugv_sdk' returned '0': /usr/bin/cmake --build /home/r-taro-o/hunterSE_ws/build/ugv_sdk -- -j8 -l8
[1.174s] Level 1:colcon.colcon_core.environment:create_environment_scripts_only(four_ws_control)
[1.175s] Level 1:colcon.colcon_core.environment:checking '/home/r-taro-o/hunterSE_ws/install/four_ws_control' for CMake module files
[1.176s] Level 1:colcon.colcon_core.environment:checking '/home/r-taro-o/hunterSE_ws/install/four_ws_control' for CMake config files
[1.177s] Level 1:colcon.colcon_core.shell:create_environment_hook('four_ws_control', 'cmake_prefix_path')
[1.178s] INFO:colcon.colcon_core.shell:Creating environment hook '/home/r-taro-o/hunterSE_ws/install/four_ws_control/share/four_ws_control/hook/cmake_prefix_path.ps1'
[1.179s] INFO:colcon.colcon_core.shell:Creating environment descriptor '/home/r-taro-o/hunterSE_ws/install/four_ws_control/share/four_ws_control/hook/cmake_prefix_path.dsv'
[1.179s] INFO:colcon.colcon_core.shell:Creating environment hook '/home/r-taro-o/hunterSE_ws/install/four_ws_control/share/four_ws_control/hook/cmake_prefix_path.sh'
[1.181s] Level 1:colcon.colcon_core.environment:checking '/home/r-taro-o/hunterSE_ws/install/four_ws_control/lib'
[1.181s] Level 1:colcon.colcon_core.environment:checking '/home/r-taro-o/hunterSE_ws/install/four_ws_control/bin'
[1.181s] Level 1:colcon.colcon_core.environment:checking '/home/r-taro-o/hunterSE_ws/install/four_ws_control/lib/pkgconfig/four_ws_control.pc'
[1.182s] Level 1:colcon.colcon_core.environment:checking '/home/r-taro-o/hunterSE_ws/install/four_ws_control/lib/python3.10/site-packages'
[1.182s] Level 1:colcon.colcon_core.environment:checking '/home/r-taro-o/hunterSE_ws/install/four_ws_control/bin'
[1.184s] INFO:colcon.colcon_core.shell:Creating package script '/home/r-taro-o/hunterSE_ws/install/four_ws_control/share/four_ws_control/package.ps1'
[1.185s] INFO:colcon.colcon_core.shell:Creating package descriptor '/home/r-taro-o/hunterSE_ws/install/four_ws_control/share/four_ws_control/package.dsv'
[1.187s] INFO:colcon.colcon_core.shell:Creating package script '/home/r-taro-o/hunterSE_ws/install/four_ws_control/share/four_ws_control/package.sh'
[1.188s] INFO:colcon.colcon_core.shell:Creating package script '/home/r-taro-o/hunterSE_ws/install/four_ws_control/share/four_ws_control/package.bash'
[1.190s] INFO:colcon.colcon_core.shell:Creating package script '/home/r-taro-o/hunterSE_ws/install/four_ws_control/share/four_ws_control/package.zsh'
[1.191s] Level 1:colcon.colcon_core.environment:create_file_with_runtime_dependencies(/home/r-taro-o/hunterSE_ws/install/four_ws_control/share/colcon-core/packages/four_ws_control)
[1.195s] Level 1:colcon.colcon_core.environment:create_environment_scripts_only(ranger_mini)
[1.196s] Level 1:colcon.colcon_core.environment:checking '/home/r-taro-o/hunterSE_ws/install/ranger_mini' for CMake module files
[1.199s] Level 1:colcon.colcon_core.environment:checking '/home/r-taro-o/hunterSE_ws/install/ranger_mini' for CMake config files
[1.199s] Level 1:colcon.colcon_core.shell:create_environment_hook('ranger_mini', 'cmake_prefix_path')
[1.200s] INFO:colcon.colcon_core.shell:Creating environment hook '/home/r-taro-o/hunterSE_ws/install/ranger_mini/share/ranger_mini/hook/cmake_prefix_path.ps1'
[1.201s] INFO:colcon.colcon_core.shell:Creating environment descriptor '/home/r-taro-o/hunterSE_ws/install/ranger_mini/share/ranger_mini/hook/cmake_prefix_path.dsv'
[1.202s] INFO:colcon.colcon_core.shell:Creating environment hook '/home/r-taro-o/hunterSE_ws/install/ranger_mini/share/ranger_mini/hook/cmake_prefix_path.sh'
[1.203s] Level 1:colcon.colcon_core.environment:checking '/home/r-taro-o/hunterSE_ws/install/ranger_mini/bin'
[1.203s] Level 1:colcon.colcon_core.environment:checking '/home/r-taro-o/hunterSE_ws/install/ranger_mini/lib/pkgconfig/ranger_mini.pc'
[1.204s] Level 1:colcon.colcon_core.environment:checking '/home/r-taro-o/hunterSE_ws/install/ranger_mini/lib/python3.10/site-packages'
[1.204s] Level 1:colcon.colcon_core.environment:checking '/home/r-taro-o/hunterSE_ws/install/ranger_mini/bin'
[1.205s] INFO:colcon.colcon_core.shell:Creating package script '/home/r-taro-o/hunterSE_ws/install/ranger_mini/share/ranger_mini/package.ps1'
[1.207s] INFO:colcon.colcon_core.shell:Creating package descriptor '/home/r-taro-o/hunterSE_ws/install/ranger_mini/share/ranger_mini/package.dsv'
[1.208s] INFO:colcon.colcon_core.shell:Creating package script '/home/r-taro-o/hunterSE_ws/install/ranger_mini/share/ranger_mini/package.sh'
[1.209s] INFO:colcon.colcon_core.shell:Creating package script '/home/r-taro-o/hunterSE_ws/install/ranger_mini/share/ranger_mini/package.bash'
[1.210s] INFO:colcon.colcon_core.shell:Creating package script '/home/r-taro-o/hunterSE_ws/install/ranger_mini/share/ranger_mini/package.zsh'
[1.211s] Level 1:colcon.colcon_core.environment:create_file_with_runtime_dependencies(/home/r-taro-o/hunterSE_ws/install/ranger_mini/share/colcon-core/packages/ranger_mini)
[1.216s] Level 1:colcon.colcon_core.environment:create_environment_scripts_only(hunter_se_description)
[1.216s] Level 1:colcon.colcon_core.environment:checking '/home/r-taro-o/hunterSE_ws/install/hunter_se_description' for CMake module files
[1.218s] Level 1:colcon.colcon_core.environment:checking '/home/r-taro-o/hunterSE_ws/install/hunter_se_description' for CMake config files
[1.220s] Level 1:colcon.colcon_core.shell:create_environment_hook('hunter_se_description', 'cmake_prefix_path')
[1.221s] INFO:colcon.colcon_core.shell:Creating environment hook '/home/r-taro-o/hunterSE_ws/install/hunter_se_description/share/hunter_se_description/hook/cmake_prefix_path.ps1'
[1.222s] INFO:colcon.colcon_core.shell:Creating environment descriptor '/home/r-taro-o/hunterSE_ws/install/hunter_se_description/share/hunter_se_description/hook/cmake_prefix_path.dsv'
[1.223s] INFO:colcon.colcon_core.shell:Creating environment hook '/home/r-taro-o/hunterSE_ws/install/hunter_se_description/share/hunter_se_description/hook/cmake_prefix_path.sh'
[1.225s] Level 1:colcon.colcon_core.environment:checking '/home/r-taro-o/hunterSE_ws/install/hunter_se_description/bin'
[1.225s] Level 1:colcon.colcon_core.environment:checking '/home/r-taro-o/hunterSE_ws/install/hunter_se_description/lib/pkgconfig/hunter_se_description.pc'
[1.226s] Level 1:colcon.colcon_core.environment:checking '/home/r-taro-o/hunterSE_ws/install/hunter_se_description/lib/python3.10/site-packages'
[1.226s] Level 1:colcon.colcon_core.environment:checking '/home/r-taro-o/hunterSE_ws/install/hunter_se_description/bin'
[1.227s] INFO:colcon.colcon_core.shell:Creating package script '/home/r-taro-o/hunterSE_ws/install/hunter_se_description/share/hunter_se_description/package.ps1'
[1.230s] INFO:colcon.colcon_core.shell:Creating package descriptor '/home/r-taro-o/hunterSE_ws/install/hunter_se_description/share/hunter_se_description/package.dsv'
[1.231s] INFO:colcon.colcon_core.shell:Creating package script '/home/r-taro-o/hunterSE_ws/install/hunter_se_description/share/hunter_se_description/package.sh'
[1.233s] INFO:colcon.colcon_core.shell:Creating package script '/home/r-taro-o/hunterSE_ws/install/hunter_se_description/share/hunter_se_description/package.bash'
[1.234s] INFO:colcon.colcon_core.shell:Creating package script '/home/r-taro-o/hunterSE_ws/install/hunter_se_description/share/hunter_se_description/package.zsh'
[1.235s] Level 1:colcon.colcon_core.environment:create_file_with_runtime_dependencies(/home/r-taro-o/hunterSE_ws/install/hunter_se_description/share/colcon-core/packages/hunter_se_description)
[1.236s] Level 1:colcon.colcon_core.environment:create_environment_scripts_only(hunter_se_gazebo)
[1.237s] Level 1:colcon.colcon_core.environment:checking '/home/r-taro-o/hunterSE_ws/install/hunter_se_gazebo' for CMake module files
[1.242s] Level 1:colcon.colcon_core.environment:checking '/home/r-taro-o/hunterSE_ws/install/hunter_se_gazebo' for CMake config files
[1.243s] Level 1:colcon.colcon_core.shell:create_environment_hook('hunter_se_gazebo', 'cmake_prefix_path')
[1.244s] INFO:colcon.colcon_core.shell:Creating environment hook '/home/r-taro-o/hunterSE_ws/install/hunter_se_gazebo/share/hunter_se_gazebo/hook/cmake_prefix_path.ps1'
[1.246s] INFO:colcon.colcon_core.shell:Creating environment descriptor '/home/r-taro-o/hunterSE_ws/install/hunter_se_gazebo/share/hunter_se_gazebo/hook/cmake_prefix_path.dsv'
[1.247s] INFO:colcon.colcon_core.shell:Creating environment hook '/home/r-taro-o/hunterSE_ws/install/hunter_se_gazebo/share/hunter_se_gazebo/hook/cmake_prefix_path.sh'
[1.249s] Level 1:colcon.colcon_core.environment:checking '/home/r-taro-o/hunterSE_ws/install/hunter_se_gazebo/bin'
[1.249s] Level 1:colcon.colcon_core.environment:checking '/home/r-taro-o/hunterSE_ws/install/hunter_se_gazebo/lib/pkgconfig/hunter_se_gazebo.pc'
[1.250s] Level 1:colcon.colcon_core.environment:checking '/home/r-taro-o/hunterSE_ws/install/hunter_se_gazebo/lib/python3.10/site-packages'
[1.251s] Level 1:colcon.colcon_core.environment:checking '/home/r-taro-o/hunterSE_ws/install/hunter_se_gazebo/bin'
[1.252s] INFO:colcon.colcon_core.shell:Creating package script '/home/r-taro-o/hunterSE_ws/install/hunter_se_gazebo/share/hunter_se_gazebo/package.ps1'
[1.254s] INFO:colcon.colcon_core.shell:Creating package descriptor '/home/r-taro-o/hunterSE_ws/install/hunter_se_gazebo/share/hunter_se_gazebo/package.dsv'
[1.255s] INFO:colcon.colcon_core.shell:Creating package script '/home/r-taro-o/hunterSE_ws/install/hunter_se_gazebo/share/hunter_se_gazebo/package.sh'
[1.256s] INFO:colcon.colcon_core.shell:Creating package script '/home/r-taro-o/hunterSE_ws/install/hunter_se_gazebo/share/hunter_se_gazebo/package.bash'
[1.258s] INFO:colcon.colcon_core.shell:Creating package script '/home/r-taro-o/hunterSE_ws/install/hunter_se_gazebo/share/hunter_se_gazebo/package.zsh'
[1.259s] Level 1:colcon.colcon_core.environment:create_file_with_runtime_dependencies(/home/r-taro-o/hunterSE_ws/install/hunter_se_gazebo/share/colcon-core/packages/hunter_se_gazebo)
[1.365s] DEBUG:colcon.colcon_core.event_handler.log_command:Invoking command in '/home/r-taro-o/hunterSE_ws/build/ugv_sdk': /usr/bin/cmake --install /home/r-taro-o/hunterSE_ws/build/ugv_sdk
[1.394s] DEBUG:colcon.colcon_core.event_handler.log_command:Invoked command in '/home/r-taro-o/hunterSE_ws/build/ugv_sdk' returned '0': /usr/bin/cmake --install /home/r-taro-o/hunterSE_ws/build/ugv_sdk
[1.482s] Level 1:colcon.colcon_core.shell:create_environment_hook('ugv_sdk', 'ros_package_path')
[1.482s] INFO:colcon.colcon_core.shell:Creating environment hook '/home/r-taro-o/hunterSE_ws/install/ugv_sdk/share/ugv_sdk/hook/ros_package_path.ps1'
[1.483s] INFO:colcon.colcon_core.shell:Creating environment descriptor '/home/r-taro-o/hunterSE_ws/install/ugv_sdk/share/ugv_sdk/hook/ros_package_path.dsv'
[1.483s] INFO:colcon.colcon_core.shell:Creating environment hook '/home/r-taro-o/hunterSE_ws/install/ugv_sdk/share/ugv_sdk/hook/ros_package_path.sh'
[1.484s] Level 1:colcon.colcon_core.shell:create_environment_hook('ugv_sdk', 'pkg_config_path')
[1.485s] INFO:colcon.colcon_core.shell:Creating environment hook '/home/r-taro-o/hunterSE_ws/install/ugv_sdk/share/ugv_sdk/hook/pkg_config_path.ps1'
[1.485s] INFO:colcon.colcon_core.shell:Creating environment descriptor '/home/r-taro-o/hunterSE_ws/install/ugv_sdk/share/ugv_sdk/hook/pkg_config_path.dsv'
[1.486s] INFO:colcon.colcon_core.shell:Creating environment hook '/home/r-taro-o/hunterSE_ws/install/ugv_sdk/share/ugv_sdk/hook/pkg_config_path.sh'
[1.489s] Level 1:colcon.colcon_core.shell:create_environment_hook('ugv_sdk', 'pkg_config_path_multiarch')
[1.489s] INFO:colcon.colcon_core.shell:Creating environment hook '/home/r-taro-o/hunterSE_ws/install/ugv_sdk/share/ugv_sdk/hook/pkg_config_path_multiarch.ps1'
[1.490s] INFO:colcon.colcon_core.shell:Creating environment descriptor '/home/r-taro-o/hunterSE_ws/install/ugv_sdk/share/ugv_sdk/hook/pkg_config_path_multiarch.dsv'
[1.490s] INFO:colcon.colcon_core.shell:Creating environment hook '/home/r-taro-o/hunterSE_ws/install/ugv_sdk/share/ugv_sdk/hook/pkg_config_path_multiarch.sh'
[1.492s] Level 1:colcon.colcon_core.environment:create_environment_scripts_only(ugv_sdk)
[1.493s] Level 1:colcon.colcon_core.environment:checking '/home/r-taro-o/hunterSE_ws/install/ugv_sdk' for CMake module files
[1.494s] Level 1:colcon.colcon_core.environment:checking '/home/r-taro-o/hunterSE_ws/install/ugv_sdk' for CMake config files
[1.494s] Level 1:colcon.colcon_core.shell:create_environment_hook('ugv_sdk', 'cmake_prefix_path')
[1.494s] INFO:colcon.colcon_core.shell:Creating environment hook '/home/r-taro-o/hunterSE_ws/install/ugv_sdk/share/ugv_sdk/hook/cmake_prefix_path.ps1'
[1.495s] INFO:colcon.colcon_core.shell:Creating environment descriptor '/home/r-taro-o/hunterSE_ws/install/ugv_sdk/share/ugv_sdk/hook/cmake_prefix_path.dsv'
[1.496s] INFO:colcon.colcon_core.shell:Creating environment hook '/home/r-taro-o/hunterSE_ws/install/ugv_sdk/share/ugv_sdk/hook/cmake_prefix_path.sh'
[1.497s] Level 1:colcon.colcon_core.environment:checking '/home/r-taro-o/hunterSE_ws/install/ugv_sdk/lib'
[1.497s] Level 1:colcon.colcon_core.environment:checking '/home/r-taro-o/hunterSE_ws/install/ugv_sdk/bin'
[1.497s] Level 1:colcon.colcon_core.environment:checking '/home/r-taro-o/hunterSE_ws/install/ugv_sdk/lib/pkgconfig/ugv_sdk.pc'
[1.498s] Level 1:colcon.colcon_core.environment:checking '/home/r-taro-o/hunterSE_ws/install/ugv_sdk/lib/python3.10/site-packages'
[1.498s] Level 1:colcon.colcon_core.environment:checking '/home/r-taro-o/hunterSE_ws/install/ugv_sdk/bin'
[1.499s] INFO:colcon.colcon_core.shell:Creating package script '/home/r-taro-o/hunterSE_ws/install/ugv_sdk/share/ugv_sdk/package.ps1'
[1.500s] INFO:colcon.colcon_core.shell:Creating package descriptor '/home/r-taro-o/hunterSE_ws/install/ugv_sdk/share/ugv_sdk/package.dsv'
[1.501s] INFO:colcon.colcon_core.shell:Creating package script '/home/r-taro-o/hunterSE_ws/install/ugv_sdk/share/ugv_sdk/package.sh'
[1.502s] INFO:colcon.colcon_core.shell:Creating package script '/home/r-taro-o/hunterSE_ws/install/ugv_sdk/share/ugv_sdk/package.bash'
[1.503s] INFO:colcon.colcon_core.shell:Creating package script '/home/r-taro-o/hunterSE_ws/install/ugv_sdk/share/ugv_sdk/package.zsh'
[1.504s] Level 1:colcon.colcon_core.environment:create_file_with_runtime_dependencies(/home/r-taro-o/hunterSE_ws/install/ugv_sdk/share/colcon-core/packages/ugv_sdk)
[1.607s] DEBUG:colcon.colcon_core.event_handler.log_command:Invoked command in '/home/r-taro-o/hunterSE_ws/build/hunter_msgs' returned '0': CMAKE_PREFIX_PATH=/opt/ros/humble /usr/bin/cmake --build /home/r-taro-o/hunterSE_ws/build/hunter_msgs -- -j8 -l8
[1.851s] DEBUG:colcon.colcon_core.event_handler.log_command:Invoking command in '/home/r-taro-o/hunterSE_ws/build/hunter_msgs': CMAKE_PREFIX_PATH=/opt/ros/humble /usr/bin/cmake --install /home/r-taro-o/hunterSE_ws/build/hunter_msgs
[2.005s] Level 1:colcon.colcon_core.environment:create_environment_scripts_only(hunter_msgs)
[2.006s] Level 1:colcon.colcon_core.environment:checking '/home/r-taro-o/hunterSE_ws/install/hunter_msgs' for CMake module files
[2.006s] DEBUG:colcon.colcon_core.event_handler.log_command:Invoked command in '/home/r-taro-o/hunterSE_ws/build/hunter_msgs' returned '0': CMAKE_PREFIX_PATH=/opt/ros/humble /usr/bin/cmake --install /home/r-taro-o/hunterSE_ws/build/hunter_msgs
[2.007s] Level 1:colcon.colcon_core.environment:checking '/home/r-taro-o/hunterSE_ws/install/hunter_msgs' for CMake config files
[2.008s] Level 1:colcon.colcon_core.shell:create_environment_hook('hunter_msgs', 'cmake_prefix_path')
[2.008s] INFO:colcon.colcon_core.shell:Creating environment hook '/home/r-taro-o/hunterSE_ws/install/hunter_msgs/share/hunter_msgs/hook/cmake_prefix_path.ps1'
[2.009s] INFO:colcon.colcon_core.shell:Creating environment descriptor '/home/r-taro-o/hunterSE_ws/install/hunter_msgs/share/hunter_msgs/hook/cmake_prefix_path.dsv'
[2.009s] INFO:colcon.colcon_core.shell:Creating environment hook '/home/r-taro-o/hunterSE_ws/install/hunter_msgs/share/hunter_msgs/hook/cmake_prefix_path.sh'
[2.010s] Level 1:colcon.colcon_core.environment:checking '/home/r-taro-o/hunterSE_ws/install/hunter_msgs/lib'
[2.010s] Level 1:colcon.colcon_core.shell:create_environment_hook('hunter_msgs', 'ld_library_path_lib')
[2.011s] INFO:colcon.colcon_core.shell:Creating environment hook '/home/r-taro-o/hunterSE_ws/install/hunter_msgs/share/hunter_msgs/hook/ld_library_path_lib.ps1'
[2.011s] INFO:colcon.colcon_core.shell:Creating environment descriptor '/home/r-taro-o/hunterSE_ws/install/hunter_msgs/share/hunter_msgs/hook/ld_library_path_lib.dsv'
[2.012s] INFO:colcon.colcon_core.shell:Creating environment hook '/home/r-taro-o/hunterSE_ws/install/hunter_msgs/share/hunter_msgs/hook/ld_library_path_lib.sh'
[2.013s] Level 1:colcon.colcon_core.environment:checking '/home/r-taro-o/hunterSE_ws/install/hunter_msgs/bin'
[2.013s] Level 1:colcon.colcon_core.environment:checking '/home/r-taro-o/hunterSE_ws/install/hunter_msgs/lib/pkgconfig/hunter_msgs.pc'
[2.013s] Level 1:colcon.colcon_core.environment:checking '/home/r-taro-o/hunterSE_ws/install/hunter_msgs/lib/python3.10/site-packages'
[2.014s] Level 1:colcon.colcon_core.environment:checking '/home/r-taro-o/hunterSE_ws/install/hunter_msgs/bin'
[2.015s] INFO:colcon.colcon_core.shell:Creating package script '/home/r-taro-o/hunterSE_ws/install/hunter_msgs/share/hunter_msgs/package.ps1'
[2.016s] INFO:colcon.colcon_core.shell:Creating package descriptor '/home/r-taro-o/hunterSE_ws/install/hunter_msgs/share/hunter_msgs/package.dsv'
[2.018s] INFO:colcon.colcon_core.shell:Creating package script '/home/r-taro-o/hunterSE_ws/install/hunter_msgs/share/hunter_msgs/package.sh'
[2.019s] INFO:colcon.colcon_core.shell:Creating package script '/home/r-taro-o/hunterSE_ws/install/hunter_msgs/share/hunter_msgs/package.bash'
[2.020s] INFO:colcon.colcon_core.shell:Creating package script '/home/r-taro-o/hunterSE_ws/install/hunter_msgs/share/hunter_msgs/package.zsh'
[2.021s] Level 1:colcon.colcon_core.environment:create_file_with_runtime_dependencies(/home/r-taro-o/hunterSE_ws/install/hunter_msgs/share/colcon-core/packages/hunter_msgs)
[2.264s] Level 1:colcon.colcon_core.environment:create_environment_scripts_only(hunter_msgs)
[2.265s] Level 1:colcon.colcon_core.environment:checking '/home/r-taro-o/hunterSE_ws/install/hunter_msgs' for CMake module files
[2.266s] Level 1:colcon.colcon_core.environment:checking '/home/r-taro-o/hunterSE_ws/install/hunter_msgs' for CMake config files
[2.267s] Level 1:colcon.colcon_core.shell:create_environment_hook('hunter_msgs', 'cmake_prefix_path')
[2.267s] INFO:colcon.colcon_core.shell:Creating environment hook '/home/r-taro-o/hunterSE_ws/install/hunter_msgs/share/hunter_msgs/hook/cmake_prefix_path.ps1'
[2.268s] INFO:colcon.colcon_core.shell:Creating environment descriptor '/home/r-taro-o/hunterSE_ws/install/hunter_msgs/share/hunter_msgs/hook/cmake_prefix_path.dsv'
[2.268s] INFO:colcon.colcon_core.shell:Creating environment hook '/home/r-taro-o/hunterSE_ws/install/hunter_msgs/share/hunter_msgs/hook/cmake_prefix_path.sh'
[2.269s] Level 1:colcon.colcon_core.environment:checking '/home/r-taro-o/hunterSE_ws/install/hunter_msgs/lib'
[2.269s] Level 1:colcon.colcon_core.shell:create_environment_hook('hunter_msgs', 'ld_library_path_lib')
[2.270s] INFO:colcon.colcon_core.shell:Creating environment hook '/home/r-taro-o/hunterSE_ws/install/hunter_msgs/share/hunter_msgs/hook/ld_library_path_lib.ps1'
[2.271s] INFO:colcon.colcon_core.shell:Creating environment descriptor '/home/r-taro-o/hunterSE_ws/install/hunter_msgs/share/hunter_msgs/hook/ld_library_path_lib.dsv'
[2.272s] INFO:colcon.colcon_core.shell:Creating environment hook '/home/r-taro-o/hunterSE_ws/install/hunter_msgs/share/hunter_msgs/hook/ld_library_path_lib.sh'
[2.273s] Level 1:colcon.colcon_core.environment:checking '/home/r-taro-o/hunterSE_ws/install/hunter_msgs/bin'
[2.273s] Level 1:colcon.colcon_core.environment:checking '/home/r-taro-o/hunterSE_ws/install/hunter_msgs/lib/pkgconfig/hunter_msgs.pc'
[2.274s] Level 1:colcon.colcon_core.environment:checking '/home/r-taro-o/hunterSE_ws/install/hunter_msgs/lib/python3.10/site-packages'
[2.274s] Level 1:colcon.colcon_core.environment:checking '/home/r-taro-o/hunterSE_ws/install/hunter_msgs/bin'
[2.275s] INFO:colcon.colcon_core.shell:Creating package script '/home/r-taro-o/hunterSE_ws/install/hunter_msgs/share/hunter_msgs/package.ps1'
[2.278s] INFO:colcon.colcon_core.shell:Creating package descriptor '/home/r-taro-o/hunterSE_ws/install/hunter_msgs/share/hunter_msgs/package.dsv'
[2.279s] INFO:colcon.colcon_core.shell:Creating package script '/home/r-taro-o/hunterSE_ws/install/hunter_msgs/share/hunter_msgs/package.sh'
[2.280s] INFO:colcon.colcon_core.shell:Creating package script '/home/r-taro-o/hunterSE_ws/install/hunter_msgs/share/hunter_msgs/package.bash'
[2.280s] INFO:colcon.colcon_core.shell:Creating package script '/home/r-taro-o/hunterSE_ws/install/hunter_msgs/share/hunter_msgs/package.zsh'
[2.281s] Level 1:colcon.colcon_core.environment:create_file_with_runtime_dependencies(/home/r-taro-o/hunterSE_ws/install/hunter_msgs/share/colcon-core/packages/hunter_msgs)
[2.282s] INFO:colcon.colcon_ros.task.ament_cmake.build:Building ROS package in '/home/r-taro-o/hunterSE_ws/src/hunter_ros2/hunter_base' with build type 'ament_cmake'
[2.283s] INFO:colcon.colcon_cmake.task.cmake.build:Building CMake package in '/home/r-taro-o/hunterSE_ws/src/hunter_ros2/hunter_base'
[2.283s] INFO:colcon.colcon_core.shell:Skip shell extension 'powershell' for command environment: Not usable outside of PowerShell
[2.283s] DEBUG:colcon.colcon_core.shell:Skip shell extension 'dsv' for command environment
[2.496s] DEBUG:colcon.colcon_core.event_handler.log_command:Invoking command in '/home/r-taro-o/hunterSE_ws/build/hunter_base': AMENT_PREFIX_PATH=/home/r-taro-o/hunterSE_ws/install/hunter_msgs:${AMENT_PREFIX_PATH} CMAKE_PREFIX_PATH=/opt/ros/humble:/home/r-taro-o/hunterSE_ws/install/ugv_sdk:/home/r-taro-o/hunterSE_ws/install/hunter_msgs LD_LIBRARY_PATH=/home/r-taro-o/hunterSE_ws/install/hunter_msgs/lib:${LD_LIBRARY_PATH} PKG_CONFIG_PATH=/home/r-taro-o/hunterSE_ws/install/ugv_sdk/lib/x86_64-linux-gnu/pkgconfig:/home/r-taro-o/hunterSE_ws/install/ugv_sdk/lib/pkgconfig PYTHONPATH=/home/r-taro-o/hunterSE_ws/install/hunter_msgs/local/lib/python3.10/dist-packages:${PYTHONPATH} ROS_PACKAGE_PATH=/home/r-taro-o/hunterSE_ws/install/ugv_sdk/share /usr/bin/cmake --build /home/r-taro-o/hunterSE_ws/build/hunter_base -- -j8 -l8
[30.122s] DEBUG:colcon.colcon_core.event_handler.log_command:Invoked command in '/home/r-taro-o/hunterSE_ws/build/hunter_base' returned '0': AMENT_PREFIX_PATH=/home/r-taro-o/hunterSE_ws/install/hunter_msgs:${AMENT_PREFIX_PATH} CMAKE_PREFIX_PATH=/opt/ros/humble:/home/r-taro-o/hunterSE_ws/install/ugv_sdk:/home/r-taro-o/hunterSE_ws/install/hunter_msgs LD_LIBRARY_PATH=/home/r-taro-o/hunterSE_ws/install/hunter_msgs/lib:${LD_LIBRARY_PATH} PKG_CONFIG_PATH=/home/r-taro-o/hunterSE_ws/install/ugv_sdk/lib/x86_64-linux-gnu/pkgconfig:/home/r-taro-o/hunterSE_ws/install/ugv_sdk/lib/pkgconfig PYTHONPATH=/home/r-taro-o/hunterSE_ws/install/hunter_msgs/local/lib/python3.10/dist-packages:${PYTHONPATH} ROS_PACKAGE_PATH=/home/r-taro-o/hunterSE_ws/install/ugv_sdk/share /usr/bin/cmake --build /home/r-taro-o/hunterSE_ws/build/hunter_base -- -j8 -l8
[30.176s] DEBUG:colcon.colcon_core.event_handler.log_command:Invoking command in '/home/r-taro-o/hunterSE_ws/build/hunter_base': AMENT_PREFIX_PATH=/home/r-taro-o/hunterSE_ws/install/hunter_msgs:${AMENT_PREFIX_PATH} CMAKE_PREFIX_PATH=/opt/ros/humble:/home/r-taro-o/hunterSE_ws/install/ugv_sdk:/home/r-taro-o/hunterSE_ws/install/hunter_msgs LD_LIBRARY_PATH=/home/r-taro-o/hunterSE_ws/install/hunter_msgs/lib:${LD_LIBRARY_PATH} PKG_CONFIG_PATH=/home/r-taro-o/hunterSE_ws/install/ugv_sdk/lib/x86_64-linux-gnu/pkgconfig:/home/r-taro-o/hunterSE_ws/install/ugv_sdk/lib/pkgconfig PYTHONPATH=/home/r-taro-o/hunterSE_ws/install/hunter_msgs/local/lib/python3.10/dist-packages:${PYTHONPATH} ROS_PACKAGE_PATH=/home/r-taro-o/hunterSE_ws/install/ugv_sdk/share /usr/bin/cmake --install /home/r-taro-o/hunterSE_ws/build/hunter_base
[30.226s] Level 1:colcon.colcon_core.environment:create_environment_scripts_only(hunter_base)
[30.227s] Level 1:colcon.colcon_core.environment:checking '/home/r-taro-o/hunterSE_ws/install/hunter_base' for CMake module files
[30.234s] DEBUG:colcon.colcon_core.event_handler.log_command:Invoked command in '/home/r-taro-o/hunterSE_ws/build/hunter_base' returned '0': AMENT_PREFIX_PATH=/home/r-taro-o/hunterSE_ws/install/hunter_msgs:${AMENT_PREFIX_PATH} CMAKE_PREFIX_PATH=/opt/ros/humble:/home/r-taro-o/hunterSE_ws/install/ugv_sdk:/home/r-taro-o/hunterSE_ws/install/hunter_msgs LD_LIBRARY_PATH=/home/r-taro-o/hunterSE_ws/install/hunter_msgs/lib:${LD_LIBRARY_PATH} PKG_CONFIG_PATH=/home/r-taro-o/hunterSE_ws/install/ugv_sdk/lib/x86_64-linux-gnu/pkgconfig:/home/r-taro-o/hunterSE_ws/install/ugv_sdk/lib/pkgconfig PYTHONPATH=/home/r-taro-o/hunterSE_ws/install/hunter_msgs/local/lib/python3.10/dist-packages:${PYTHONPATH} ROS_PACKAGE_PATH=/home/r-taro-o/hunterSE_ws/install/ugv_sdk/share /usr/bin/cmake --install /home/r-taro-o/hunterSE_ws/build/hunter_base
[30.234s] Level 1:colcon.colcon_core.environment:checking '/home/r-taro-o/hunterSE_ws/install/hunter_base' for CMake config files
[30.234s] Level 1:colcon.colcon_core.shell:create_environment_hook('hunter_base', 'cmake_prefix_path')
[30.235s] INFO:colcon.colcon_core.shell:Creating environment hook '/home/r-taro-o/hunterSE_ws/install/hunter_base/share/hunter_base/hook/cmake_prefix_path.ps1'
[30.235s] INFO:colcon.colcon_core.shell:Creating environment descriptor '/home/r-taro-o/hunterSE_ws/install/hunter_base/share/hunter_base/hook/cmake_prefix_path.dsv'
[30.236s] INFO:colcon.colcon_core.shell:Creating environment hook '/home/r-taro-o/hunterSE_ws/install/hunter_base/share/hunter_base/hook/cmake_prefix_path.sh'
[30.236s] Level 1:colcon.colcon_core.environment:checking '/home/r-taro-o/hunterSE_ws/install/hunter_base/lib'
[30.237s] Level 1:colcon.colcon_core.environment:checking '/home/r-taro-o/hunterSE_ws/install/hunter_base/bin'
[30.237s] Level 1:colcon.colcon_core.environment:checking '/home/r-taro-o/hunterSE_ws/install/hunter_base/lib/pkgconfig/hunter_base.pc'
[30.237s] Level 1:colcon.colcon_core.environment:checking '/home/r-taro-o/hunterSE_ws/install/hunter_base/lib/python3.10/site-packages'
[30.237s] Level 1:colcon.colcon_core.environment:checking '/home/r-taro-o/hunterSE_ws/install/hunter_base/bin'
[30.238s] INFO:colcon.colcon_core.shell:Creating package script '/home/r-taro-o/hunterSE_ws/install/hunter_base/share/hunter_base/package.ps1'
[30.239s] INFO:colcon.colcon_core.shell:Creating package descriptor '/home/r-taro-o/hunterSE_ws/install/hunter_base/share/hunter_base/package.dsv'
[30.239s] INFO:colcon.colcon_core.shell:Creating package script '/home/r-taro-o/hunterSE_ws/install/hunter_base/share/hunter_base/package.sh'
[30.241s] INFO:colcon.colcon_core.shell:Creating package script '/home/r-taro-o/hunterSE_ws/install/hunter_base/share/hunter_base/package.bash'
[30.242s] INFO:colcon.colcon_core.shell:Creating package script '/home/r-taro-o/hunterSE_ws/install/hunter_base/share/hunter_base/package.zsh'
[30.243s] Level 1:colcon.colcon_core.environment:create_file_with_runtime_dependencies(/home/r-taro-o/hunterSE_ws/install/hunter_base/share/colcon-core/packages/hunter_base)
[30.310s] Level 1:colcon.colcon_core.environment:create_environment_scripts_only(hunter_base)
[30.311s] Level 1:colcon.colcon_core.environment:checking '/home/r-taro-o/hunterSE_ws/install/hunter_base' for CMake module files
[30.313s] Level 1:colcon.colcon_core.environment:checking '/home/r-taro-o/hunterSE_ws/install/hunter_base' for CMake config files
[30.314s] Level 1:colcon.colcon_core.shell:create_environment_hook('hunter_base', 'cmake_prefix_path')
[30.316s] INFO:colcon.colcon_core.shell:Creating environment hook '/home/r-taro-o/hunterSE_ws/install/hunter_base/share/hunter_base/hook/cmake_prefix_path.ps1'
[30.318s] INFO:colcon.colcon_core.shell:Creating environment descriptor '/home/r-taro-o/hunterSE_ws/install/hunter_base/share/hunter_base/hook/cmake_prefix_path.dsv'
[30.319s] INFO:colcon.colcon_core.shell:Creating environment hook '/home/r-taro-o/hunterSE_ws/install/hunter_base/share/hunter_base/hook/cmake_prefix_path.sh'
[30.323s] Level 1:colcon.colcon_core.environment:checking '/home/r-taro-o/hunterSE_ws/install/hunter_base/lib'
[30.323s] Level 1:colcon.colcon_core.environment:checking '/home/r-taro-o/hunterSE_ws/install/hunter_base/bin'
[30.324s] Level 1:colcon.colcon_core.environment:checking '/home/r-taro-o/hunterSE_ws/install/hunter_base/lib/pkgconfig/hunter_base.pc'
[30.325s] Level 1:colcon.colcon_core.environment:checking '/home/r-taro-o/hunterSE_ws/install/hunter_base/lib/python3.10/site-packages'
[30.326s] Level 1:colcon.colcon_core.environment:checking '/home/r-taro-o/hunterSE_ws/install/hunter_base/bin'
[30.327s] INFO:colcon.colcon_core.shell:Creating package script '/home/r-taro-o/hunterSE_ws/install/hunter_base/share/hunter_base/package.ps1'
[30.329s] INFO:colcon.colcon_core.shell:Creating package descriptor '/home/r-taro-o/hunterSE_ws/install/hunter_base/share/hunter_base/package.dsv'
[30.330s] INFO:colcon.colcon_core.shell:Creating package script '/home/r-taro-o/hunterSE_ws/install/hunter_base/share/hunter_base/package.sh'
[30.331s] INFO:colcon.colcon_core.shell:Creating package script '/home/r-taro-o/hunterSE_ws/install/hunter_base/share/hunter_base/package.bash'
[30.333s] INFO:colcon.colcon_core.shell:Creating package script '/home/r-taro-o/hunterSE_ws/install/hunter_base/share/hunter_base/package.zsh'
[30.343s] Level 1:colcon.colcon_core.environment:create_file_with_runtime_dependencies(/home/r-taro-o/hunterSE_ws/install/hunter_base/share/colcon-core/packages/hunter_base)
[30.344s] DEBUG:colcon.colcon_parallel_executor.executor.parallel:closing loop
[30.344s] DEBUG:colcon.colcon_parallel_executor.executor.parallel:loop closed
[30.345s] DEBUG:colcon.colcon_parallel_executor.executor.parallel:run_until_complete finished with '0'
[30.345s] DEBUG:colcon.colcon_core.event_reactor:joining thread
[30.413s] INFO:colcon.colcon_core.plugin_system:Skipping extension 'colcon_notification.desktop_notification.notify_send': Could not find 'notify-send'
[30.414s] INFO:colcon.colcon_core.plugin_system:Skipping extension 'colcon_notification.desktop_notification.terminal_notifier': Not used on non-Darwin systems
[30.414s] INFO:colcon.colcon_core.plugin_system:Skipping extension 'colcon_notification.desktop_notification.win32': Not used on non-Windows systems
[30.414s] INFO:colcon.colcon_notification.desktop_notification:Sending desktop notification using 'notify2'
[30.415s] DEBUG:colcon.colcon_notification.desktop_notification.notify2:Failed to initialize notify2: org.freedesktop.DBus.Error.FileNotFound: Failed to connect to socket /run/user/1000/bus: No such file or directory
[30.415s] DEBUG:colcon.colcon_core.event_reactor:joined thread
[30.416s] INFO:colcon.colcon_core.shell:Creating prefix script '/home/r-taro-o/hunterSE_ws/install/local_setup.ps1'
[30.419s] INFO:colcon.colcon_core.shell:Creating prefix util module '/home/r-taro-o/hunterSE_ws/install/_local_setup_util_ps1.py'
[30.422s] INFO:colcon.colcon_core.shell:Creating prefix chain script '/home/r-taro-o/hunterSE_ws/install/setup.ps1'
[30.425s] INFO:colcon.colcon_core.shell:Creating prefix script '/home/r-taro-o/hunterSE_ws/install/local_setup.sh'
[30.427s] INFO:colcon.colcon_core.shell:Creating prefix util module '/home/r-taro-o/hunterSE_ws/install/_local_setup_util_sh.py'
[30.435s] INFO:colcon.colcon_core.shell:Creating prefix chain script '/home/r-taro-o/hunterSE_ws/install/setup.sh'
[30.438s] INFO:colcon.colcon_core.shell:Creating prefix script '/home/r-taro-o/hunterSE_ws/install/local_setup.bash'
[30.440s] INFO:colcon.colcon_core.shell:Creating prefix chain script '/home/r-taro-o/hunterSE_ws/install/setup.bash'
[30.444s] INFO:colcon.colcon_core.shell:Creating prefix script '/home/r-taro-o/hunterSE_ws/install/local_setup.zsh'
[30.452s] INFO:colcon.colcon_core.shell:Creating prefix chain script '/home/r-taro-o/hunterSE_ws/install/setup.zsh'
