[0.021s] Invoking command in '/home/r-taro-o/hunterSE_ws/src/build/hunter_msgs': CMAKE_PREFIX_PATH=/opt/ros/humble /usr/bin/cmake /home/r-taro-o/hunterSE_ws/src/hunter_ros2/hunter_msgs -DAMENT_CMAKE_SYMLINK_INSTALL=1 -DCMAKE_INSTALL_PREFIX=/home/r-taro-o/hunterSE_ws/src/install/hunter_msgs
[0.167s] -- The C compiler identification is GNU 11.4.0
[0.461s] -- The CXX compiler identification is GNU 11.4.0
[0.651s] -- Detecting C compiler ABI info
[0.805s] -- Detecting C compiler ABI info - done
[0.820s] -- Check for working C compiler: /usr/bin/cc - skipped
[0.820s] -- Detecting C compile features
[0.821s] -- Detecting C compile features - done
[0.829s] -- Detecting CXX compiler ABI info
[1.008s] -- Detecting CXX compiler ABI info - done
[1.029s] -- Check for working CXX compiler: /usr/bin/c++ - skipped
[1.031s] -- Detecting CXX compile features
[1.032s] -- Detecting CXX compile features - done
[1.036s] -- Found ament_cmake: 1.3.10 (/opt/ros/humble/share/ament_cmake/cmake)
[1.356s] -- Found Python3: /usr/bin/python3 (found version "3.10.12") found components: Interpreter 
[1.496s] -- Override CMake install command with custom implementation using symlinks instead of copying resources
[1.545s] -- Found builtin_interfaces: 1.2.1 (/opt/ros/humble/share/builtin_interfaces/cmake)
[1.770s] -- Found rosidl_generator_c: 3.1.5 (/opt/ros/humble/share/rosidl_generator_c/cmake)
[1.786s] -- Found rosidl_adapter: 3.1.5 (/opt/ros/humble/share/rosidl_adapter/cmake)
[1.813s] -- Found rosidl_generator_cpp: 3.1.5 (/opt/ros/humble/share/rosidl_generator_cpp/cmake)
[1.857s] -- Using all available rosidl_typesupport_c: rosidl_typesupport_fastrtps_c;rosidl_typesupport_introspection_c
[1.897s] -- Using all available rosidl_typesupport_cpp: rosidl_typesupport_fastrtps_cpp;rosidl_typesupport_introspection_cpp
[1.933s] -- Found rosidl_default_generators: 1.2.0 (/opt/ros/humble/share/rosidl_default_generators/cmake)
[1.958s] -- Found std_msgs: 4.2.4 (/opt/ros/humble/share/std_msgs/cmake)
[2.499s] -- Found ament_cmake_ros: 0.10.0 (/opt/ros/humble/share/ament_cmake_ros/cmake)
[3.060s] -- Using all available rosidl_typesupport_c: rosidl_typesupport_fastrtps_c;rosidl_typesupport_introspection_c
[3.278s] -- Using all available rosidl_typesupport_cpp: rosidl_typesupport_fastrtps_cpp;rosidl_typesupport_introspection_cpp
[3.408s] -- Found PythonInterp: /usr/bin/python3 (found suitable version "3.10.12", minimum required is "3.6") 
[3.411s] -- Found python_cmake_module: 0.10.0 (/opt/ros/humble/share/python_cmake_module/cmake)
[3.758s] -- Found PythonLibs: /usr/lib/x86_64-linux-gnu/libpython3.10.so (found suitable version "3.10.12", minimum required is "3.5") 
[3.759s] -- Using PYTHON_EXECUTABLE: /usr/bin/python3
[3.759s] -- Using PYTHON_INCLUDE_DIRS: /usr/include/python3.10
[3.759s] -- Using PYTHON_LIBRARIES: /usr/lib/x86_64-linux-gnu/libpython3.10.so
[3.794s] -- Found PythonExtra: .so  
[3.914s] -- Found ament_lint_auto: 0.12.11 (/opt/ros/humble/share/ament_lint_auto/cmake)
[3.946s] -- Added test 'copyright' to check source files copyright and LICENSE
[3.948s] -- Added test 'lint_cmake' to check CMake code style
[3.950s] -- Added test 'xmllint' to check XML markup files
[3.955s] -- Configuring done
[4.020s] -- Generating done
[4.024s] -- Build files have been written to: /home/r-taro-o/hunterSE_ws/src/build/hunter_msgs
