[0.074s] Invoking command in '/home/r-taro-o/hunterSE_ws/build/hunter_se_gazebo': CMAKE_PREFIX_PATH=/opt/ros/humble /usr/bin/cmake /home/r-taro-o/hunterSE_ws/src/ugv_sim/hunter_se/hunter_se_gazebo -DCMAKE_INSTALL_PREFIX=/home/r-taro-o/hunterSE_ws/install/hunter_se_gazebo
[0.138s] -- Found ament_cmake: 1.3.10 (/opt/ros/humble/share/ament_cmake/cmake)
[1.103s] -- Found Python3: /usr/bin/python3 (found version "3.10.12") found components: Interpreter 
[1.429s] -- Found ament_lint_auto: 0.12.11 (/opt/ros/humble/share/ament_lint_auto/cmake)
[1.727s] -- Added test 'copyright' to check source files copyright and LICENSE
[1.735s] -- Added test 'flake8' to check Python code syntax and style conventions
[1.738s] -- Added test 'lint_cmake' to check CMake code style
[1.739s] -- Added test 'pep257' to check Python code against some of the docstring style conventions in PEP 257
[1.744s] -- Added test 'xmllint' to check XML markup files
[1.748s] -- Configuring done
[1.767s] -- Generating done
[1.769s] -- Build files have been written to: /home/r-taro-o/hunterSE_ws/build/hunter_se_gazebo
[1.776s] Invoked command in '/home/r-taro-o/hunterSE_ws/build/hunter_se_gazebo' returned '0': CMAKE_PREFIX_PATH=/opt/ros/humble /usr/bin/cmake /home/r-taro-o/hunterSE_ws/src/ugv_sim/hunter_se/hunter_se_gazebo -DCMAKE_INSTALL_PREFIX=/home/r-taro-o/hunterSE_ws/install/hunter_se_gazebo
[1.782s] Invoking command in '/home/r-taro-o/hunterSE_ws/build/hunter_se_gazebo': CMAKE_PREFIX_PATH=/opt/ros/humble /usr/bin/cmake --build /home/r-taro-o/hunterSE_ws/build/hunter_se_gazebo -- -j8 -l8
[1.880s] Invoked command in '/home/r-taro-o/hunterSE_ws/build/hunter_se_gazebo' returned '0': CMAKE_PREFIX_PATH=/opt/ros/humble /usr/bin/cmake --build /home/r-taro-o/hunterSE_ws/build/hunter_se_gazebo -- -j8 -l8
[1.941s] Invoking command in '/home/r-taro-o/hunterSE_ws/build/hunter_se_gazebo': CMAKE_PREFIX_PATH=/opt/ros/humble /usr/bin/cmake --install /home/r-taro-o/hunterSE_ws/build/hunter_se_gazebo
[1.959s] -- Install configuration: ""
[1.959s] -- Installing: /home/r-taro-o/hunterSE_ws/install/hunter_se_gazebo/share/hunter_se_gazebo/launch
[1.960s] -- Installing: /home/r-taro-o/hunterSE_ws/install/hunter_se_gazebo/share/hunter_se_gazebo/launch/hunter_se_spawn.launch.py
[1.960s] -- Installing: /home/r-taro-o/hunterSE_ws/install/hunter_se_gazebo/share/hunter_se_gazebo/launch/display.launch.py
[1.961s] -- Installing: /home/r-taro-o/hunterSE_ws/install/hunter_se_gazebo/share/hunter_se_gazebo/launch/hunter_se_empty_world.launch.py
[1.961s] -- Installing: /home/r-taro-o/hunterSE_ws/install/hunter_se_gazebo/share/hunter_se_gazebo/launch/hunter_se.launch.py
[1.962s] -- Installing: /home/r-taro-o/hunterSE_ws/install/hunter_se_gazebo/share/hunter_se_gazebo/xacro
[1.964s] -- Installing: /home/r-taro-o/hunterSE_ws/install/hunter_se_gazebo/share/hunter_se_gazebo/xacro/hunter_se.gazebo
[1.966s] -- Installing: /home/r-taro-o/hunterSE_ws/install/hunter_se_gazebo/share/hunter_se_gazebo/xacro/hunter_se_gazebo.xacro
[1.969s] -- Installing: /home/r-taro-o/hunterSE_ws/install/hunter_se_gazebo/share/hunter_se_gazebo/xacro/hunter_se_gazebo copy.xacro
[1.972s] -- Installing: /home/r-taro-o/hunterSE_ws/install/hunter_se_gazebo/share/hunter_se_gazebo/world
[1.973s] -- Installing: /home/r-taro-o/hunterSE_ws/install/hunter_se_gazebo/share/hunter_se_gazebo/world/house.world
[1.973s] -- Installing: /home/r-taro-o/hunterSE_ws/install/hunter_se_gazebo/share/hunter_se_gazebo/scripts
[1.976s] -- Installing: /home/r-taro-o/hunterSE_ws/install/hunter_se_gazebo/share/hunter_se_gazebo/scripts/gazebo_odometry.py
[1.982s] -- Installing: /home/r-taro-o/hunterSE_ws/install/hunter_se_gazebo/share/ament_index/resource_index/package_run_dependencies/hunter_se_gazebo
[1.983s] -- Installing: /home/r-taro-o/hunterSE_ws/install/hunter_se_gazebo/share/ament_index/resource_index/parent_prefix_path/hunter_se_gazebo
[1.984s] -- Installing: /home/r-taro-o/hunterSE_ws/install/hunter_se_gazebo/share/hunter_se_gazebo/environment/ament_prefix_path.sh
[1.984s] -- Installing: /home/r-taro-o/hunterSE_ws/install/hunter_se_gazebo/share/hunter_se_gazebo/environment/ament_prefix_path.dsv
[1.984s] -- Installing: /home/r-taro-o/hunterSE_ws/install/hunter_se_gazebo/share/hunter_se_gazebo/environment/path.sh
[1.984s] -- Installing: /home/r-taro-o/hunterSE_ws/install/hunter_se_gazebo/share/hunter_se_gazebo/environment/path.dsv
[1.985s] -- Installing: /home/r-taro-o/hunterSE_ws/install/hunter_se_gazebo/share/hunter_se_gazebo/local_setup.bash
[1.985s] -- Installing: /home/r-taro-o/hunterSE_ws/install/hunter_se_gazebo/share/hunter_se_gazebo/local_setup.sh
[1.985s] -- Installing: /home/r-taro-o/hunterSE_ws/install/hunter_se_gazebo/share/hunter_se_gazebo/local_setup.zsh
[1.991s] -- Installing: /home/r-taro-o/hunterSE_ws/install/hunter_se_gazebo/share/hunter_se_gazebo/local_setup.dsv
[1.992s] -- Installing: /home/r-taro-o/hunterSE_ws/install/hunter_se_gazebo/share/hunter_se_gazebo/package.dsv
[1.993s] -- Installing: /home/r-taro-o/hunterSE_ws/install/hunter_se_gazebo/share/ament_index/resource_index/packages/hunter_se_gazebo
[1.993s] -- Installing: /home/r-taro-o/hunterSE_ws/install/hunter_se_gazebo/share/hunter_se_gazebo/cmake/hunter_se_gazeboConfig.cmake
[1.996s] -- Installing: /home/r-taro-o/hunterSE_ws/install/hunter_se_gazebo/share/hunter_se_gazebo/cmake/hunter_se_gazeboConfig-version.cmake
[1.997s] -- Installing: /home/r-taro-o/hunterSE_ws/install/hunter_se_gazebo/share/hunter_se_gazebo/package.xml
[2.000s] Invoked command in '/home/r-taro-o/hunterSE_ws/build/hunter_se_gazebo' returned '0': CMAKE_PREFIX_PATH=/opt/ros/humble /usr/bin/cmake --install /home/r-taro-o/hunterSE_ws/build/hunter_se_gazebo
