[0.083s] Invoking command in '/home/r-taro-o/hunterSE_ws/build/limo_description': /usr/bin/cmake /home/r-taro-o/hunterSE_ws/src/ugv_sim/limo/limo_description -DCATKIN_INSTALL_INTO_PREFIX_ROOT=0 -DCMAKE_INSTALL_PREFIX=/home/r-taro-o/hunterSE_ws/install/limo_description
[0.313s] -- The C compiler identification is GNU 11.4.0
[0.618s] -- The CXX compiler identification is GNU 11.4.0
[0.798s] -- Detecting C compiler ABI info
[1.013s] -- Detecting C compiler ABI info - done
[1.035s] -- Check for working C compiler: /usr/bin/cc - skipped
[1.037s] -- Detecting C compile features
[1.039s] -- Detecting C compile features - done
[1.051s] -- Detecting CXX compiler ABI info
[1.328s] -- Detecting CXX compiler ABI info - done
[1.361s] -- Check for working CXX compiler: /usr/bin/c++ - skipped
[1.362s] -- Detecting CXX compile features
[1.363s] -- Detecting CXX compile features - done
[2.153s] [31mCMake Error at CMakeLists.txt:4 (find_package):
[2.153s]   By not providing "Findcatkin.cmake" in CMAKE_MODULE_PATH this project has
[2.154s]   asked CMake to find a package configuration file provided by "catkin", but
[2.154s]   CMake did not find one.
[2.154s] 
[2.155s]   Could not find a package configuration file provided by "catkin" with any
[2.155s]   of the following names:
[2.155s] 
[2.155s]     catkinConfig.cmake
[2.155s]     catkin-config.cmake
[2.155s] 
[2.156s]   Add the installation prefix of "catkin" to CMAKE_PREFIX_PATH or set
[2.156s]   "catkin_DIR" to a directory containing one of the above files.  If "catkin"
[2.156s]   provides a separate development package or SDK, be sure it has been
[2.156s]   installed.
[2.156s] 
[2.157s] [0m
[2.158s] -- Configuring incomplete, errors occurred!
[2.158s] See also "/home/r-taro-o/hunterSE_ws/build/limo_description/CMakeFiles/CMakeOutput.log".
[2.178s] Invoked command in '/home/r-taro-o/hunterSE_ws/build/limo_description' returned '1': /usr/bin/cmake /home/r-taro-o/hunterSE_ws/src/ugv_sim/limo/limo_description -DCATKIN_INSTALL_INTO_PREFIX_ROOT=0 -DCMAKE_INSTALL_PREFIX=/home/r-taro-o/hunterSE_ws/install/limo_description
