[0.097s] Invoking command in '/home/r-taro-o/hunterSE_ws/build/ugv_sdk': /usr/bin/cmake --build /home/r-taro-o/hunterSE_ws/build/ugv_sdk -- -j8 -l8
[0.295s] [ 42%] Built target ugv_sdk
[0.400s] [ 50%] Built target demo_scout_mini_omni_robot
[0.459s] [ 57%] Built target demo_scout_robot
[0.459s] [ 64%] Built target demo_ranger_robot
[0.460s] [ 71%] Built target demo_hunter_robot
[0.460s] [ 78%] Built target demo_tracer_robot
[0.461s] [ 85%] Built target demo_bunker_robot
[0.461s] [ 92%] Built target demo_protocol_detector
[0.465s] [100%] Built target demo_robot_version
[0.569s] Invoked command in '/home/r-taro-o/hunterSE_ws/build/ugv_sdk' returned '0': /usr/bin/cmake --build /home/r-taro-o/hunterSE_ws/build/ugv_sdk -- -j8 -l8
[0.802s] Invoking command in '/home/r-taro-o/hunterSE_ws/build/ugv_sdk': /usr/bin/cmake --install /home/r-taro-o/hunterSE_ws/build/ugv_sdk
[0.818s] -- Install configuration: "Release"
[0.819s] -- Up-to-date: /home/r-taro-o/hunterSE_ws/install/ugv_sdk/lib/libugv_sdk.a
[0.819s] -- Up-to-date: /home/r-taro-o/hunterSE_ws/install/ugv_sdk/include/ugv_sdk
[0.819s] -- Up-to-date: /home/r-taro-o/hunterSE_ws/install/ugv_sdk/include/ugv_sdk/utilities
[0.820s] -- Up-to-date: /home/r-taro-o/hunterSE_ws/install/ugv_sdk/include/ugv_sdk/utilities/protocol_detector.hpp
[0.820s] -- Up-to-date: /home/r-taro-o/hunterSE_ws/install/ugv_sdk/include/ugv_sdk/mobile_robot
[0.820s] -- Up-to-date: /home/r-taro-o/hunterSE_ws/install/ugv_sdk/include/ugv_sdk/mobile_robot/titan_robot.hpp
[0.821s] -- Up-to-date: /home/r-taro-o/hunterSE_ws/install/ugv_sdk/include/ugv_sdk/mobile_robot/tracer_robot.hpp
[0.822s] -- Up-to-date: /home/r-taro-o/hunterSE_ws/install/ugv_sdk/include/ugv_sdk/mobile_robot/bunker_robot.hpp
[0.822s] -- Up-to-date: /home/r-taro-o/hunterSE_ws/install/ugv_sdk/include/ugv_sdk/mobile_robot/ranger_robot.hpp
[0.822s] -- Up-to-date: /home/r-taro-o/hunterSE_ws/install/ugv_sdk/include/ugv_sdk/mobile_robot/scout_robot.hpp
[0.823s] -- Up-to-date: /home/r-taro-o/hunterSE_ws/install/ugv_sdk/include/ugv_sdk/mobile_robot/hunter_robot.hpp
[0.823s] -- Up-to-date: /home/r-taro-o/hunterSE_ws/install/ugv_sdk/include/ugv_sdk/details
[0.823s] -- Up-to-date: /home/r-taro-o/hunterSE_ws/install/ugv_sdk/include/ugv_sdk/details/interface
[0.824s] -- Up-to-date: /home/r-taro-o/hunterSE_ws/install/ugv_sdk/include/ugv_sdk/details/interface/ranger_interface.hpp
[0.824s] -- Up-to-date: /home/r-taro-o/hunterSE_ws/install/ugv_sdk/include/ugv_sdk/details/interface/scout_interface.hpp
[0.824s] -- Up-to-date: /home/r-taro-o/hunterSE_ws/install/ugv_sdk/include/ugv_sdk/details/interface/tracer_interface.hpp
[0.824s] -- Up-to-date: /home/r-taro-o/hunterSE_ws/install/ugv_sdk/include/ugv_sdk/details/interface/agilex_message.h
[0.824s] -- Up-to-date: /home/r-taro-o/hunterSE_ws/install/ugv_sdk/include/ugv_sdk/details/interface/agilex_types.h
[0.825s] -- Up-to-date: /home/r-taro-o/hunterSE_ws/install/ugv_sdk/include/ugv_sdk/details/interface/robot_common_interface.hpp
[0.825s] -- Up-to-date: /home/r-taro-o/hunterSE_ws/install/ugv_sdk/include/ugv_sdk/details/interface/hunter_interface.hpp
[0.825s] -- Up-to-date: /home/r-taro-o/hunterSE_ws/install/ugv_sdk/include/ugv_sdk/details/interface/bunker_interface.hpp
[0.825s] -- Up-to-date: /home/r-taro-o/hunterSE_ws/install/ugv_sdk/include/ugv_sdk/details/interface/titan_interface.hpp
[0.825s] -- Up-to-date: /home/r-taro-o/hunterSE_ws/install/ugv_sdk/include/ugv_sdk/details/protocol_v2
[0.826s] -- Up-to-date: /home/r-taro-o/hunterSE_ws/install/ugv_sdk/include/ugv_sdk/details/protocol_v2/protocol_v2_parser.hpp
[0.826s] -- Up-to-date: /home/r-taro-o/hunterSE_ws/install/ugv_sdk/include/ugv_sdk/details/protocol_v1
[0.826s] -- Up-to-date: /home/r-taro-o/hunterSE_ws/install/ugv_sdk/include/ugv_sdk/details/protocol_v1/protocol_v1_parser.hpp
[0.826s] -- Up-to-date: /home/r-taro-o/hunterSE_ws/install/ugv_sdk/include/ugv_sdk/details/protocol_v1/agilex_msg_parser_v1.h
[0.826s] -- Up-to-date: /home/r-taro-o/hunterSE_ws/install/ugv_sdk/include/ugv_sdk/details/protocol_v1/robot_limits.hpp
[0.826s] -- Up-to-date: /home/r-taro-o/hunterSE_ws/install/ugv_sdk/include/ugv_sdk/details/parser_base.hpp
[0.827s] -- Up-to-date: /home/r-taro-o/hunterSE_ws/install/ugv_sdk/include/ugv_sdk/details/async_port
[0.827s] -- Up-to-date: /home/r-taro-o/hunterSE_ws/install/ugv_sdk/include/ugv_sdk/details/async_port/async_can.hpp
[0.827s] -- Up-to-date: /home/r-taro-o/hunterSE_ws/install/ugv_sdk/include/ugv_sdk/details/async_port/ring_buffer.hpp
[0.827s] -- Up-to-date: /home/r-taro-o/hunterSE_ws/install/ugv_sdk/include/ugv_sdk/details/async_port/async_serial.hpp
[0.827s] -- Up-to-date: /home/r-taro-o/hunterSE_ws/install/ugv_sdk/include/ugv_sdk/details/robot_base
[0.827s] -- Up-to-date: /home/r-taro-o/hunterSE_ws/install/ugv_sdk/include/ugv_sdk/details/robot_base/tracer_base.hpp
[0.828s] -- Up-to-date: /home/r-taro-o/hunterSE_ws/install/ugv_sdk/include/ugv_sdk/details/robot_base/ranger_base.hpp
[0.828s] -- Up-to-date: /home/r-taro-o/hunterSE_ws/install/ugv_sdk/include/ugv_sdk/details/robot_base/titan_base.hpp
[0.828s] -- Up-to-date: /home/r-taro-o/hunterSE_ws/install/ugv_sdk/include/ugv_sdk/details/robot_base/agilex_base.hpp
[0.828s] -- Up-to-date: /home/r-taro-o/hunterSE_ws/install/ugv_sdk/include/ugv_sdk/details/robot_base/scout_base.hpp
[0.828s] -- Up-to-date: /home/r-taro-o/hunterSE_ws/install/ugv_sdk/include/ugv_sdk/details/robot_base/hunter_base.hpp
[0.828s] -- Up-to-date: /home/r-taro-o/hunterSE_ws/install/ugv_sdk/include/ugv_sdk/details/robot_base/bunker_base.hpp
[0.829s] -- Up-to-date: /home/r-taro-o/hunterSE_ws/install/ugv_sdk/lib/cmake/ugv_sdk/ugv_sdkTargets.cmake
[0.830s] -- Up-to-date: /home/r-taro-o/hunterSE_ws/install/ugv_sdk/lib/cmake/ugv_sdk/ugv_sdkTargets-release.cmake
[0.831s] -- Up-to-date: /home/r-taro-o/hunterSE_ws/install/ugv_sdk/lib/cmake/ugv_sdk/ugv_sdkConfig.cmake
[0.832s] -- Up-to-date: /home/r-taro-o/hunterSE_ws/install/ugv_sdk/lib/cmake/ugv_sdk/ugv_sdkConfigVersion.cmake
[0.833s] Invoked command in '/home/r-taro-o/hunterSE_ws/build/ugv_sdk' returned '0': /usr/bin/cmake --install /home/r-taro-o/hunterSE_ws/build/ugv_sdk
