-- Build package with cmake
-- Tests will not be built
-- Project will be installed to /home/r-taro-o/hunterSE_ws/install/ugv_sdk with 'make install'
--  - To install LIB components to /home/r-taro-o/hunterSE_ws/install/ugv_sdk/lib
--  - To install BIN components to /home/r-taro-o/hunterSE_ws/install/ugv_sdk/bin
--  - To install INCLUDE components to /home/r-taro-o/hunterSE_ws/install/ugv_sdk/include
--  - To install CMAKE components to /home/r-taro-o/hunterSE_ws/install/ugv_sdk/share/cmake/ugv_sdk
-- Configuring done
-- Generating done
-- Build files have been written to: /home/r-taro-o/hunterSE_ws/build/ugv_sdk
[  3%] [32mBuilding CXX object CMakeFiles/ugv_sdk.dir/src/mobile_robot/scout_robot.cpp.o[0m
[  7%] [32mBuilding CXX object CMakeFiles/ugv_sdk.dir/src/mobile_robot/bunker_robot.cpp.o[0m
[ 10%] [32mBuilding CXX object CMakeFiles/ugv_sdk.dir/src/utilities/protocol_detector.cpp.o[0m
[ 14%] [32mBuilding CXX object CMakeFiles/ugv_sdk.dir/src/async_port/async_serial.cpp.o[0m
[ 17%] [32mBuilding CXX object CMakeFiles/ugv_sdk.dir/src/mobile_robot/titan_robot.cpp.o[0m
[ 21%] [32mBuilding CXX object CMakeFiles/ugv_sdk.dir/src/mobile_robot/hunter_robot.cpp.o[0m
[ 25%] [32mBuilding CXX object CMakeFiles/ugv_sdk.dir/src/async_port/async_can.cpp.o[0m
[ 28%] [32mBuilding CXX object CMakeFiles/ugv_sdk.dir/src/mobile_robot/ranger_robot.cpp.o[0m
[ 32%] [32mBuilding C object CMakeFiles/ugv_sdk.dir/src/protocol_v2/agilex_msg_parser_v2.c.o[0m
[ 35%] [32mBuilding CXX object CMakeFiles/ugv_sdk.dir/src/protocol_v2/protocol_v2_parser.cpp.o[0m
[ 39%] [32mBuilding C object CMakeFiles/ugv_sdk.dir/src/protocol_v1/agilex_msg_parser_v1.c.o[0m
[ 42%] [32m[1mLinking CXX static library lib/libugv_sdk.a[0m
[ 42%] Built target ugv_sdk
[ 46%] [32mBuilding CXX object sample/tracer_demo/CMakeFiles/demo_tracer_robot.dir/tracer_robot_demo.cpp.o[0m
[ 50%] [32mBuilding CXX object sample/ranger_demo/CMakeFiles/demo_ranger_robot.dir/ranger_robot_demo.cpp.o[0m
[ 53%] [32mBuilding CXX object sample/scout_demo/CMakeFiles/demo_scout_robot.dir/scout_robot_demo.cpp.o[0m
[ 57%] [32mBuilding CXX object sample/utils_demo/CMakeFiles/demo_protocol_detector.dir/demo_protocol_detector.cpp.o[0m
[ 60%] [32mBuilding CXX object sample/scout_demo/CMakeFiles/demo_scout_mini_omni_robot.dir/scout_mini_omni_demo.cpp.o[0m
[ 64%] [32mBuilding CXX object sample/hunter_demo/CMakeFiles/demo_hunter_robot.dir/hunter_robot_demo.cpp.o[0m
[ 67%] [32mBuilding CXX object sample/utils_demo/CMakeFiles/demo_robot_version.dir/demo_robot_version.cpp.o[0m
[ 71%] [32mBuilding CXX object sample/bunker_demo/CMakeFiles/demo_bunker_robot.dir/bunker_robot_demo.cpp.o[0m
[ 75%] [32m[1mLinking CXX executable ../../bin/demo_bunker_robot[0m
[ 75%] Built target demo_bunker_robot
[ 78%] [32m[1mLinking CXX executable ../../bin/demo_protocol_detector[0m
[ 78%] Built target demo_protocol_detector
[ 82%] [32m[1mLinking CXX executable ../../bin/demo_hunter_robot[0m
[ 85%] [32m[1mLinking CXX executable ../../bin/demo_robot_version[0m
[ 89%] [32m[1mLinking CXX executable ../../bin/demo_scout_mini_omni_robot[0m
[ 92%] [32m[1mLinking CXX executable ../../bin/demo_scout_robot[0m
[ 96%] [32m[1mLinking CXX executable ../../bin/demo_ranger_robot[0m
[ 96%] Built target demo_hunter_robot
[ 96%] Built target demo_robot_version
[ 96%] Built target demo_scout_mini_omni_robot
[ 96%] Built target demo_ranger_robot
[ 96%] Built target demo_scout_robot
[100%] [32m[1mLinking CXX executable ../../bin/demo_tracer_robot[0m
[100%] Built target demo_tracer_robot
