[0.072s] Invoking command in '/home/r-taro-o/hunterSE_ws/build/ugv_sdk': /usr/bin/cmake /home/r-taro-o/hunterSE_ws/src/ugv_sdk -DCATKIN_INSTALL_INTO_PREFIX_ROOT=0 -DCMAKE_INSTALL_PREFIX=/home/r-taro-o/hunterSE_ws/install/ugv_sdk
[2.142s] -- Build package with cmake
[2.142s] -- Tests will not be built
[2.144s] -- Project will be installed to /home/r-taro-o/hunterSE_ws/install/ugv_sdk with 'make install'
[2.146s] --  - To install LIB components to /home/r-taro-o/hunterSE_ws/install/ugv_sdk/lib
[2.146s] --  - To install BIN components to /home/r-taro-o/hunterSE_ws/install/ugv_sdk/bin
[2.148s] --  - To install INCLUDE components to /home/r-taro-o/hunterSE_ws/install/ugv_sdk/include
[2.150s] --  - To install CMAKE components to /home/r-taro-o/hunterSE_ws/install/ugv_sdk/share/cmake/ugv_sdk
[2.150s] -- Configuring done
[2.151s] -- Generating done
[2.151s] -- Build files have been written to: /home/r-taro-o/hunterSE_ws/build/ugv_sdk
[2.162s] Invoked command in '/home/r-taro-o/hunterSE_ws/build/ugv_sdk' returned '0': /usr/bin/cmake /home/r-taro-o/hunterSE_ws/src/ugv_sdk -DCATKIN_INSTALL_INTO_PREFIX_ROOT=0 -DCMAKE_INSTALL_PREFIX=/home/r-taro-o/hunterSE_ws/install/ugv_sdk
[2.163s] Invoking command in '/home/r-taro-o/hunterSE_ws/build/ugv_sdk': /usr/bin/cmake --build /home/r-taro-o/hunterSE_ws/build/ugv_sdk -- -j8 -l8
[2.283s] [  3%] [32mBuilding CXX object CMakeFiles/ugv_sdk.dir/src/mobile_robot/scout_robot.cpp.o[0m
[2.283s] [  7%] [32mBuilding CXX object CMakeFiles/ugv_sdk.dir/src/mobile_robot/bunker_robot.cpp.o[0m
[2.287s] [ 10%] [32mBuilding CXX object CMakeFiles/ugv_sdk.dir/src/utilities/protocol_detector.cpp.o[0m
[2.288s] [ 14%] [32mBuilding CXX object CMakeFiles/ugv_sdk.dir/src/async_port/async_serial.cpp.o[0m
[2.290s] [ 17%] [32mBuilding CXX object CMakeFiles/ugv_sdk.dir/src/mobile_robot/titan_robot.cpp.o[0m
[2.293s] [ 21%] [32mBuilding CXX object CMakeFiles/ugv_sdk.dir/src/mobile_robot/hunter_robot.cpp.o[0m
[2.296s] [ 25%] [32mBuilding CXX object CMakeFiles/ugv_sdk.dir/src/async_port/async_can.cpp.o[0m
[2.308s] [ 28%] [32mBuilding CXX object CMakeFiles/ugv_sdk.dir/src/mobile_robot/ranger_robot.cpp.o[0m
[7.964s] [ 32%] [32mBuilding C object CMakeFiles/ugv_sdk.dir/src/protocol_v2/agilex_msg_parser_v2.c.o[0m
[8.526s] [ 35%] [32mBuilding CXX object CMakeFiles/ugv_sdk.dir/src/protocol_v2/protocol_v2_parser.cpp.o[0m
[8.638s] [ 39%] [32mBuilding C object CMakeFiles/ugv_sdk.dir/src/protocol_v1/agilex_msg_parser_v1.c.o[0m
[12.135s] [ 42%] [32m[1mLinking CXX static library lib/libugv_sdk.a[0m
[12.205s] [ 42%] Built target ugv_sdk
[12.245s] [ 46%] [32mBuilding CXX object sample/tracer_demo/CMakeFiles/demo_tracer_robot.dir/tracer_robot_demo.cpp.o[0m
[12.247s] [ 50%] [32mBuilding CXX object sample/ranger_demo/CMakeFiles/demo_ranger_robot.dir/ranger_robot_demo.cpp.o[0m
[12.248s] [ 53%] [32mBuilding CXX object sample/scout_demo/CMakeFiles/demo_scout_robot.dir/scout_robot_demo.cpp.o[0m
[12.249s] [ 57%] [32mBuilding CXX object sample/utils_demo/CMakeFiles/demo_protocol_detector.dir/demo_protocol_detector.cpp.o[0m
[12.251s] [ 60%] [32mBuilding CXX object sample/scout_demo/CMakeFiles/demo_scout_mini_omni_robot.dir/scout_mini_omni_demo.cpp.o[0m
[12.252s] [ 64%] [32mBuilding CXX object sample/hunter_demo/CMakeFiles/demo_hunter_robot.dir/hunter_robot_demo.cpp.o[0m
[12.265s] [ 67%] [32mBuilding CXX object sample/utils_demo/CMakeFiles/demo_robot_version.dir/demo_robot_version.cpp.o[0m
[12.270s] [ 71%] [32mBuilding CXX object sample/bunker_demo/CMakeFiles/demo_bunker_robot.dir/bunker_robot_demo.cpp.o[0m
[13.562s] [ 75%] [32m[1mLinking CXX executable ../../bin/demo_bunker_robot[0m
[13.937s] [ 75%] Built target demo_bunker_robot
[16.564s] [ 78%] [32m[1mLinking CXX executable ../../bin/demo_protocol_detector[0m
[16.883s] [ 78%] Built target demo_protocol_detector
[16.967s] [ 82%] [32m[1mLinking CXX executable ../../bin/demo_hunter_robot[0m
[17.086s] [ 85%] [32m[1mLinking CXX executable ../../bin/demo_robot_version[0m
[17.090s] [ 89%] [32m[1mLinking CXX executable ../../bin/demo_scout_mini_omni_robot[0m
[17.224s] [ 92%] [32m[1mLinking CXX executable ../../bin/demo_scout_robot[0m
[17.227s] [ 96%] [32m[1mLinking CXX executable ../../bin/demo_ranger_robot[0m
[17.303s] [ 96%] Built target demo_hunter_robot
[17.352s] [ 96%] Built target demo_robot_version
[17.366s] [ 96%] Built target demo_scout_mini_omni_robot
[17.459s] [ 96%] Built target demo_ranger_robot
[17.475s] [ 96%] Built target demo_scout_robot
[17.927s] [100%] [32m[1mLinking CXX executable ../../bin/demo_tracer_robot[0m
[18.115s] [100%] Built target demo_tracer_robot
