[0.080s] Invoking command in '/home/r-taro-o/hunterSE_ws/build/ugv_sdk': /usr/bin/cmake --build /home/r-taro-o/hunterSE_ws/build/ugv_sdk -- -j8 -l8
[0.204s] [35m[1mConsolidate compiler generated dependencies of target ugv_sdk[0m
[0.344s] [ 42%] Built target ugv_sdk
[0.397s] [35m[1mConsolidate compiler generated dependencies of target demo_ranger_robot[0m
[0.424s] [35m[1mConsolidate compiler generated dependencies of target demo_scout_mini_omni_robot[0m
[0.426s] [35m[1mConsolidate compiler generated dependencies of target demo_tracer_robot[0m
[0.458s] [35m[1mConsolidate compiler generated dependencies of target demo_hunter_robot[0m
[0.461s] [35m[1mConsolidate compiler generated dependencies of target demo_scout_robot[0m
[0.472s] [35m[1mConsolidate compiler generated dependencies of target demo_bunker_robot[0m
[0.486s] [ 50%] Built target demo_ranger_robot
[0.491s] [35m[1mConsolidate compiler generated dependencies of target demo_robot_version[0m
[0.495s] [35m[1mConsolidate compiler generated dependencies of target demo_protocol_detector[0m
[0.559s] [ 57%] Built target demo_scout_mini_omni_robot
[0.561s] [ 64%] Built target demo_tracer_robot
[0.578s] [ 78%] Built target demo_bunker_robot
[0.585s] [ 71%] Built target demo_protocol_detector
[0.596s] [ 85%] Built target demo_scout_robot
[0.599s] [ 92%] Built target demo_hunter_robot
[0.603s] [100%] Built target demo_robot_version
[0.646s] Invoked command in '/home/r-taro-o/hunterSE_ws/build/ugv_sdk' returned '0': /usr/bin/cmake --build /home/r-taro-o/hunterSE_ws/build/ugv_sdk -- -j8 -l8
[1.249s] Invoking command in '/home/r-taro-o/hunterSE_ws/build/ugv_sdk': /usr/bin/cmake --install /home/r-taro-o/hunterSE_ws/build/ugv_sdk
[2.972s] -- Install configuration: "Release"
[2.973s] -- Installing: /home/r-taro-o/hunterSE_ws/install/ugv_sdk/lib/libugv_sdk.a
[2.974s] -- Installing: /home/r-taro-o/hunterSE_ws/install/ugv_sdk/include/ugv_sdk
[2.974s] -- Installing: /home/r-taro-o/hunterSE_ws/install/ugv_sdk/include/ugv_sdk/utilities
[2.974s] -- Installing: /home/r-taro-o/hunterSE_ws/install/ugv_sdk/include/ugv_sdk/utilities/protocol_detector.hpp
[2.975s] -- Installing: /home/r-taro-o/hunterSE_ws/install/ugv_sdk/include/ugv_sdk/mobile_robot
[2.975s] -- Installing: /home/r-taro-o/hunterSE_ws/install/ugv_sdk/include/ugv_sdk/mobile_robot/titan_robot.hpp
[2.975s] -- Installing: /home/r-taro-o/hunterSE_ws/install/ugv_sdk/include/ugv_sdk/mobile_robot/tracer_robot.hpp
[2.976s] -- Installing: /home/r-taro-o/hunterSE_ws/install/ugv_sdk/include/ugv_sdk/mobile_robot/bunker_robot.hpp
[2.976s] -- Installing: /home/r-taro-o/hunterSE_ws/install/ugv_sdk/include/ugv_sdk/mobile_robot/ranger_robot.hpp
[2.978s] -- Installing: /home/r-taro-o/hunterSE_ws/install/ugv_sdk/include/ugv_sdk/mobile_robot/scout_robot.hpp
[2.978s] -- Installing: /home/r-taro-o/hunterSE_ws/install/ugv_sdk/include/ugv_sdk/mobile_robot/hunter_robot.hpp
[2.978s] -- Installing: /home/r-taro-o/hunterSE_ws/install/ugv_sdk/include/ugv_sdk/details
[2.979s] -- Installing: /home/r-taro-o/hunterSE_ws/install/ugv_sdk/include/ugv_sdk/details/interface
[2.984s] -- Installing: /home/r-taro-o/hunterSE_ws/install/ugv_sdk/include/ugv_sdk/details/interface/ranger_interface.hpp
[3.024s] -- Installing: /home/r-taro-o/hunterSE_ws/install/ugv_sdk/include/ugv_sdk/details/interface/scout_interface.hpp
[3.024s] -- Installing: /home/r-taro-o/hunterSE_ws/install/ugv_sdk/include/ugv_sdk/details/interface/tracer_interface.hpp
[3.025s] -- Installing: /home/r-taro-o/hunterSE_ws/install/ugv_sdk/include/ugv_sdk/details/interface/agilex_message.h
[3.025s] -- Installing: /home/r-taro-o/hunterSE_ws/install/ugv_sdk/include/ugv_sdk/details/interface/agilex_types.h
[3.026s] -- Installing: /home/r-taro-o/hunterSE_ws/install/ugv_sdk/include/ugv_sdk/details/interface/robot_common_interface.hpp
[3.026s] -- Installing: /home/r-taro-o/hunterSE_ws/install/ugv_sdk/include/ugv_sdk/details/interface/hunter_interface.hpp
[3.035s] -- Installing: /home/r-taro-o/hunterSE_ws/install/ugv_sdk/include/ugv_sdk/details/interface/bunker_interface.hpp
[3.036s] -- Installing: /home/r-taro-o/hunterSE_ws/install/ugv_sdk/include/ugv_sdk/details/interface/titan_interface.hpp
[3.036s] -- Installing: /home/r-taro-o/hunterSE_ws/install/ugv_sdk/include/ugv_sdk/details/protocol_v2
[3.037s] -- Installing: /home/r-taro-o/hunterSE_ws/install/ugv_sdk/include/ugv_sdk/details/protocol_v2/protocol_v2_parser.hpp
[3.037s] -- Installing: /home/r-taro-o/hunterSE_ws/install/ugv_sdk/include/ugv_sdk/details/protocol_v1
[3.037s] -- Installing: /home/r-taro-o/hunterSE_ws/install/ugv_sdk/include/ugv_sdk/details/protocol_v1/protocol_v1_parser.hpp
[3.037s] -- Installing: /home/r-taro-o/hunterSE_ws/install/ugv_sdk/include/ugv_sdk/details/protocol_v1/agilex_msg_parser_v1.h
[3.038s] -- Installing: /home/r-taro-o/hunterSE_ws/install/ugv_sdk/include/ugv_sdk/details/protocol_v1/robot_limits.hpp
[3.038s] -- Installing: /home/r-taro-o/hunterSE_ws/install/ugv_sdk/include/ugv_sdk/details/parser_base.hpp
[3.038s] -- Installing: /home/r-taro-o/hunterSE_ws/install/ugv_sdk/include/ugv_sdk/details/async_port
[3.044s] -- Installing: /home/r-taro-o/hunterSE_ws/install/ugv_sdk/include/ugv_sdk/details/async_port/async_can.hpp
[3.045s] -- Installing: /home/r-taro-o/hunterSE_ws/install/ugv_sdk/include/ugv_sdk/details/async_port/ring_buffer.hpp
[3.045s] -- Installing: /home/r-taro-o/hunterSE_ws/install/ugv_sdk/include/ugv_sdk/details/async_port/async_serial.hpp
[3.046s] -- Installing: /home/r-taro-o/hunterSE_ws/install/ugv_sdk/include/ugv_sdk/details/robot_base
[3.047s] -- Installing: /home/r-taro-o/hunterSE_ws/install/ugv_sdk/include/ugv_sdk/details/robot_base/tracer_base.hpp
[3.047s] -- Installing: /home/r-taro-o/hunterSE_ws/install/ugv_sdk/include/ugv_sdk/details/robot_base/ranger_base.hpp
[3.047s] -- Installing: /home/r-taro-o/hunterSE_ws/install/ugv_sdk/include/ugv_sdk/details/robot_base/titan_base.hpp
[3.048s] -- Installing: /home/r-taro-o/hunterSE_ws/install/ugv_sdk/include/ugv_sdk/details/robot_base/agilex_base.hpp
[3.049s] -- Installing: /home/r-taro-o/hunterSE_ws/install/ugv_sdk/include/ugv_sdk/details/robot_base/scout_base.hpp
[3.050s] -- Installing: /home/r-taro-o/hunterSE_ws/install/ugv_sdk/include/ugv_sdk/details/robot_base/hunter_base.hpp
[3.050s] -- Installing: /home/r-taro-o/hunterSE_ws/install/ugv_sdk/include/ugv_sdk/details/robot_base/bunker_base.hpp
[3.051s] -- Installing: /home/r-taro-o/hunterSE_ws/install/ugv_sdk/lib/cmake/ugv_sdk/ugv_sdkTargets.cmake
[3.051s] -- Installing: /home/r-taro-o/hunterSE_ws/install/ugv_sdk/lib/cmake/ugv_sdk/ugv_sdkTargets-release.cmake
[3.051s] -- Installing: /home/r-taro-o/hunterSE_ws/install/ugv_sdk/lib/cmake/ugv_sdk/ugv_sdkConfig.cmake
[3.052s] -- Installing: /home/r-taro-o/hunterSE_ws/install/ugv_sdk/lib/cmake/ugv_sdk/ugv_sdkConfigVersion.cmake
[3.054s] Invoked command in '/home/r-taro-o/hunterSE_ws/build/ugv_sdk' returned '0': /usr/bin/cmake --install /home/r-taro-o/hunterSE_ws/build/ugv_sdk
