[0.076s] Invoking command in '/home/r-taro-o/hunterSE_ws/build/hunter_se_description': /usr/bin/cmake /home/r-taro-o/hunterSE_ws/src/ugv_sim/hunter_se/hunter_se_description -DCATKIN_INSTALL_INTO_PREFIX_ROOT=0 -DCMAKE_INSTALL_PREFIX=/home/r-taro-o/hunterSE_ws/install/hunter_se_description
[0.596s] -- The C compiler identification is GNU 11.4.0
[0.597s] [0mCMake Deprecation Warning at CMakeLists.txt:1 (cmake_minimum_required):
[0.597s]   Compatibility with CMake < 2.8.12 will be removed from a future version of
[0.597s]   CMake.
[0.598s] 
[0.598s]   Update the VERSION argument <min> value or use a ...<max> suffix to tell
[0.598s]   CMake that the project does not need compatibility with older versions.
[0.599s] 
[0.600s] [0m
[1.024s] -- The CXX compiler identification is GNU 11.4.0
[1.340s] -- Detecting C compiler ABI info
[1.679s] -- Detecting C compiler ABI info - done
[1.731s] -- Check for working C compiler: /usr/bin/cc - skipped
[1.731s] -- Detecting C compile features
[1.732s] -- Detecting C compile features - done
[1.748s] -- Detecting CXX compiler ABI info
[2.087s] -- Detecting CXX compiler ABI info - done
[2.128s] -- Check for working CXX compiler: /usr/bin/c++ - skipped
[2.137s] -- Detecting CXX compile features
[2.137s] -- Detecting CXX compile features - done
[3.142s] [31mCMake Error at CMakeLists.txt:5 (find_package):
[3.143s]   By not providing "Findcatkin.cmake" in CMAKE_MODULE_PATH this project has
[3.143s]   asked CMake to find a package configuration file provided by "catkin", but
[3.143s]   CMake did not find one.
[3.143s] 
[3.144s]   Could not find a package configuration file provided by "catkin" with any
[3.144s]   of the following names:
[3.144s] 
[3.145s]     catkinConfig.cmake
[3.145s]     catkin-config.cmake
[3.145s] 
[3.146s]   Add the installation prefix of "catkin" to CMAKE_PREFIX_PATH or set
[3.146s]   "catkin_DIR" to a directory containing one of the above files.  If "catkin"
[3.146s]   provides a separate development package or SDK, be sure it has been
[3.147s]   installed.
[3.147s] 
[3.147s] [0m
[3.147s] -- Configuring incomplete, errors occurred!
[3.147s] See also "/home/r-taro-o/hunterSE_ws/build/hunter_se_description/CMakeFiles/CMakeOutput.log".
