[0.208s] Invoking command in '/home/r-taro-o/hunterSE_ws/build/hunter_base': AMENT_PREFIX_PATH=/home/r-taro-o/hunterSE_ws/install/hunter_msgs:${AMENT_PREFIX_PATH} CMAKE_PREFIX_PATH=/opt/ros/humble:/home/r-taro-o/hunterSE_ws/install/ugv_sdk:/home/r-taro-o/hunterSE_ws/install/hunter_msgs LD_LIBRARY_PATH=/home/r-taro-o/hunterSE_ws/install/hunter_msgs/lib:${LD_LIBRARY_PATH} PKG_CONFIG_PATH=/home/r-taro-o/hunterSE_ws/install/ugv_sdk/lib/x86_64-linux-gnu/pkgconfig:/home/r-taro-o/hunterSE_ws/install/ugv_sdk/lib/pkgconfig PYTHONPATH=/home/r-taro-o/hunterSE_ws/install/hunter_msgs/local/lib/python3.10/dist-packages:${PYTHONPATH} ROS_PACKAGE_PATH=/home/r-taro-o/hunterSE_ws/install/ugv_sdk/share /usr/bin/cmake --build /home/r-taro-o/hunterSE_ws/build/hunter_base -- -j8 -l8
[0.263s] [35m[1mConsolidate compiler generated dependencies of target hunter_base_node[0m
[0.297s] [100%] Built target hunter_base_node
[0.316s] Invoked command in '/home/r-taro-o/hunterSE_ws/build/hunter_base' returned '0': AMENT_PREFIX_PATH=/home/r-taro-o/hunterSE_ws/install/hunter_msgs:${AMENT_PREFIX_PATH} CMAKE_PREFIX_PATH=/opt/ros/humble:/home/r-taro-o/hunterSE_ws/install/ugv_sdk:/home/r-taro-o/hunterSE_ws/install/hunter_msgs LD_LIBRARY_PATH=/home/r-taro-o/hunterSE_ws/install/hunter_msgs/lib:${LD_LIBRARY_PATH} PKG_CONFIG_PATH=/home/r-taro-o/hunterSE_ws/install/ugv_sdk/lib/x86_64-linux-gnu/pkgconfig:/home/r-taro-o/hunterSE_ws/install/ugv_sdk/lib/pkgconfig PYTHONPATH=/home/r-taro-o/hunterSE_ws/install/hunter_msgs/local/lib/python3.10/dist-packages:${PYTHONPATH} ROS_PACKAGE_PATH=/home/r-taro-o/hunterSE_ws/install/ugv_sdk/share /usr/bin/cmake --build /home/r-taro-o/hunterSE_ws/build/hunter_base -- -j8 -l8
[0.370s] Invoking command in '/home/r-taro-o/hunterSE_ws/build/hunter_base': AMENT_PREFIX_PATH=/home/r-taro-o/hunterSE_ws/install/hunter_msgs:${AMENT_PREFIX_PATH} CMAKE_PREFIX_PATH=/opt/ros/humble:/home/r-taro-o/hunterSE_ws/install/ugv_sdk:/home/r-taro-o/hunterSE_ws/install/hunter_msgs LD_LIBRARY_PATH=/home/r-taro-o/hunterSE_ws/install/hunter_msgs/lib:${LD_LIBRARY_PATH} PKG_CONFIG_PATH=/home/r-taro-o/hunterSE_ws/install/ugv_sdk/lib/x86_64-linux-gnu/pkgconfig:/home/r-taro-o/hunterSE_ws/install/ugv_sdk/lib/pkgconfig PYTHONPATH=/home/r-taro-o/hunterSE_ws/install/hunter_msgs/local/lib/python3.10/dist-packages:${PYTHONPATH} ROS_PACKAGE_PATH=/home/r-taro-o/hunterSE_ws/install/ugv_sdk/share /usr/bin/cmake --install /home/r-taro-o/hunterSE_ws/build/hunter_base
[0.379s] -- Install configuration: ""
[0.380s] -- Up-to-date: /home/r-taro-o/hunterSE_ws/install/hunter_base/lib/hunter_base/hunter_base_node
[0.381s] -- Up-to-date: /home/r-taro-o/hunterSE_ws/install/hunter_base/share/hunter_base//launch
[0.381s] -- Up-to-date: /home/r-taro-o/hunterSE_ws/install/hunter_base/share/hunter_base//launch/hunter_base.launch.py
[0.382s] -- Up-to-date: /home/r-taro-o/hunterSE_ws/install/hunter_base/share/ament_index/resource_index/package_run_dependencies/hunter_base
[0.382s] -- Up-to-date: /home/r-taro-o/hunterSE_ws/install/hunter_base/share/ament_index/resource_index/parent_prefix_path/hunter_base
[0.383s] -- Up-to-date: /home/r-taro-o/hunterSE_ws/install/hunter_base/share/hunter_base/environment/ament_prefix_path.sh
[0.384s] -- Up-to-date: /home/r-taro-o/hunterSE_ws/install/hunter_base/share/hunter_base/environment/ament_prefix_path.dsv
[0.385s] -- Up-to-date: /home/r-taro-o/hunterSE_ws/install/hunter_base/share/hunter_base/environment/path.sh
[0.386s] -- Up-to-date: /home/r-taro-o/hunterSE_ws/install/hunter_base/share/hunter_base/environment/path.dsv
[0.386s] -- Up-to-date: /home/r-taro-o/hunterSE_ws/install/hunter_base/share/hunter_base/local_setup.bash
[0.387s] -- Up-to-date: /home/r-taro-o/hunterSE_ws/install/hunter_base/share/hunter_base/local_setup.sh
[0.387s] -- Up-to-date: /home/r-taro-o/hunterSE_ws/install/hunter_base/share/hunter_base/local_setup.zsh
[0.387s] -- Up-to-date: /home/r-taro-o/hunterSE_ws/install/hunter_base/share/hunter_base/local_setup.dsv
[0.387s] -- Installing: /home/r-taro-o/hunterSE_ws/install/hunter_base/share/hunter_base/package.dsv
[0.388s] -- Up-to-date: /home/r-taro-o/hunterSE_ws/install/hunter_base/share/ament_index/resource_index/packages/hunter_base
[0.388s] -- Up-to-date: /home/r-taro-o/hunterSE_ws/install/hunter_base/share/hunter_base/cmake/hunter_baseConfig.cmake
[0.388s] -- Up-to-date: /home/r-taro-o/hunterSE_ws/install/hunter_base/share/hunter_base/cmake/hunter_baseConfig-version.cmake
[0.388s] -- Up-to-date: /home/r-taro-o/hunterSE_ws/install/hunter_base/share/hunter_base/package.xml
[0.389s] -- Up-to-date: /home/r-taro-o/hunterSE_ws/install/hunter_base/share/ascent/cmake/ascentTargets.cmake
[0.390s] -- Up-to-date: /home/r-taro-o/hunterSE_ws/install/hunter_base/share/ascent/cmake/ascentConfig.cmake
[0.390s] -- Up-to-date: /home/r-taro-o/hunterSE_ws/install/hunter_base/share/ascent/cmake/ascentConfigVersion.cmake
[0.391s] -- Up-to-date: /home/r-taro-o/hunterSE_ws/install/hunter_base/include/ascent
[0.391s] -- Up-to-date: /home/r-taro-o/hunterSE_ws/install/hunter_base/include/ascent/algorithms
[0.391s] -- Up-to-date: /home/r-taro-o/hunterSE_ws/install/hunter_base/include/ascent/algorithms/Derivative.h
[0.392s] -- Up-to-date: /home/r-taro-o/hunterSE_ws/install/hunter_base/include/ascent/Param.h
[0.392s] -- Up-to-date: /home/r-taro-o/hunterSE_ws/install/hunter_base/include/ascent/modular
[0.393s] -- Up-to-date: /home/r-taro-o/hunterSE_ws/install/hunter_base/include/ascent/modular/Link.h
[0.393s] -- Up-to-date: /home/r-taro-o/hunterSE_ws/install/hunter_base/include/ascent/modular/Module.h
[0.394s] -- Up-to-date: /home/r-taro-o/hunterSE_ws/install/hunter_base/include/ascent/System.h
[0.394s] -- Up-to-date: /home/r-taro-o/hunterSE_ws/install/hunter_base/include/ascent/Ascent.h
[0.395s] -- Up-to-date: /home/r-taro-o/hunterSE_ws/install/hunter_base/include/ascent/timing
[0.395s] -- Up-to-date: /home/r-taro-o/hunterSE_ws/install/hunter_base/include/ascent/timing/TimeAdvanced.h
[0.399s] -- Up-to-date: /home/r-taro-o/hunterSE_ws/install/hunter_base/include/ascent/timing/Timing.h
[0.400s] -- Up-to-date: /home/r-taro-o/hunterSE_ws/install/hunter_base/include/ascent/timing/Sampler.h
[0.400s] -- Up-to-date: /home/r-taro-o/hunterSE_ws/install/hunter_base/include/ascent/ChaiEngine.h
[0.401s] -- Up-to-date: /home/r-taro-o/hunterSE_ws/install/hunter_base/include/ascent/integrators_modular
[0.402s] -- Up-to-date: /home/r-taro-o/hunterSE_ws/install/hunter_base/include/ascent/integrators_modular/NCRK4.h
[0.403s] -- Up-to-date: /home/r-taro-o/hunterSE_ws/install/hunter_base/include/ascent/integrators_modular/RTAM4.h
[0.403s] -- Up-to-date: /home/r-taro-o/hunterSE_ws/install/hunter_base/include/ascent/integrators_modular/Midpoint.h
[0.404s] -- Up-to-date: /home/r-taro-o/hunterSE_ws/install/hunter_base/include/ascent/integrators_modular/Heun.h
[0.405s] -- Up-to-date: /home/r-taro-o/hunterSE_ws/install/hunter_base/include/ascent/integrators_modular/DOPRI45.h
[0.405s] -- Up-to-date: /home/r-taro-o/hunterSE_ws/install/hunter_base/include/ascent/integrators_modular/RK4.h
[0.406s] -- Up-to-date: /home/r-taro-o/hunterSE_ws/install/hunter_base/include/ascent/integrators_modular/RK2.h
[0.406s] -- Up-to-date: /home/r-taro-o/hunterSE_ws/install/hunter_base/include/ascent/integrators_modular/Euler.h
[0.406s] -- Up-to-date: /home/r-taro-o/hunterSE_ws/install/hunter_base/include/ascent/integrators_modular/RTAM3.h
[0.407s] -- Up-to-date: /home/r-taro-o/hunterSE_ws/install/hunter_base/include/ascent/integrators_modular/PC233.h
[0.407s] -- Up-to-date: /home/r-taro-o/hunterSE_ws/install/hunter_base/include/ascent/integrators_modular/RTAM2.h
[0.408s] -- Up-to-date: /home/r-taro-o/hunterSE_ws/install/hunter_base/include/ascent/integrators_modular/RK3.h
[0.408s] -- Up-to-date: /home/r-taro-o/hunterSE_ws/install/hunter_base/include/ascent/integrators_modular/ModularIntegrators.h
[0.408s] -- Up-to-date: /home/r-taro-o/hunterSE_ws/install/hunter_base/include/ascent/containers
[0.409s] -- Up-to-date: /home/r-taro-o/hunterSE_ws/install/hunter_base/include/ascent/containers/stack.h
[0.411s] -- Up-to-date: /home/r-taro-o/hunterSE_ws/install/hunter_base/include/ascent/integrators_direct
[0.411s] -- Up-to-date: /home/r-taro-o/hunterSE_ws/install/hunter_base/include/ascent/integrators_direct/RK4.h
[0.412s] -- Up-to-date: /home/r-taro-o/hunterSE_ws/install/hunter_base/include/ascent/integrators_direct/Euler.h
[0.412s] -- Up-to-date: /home/r-taro-o/hunterSE_ws/install/hunter_base/include/ascent/Vector.h
[0.413s] -- Up-to-date: /home/r-taro-o/hunterSE_ws/install/hunter_base/include/ascent/Utility.h
[0.413s] -- Up-to-date: /home/r-taro-o/hunterSE_ws/install/hunter_base/include/ascent/ParamV.h
[0.413s] -- Up-to-date: /home/r-taro-o/hunterSE_ws/install/hunter_base/include/ascent/Recorder.h
[0.414s] -- Up-to-date: /home/r-taro-o/hunterSE_ws/install/hunter_base/include/ascent/direct
[0.414s] -- Up-to-date: /home/r-taro-o/hunterSE_ws/install/hunter_base/include/ascent/direct/State.h
[0.414s] -- Up-to-date: /home/r-taro-o/hunterSE_ws/install/hunter_base/include/ascent/threading
[0.415s] -- Up-to-date: /home/r-taro-o/hunterSE_ws/install/hunter_base/include/ascent/threading/Queue.h
[0.415s] -- Up-to-date: /home/r-taro-o/hunterSE_ws/install/hunter_base/include/ascent/threading/Pool.h
[0.415s] -- Up-to-date: /home/r-taro-o/hunterSE_ws/install/hunter_base/include/ascent/integrators
[0.416s] -- Up-to-date: /home/r-taro-o/hunterSE_ws/install/hunter_base/include/ascent/integrators/RTAM4.h
[0.417s] -- Up-to-date: /home/r-taro-o/hunterSE_ws/install/hunter_base/include/ascent/integrators/Midpoint.h
[0.417s] -- Up-to-date: /home/r-taro-o/hunterSE_ws/install/hunter_base/include/ascent/integrators/RKMM.h
[0.417s] -- Up-to-date: /home/r-taro-o/hunterSE_ws/install/hunter_base/include/ascent/integrators/DOPRI45.h
[0.418s] -- Up-to-date: /home/r-taro-o/hunterSE_ws/install/hunter_base/include/ascent/integrators/RK4.h
[0.418s] -- Up-to-date: /home/r-taro-o/hunterSE_ws/install/hunter_base/include/ascent/integrators/RK2.h
[0.418s] -- Up-to-date: /home/r-taro-o/hunterSE_ws/install/hunter_base/include/ascent/integrators/Euler.h
[0.419s] -- Up-to-date: /home/r-taro-o/hunterSE_ws/install/hunter_base/include/ascent/integrators/PC233.h
[0.420s] Invoked command in '/home/r-taro-o/hunterSE_ws/build/hunter_base' returned '0': AMENT_PREFIX_PATH=/home/r-taro-o/hunterSE_ws/install/hunter_msgs:${AMENT_PREFIX_PATH} CMAKE_PREFIX_PATH=/opt/ros/humble:/home/r-taro-o/hunterSE_ws/install/ugv_sdk:/home/r-taro-o/hunterSE_ws/install/hunter_msgs LD_LIBRARY_PATH=/home/r-taro-o/hunterSE_ws/install/hunter_msgs/lib:${LD_LIBRARY_PATH} PKG_CONFIG_PATH=/home/r-taro-o/hunterSE_ws/install/ugv_sdk/lib/x86_64-linux-gnu/pkgconfig:/home/r-taro-o/hunterSE_ws/install/ugv_sdk/lib/pkgconfig PYTHONPATH=/home/r-taro-o/hunterSE_ws/install/hunter_msgs/local/lib/python3.10/dist-packages:${PYTHONPATH} ROS_PACKAGE_PATH=/home/r-taro-o/hunterSE_ws/install/ugv_sdk/share /usr/bin/cmake --install /home/r-taro-o/hunterSE_ws/build/hunter_base
